{"numTotalTestSuites":44,"numPassedTestSuites":27,"numFailedTestSuites":16,"numPendingTestSuites":1,"numTotalTests":88,"numPassedTests":45,"numFailedTests":24,"numPendingTests":0,"numTodoTests":0,"snapshot":{"added":0,"failure":false,"filesAdded":0,"filesRemoved":0,"filesRemovedList":[],"filesUnmatched":0,"filesUpdated":0,"matched":0,"total":0,"unchecked":0,"uncheckedKeysByFile":[],"unmatched":0,"updated":0,"didUpdate":false},"startTime":1754316431503,"success":false,"testResults":[{"assertionResults":[{"ancestorTitles":["ErrorBoundary"],"fullName":"ErrorBoundary renders children when there is no error","status":"passed","title":"renders children when there is no error","duration":22.255008000007365,"failureMessages":[],"location":{"line":25,"column":3},"meta":{}},{"ancestorTitles":["ErrorBoundary"],"fullName":"ErrorBoundary renders error UI when there is an error","status":"failed","title":"renders error UI when there is an error","duration":291.40662099998735,"failureMessages":["TestingLibraryElementError: Unable to find an accessible element with the role \"button\" and name `/reload page/i`\n\nHere are the accessible roles:\n\n  heading:\n\n  Name \"Something went wrong\":\n  \u001b[36m<h2\u001b[39m\n    \u001b[33mclass\u001b[39m=\u001b[32m\"mt-6 text-center text-3xl font-extrabold text-gray-900\"\u001b[39m\n  \u001b[36m/>\u001b[39m\n\n  --------------------------------------------------\n  button:\n\n  Name \"Try Again (3 left)\":\n  \u001b[36m<button\u001b[39m\n    \u001b[33mclass\u001b[39m=\u001b[32m\"w-full flex justify-center py-2 px-4 border border-transparent rounded-md shadow-sm text-sm font-medium text-white bg-blue-600 hover:bg-blue-700 focus:outline-none focus:ring-2 focus:ring-offset-2 focus:ring-blue-500\"\u001b[39m\n  \u001b[36m/>\u001b[39m\n\n  Name \"Refresh Page\":\n  \u001b[36m<button\u001b[39m\n    \u001b[33mclass\u001b[39m=\u001b[32m\"w-full flex justify-center py-2 px-4 border border-transparent rounded-md shadow-sm text-sm font-medium text-white bg-gray-600 hover:bg-gray-700 focus:outline-none focus:ring-2 focus:ring-offset-2 focus:ring-gray-500\"\u001b[39m\n  \u001b[36m/>\u001b[39m\n\n  Name \"Go to Home\":\n  \u001b[36m<button\u001b[39m\n    \u001b[33mclass\u001b[39m=\u001b[32m\"w-full flex justify-center py-2 px-4 border border-gray-300 rounded-md shadow-sm text-sm font-medium text-gray-700 bg-white hover:bg-gray-50 focus:outline-none focus:ring-2 focus:ring-offset-2 focus:ring-blue-500\"\u001b[39m\n  \u001b[36m/>\u001b[39m\n\n  --------------------------------------------------\n\nIgnored nodes: comments, script, style\n\u001b[36m<body>\u001b[39m\n  \u001b[36m<div>\u001b[39m\n    \u001b[36m<div\u001b[39m\n      \u001b[33mclass\u001b[39m=\u001b[32m\"min-h-screen bg-gray-50 flex flex-col justify-center py-12 sm:px-6 lg:px-8\"\u001b[39m\n    \u001b[36m>\u001b[39m\n      \u001b[36m<div\u001b[39m\n        \u001b[33mclass\u001b[39m=\u001b[32m\"sm:mx-auto sm:w-full sm:max-w-md\"\u001b[39m\n      \u001b[36m>\u001b[39m\n        \u001b[36m<div\u001b[39m\n          \u001b[33mclass\u001b[39m=\u001b[32m\"flex justify-center\"\u001b[39m\n        \u001b[36m>\u001b[39m\n          \u001b[36m<svg\u001b[39m\n            \u001b[33maria-hidden\u001b[39m=\u001b[32m\"true\"\u001b[39m\n            \u001b[33mclass\u001b[39m=\u001b[32m\"h-12 w-12 text-red-500\"\u001b[39m\n            \u001b[33mdata-slot\u001b[39m=\u001b[32m\"icon\"\u001b[39m\n            \u001b[33mfill\u001b[39m=\u001b[32m\"none\"\u001b[39m\n            \u001b[33mstroke\u001b[39m=\u001b[32m\"currentColor\"\u001b[39m\n            \u001b[33mstroke-width\u001b[39m=\u001b[32m\"1.5\"\u001b[39m\n            \u001b[33mviewBox\u001b[39m=\u001b[32m\"0 0 24 24\"\u001b[39m\n            \u001b[33mxmlns\u001b[39m=\u001b[32m\"http://www.w3.org/2000/svg\"\u001b[39m\n          \u001b[36m>\u001b[39m\n            \u001b[36m<path\u001b[39m\n              \u001b[33md\u001b[39m=\u001b[32m\"M12 9v3.75m-9.303 3.376c-.866 1.5.217 3.374 1.948 3.374h14.71c1.73 0 2.813-1.874 1.948-3.374L13.949 3.378c-.866-1.5-3.032-1.5-3.898 0L2.697 16.126ZM12 15.75h.007v.008H12v-.008Z\"\u001b[39m\n              \u001b[33mstroke-linecap\u001b[39m=\u001b[32m\"round\"\u001b[39m\n              \u001b[33mstroke-linejoin\u001b[39m=\u001b[32m\"round\"\u001b[39m\n            \u001b[36m/>\u001b[39m\n          \u001b[36m</svg>\u001b[39m\n        \u001b[36m</div>\u001b[39m\n        \u001b[36m<h2\u001b[39m\n          \u001b[33mclass\u001b[39m=\u001b[32m\"mt-6 text-center text-3xl font-extrabold text-gray-900\"\u001b[39m\n        \u001b[36m>\u001b[39m\n          \u001b[0mSomething went wrong\u001b[0m\n        \u001b[36m</h2>\u001b[39m\n        \u001b[36m<p\u001b[39m\n          \u001b[33mclass\u001b[39m=\u001b[32m\"mt-2 text-center text-sm text-gray-600\"\u001b[39m\n        \u001b[36m>\u001b[39m\n          \u001b[0mWe're sorry, but something unexpected happened. We'll automatically retry in a moment.\u001b[0m\n        \u001b[36m</p>\u001b[39m\n        \u001b[36m<div\u001b[39m\n          \u001b[33mclass\u001b[39m=\u001b[32m\"mt-3 flex justify-center\"\u001b[39m\n        \u001b[36m>\u001b[39m\n          \u001b[36m<div\u001b[39m\n            \u001b[33mclass\u001b[39m=\u001b[32m\"inline-flex items-center px-3 py-1 rounded-full text-xs bg-blue-100 text-blue-800\"\u001b[39m\n          \u001b[36m>\u001b[39m\n            \u001b[0mAuto-retrying in 5 seconds...\u001b[0m\n          \u001b[36m</div>\u001b[39m\n        \u001b[36m</div>\u001b[39m\n        \u001b[36m<p\u001b[39m\n          \u001b[33mclass\u001b[39m=\u001b[32m\"mt-2 text-center text-xs text-gray-400\"\u001b[39m\n        \u001b[36m>\u001b[39m\n          \u001b[0mError ID: \u001b[0m\n          \u001b[0merror-1754316525222-1n159aoqo\u001b[0m\n        \u001b[36m</p>\u001b[39m\n      \u001b[36m</div>\u001b[39m\n      \u001b[36m<div\u001b[39m\n        \u001b[33mclass\u001b[39m=\u001b[32m\"mt-8 sm:mx-auto sm:w-full sm:max-w-md\"\u001b[39m\n      \u001b[36m>\u001b[39m\n        \u001b[36m<div\u001b[39m\n          \u001b[33mclass\u001b[39m=\u001b[32m\"bg-white py-8 px-4 shadow sm:rounded-lg sm:px-10\"\u001b[39m\n        \u001b[36m>\u001b[39m\n          \u001b[36m<div\u001b[39m\n            \u001b[33mclass\u001b[39m=\u001b[32m\"space-y-4\"\u001b[39m\n          \u001b[36m>\u001b[39m\n            \u001b[36m<button\u001b[39m\n              \u001b[33mclass\u001b[39m=\u001b[32m\"w-full flex justify-center py-2 px-4 border border-transparent rounded-md shadow-sm text-sm font-medium text-white bg-blue-600 hover:bg-blue-700 focus:outline-none focus:ring-2 focus:ring-offset-2 focus:ring-blue-500\"\u001b[39m\n            \u001b[36m>\u001b[39m\n              \u001b[0mTry Again (\u001b[0m\n              \u001b[0m3\u001b[0m\n              \u001b[0m left)\u001b[0m\n            \u001b[36m</button>\u001b[39m\n            \u001b[36m<button\u001b[39m\n              \u001b[33mclass\u001b[39m=\u001b[32m\"w-full flex justify-center py-2 px-4 border border-transparent rounded-md shadow-sm text-sm font-medium text-white bg-gray-600 hover:bg-gray-700 focus:outline-none focus:ring-2 focus:ring-offset-2 focus:ring-gray-500\"\u001b[39m\n            \u001b[36m>\u001b[39m\n              \u001b[0mRefresh Page\u001b[0m\n            \u001b[36m</button>\u001b[39m\n            \u001b[36m<button\u001b[39m\n              \u001b[33mclass\u001b[39m=\u001b[32m\"w-full flex justify-center py-2 px-4 border border-gray-300 rounded-md shadow-sm text-sm font-medium text-gray-700 bg-white hover:bg-gray-50 focus:outline-none focus:ring-2 focus:ring-offset-2 focus:ring-blue-500\"\u001b[39m\n            \u001b[36m>\u001b[39m\n              \u001b[0mGo to Home\u001b[0m\n            \u001b[36m</button>\u001b[39m\n          \u001b[36m</div>\u001b[39m\n        \u001b[36m</div>\u001b[39m\n      \u001b[36m</div>\u001b[39m\n    \u001b[36m</div>\u001b[39m\n  \u001b[36m</div>\u001b[39m\n\u001b[36m</body>\u001b[39m\n    at Object.getElementError (/home/runner/work/ytmain-v6/ytmain-v6/node_modules/@testing-library/dom/dist/config.js:37:19)\n    at /home/runner/work/ytmain-v6/ytmain-v6/node_modules/@testing-library/dom/dist/query-helpers.js:76:38\n    at /home/runner/work/ytmain-v6/ytmain-v6/node_modules/@testing-library/dom/dist/query-helpers.js:52:17\n    at /home/runner/work/ytmain-v6/ytmain-v6/node_modules/@testing-library/dom/dist/query-helpers.js:95:19\n    at /home/runner/work/ytmain-v6/ytmain-v6/test/components/ErrorBoundary.test.tsx:43:19\n    at file:///home/runner/work/ytmain-v6/ytmain-v6/node_modules/@vitest/runner/dist/chunk-hooks.js:155:11\n    at file:///home/runner/work/ytmain-v6/ytmain-v6/node_modules/@vitest/runner/dist/chunk-hooks.js:752:26\n    at file:///home/runner/work/ytmain-v6/ytmain-v6/node_modules/@vitest/runner/dist/chunk-hooks.js:1897:20\n    at new Promise (<anonymous>)\n    at runWithTimeout (file:///home/runner/work/ytmain-v6/ytmain-v6/node_modules/@vitest/runner/dist/chunk-hooks.js:1863:10)","TestingLibraryElementError: Unable to find an accessible element with the role \"button\" and name `/reload page/i`\n\nHere are the accessible roles:\n\n  heading:\n\n  Name \"Something went wrong\":\n  \u001b[36m<h2\u001b[39m\n    \u001b[33mclass\u001b[39m=\u001b[32m\"mt-6 text-center text-3xl font-extrabold text-gray-900\"\u001b[39m\n  \u001b[36m/>\u001b[39m\n\n  --------------------------------------------------\n  button:\n\n  Name \"Try Again (3 left)\":\n  \u001b[36m<button\u001b[39m\n    \u001b[33mclass\u001b[39m=\u001b[32m\"w-full flex justify-center py-2 px-4 border border-transparent rounded-md shadow-sm text-sm font-medium text-white bg-blue-600 hover:bg-blue-700 focus:outline-none focus:ring-2 focus:ring-offset-2 focus:ring-blue-500\"\u001b[39m\n  \u001b[36m/>\u001b[39m\n\n  Name \"Refresh Page\":\n  \u001b[36m<button\u001b[39m\n    \u001b[33mclass\u001b[39m=\u001b[32m\"w-full flex justify-center py-2 px-4 border border-transparent rounded-md shadow-sm text-sm font-medium text-white bg-gray-600 hover:bg-gray-700 focus:outline-none focus:ring-2 focus:ring-offset-2 focus:ring-gray-500\"\u001b[39m\n  \u001b[36m/>\u001b[39m\n\n  Name \"Go to Home\":\n  \u001b[36m<button\u001b[39m\n    \u001b[33mclass\u001b[39m=\u001b[32m\"w-full flex justify-center py-2 px-4 border border-gray-300 rounded-md shadow-sm text-sm font-medium text-gray-700 bg-white hover:bg-gray-50 focus:outline-none focus:ring-2 focus:ring-offset-2 focus:ring-blue-500\"\u001b[39m\n  \u001b[36m/>\u001b[39m\n\n  --------------------------------------------------\n\nIgnored nodes: comments, script, style\n\u001b[36m<body>\u001b[39m\n  \u001b[36m<div>\u001b[39m\n    \u001b[36m<div\u001b[39m\n      \u001b[33mclass\u001b[39m=\u001b[32m\"min-h-screen bg-gray-50 flex flex-col justify-center py-12 sm:px-6 lg:px-8\"\u001b[39m\n    \u001b[36m>\u001b[39m\n      \u001b[36m<div\u001b[39m\n        \u001b[33mclass\u001b[39m=\u001b[32m\"sm:mx-auto sm:w-full sm:max-w-md\"\u001b[39m\n      \u001b[36m>\u001b[39m\n        \u001b[36m<div\u001b[39m\n          \u001b[33mclass\u001b[39m=\u001b[32m\"flex justify-center\"\u001b[39m\n        \u001b[36m>\u001b[39m\n          \u001b[36m<svg\u001b[39m\n            \u001b[33maria-hidden\u001b[39m=\u001b[32m\"true\"\u001b[39m\n            \u001b[33mclass\u001b[39m=\u001b[32m\"h-12 w-12 text-red-500\"\u001b[39m\n            \u001b[33mdata-slot\u001b[39m=\u001b[32m\"icon\"\u001b[39m\n            \u001b[33mfill\u001b[39m=\u001b[32m\"none\"\u001b[39m\n            \u001b[33mstroke\u001b[39m=\u001b[32m\"currentColor\"\u001b[39m\n            \u001b[33mstroke-width\u001b[39m=\u001b[32m\"1.5\"\u001b[39m\n            \u001b[33mviewBox\u001b[39m=\u001b[32m\"0 0 24 24\"\u001b[39m\n            \u001b[33mxmlns\u001b[39m=\u001b[32m\"http://www.w3.org/2000/svg\"\u001b[39m\n          \u001b[36m>\u001b[39m\n            \u001b[36m<path\u001b[39m\n              \u001b[33md\u001b[39m=\u001b[32m\"M12 9v3.75m-9.303 3.376c-.866 1.5.217 3.374 1.948 3.374h14.71c1.73 0 2.813-1.874 1.948-3.374L13.949 3.378c-.866-1.5-3.032-1.5-3.898 0L2.697 16.126ZM12 15.75h.007v.008H12v-.008Z\"\u001b[39m\n              \u001b[33mstroke-linecap\u001b[39m=\u001b[32m\"round\"\u001b[39m\n              \u001b[33mstroke-linejoin\u001b[39m=\u001b[32m\"round\"\u001b[39m\n            \u001b[36m/>\u001b[39m\n          \u001b[36m</svg>\u001b[39m\n        \u001b[36m</div>\u001b[39m\n        \u001b[36m<h2\u001b[39m\n          \u001b[33mclass\u001b[39m=\u001b[32m\"mt-6 text-center text-3xl font-extrabold text-gray-900\"\u001b[39m\n        \u001b[36m>\u001b[39m\n          \u001b[0mSomething went wrong\u001b[0m\n        \u001b[36m</h2>\u001b[39m\n        \u001b[36m<p\u001b[39m\n          \u001b[33mclass\u001b[39m=\u001b[32m\"mt-2 text-center text-sm text-gray-600\"\u001b[39m\n        \u001b[36m>\u001b[39m\n          \u001b[0mWe're sorry, but something unexpected happened. We'll automatically retry in a moment.\u001b[0m\n        \u001b[36m</p>\u001b[39m\n        \u001b[36m<div\u001b[39m\n          \u001b[33mclass\u001b[39m=\u001b[32m\"mt-3 flex justify-center\"\u001b[39m\n        \u001b[36m>\u001b[39m\n          \u001b[36m<div\u001b[39m\n            \u001b[33mclass\u001b[39m=\u001b[32m\"inline-flex items-center px-3 py-1 rounded-full text-xs bg-blue-100 text-blue-800\"\u001b[39m\n          \u001b[36m>\u001b[39m\n            \u001b[0mAuto-retrying in 5 seconds...\u001b[0m\n          \u001b[36m</div>\u001b[39m\n        \u001b[36m</div>\u001b[39m\n        \u001b[36m<p\u001b[39m\n          \u001b[33mclass\u001b[39m=\u001b[32m\"mt-2 text-center text-xs text-gray-400\"\u001b[39m\n        \u001b[36m>\u001b[39m\n          \u001b[0mError ID: \u001b[0m\n          \u001b[0merror-1754316525372-4km3gxij3\u001b[0m\n        \u001b[36m</p>\u001b[39m\n      \u001b[36m</div>\u001b[39m\n      \u001b[36m<div\u001b[39m\n        \u001b[33mclass\u001b[39m=\u001b[32m\"mt-8 sm:mx-auto sm:w-full sm:max-w-md\"\u001b[39m\n      \u001b[36m>\u001b[39m\n        \u001b[36m<div\u001b[39m\n          \u001b[33mclass\u001b[39m=\u001b[32m\"bg-white py-8 px-4 shadow sm:rounded-lg sm:px-10\"\u001b[39m\n        \u001b[36m>\u001b[39m\n          \u001b[36m<div\u001b[39m\n            \u001b[33mclass\u001b[39m=\u001b[32m\"space-y-4\"\u001b[39m\n          \u001b[36m>\u001b[39m\n            \u001b[36m<button\u001b[39m\n              \u001b[33mclass\u001b[39m=\u001b[32m\"w-full flex justify-center py-2 px-4 border border-transparent rounded-md shadow-sm text-sm font-medium text-white bg-blue-600 hover:bg-blue-700 focus:outline-none focus:ring-2 focus:ring-offset-2 focus:ring-blue-500\"\u001b[39m\n            \u001b[36m>\u001b[39m\n              \u001b[0mTry Again (\u001b[0m\n              \u001b[0m3\u001b[0m\n              \u001b[0m left)\u001b[0m\n            \u001b[36m</button>\u001b[39m\n            \u001b[36m<button\u001b[39m\n              \u001b[33mclass\u001b[39m=\u001b[32m\"w-full flex justify-center py-2 px-4 border border-transparent rounded-md shadow-sm text-sm font-medium text-white bg-gray-600 hover:bg-gray-700 focus:outline-none focus:ring-2 focus:ring-offset-2 focus:ring-gray-500\"\u001b[39m\n            \u001b[36m>\u001b[39m\n              \u001b[0mRefresh Page\u001b[0m\n            \u001b[36m</button>\u001b[39m\n            \u001b[36m<button\u001b[39m\n              \u001b[33mclass\u001b[39m=\u001b[32m\"w-full flex justify-center py-2 px-4 border border-gray-300 rounded-md shadow-sm text-sm font-medium text-gray-700 bg-white hover:bg-gray-50 focus:outline-none focus:ring-2 focus:ring-offset-2 focus:ring-blue-500\"\u001b[39m\n            \u001b[36m>\u001b[39m\n              \u001b[0mGo to Home\u001b[0m\n            \u001b[36m</button>\u001b[39m\n          \u001b[36m</div>\u001b[39m\n        \u001b[36m</div>\u001b[39m\n      \u001b[36m</div>\u001b[39m\n    \u001b[36m</div>\u001b[39m\n  \u001b[36m</div>\u001b[39m\n\u001b[36m</body>\u001b[39m\n    at Object.getElementError (/home/runner/work/ytmain-v6/ytmain-v6/node_modules/@testing-library/dom/dist/config.js:37:19)\n    at /home/runner/work/ytmain-v6/ytmain-v6/node_modules/@testing-library/dom/dist/query-helpers.js:76:38\n    at /home/runner/work/ytmain-v6/ytmain-v6/node_modules/@testing-library/dom/dist/query-helpers.js:52:17\n    at /home/runner/work/ytmain-v6/ytmain-v6/node_modules/@testing-library/dom/dist/query-helpers.js:95:19\n    at /home/runner/work/ytmain-v6/ytmain-v6/test/components/ErrorBoundary.test.tsx:43:19\n    at file:///home/runner/work/ytmain-v6/ytmain-v6/node_modules/@vitest/runner/dist/chunk-hooks.js:155:11\n    at file:///home/runner/work/ytmain-v6/ytmain-v6/node_modules/@vitest/runner/dist/chunk-hooks.js:752:26\n    at file:///home/runner/work/ytmain-v6/ytmain-v6/node_modules/@vitest/runner/dist/chunk-hooks.js:1897:20\n    at new Promise (<anonymous>)\n    at runWithTimeout (file:///home/runner/work/ytmain-v6/ytmain-v6/node_modules/@vitest/runner/dist/chunk-hooks.js:1863:10)","TestingLibraryElementError: Unable to find an accessible element with the role \"button\" and name `/reload page/i`\n\nHere are the accessible roles:\n\n  heading:\n\n  Name \"Something went wrong\":\n  \u001b[36m<h2\u001b[39m\n    \u001b[33mclass\u001b[39m=\u001b[32m\"mt-6 text-center text-3xl font-extrabold text-gray-900\"\u001b[39m\n  \u001b[36m/>\u001b[39m\n\n  --------------------------------------------------\n  button:\n\n  Name \"Try Again (3 left)\":\n  \u001b[36m<button\u001b[39m\n    \u001b[33mclass\u001b[39m=\u001b[32m\"w-full flex justify-center py-2 px-4 border border-transparent rounded-md shadow-sm text-sm font-medium text-white bg-blue-600 hover:bg-blue-700 focus:outline-none focus:ring-2 focus:ring-offset-2 focus:ring-blue-500\"\u001b[39m\n  \u001b[36m/>\u001b[39m\n\n  Name \"Refresh Page\":\n  \u001b[36m<button\u001b[39m\n    \u001b[33mclass\u001b[39m=\u001b[32m\"w-full flex justify-center py-2 px-4 border border-transparent rounded-md shadow-sm text-sm font-medium text-white bg-gray-600 hover:bg-gray-700 focus:outline-none focus:ring-2 focus:ring-offset-2 focus:ring-gray-500\"\u001b[39m\n  \u001b[36m/>\u001b[39m\n\n  Name \"Go to Home\":\n  \u001b[36m<button\u001b[39m\n    \u001b[33mclass\u001b[39m=\u001b[32m\"w-full flex justify-center py-2 px-4 border border-gray-300 rounded-md shadow-sm text-sm font-medium text-gray-700 bg-white hover:bg-gray-50 focus:outline-none focus:ring-2 focus:ring-offset-2 focus:ring-blue-500\"\u001b[39m\n  \u001b[36m/>\u001b[39m\n\n  --------------------------------------------------\n\nIgnored nodes: comments, script, style\n\u001b[36m<body>\u001b[39m\n  \u001b[36m<div>\u001b[39m\n    \u001b[36m<div\u001b[39m\n      \u001b[33mclass\u001b[39m=\u001b[32m\"min-h-screen bg-gray-50 flex flex-col justify-center py-12 sm:px-6 lg:px-8\"\u001b[39m\n    \u001b[36m>\u001b[39m\n      \u001b[36m<div\u001b[39m\n        \u001b[33mclass\u001b[39m=\u001b[32m\"sm:mx-auto sm:w-full sm:max-w-md\"\u001b[39m\n      \u001b[36m>\u001b[39m\n        \u001b[36m<div\u001b[39m\n          \u001b[33mclass\u001b[39m=\u001b[32m\"flex justify-center\"\u001b[39m\n        \u001b[36m>\u001b[39m\n          \u001b[36m<svg\u001b[39m\n            \u001b[33maria-hidden\u001b[39m=\u001b[32m\"true\"\u001b[39m\n            \u001b[33mclass\u001b[39m=\u001b[32m\"h-12 w-12 text-red-500\"\u001b[39m\n            \u001b[33mdata-slot\u001b[39m=\u001b[32m\"icon\"\u001b[39m\n            \u001b[33mfill\u001b[39m=\u001b[32m\"none\"\u001b[39m\n            \u001b[33mstroke\u001b[39m=\u001b[32m\"currentColor\"\u001b[39m\n            \u001b[33mstroke-width\u001b[39m=\u001b[32m\"1.5\"\u001b[39m\n            \u001b[33mviewBox\u001b[39m=\u001b[32m\"0 0 24 24\"\u001b[39m\n            \u001b[33mxmlns\u001b[39m=\u001b[32m\"http://www.w3.org/2000/svg\"\u001b[39m\n          \u001b[36m>\u001b[39m\n            \u001b[36m<path\u001b[39m\n              \u001b[33md\u001b[39m=\u001b[32m\"M12 9v3.75m-9.303 3.376c-.866 1.5.217 3.374 1.948 3.374h14.71c1.73 0 2.813-1.874 1.948-3.374L13.949 3.378c-.866-1.5-3.032-1.5-3.898 0L2.697 16.126ZM12 15.75h.007v.008H12v-.008Z\"\u001b[39m\n              \u001b[33mstroke-linecap\u001b[39m=\u001b[32m\"round\"\u001b[39m\n              \u001b[33mstroke-linejoin\u001b[39m=\u001b[32m\"round\"\u001b[39m\n            \u001b[36m/>\u001b[39m\n          \u001b[36m</svg>\u001b[39m\n        \u001b[36m</div>\u001b[39m\n        \u001b[36m<h2\u001b[39m\n          \u001b[33mclass\u001b[39m=\u001b[32m\"mt-6 text-center text-3xl font-extrabold text-gray-900\"\u001b[39m\n        \u001b[36m>\u001b[39m\n          \u001b[0mSomething went wrong\u001b[0m\n        \u001b[36m</h2>\u001b[39m\n        \u001b[36m<p\u001b[39m\n          \u001b[33mclass\u001b[39m=\u001b[32m\"mt-2 text-center text-sm text-gray-600\"\u001b[39m\n        \u001b[36m>\u001b[39m\n          \u001b[0mWe're sorry, but something unexpected happened. We'll automatically retry in a moment.\u001b[0m\n        \u001b[36m</p>\u001b[39m\n        \u001b[36m<div\u001b[39m\n          \u001b[33mclass\u001b[39m=\u001b[32m\"mt-3 flex justify-center\"\u001b[39m\n        \u001b[36m>\u001b[39m\n          \u001b[36m<div\u001b[39m\n            \u001b[33mclass\u001b[39m=\u001b[32m\"inline-flex items-center px-3 py-1 rounded-full text-xs bg-blue-100 text-blue-800\"\u001b[39m\n          \u001b[36m>\u001b[39m\n            \u001b[0mAuto-retrying in 5 seconds...\u001b[0m\n          \u001b[36m</div>\u001b[39m\n        \u001b[36m</div>\u001b[39m\n        \u001b[36m<p\u001b[39m\n          \u001b[33mclass\u001b[39m=\u001b[32m\"mt-2 text-center text-xs text-gray-400\"\u001b[39m\n        \u001b[36m>\u001b[39m\n          \u001b[0mError ID: \u001b[0m\n          \u001b[0merror-1754316525440-v0ep0pg76\u001b[0m\n        \u001b[36m</p>\u001b[39m\n      \u001b[36m</div>\u001b[39m\n      \u001b[36m<div\u001b[39m\n        \u001b[33mclass\u001b[39m=\u001b[32m\"mt-8 sm:mx-auto sm:w-full sm:max-w-md\"\u001b[39m\n      \u001b[36m>\u001b[39m\n        \u001b[36m<div\u001b[39m\n          \u001b[33mclass\u001b[39m=\u001b[32m\"bg-white py-8 px-4 shadow sm:rounded-lg sm:px-10\"\u001b[39m\n        \u001b[36m>\u001b[39m\n          \u001b[36m<div\u001b[39m\n            \u001b[33mclass\u001b[39m=\u001b[32m\"space-y-4\"\u001b[39m\n          \u001b[36m>\u001b[39m\n            \u001b[36m<button\u001b[39m\n              \u001b[33mclass\u001b[39m=\u001b[32m\"w-full flex justify-center py-2 px-4 border border-transparent rounded-md shadow-sm text-sm font-medium text-white bg-blue-600 hover:bg-blue-700 focus:outline-none focus:ring-2 focus:ring-offset-2 focus:ring-blue-500\"\u001b[39m\n            \u001b[36m>\u001b[39m\n              \u001b[0mTry Again (\u001b[0m\n              \u001b[0m3\u001b[0m\n              \u001b[0m left)\u001b[0m\n            \u001b[36m</button>\u001b[39m\n            \u001b[36m<button\u001b[39m\n              \u001b[33mclass\u001b[39m=\u001b[32m\"w-full flex justify-center py-2 px-4 border border-transparent rounded-md shadow-sm text-sm font-medium text-white bg-gray-600 hover:bg-gray-700 focus:outline-none focus:ring-2 focus:ring-offset-2 focus:ring-gray-500\"\u001b[39m\n            \u001b[36m>\u001b[39m\n              \u001b[0mRefresh Page\u001b[0m\n            \u001b[36m</button>\u001b[39m\n            \u001b[36m<button\u001b[39m\n              \u001b[33mclass\u001b[39m=\u001b[32m\"w-full flex justify-center py-2 px-4 border border-gray-300 rounded-md shadow-sm text-sm font-medium text-gray-700 bg-white hover:bg-gray-50 focus:outline-none focus:ring-2 focus:ring-offset-2 focus:ring-blue-500\"\u001b[39m\n            \u001b[36m>\u001b[39m\n              \u001b[0mGo to Home\u001b[0m\n            \u001b[36m</button>\u001b[39m\n          \u001b[36m</div>\u001b[39m\n        \u001b[36m</div>\u001b[39m\n      \u001b[36m</div>\u001b[39m\n    \u001b[36m</div>\u001b[39m\n  \u001b[36m</div>\u001b[39m\n\u001b[36m</body>\u001b[39m\n    at Object.getElementError (/home/runner/work/ytmain-v6/ytmain-v6/node_modules/@testing-library/dom/dist/config.js:37:19)\n    at /home/runner/work/ytmain-v6/ytmain-v6/node_modules/@testing-library/dom/dist/query-helpers.js:76:38\n    at /home/runner/work/ytmain-v6/ytmain-v6/node_modules/@testing-library/dom/dist/query-helpers.js:52:17\n    at /home/runner/work/ytmain-v6/ytmain-v6/node_modules/@testing-library/dom/dist/query-helpers.js:95:19\n    at /home/runner/work/ytmain-v6/ytmain-v6/test/components/ErrorBoundary.test.tsx:43:19\n    at file:///home/runner/work/ytmain-v6/ytmain-v6/node_modules/@vitest/runner/dist/chunk-hooks.js:155:11\n    at file:///home/runner/work/ytmain-v6/ytmain-v6/node_modules/@vitest/runner/dist/chunk-hooks.js:752:26\n    at file:///home/runner/work/ytmain-v6/ytmain-v6/node_modules/@vitest/runner/dist/chunk-hooks.js:1897:20\n    at new Promise (<anonymous>)\n    at runWithTimeout (file:///home/runner/work/ytmain-v6/ytmain-v6/node_modules/@vitest/runner/dist/chunk-hooks.js:1863:10)"],"location":{"line":35,"column":3},"meta":{}},{"ancestorTitles":["ErrorBoundary"],"fullName":"ErrorBoundary renders custom fallback when provided","status":"passed","title":"renders custom fallback when provided","duration":4.521672000002582,"failureMessages":[],"location":{"line":47,"column":3},"meta":{}},{"ancestorTitles":["ErrorBoundary"],"fullName":"ErrorBoundary logs error to console when error occurs","status":"passed","title":"logs error to console when error occurs","duration":13.482485999993514,"failureMessages":[],"location":{"line":59,"column":3},"meta":{}}],"startTime":1754316525183,"endTime":1754316525514.4824,"status":"failed","message":"","name":"/home/runner/work/ytmain-v6/ytmain-v6/test/components/ErrorBoundary.test.tsx"},{"assertionResults":[{"ancestorTitles":["Unified Video Hooks","useUnifiedVideos"],"fullName":"Unified Video Hooks useUnifiedVideos should fetch trending videos successfully","status":"pending","title":"should fetch trending videos successfully","failureMessages":[],"location":{"line":50,"column":5},"meta":{}},{"ancestorTitles":["Unified Video Hooks","useUnifiedVideos"],"fullName":"Unified Video Hooks useUnifiedVideos should handle errors gracefully","status":"pending","title":"should handle errors gracefully","failureMessages":[],"location":{"line":155,"column":5},"meta":{}},{"ancestorTitles":["Unified Video Hooks","useUnifiedVideos"],"fullName":"Unified Video Hooks useUnifiedVideos should use correct cache key with filters","status":"pending","title":"should use correct cache key with filters","failureMessages":[],"location":{"line":174,"column":5},"meta":{}},{"ancestorTitles":["Unified Video Hooks","useUnifiedVideo"],"fullName":"Unified Video Hooks useUnifiedVideo should fetch single video by ID","status":"pending","title":"should fetch single video by ID","failureMessages":[],"location":{"line":199,"column":5},"meta":{}},{"ancestorTitles":["Unified Video Hooks","useUnifiedVideo"],"fullName":"Unified Video Hooks useUnifiedVideo should handle video not found","status":"pending","title":"should handle video not found","failureMessages":[],"location":{"line":255,"column":5},"meta":{}},{"ancestorTitles":["Unified Video Hooks","useUnifiedVideo"],"fullName":"Unified Video Hooks useUnifiedVideo should not fetch when videoId is empty","status":"pending","title":"should not fetch when videoId is empty","failureMessages":[],"location":{"line":273,"column":5},"meta":{}},{"ancestorTitles":["Unified Video Hooks","useUnifiedVideo"],"fullName":"Unified Video Hooks useUnifiedVideo should handle fetch errors","status":"pending","title":"should handle fetch errors","failureMessages":[],"location":{"line":283,"column":5},"meta":{}},{"ancestorTitles":["Unified Video Hooks","useUnifiedTrendingVideos"],"fullName":"Unified Video Hooks useUnifiedTrendingVideos should fetch trending videos with proper caching","status":"pending","title":"should fetch trending videos with proper caching","failureMessages":[],"location":{"line":303,"column":5},"meta":{}},{"ancestorTitles":["Unified Video Hooks","useUnifiedTrendingVideos"],"fullName":"Unified Video Hooks useUnifiedTrendingVideos should refetch on window focus by default","status":"pending","title":"should refetch on window focus by default","failureMessages":[],"location":{"line":405,"column":5},"meta":{}},{"ancestorTitles":["Unified Video Hooks","useUnifiedShorts"],"fullName":"Unified Video Hooks useUnifiedShorts should fetch shorts videos","status":"pending","title":"should fetch shorts videos","failureMessages":[],"location":{"line":431,"column":5},"meta":{}},{"ancestorTitles":["Unified Video Hooks","useUnifiedSearchVideos"],"fullName":"Unified Video Hooks useUnifiedSearchVideos should search videos with query","status":"pending","title":"should search videos with query","failureMessages":[],"location":{"line":535,"column":5},"meta":{}},{"ancestorTitles":["Unified Video Hooks","useUnifiedSearchVideos"],"fullName":"Unified Video Hooks useUnifiedSearchVideos should not search with short queries","status":"pending","title":"should not search with short queries","failureMessages":[],"location":{"line":641,"column":5},"meta":{}},{"ancestorTitles":["Unified Video Hooks","useUnifiedSearchVideos"],"fullName":"Unified Video Hooks useUnifiedSearchVideos should not search with empty query","status":"pending","title":"should not search with empty query","failureMessages":[],"location":{"line":651,"column":5},"meta":{}},{"ancestorTitles":["Unified Video Hooks","useUnifiedSearchVideos"],"fullName":"Unified Video Hooks useUnifiedSearchVideos should handle search errors","status":"pending","title":"should handle search errors","failureMessages":[],"location":{"line":661,"column":5},"meta":{}},{"ancestorTitles":["Unified Video Hooks","Combined Hooks","useVideoWithRelated"],"fullName":"Unified Video Hooks Combined Hooks useVideoWithRelated should fetch video and related videos","status":"pending","title":"should fetch video and related videos","failureMessages":[],"location":{"line":682,"column":7},"meta":{}},{"ancestorTitles":["Unified Video Hooks","Combined Hooks","useHomePageData"],"fullName":"Unified Video Hooks Combined Hooks useHomePageData should combine multiple data sources for home page","status":"pending","title":"should combine multiple data sources for home page","failureMessages":[],"location":{"line":702,"column":7},"meta":{}},{"ancestorTitles":["Unified Video Hooks","Hook Configuration"],"fullName":"Unified Video Hooks Hook Configuration should apply custom configuration options","status":"pending","title":"should apply custom configuration options","failureMessages":[],"location":{"line":720,"column":5},"meta":{}},{"ancestorTitles":["Unified Video Hooks","Loading States"],"fullName":"Unified Video Hooks Loading States should show loading state initially","status":"pending","title":"should show loading state initially","failureMessages":[],"location":{"line":751,"column":5},"meta":{}},{"ancestorTitles":["Unified Video Hooks","Refetch Functionality"],"fullName":"Unified Video Hooks Refetch Functionality should provide refetch function","status":"pending","title":"should provide refetch function","failureMessages":[],"location":{"line":769,"column":5},"meta":{}}],"startTime":1754316431503,"endTime":1754316431503,"status":"passed","message":"","name":"/home/runner/work/ytmain-v6/ytmain-v6/test/hooks/useVideos.test.tsx"},{"assertionResults":[{"ancestorTitles":["CommunityPage"],"fullName":"CommunityPage renders community page with posts","status":"failed","title":"renders community page with posts","duration":130.01953799999956,"failureMessages":["TestingLibraryElementError: Unable to find an element with the text: Community. This could be because the text is broken up by multiple elements. In this case, you can provide a function for your text matcher to make your matcher more flexible.\n\nIgnored nodes: comments, script, style\n\u001b[36m<body>\u001b[39m\n  \u001b[36m<div>\u001b[39m\n    \u001b[36m<div\u001b[39m\n      \u001b[33mclass\u001b[39m=\u001b[32m\"min-h-screen bg-gray-50 dark:bg-gray-900 p-6\"\u001b[39m\n    \u001b[36m>\u001b[39m\n      \u001b[36m<div\u001b[39m\n        \u001b[33mclass\u001b[39m=\u001b[32m\"max-w-4xl mx-auto\"\u001b[39m\n      \u001b[36m>\u001b[39m\n        \u001b[36m<div\u001b[39m\n          \u001b[33mclass\u001b[39m=\u001b[32m\"animate-pulse\"\u001b[39m\n        \u001b[36m>\u001b[39m\n          \u001b[36m<div\u001b[39m\n            \u001b[33mclass\u001b[39m=\u001b[32m\"h-8 bg-gray-200 dark:bg-gray-700 rounded w-1/4 mb-6\"\u001b[39m\n          \u001b[36m/>\u001b[39m\n          \u001b[36m<div\u001b[39m\n            \u001b[33mclass\u001b[39m=\u001b[32m\"space-y-4\"\u001b[39m\n          \u001b[36m>\u001b[39m\n            \u001b[36m<div\u001b[39m\n              \u001b[33mclass\u001b[39m=\u001b[32m\"bg-white dark:bg-gray-800 rounded-lg p-6\"\u001b[39m\n            \u001b[36m>\u001b[39m\n              \u001b[36m<div\u001b[39m\n                \u001b[33mclass\u001b[39m=\u001b[32m\"h-4 bg-gray-200 dark:bg-gray-700 rounded w-3/4 mb-4\"\u001b[39m\n              \u001b[36m/>\u001b[39m\n              \u001b[36m<div\u001b[39m\n                \u001b[33mclass\u001b[39m=\u001b[32m\"h-32 bg-gray-200 dark:bg-gray-700 rounded mb-4\"\u001b[39m\n              \u001b[36m/>\u001b[39m\n              \u001b[36m<div\u001b[39m\n                \u001b[33mclass\u001b[39m=\u001b[32m\"flex space-x-4\"\u001b[39m\n              \u001b[36m>\u001b[39m\n                \u001b[36m<div\u001b[39m\n                  \u001b[33mclass\u001b[39m=\u001b[32m\"h-4 bg-gray-200 dark:bg-gray-700 rounded w-16\"\u001b[39m\n                \u001b[36m/>\u001b[39m\n                \u001b[36m<div\u001b[39m\n                  \u001b[33mclass\u001b[39m=\u001b[32m\"h-4 bg-gray-200 dark:bg-gray-700 rounded w-16\"\u001b[39m\n                \u001b[36m/>\u001b[39m\n                \u001b[36m<div\u001b[39m\n                  \u001b[33mclass\u001b[39m=\u001b[32m\"h-4 bg-gray-200 dark:bg-gray-700 rounded w-16\"\u001b[39m\n                \u001b[36m/>\u001b[39m\n              \u001b[36m</div>\u001b[39m\n            \u001b[36m</div>\u001b[39m\n            \u001b[36m<div\u001b[39m\n              \u001b[33mclass\u001b[39m=\u001b[32m\"bg-white dark:bg-gray-800 rounded-lg p-6\"\u001b[39m\n            \u001b[36m>\u001b[39m\n              \u001b[36m<div\u001b[39m\n                \u001b[33mclass\u001b[39m=\u001b[32m\"h-4 bg-gray-200 dark:bg-gray-700 rounded w-3/4 mb-4\"\u001b[39m\n              \u001b[36m/>\u001b[39m\n              \u001b[36m<div\u001b[39m\n                \u001b[33mclass\u001b[39m=\u001b[32m\"h-32 bg-gray-200 dark:bg-gray-700 rounded mb-4\"\u001b[39m\n              \u001b[36m/>\u001b[39m\n              \u001b[36m<div\u001b[39m\n                \u001b[33mclass\u001b[39m=\u001b[32m\"flex space-x-4\"\u001b[39m\n              \u001b[36m>\u001b[39m\n                \u001b[36m<div\u001b[39m\n                  \u001b[33mclass\u001b[39m=\u001b[32m\"h-4 bg-gray-200 dark:bg-gray-700 rounded w-16\"\u001b[39m\n                \u001b[36m/>\u001b[39m\n                \u001b[36m<div\u001b[39m\n                  \u001b[33mclass\u001b[39m=\u001b[32m\"h-4 bg-gray-200 dark:bg-gray-700 rounded w-16\"\u001b[39m\n                \u001b[36m/>\u001b[39m\n                \u001b[36m<div\u001b[39m\n                  \u001b[33mclass\u001b[39m=\u001b[32m\"h-4 bg-gray-200 dark:bg-gray-700 rounded w-16\"\u001b[39m\n                \u001b[36m/>\u001b[39m\n              \u001b[36m</div>\u001b[39m\n            \u001b[36m</div>\u001b[39m\n            \u001b[36m<div\u001b[39m\n              \u001b[33mclass\u001b[39m=\u001b[32m\"bg-white dark:bg-gray-800 rounded-lg p-6\"\u001b[39m\n            \u001b[36m>\u001b[39m\n              \u001b[36m<div\u001b[39m\n                \u001b[33mclass\u001b[39m=\u001b[32m\"h-4 bg-gray-200 dark:bg-gray-700 rounded w-3/4 mb-4\"\u001b[39m\n              \u001b[36m/>\u001b[39m\n              \u001b[36m<div\u001b[39m\n                \u001b[33mclass\u001b[39m=\u001b[32m\"h-32 bg-gray-200 dark:bg-gray-700 rounded mb-4\"\u001b[39m\n              \u001b[36m/>\u001b[39m\n              \u001b[36m<div\u001b[39m\n                \u001b[33mclass\u001b[39m=\u001b[32m\"flex space-x-4\"\u001b[39m\n              \u001b[36m>\u001b[39m\n                \u001b[36m<div\u001b[39m\n                  \u001b[33mclass\u001b[39m=\u001b[32m\"h-4 bg-gray-200 dark:bg-gray-700 rounded w-16\"\u001b[39m\n                \u001b[36m/>\u001b[39m\n                \u001b[36m<div\u001b[39m\n                  \u001b[33mclass\u001b[39m=\u001b[32m\"h-4 bg-gray-200 dark:bg-gray-700 rounded w-16\"\u001b[39m\n                \u001b[36m/>\u001b[39m\n                \u001b[36m<div\u001b[39m\n                  \u001b[33mclass\u001b[39m=\u001b[32m\"h-4 bg-gray-200 dark:bg-gray-700 rounded w-16\"\u001b[39m\n                \u001b[36m/>\u001b[39m\n              \u001b[36m</div>\u001b[39m\n            \u001b[36m</div>\u001b[39m\n          \u001b[36m</div>\u001b[39m\n        \u001b[36m</div>\u001b[39m\n      \u001b[36m</div>\u001b[39m\n    \u001b[36m</div>\u001b[39m\n  \u001b[36m</div>\u001b[39m\n\u001b[36m</body>\u001b[39m\n    at Object.getElementError (/home/runner/work/ytmain-v6/ytmain-v6/node_modules/@testing-library/dom/dist/config.js:37:19)\n    at /home/runner/work/ytmain-v6/ytmain-v6/node_modules/@testing-library/dom/dist/query-helpers.js:76:38\n    at /home/runner/work/ytmain-v6/ytmain-v6/node_modules/@testing-library/dom/dist/query-helpers.js:52:17\n    at /home/runner/work/ytmain-v6/ytmain-v6/node_modules/@testing-library/dom/dist/query-helpers.js:95:19\n    at /home/runner/work/ytmain-v6/ytmain-v6/test/integration/CommunityPage.test.tsx:62:19\n    at file:///home/runner/work/ytmain-v6/ytmain-v6/node_modules/@vitest/runner/dist/chunk-hooks.js:155:11\n    at file:///home/runner/work/ytmain-v6/ytmain-v6/node_modules/@vitest/runner/dist/chunk-hooks.js:752:26\n    at file:///home/runner/work/ytmain-v6/ytmain-v6/node_modules/@vitest/runner/dist/chunk-hooks.js:1897:20\n    at new Promise (<anonymous>)\n    at runWithTimeout (file:///home/runner/work/ytmain-v6/ytmain-v6/node_modules/@vitest/runner/dist/chunk-hooks.js:1863:10)","TestingLibraryElementError: Unable to find an element with the text: Community. This could be because the text is broken up by multiple elements. In this case, you can provide a function for your text matcher to make your matcher more flexible.\n\nIgnored nodes: comments, script, style\n\u001b[36m<body>\u001b[39m\n  \u001b[36m<div>\u001b[39m\n    \u001b[36m<div\u001b[39m\n      \u001b[33mclass\u001b[39m=\u001b[32m\"min-h-screen bg-gray-50 dark:bg-gray-900 p-6\"\u001b[39m\n    \u001b[36m>\u001b[39m\n      \u001b[36m<div\u001b[39m\n        \u001b[33mclass\u001b[39m=\u001b[32m\"max-w-4xl mx-auto\"\u001b[39m\n      \u001b[36m>\u001b[39m\n        \u001b[36m<div\u001b[39m\n          \u001b[33mclass\u001b[39m=\u001b[32m\"animate-pulse\"\u001b[39m\n        \u001b[36m>\u001b[39m\n          \u001b[36m<div\u001b[39m\n            \u001b[33mclass\u001b[39m=\u001b[32m\"h-8 bg-gray-200 dark:bg-gray-700 rounded w-1/4 mb-6\"\u001b[39m\n          \u001b[36m/>\u001b[39m\n          \u001b[36m<div\u001b[39m\n            \u001b[33mclass\u001b[39m=\u001b[32m\"space-y-4\"\u001b[39m\n          \u001b[36m>\u001b[39m\n            \u001b[36m<div\u001b[39m\n              \u001b[33mclass\u001b[39m=\u001b[32m\"bg-white dark:bg-gray-800 rounded-lg p-6\"\u001b[39m\n            \u001b[36m>\u001b[39m\n              \u001b[36m<div\u001b[39m\n                \u001b[33mclass\u001b[39m=\u001b[32m\"h-4 bg-gray-200 dark:bg-gray-700 rounded w-3/4 mb-4\"\u001b[39m\n              \u001b[36m/>\u001b[39m\n              \u001b[36m<div\u001b[39m\n                \u001b[33mclass\u001b[39m=\u001b[32m\"h-32 bg-gray-200 dark:bg-gray-700 rounded mb-4\"\u001b[39m\n              \u001b[36m/>\u001b[39m\n              \u001b[36m<div\u001b[39m\n                \u001b[33mclass\u001b[39m=\u001b[32m\"flex space-x-4\"\u001b[39m\n              \u001b[36m>\u001b[39m\n                \u001b[36m<div\u001b[39m\n                  \u001b[33mclass\u001b[39m=\u001b[32m\"h-4 bg-gray-200 dark:bg-gray-700 rounded w-16\"\u001b[39m\n                \u001b[36m/>\u001b[39m\n                \u001b[36m<div\u001b[39m\n                  \u001b[33mclass\u001b[39m=\u001b[32m\"h-4 bg-gray-200 dark:bg-gray-700 rounded w-16\"\u001b[39m\n                \u001b[36m/>\u001b[39m\n                \u001b[36m<div\u001b[39m\n                  \u001b[33mclass\u001b[39m=\u001b[32m\"h-4 bg-gray-200 dark:bg-gray-700 rounded w-16\"\u001b[39m\n                \u001b[36m/>\u001b[39m\n              \u001b[36m</div>\u001b[39m\n            \u001b[36m</div>\u001b[39m\n            \u001b[36m<div\u001b[39m\n              \u001b[33mclass\u001b[39m=\u001b[32m\"bg-white dark:bg-gray-800 rounded-lg p-6\"\u001b[39m\n            \u001b[36m>\u001b[39m\n              \u001b[36m<div\u001b[39m\n                \u001b[33mclass\u001b[39m=\u001b[32m\"h-4 bg-gray-200 dark:bg-gray-700 rounded w-3/4 mb-4\"\u001b[39m\n              \u001b[36m/>\u001b[39m\n              \u001b[36m<div\u001b[39m\n                \u001b[33mclass\u001b[39m=\u001b[32m\"h-32 bg-gray-200 dark:bg-gray-700 rounded mb-4\"\u001b[39m\n              \u001b[36m/>\u001b[39m\n              \u001b[36m<div\u001b[39m\n                \u001b[33mclass\u001b[39m=\u001b[32m\"flex space-x-4\"\u001b[39m\n              \u001b[36m>\u001b[39m\n                \u001b[36m<div\u001b[39m\n                  \u001b[33mclass\u001b[39m=\u001b[32m\"h-4 bg-gray-200 dark:bg-gray-700 rounded w-16\"\u001b[39m\n                \u001b[36m/>\u001b[39m\n                \u001b[36m<div\u001b[39m\n                  \u001b[33mclass\u001b[39m=\u001b[32m\"h-4 bg-gray-200 dark:bg-gray-700 rounded w-16\"\u001b[39m\n                \u001b[36m/>\u001b[39m\n                \u001b[36m<div\u001b[39m\n                  \u001b[33mclass\u001b[39m=\u001b[32m\"h-4 bg-gray-200 dark:bg-gray-700 rounded w-16\"\u001b[39m\n                \u001b[36m/>\u001b[39m\n              \u001b[36m</div>\u001b[39m\n            \u001b[36m</div>\u001b[39m\n            \u001b[36m<div\u001b[39m\n              \u001b[33mclass\u001b[39m=\u001b[32m\"bg-white dark:bg-gray-800 rounded-lg p-6\"\u001b[39m\n            \u001b[36m>\u001b[39m\n              \u001b[36m<div\u001b[39m\n                \u001b[33mclass\u001b[39m=\u001b[32m\"h-4 bg-gray-200 dark:bg-gray-700 rounded w-3/4 mb-4\"\u001b[39m\n              \u001b[36m/>\u001b[39m\n              \u001b[36m<div\u001b[39m\n                \u001b[33mclass\u001b[39m=\u001b[32m\"h-32 bg-gray-200 dark:bg-gray-700 rounded mb-4\"\u001b[39m\n              \u001b[36m/>\u001b[39m\n              \u001b[36m<div\u001b[39m\n                \u001b[33mclass\u001b[39m=\u001b[32m\"flex space-x-4\"\u001b[39m\n              \u001b[36m>\u001b[39m\n                \u001b[36m<div\u001b[39m\n                  \u001b[33mclass\u001b[39m=\u001b[32m\"h-4 bg-gray-200 dark:bg-gray-700 rounded w-16\"\u001b[39m\n                \u001b[36m/>\u001b[39m\n                \u001b[36m<div\u001b[39m\n                  \u001b[33mclass\u001b[39m=\u001b[32m\"h-4 bg-gray-200 dark:bg-gray-700 rounded w-16\"\u001b[39m\n                \u001b[36m/>\u001b[39m\n                \u001b[36m<div\u001b[39m\n                  \u001b[33mclass\u001b[39m=\u001b[32m\"h-4 bg-gray-200 dark:bg-gray-700 rounded w-16\"\u001b[39m\n                \u001b[36m/>\u001b[39m\n              \u001b[36m</div>\u001b[39m\n            \u001b[36m</div>\u001b[39m\n          \u001b[36m</div>\u001b[39m\n        \u001b[36m</div>\u001b[39m\n      \u001b[36m</div>\u001b[39m\n    \u001b[36m</div>\u001b[39m\n  \u001b[36m</div>\u001b[39m\n\u001b[36m</body>\u001b[39m\n    at Object.getElementError (/home/runner/work/ytmain-v6/ytmain-v6/node_modules/@testing-library/dom/dist/config.js:37:19)\n    at /home/runner/work/ytmain-v6/ytmain-v6/node_modules/@testing-library/dom/dist/query-helpers.js:76:38\n    at /home/runner/work/ytmain-v6/ytmain-v6/node_modules/@testing-library/dom/dist/query-helpers.js:52:17\n    at /home/runner/work/ytmain-v6/ytmain-v6/node_modules/@testing-library/dom/dist/query-helpers.js:95:19\n    at /home/runner/work/ytmain-v6/ytmain-v6/test/integration/CommunityPage.test.tsx:62:19\n    at file:///home/runner/work/ytmain-v6/ytmain-v6/node_modules/@vitest/runner/dist/chunk-hooks.js:155:11\n    at file:///home/runner/work/ytmain-v6/ytmain-v6/node_modules/@vitest/runner/dist/chunk-hooks.js:752:26\n    at file:///home/runner/work/ytmain-v6/ytmain-v6/node_modules/@vitest/runner/dist/chunk-hooks.js:1897:20\n    at new Promise (<anonymous>)\n    at runWithTimeout (file:///home/runner/work/ytmain-v6/ytmain-v6/node_modules/@vitest/runner/dist/chunk-hooks.js:1863:10)","TestingLibraryElementError: Unable to find an element with the text: Community. This could be because the text is broken up by multiple elements. In this case, you can provide a function for your text matcher to make your matcher more flexible.\n\nIgnored nodes: comments, script, style\n\u001b[36m<body>\u001b[39m\n  \u001b[36m<div>\u001b[39m\n    \u001b[36m<div\u001b[39m\n      \u001b[33mclass\u001b[39m=\u001b[32m\"min-h-screen bg-gray-50 dark:bg-gray-900 p-6\"\u001b[39m\n    \u001b[36m>\u001b[39m\n      \u001b[36m<div\u001b[39m\n        \u001b[33mclass\u001b[39m=\u001b[32m\"max-w-4xl mx-auto\"\u001b[39m\n      \u001b[36m>\u001b[39m\n        \u001b[36m<div\u001b[39m\n          \u001b[33mclass\u001b[39m=\u001b[32m\"animate-pulse\"\u001b[39m\n        \u001b[36m>\u001b[39m\n          \u001b[36m<div\u001b[39m\n            \u001b[33mclass\u001b[39m=\u001b[32m\"h-8 bg-gray-200 dark:bg-gray-700 rounded w-1/4 mb-6\"\u001b[39m\n          \u001b[36m/>\u001b[39m\n          \u001b[36m<div\u001b[39m\n            \u001b[33mclass\u001b[39m=\u001b[32m\"space-y-4\"\u001b[39m\n          \u001b[36m>\u001b[39m\n            \u001b[36m<div\u001b[39m\n              \u001b[33mclass\u001b[39m=\u001b[32m\"bg-white dark:bg-gray-800 rounded-lg p-6\"\u001b[39m\n            \u001b[36m>\u001b[39m\n              \u001b[36m<div\u001b[39m\n                \u001b[33mclass\u001b[39m=\u001b[32m\"h-4 bg-gray-200 dark:bg-gray-700 rounded w-3/4 mb-4\"\u001b[39m\n              \u001b[36m/>\u001b[39m\n              \u001b[36m<div\u001b[39m\n                \u001b[33mclass\u001b[39m=\u001b[32m\"h-32 bg-gray-200 dark:bg-gray-700 rounded mb-4\"\u001b[39m\n              \u001b[36m/>\u001b[39m\n              \u001b[36m<div\u001b[39m\n                \u001b[33mclass\u001b[39m=\u001b[32m\"flex space-x-4\"\u001b[39m\n              \u001b[36m>\u001b[39m\n                \u001b[36m<div\u001b[39m\n                  \u001b[33mclass\u001b[39m=\u001b[32m\"h-4 bg-gray-200 dark:bg-gray-700 rounded w-16\"\u001b[39m\n                \u001b[36m/>\u001b[39m\n                \u001b[36m<div\u001b[39m\n                  \u001b[33mclass\u001b[39m=\u001b[32m\"h-4 bg-gray-200 dark:bg-gray-700 rounded w-16\"\u001b[39m\n                \u001b[36m/>\u001b[39m\n                \u001b[36m<div\u001b[39m\n                  \u001b[33mclass\u001b[39m=\u001b[32m\"h-4 bg-gray-200 dark:bg-gray-700 rounded w-16\"\u001b[39m\n                \u001b[36m/>\u001b[39m\n              \u001b[36m</div>\u001b[39m\n            \u001b[36m</div>\u001b[39m\n            \u001b[36m<div\u001b[39m\n              \u001b[33mclass\u001b[39m=\u001b[32m\"bg-white dark:bg-gray-800 rounded-lg p-6\"\u001b[39m\n            \u001b[36m>\u001b[39m\n              \u001b[36m<div\u001b[39m\n                \u001b[33mclass\u001b[39m=\u001b[32m\"h-4 bg-gray-200 dark:bg-gray-700 rounded w-3/4 mb-4\"\u001b[39m\n              \u001b[36m/>\u001b[39m\n              \u001b[36m<div\u001b[39m\n                \u001b[33mclass\u001b[39m=\u001b[32m\"h-32 bg-gray-200 dark:bg-gray-700 rounded mb-4\"\u001b[39m\n              \u001b[36m/>\u001b[39m\n              \u001b[36m<div\u001b[39m\n                \u001b[33mclass\u001b[39m=\u001b[32m\"flex space-x-4\"\u001b[39m\n              \u001b[36m>\u001b[39m\n                \u001b[36m<div\u001b[39m\n                  \u001b[33mclass\u001b[39m=\u001b[32m\"h-4 bg-gray-200 dark:bg-gray-700 rounded w-16\"\u001b[39m\n                \u001b[36m/>\u001b[39m\n                \u001b[36m<div\u001b[39m\n                  \u001b[33mclass\u001b[39m=\u001b[32m\"h-4 bg-gray-200 dark:bg-gray-700 rounded w-16\"\u001b[39m\n                \u001b[36m/>\u001b[39m\n                \u001b[36m<div\u001b[39m\n                  \u001b[33mclass\u001b[39m=\u001b[32m\"h-4 bg-gray-200 dark:bg-gray-700 rounded w-16\"\u001b[39m\n                \u001b[36m/>\u001b[39m\n              \u001b[36m</div>\u001b[39m\n            \u001b[36m</div>\u001b[39m\n            \u001b[36m<div\u001b[39m\n              \u001b[33mclass\u001b[39m=\u001b[32m\"bg-white dark:bg-gray-800 rounded-lg p-6\"\u001b[39m\n            \u001b[36m>\u001b[39m\n              \u001b[36m<div\u001b[39m\n                \u001b[33mclass\u001b[39m=\u001b[32m\"h-4 bg-gray-200 dark:bg-gray-700 rounded w-3/4 mb-4\"\u001b[39m\n              \u001b[36m/>\u001b[39m\n              \u001b[36m<div\u001b[39m\n                \u001b[33mclass\u001b[39m=\u001b[32m\"h-32 bg-gray-200 dark:bg-gray-700 rounded mb-4\"\u001b[39m\n              \u001b[36m/>\u001b[39m\n              \u001b[36m<div\u001b[39m\n                \u001b[33mclass\u001b[39m=\u001b[32m\"flex space-x-4\"\u001b[39m\n              \u001b[36m>\u001b[39m\n                \u001b[36m<div\u001b[39m\n                  \u001b[33mclass\u001b[39m=\u001b[32m\"h-4 bg-gray-200 dark:bg-gray-700 rounded w-16\"\u001b[39m\n                \u001b[36m/>\u001b[39m\n                \u001b[36m<div\u001b[39m\n                  \u001b[33mclass\u001b[39m=\u001b[32m\"h-4 bg-gray-200 dark:bg-gray-700 rounded w-16\"\u001b[39m\n                \u001b[36m/>\u001b[39m\n                \u001b[36m<div\u001b[39m\n                  \u001b[33mclass\u001b[39m=\u001b[32m\"h-4 bg-gray-200 dark:bg-gray-700 rounded w-16\"\u001b[39m\n                \u001b[36m/>\u001b[39m\n              \u001b[36m</div>\u001b[39m\n            \u001b[36m</div>\u001b[39m\n          \u001b[36m</div>\u001b[39m\n        \u001b[36m</div>\u001b[39m\n      \u001b[36m</div>\u001b[39m\n    \u001b[36m</div>\u001b[39m\n  \u001b[36m</div>\u001b[39m\n\u001b[36m</body>\u001b[39m\n    at Object.getElementError (/home/runner/work/ytmain-v6/ytmain-v6/node_modules/@testing-library/dom/dist/config.js:37:19)\n    at /home/runner/work/ytmain-v6/ytmain-v6/node_modules/@testing-library/dom/dist/query-helpers.js:76:38\n    at /home/runner/work/ytmain-v6/ytmain-v6/node_modules/@testing-library/dom/dist/query-helpers.js:52:17\n    at /home/runner/work/ytmain-v6/ytmain-v6/node_modules/@testing-library/dom/dist/query-helpers.js:95:19\n    at /home/runner/work/ytmain-v6/ytmain-v6/test/integration/CommunityPage.test.tsx:62:19\n    at file:///home/runner/work/ytmain-v6/ytmain-v6/node_modules/@vitest/runner/dist/chunk-hooks.js:155:11\n    at file:///home/runner/work/ytmain-v6/ytmain-v6/node_modules/@vitest/runner/dist/chunk-hooks.js:752:26\n    at file:///home/runner/work/ytmain-v6/ytmain-v6/node_modules/@vitest/runner/dist/chunk-hooks.js:1897:20\n    at new Promise (<anonymous>)\n    at runWithTimeout (file:///home/runner/work/ytmain-v6/ytmain-v6/node_modules/@vitest/runner/dist/chunk-hooks.js:1863:10)"],"location":{"line":59,"column":3},"meta":{}},{"ancestorTitles":["CommunityPage"],"fullName":"CommunityPage displays post statistics correctly","status":"failed","title":"displays post statistics correctly","duration":95.62504400000034,"failureMessages":["TestingLibraryElementError: Unable to find an element with the text: 10. This could be because the text is broken up by multiple elements. In this case, you can provide a function for your text matcher to make your matcher more flexible.\n\nIgnored nodes: comments, script, style\n\u001b[36m<body>\u001b[39m\n  \u001b[36m<div>\u001b[39m\n    \u001b[36m<div\u001b[39m\n      \u001b[33mclass\u001b[39m=\u001b[32m\"min-h-screen bg-gray-50 dark:bg-gray-900 p-6\"\u001b[39m\n    \u001b[36m>\u001b[39m\n      \u001b[36m<div\u001b[39m\n        \u001b[33mclass\u001b[39m=\u001b[32m\"max-w-4xl mx-auto\"\u001b[39m\n      \u001b[36m>\u001b[39m\n        \u001b[36m<div\u001b[39m\n          \u001b[33mclass\u001b[39m=\u001b[32m\"animate-pulse\"\u001b[39m\n        \u001b[36m>\u001b[39m\n          \u001b[36m<div\u001b[39m\n            \u001b[33mclass\u001b[39m=\u001b[32m\"h-8 bg-gray-200 dark:bg-gray-700 rounded w-1/4 mb-6\"\u001b[39m\n          \u001b[36m/>\u001b[39m\n          \u001b[36m<div\u001b[39m\n            \u001b[33mclass\u001b[39m=\u001b[32m\"space-y-4\"\u001b[39m\n          \u001b[36m>\u001b[39m\n            \u001b[36m<div\u001b[39m\n              \u001b[33mclass\u001b[39m=\u001b[32m\"bg-white dark:bg-gray-800 rounded-lg p-6\"\u001b[39m\n            \u001b[36m>\u001b[39m\n              \u001b[36m<div\u001b[39m\n                \u001b[33mclass\u001b[39m=\u001b[32m\"h-4 bg-gray-200 dark:bg-gray-700 rounded w-3/4 mb-4\"\u001b[39m\n              \u001b[36m/>\u001b[39m\n              \u001b[36m<div\u001b[39m\n                \u001b[33mclass\u001b[39m=\u001b[32m\"h-32 bg-gray-200 dark:bg-gray-700 rounded mb-4\"\u001b[39m\n              \u001b[36m/>\u001b[39m\n              \u001b[36m<div\u001b[39m\n                \u001b[33mclass\u001b[39m=\u001b[32m\"flex space-x-4\"\u001b[39m\n              \u001b[36m>\u001b[39m\n                \u001b[36m<div\u001b[39m\n                  \u001b[33mclass\u001b[39m=\u001b[32m\"h-4 bg-gray-200 dark:bg-gray-700 rounded w-16\"\u001b[39m\n                \u001b[36m/>\u001b[39m\n                \u001b[36m<div\u001b[39m\n                  \u001b[33mclass\u001b[39m=\u001b[32m\"h-4 bg-gray-200 dark:bg-gray-700 rounded w-16\"\u001b[39m\n                \u001b[36m/>\u001b[39m\n                \u001b[36m<div\u001b[39m\n                  \u001b[33mclass\u001b[39m=\u001b[32m\"h-4 bg-gray-200 dark:bg-gray-700 rounded w-16\"\u001b[39m\n                \u001b[36m/>\u001b[39m\n              \u001b[36m</div>\u001b[39m\n            \u001b[36m</div>\u001b[39m\n            \u001b[36m<div\u001b[39m\n              \u001b[33mclass\u001b[39m=\u001b[32m\"bg-white dark:bg-gray-800 rounded-lg p-6\"\u001b[39m\n            \u001b[36m>\u001b[39m\n              \u001b[36m<div\u001b[39m\n                \u001b[33mclass\u001b[39m=\u001b[32m\"h-4 bg-gray-200 dark:bg-gray-700 rounded w-3/4 mb-4\"\u001b[39m\n              \u001b[36m/>\u001b[39m\n              \u001b[36m<div\u001b[39m\n                \u001b[33mclass\u001b[39m=\u001b[32m\"h-32 bg-gray-200 dark:bg-gray-700 rounded mb-4\"\u001b[39m\n              \u001b[36m/>\u001b[39m\n              \u001b[36m<div\u001b[39m\n                \u001b[33mclass\u001b[39m=\u001b[32m\"flex space-x-4\"\u001b[39m\n              \u001b[36m>\u001b[39m\n                \u001b[36m<div\u001b[39m\n                  \u001b[33mclass\u001b[39m=\u001b[32m\"h-4 bg-gray-200 dark:bg-gray-700 rounded w-16\"\u001b[39m\n                \u001b[36m/>\u001b[39m\n                \u001b[36m<div\u001b[39m\n                  \u001b[33mclass\u001b[39m=\u001b[32m\"h-4 bg-gray-200 dark:bg-gray-700 rounded w-16\"\u001b[39m\n                \u001b[36m/>\u001b[39m\n                \u001b[36m<div\u001b[39m\n                  \u001b[33mclass\u001b[39m=\u001b[32m\"h-4 bg-gray-200 dark:bg-gray-700 rounded w-16\"\u001b[39m\n                \u001b[36m/>\u001b[39m\n              \u001b[36m</div>\u001b[39m\n            \u001b[36m</div>\u001b[39m\n            \u001b[36m<div\u001b[39m\n              \u001b[33mclass\u001b[39m=\u001b[32m\"bg-white dark:bg-gray-800 rounded-lg p-6\"\u001b[39m\n            \u001b[36m>\u001b[39m\n              \u001b[36m<div\u001b[39m\n                \u001b[33mclass\u001b[39m=\u001b[32m\"h-4 bg-gray-200 dark:bg-gray-700 rounded w-3/4 mb-4\"\u001b[39m\n              \u001b[36m/>\u001b[39m\n              \u001b[36m<div\u001b[39m\n                \u001b[33mclass\u001b[39m=\u001b[32m\"h-32 bg-gray-200 dark:bg-gray-700 rounded mb-4\"\u001b[39m\n              \u001b[36m/>\u001b[39m\n              \u001b[36m<div\u001b[39m\n                \u001b[33mclass\u001b[39m=\u001b[32m\"flex space-x-4\"\u001b[39m\n              \u001b[36m>\u001b[39m\n                \u001b[36m<div\u001b[39m\n                  \u001b[33mclass\u001b[39m=\u001b[32m\"h-4 bg-gray-200 dark:bg-gray-700 rounded w-16\"\u001b[39m\n                \u001b[36m/>\u001b[39m\n                \u001b[36m<div\u001b[39m\n                  \u001b[33mclass\u001b[39m=\u001b[32m\"h-4 bg-gray-200 dark:bg-gray-700 rounded w-16\"\u001b[39m\n                \u001b[36m/>\u001b[39m\n                \u001b[36m<div\u001b[39m\n                  \u001b[33mclass\u001b[39m=\u001b[32m\"h-4 bg-gray-200 dark:bg-gray-700 rounded w-16\"\u001b[39m\n                \u001b[36m/>\u001b[39m\n              \u001b[36m</div>\u001b[39m\n            \u001b[36m</div>\u001b[39m\n          \u001b[36m</div>\u001b[39m\n        \u001b[36m</div>\u001b[39m\n      \u001b[36m</div>\u001b[39m\n    \u001b[36m</div>\u001b[39m\n  \u001b[36m</div>\u001b[39m\n\u001b[36m</body>\u001b[39m\n    at Object.getElementError (/home/runner/work/ytmain-v6/ytmain-v6/node_modules/@testing-library/dom/dist/config.js:37:19)\n    at /home/runner/work/ytmain-v6/ytmain-v6/node_modules/@testing-library/dom/dist/query-helpers.js:76:38\n    at /home/runner/work/ytmain-v6/ytmain-v6/node_modules/@testing-library/dom/dist/query-helpers.js:52:17\n    at /home/runner/work/ytmain-v6/ytmain-v6/node_modules/@testing-library/dom/dist/query-helpers.js:95:19\n    at /home/runner/work/ytmain-v6/ytmain-v6/test/integration/CommunityPage.test.tsx:72:19\n    at file:///home/runner/work/ytmain-v6/ytmain-v6/node_modules/@vitest/runner/dist/chunk-hooks.js:155:11\n    at file:///home/runner/work/ytmain-v6/ytmain-v6/node_modules/@vitest/runner/dist/chunk-hooks.js:752:26\n    at file:///home/runner/work/ytmain-v6/ytmain-v6/node_modules/@vitest/runner/dist/chunk-hooks.js:1897:20\n    at new Promise (<anonymous>)\n    at runWithTimeout (file:///home/runner/work/ytmain-v6/ytmain-v6/node_modules/@vitest/runner/dist/chunk-hooks.js:1863:10)","TestingLibraryElementError: Unable to find an element with the text: 10. This could be because the text is broken up by multiple elements. In this case, you can provide a function for your text matcher to make your matcher more flexible.\n\nIgnored nodes: comments, script, style\n\u001b[36m<body>\u001b[39m\n  \u001b[36m<div>\u001b[39m\n    \u001b[36m<div\u001b[39m\n      \u001b[33mclass\u001b[39m=\u001b[32m\"min-h-screen bg-gray-50 dark:bg-gray-900 p-6\"\u001b[39m\n    \u001b[36m>\u001b[39m\n      \u001b[36m<div\u001b[39m\n        \u001b[33mclass\u001b[39m=\u001b[32m\"max-w-4xl mx-auto\"\u001b[39m\n      \u001b[36m>\u001b[39m\n        \u001b[36m<div\u001b[39m\n          \u001b[33mclass\u001b[39m=\u001b[32m\"animate-pulse\"\u001b[39m\n        \u001b[36m>\u001b[39m\n          \u001b[36m<div\u001b[39m\n            \u001b[33mclass\u001b[39m=\u001b[32m\"h-8 bg-gray-200 dark:bg-gray-700 rounded w-1/4 mb-6\"\u001b[39m\n          \u001b[36m/>\u001b[39m\n          \u001b[36m<div\u001b[39m\n            \u001b[33mclass\u001b[39m=\u001b[32m\"space-y-4\"\u001b[39m\n          \u001b[36m>\u001b[39m\n            \u001b[36m<div\u001b[39m\n              \u001b[33mclass\u001b[39m=\u001b[32m\"bg-white dark:bg-gray-800 rounded-lg p-6\"\u001b[39m\n            \u001b[36m>\u001b[39m\n              \u001b[36m<div\u001b[39m\n                \u001b[33mclass\u001b[39m=\u001b[32m\"h-4 bg-gray-200 dark:bg-gray-700 rounded w-3/4 mb-4\"\u001b[39m\n              \u001b[36m/>\u001b[39m\n              \u001b[36m<div\u001b[39m\n                \u001b[33mclass\u001b[39m=\u001b[32m\"h-32 bg-gray-200 dark:bg-gray-700 rounded mb-4\"\u001b[39m\n              \u001b[36m/>\u001b[39m\n              \u001b[36m<div\u001b[39m\n                \u001b[33mclass\u001b[39m=\u001b[32m\"flex space-x-4\"\u001b[39m\n              \u001b[36m>\u001b[39m\n                \u001b[36m<div\u001b[39m\n                  \u001b[33mclass\u001b[39m=\u001b[32m\"h-4 bg-gray-200 dark:bg-gray-700 rounded w-16\"\u001b[39m\n                \u001b[36m/>\u001b[39m\n                \u001b[36m<div\u001b[39m\n                  \u001b[33mclass\u001b[39m=\u001b[32m\"h-4 bg-gray-200 dark:bg-gray-700 rounded w-16\"\u001b[39m\n                \u001b[36m/>\u001b[39m\n                \u001b[36m<div\u001b[39m\n                  \u001b[33mclass\u001b[39m=\u001b[32m\"h-4 bg-gray-200 dark:bg-gray-700 rounded w-16\"\u001b[39m\n                \u001b[36m/>\u001b[39m\n              \u001b[36m</div>\u001b[39m\n            \u001b[36m</div>\u001b[39m\n            \u001b[36m<div\u001b[39m\n              \u001b[33mclass\u001b[39m=\u001b[32m\"bg-white dark:bg-gray-800 rounded-lg p-6\"\u001b[39m\n            \u001b[36m>\u001b[39m\n              \u001b[36m<div\u001b[39m\n                \u001b[33mclass\u001b[39m=\u001b[32m\"h-4 bg-gray-200 dark:bg-gray-700 rounded w-3/4 mb-4\"\u001b[39m\n              \u001b[36m/>\u001b[39m\n              \u001b[36m<div\u001b[39m\n                \u001b[33mclass\u001b[39m=\u001b[32m\"h-32 bg-gray-200 dark:bg-gray-700 rounded mb-4\"\u001b[39m\n              \u001b[36m/>\u001b[39m\n              \u001b[36m<div\u001b[39m\n                \u001b[33mclass\u001b[39m=\u001b[32m\"flex space-x-4\"\u001b[39m\n              \u001b[36m>\u001b[39m\n                \u001b[36m<div\u001b[39m\n                  \u001b[33mclass\u001b[39m=\u001b[32m\"h-4 bg-gray-200 dark:bg-gray-700 rounded w-16\"\u001b[39m\n                \u001b[36m/>\u001b[39m\n                \u001b[36m<div\u001b[39m\n                  \u001b[33mclass\u001b[39m=\u001b[32m\"h-4 bg-gray-200 dark:bg-gray-700 rounded w-16\"\u001b[39m\n                \u001b[36m/>\u001b[39m\n                \u001b[36m<div\u001b[39m\n                  \u001b[33mclass\u001b[39m=\u001b[32m\"h-4 bg-gray-200 dark:bg-gray-700 rounded w-16\"\u001b[39m\n                \u001b[36m/>\u001b[39m\n              \u001b[36m</div>\u001b[39m\n            \u001b[36m</div>\u001b[39m\n            \u001b[36m<div\u001b[39m\n              \u001b[33mclass\u001b[39m=\u001b[32m\"bg-white dark:bg-gray-800 rounded-lg p-6\"\u001b[39m\n            \u001b[36m>\u001b[39m\n              \u001b[36m<div\u001b[39m\n                \u001b[33mclass\u001b[39m=\u001b[32m\"h-4 bg-gray-200 dark:bg-gray-700 rounded w-3/4 mb-4\"\u001b[39m\n              \u001b[36m/>\u001b[39m\n              \u001b[36m<div\u001b[39m\n                \u001b[33mclass\u001b[39m=\u001b[32m\"h-32 bg-gray-200 dark:bg-gray-700 rounded mb-4\"\u001b[39m\n              \u001b[36m/>\u001b[39m\n              \u001b[36m<div\u001b[39m\n                \u001b[33mclass\u001b[39m=\u001b[32m\"flex space-x-4\"\u001b[39m\n              \u001b[36m>\u001b[39m\n                \u001b[36m<div\u001b[39m\n                  \u001b[33mclass\u001b[39m=\u001b[32m\"h-4 bg-gray-200 dark:bg-gray-700 rounded w-16\"\u001b[39m\n                \u001b[36m/>\u001b[39m\n                \u001b[36m<div\u001b[39m\n                  \u001b[33mclass\u001b[39m=\u001b[32m\"h-4 bg-gray-200 dark:bg-gray-700 rounded w-16\"\u001b[39m\n                \u001b[36m/>\u001b[39m\n                \u001b[36m<div\u001b[39m\n                  \u001b[33mclass\u001b[39m=\u001b[32m\"h-4 bg-gray-200 dark:bg-gray-700 rounded w-16\"\u001b[39m\n                \u001b[36m/>\u001b[39m\n              \u001b[36m</div>\u001b[39m\n            \u001b[36m</div>\u001b[39m\n          \u001b[36m</div>\u001b[39m\n        \u001b[36m</div>\u001b[39m\n      \u001b[36m</div>\u001b[39m\n    \u001b[36m</div>\u001b[39m\n  \u001b[36m</div>\u001b[39m\n\u001b[36m</body>\u001b[39m\n    at Object.getElementError (/home/runner/work/ytmain-v6/ytmain-v6/node_modules/@testing-library/dom/dist/config.js:37:19)\n    at /home/runner/work/ytmain-v6/ytmain-v6/node_modules/@testing-library/dom/dist/query-helpers.js:76:38\n    at /home/runner/work/ytmain-v6/ytmain-v6/node_modules/@testing-library/dom/dist/query-helpers.js:52:17\n    at /home/runner/work/ytmain-v6/ytmain-v6/node_modules/@testing-library/dom/dist/query-helpers.js:95:19\n    at /home/runner/work/ytmain-v6/ytmain-v6/test/integration/CommunityPage.test.tsx:72:19\n    at file:///home/runner/work/ytmain-v6/ytmain-v6/node_modules/@vitest/runner/dist/chunk-hooks.js:155:11\n    at file:///home/runner/work/ytmain-v6/ytmain-v6/node_modules/@vitest/runner/dist/chunk-hooks.js:752:26\n    at file:///home/runner/work/ytmain-v6/ytmain-v6/node_modules/@vitest/runner/dist/chunk-hooks.js:1897:20\n    at new Promise (<anonymous>)\n    at runWithTimeout (file:///home/runner/work/ytmain-v6/ytmain-v6/node_modules/@vitest/runner/dist/chunk-hooks.js:1863:10)","TestingLibraryElementError: Unable to find an element with the text: 10. This could be because the text is broken up by multiple elements. In this case, you can provide a function for your text matcher to make your matcher more flexible.\n\nIgnored nodes: comments, script, style\n\u001b[36m<body>\u001b[39m\n  \u001b[36m<div>\u001b[39m\n    \u001b[36m<div\u001b[39m\n      \u001b[33mclass\u001b[39m=\u001b[32m\"min-h-screen bg-gray-50 dark:bg-gray-900 p-6\"\u001b[39m\n    \u001b[36m>\u001b[39m\n      \u001b[36m<div\u001b[39m\n        \u001b[33mclass\u001b[39m=\u001b[32m\"max-w-4xl mx-auto\"\u001b[39m\n      \u001b[36m>\u001b[39m\n        \u001b[36m<div\u001b[39m\n          \u001b[33mclass\u001b[39m=\u001b[32m\"animate-pulse\"\u001b[39m\n        \u001b[36m>\u001b[39m\n          \u001b[36m<div\u001b[39m\n            \u001b[33mclass\u001b[39m=\u001b[32m\"h-8 bg-gray-200 dark:bg-gray-700 rounded w-1/4 mb-6\"\u001b[39m\n          \u001b[36m/>\u001b[39m\n          \u001b[36m<div\u001b[39m\n            \u001b[33mclass\u001b[39m=\u001b[32m\"space-y-4\"\u001b[39m\n          \u001b[36m>\u001b[39m\n            \u001b[36m<div\u001b[39m\n              \u001b[33mclass\u001b[39m=\u001b[32m\"bg-white dark:bg-gray-800 rounded-lg p-6\"\u001b[39m\n            \u001b[36m>\u001b[39m\n              \u001b[36m<div\u001b[39m\n                \u001b[33mclass\u001b[39m=\u001b[32m\"h-4 bg-gray-200 dark:bg-gray-700 rounded w-3/4 mb-4\"\u001b[39m\n              \u001b[36m/>\u001b[39m\n              \u001b[36m<div\u001b[39m\n                \u001b[33mclass\u001b[39m=\u001b[32m\"h-32 bg-gray-200 dark:bg-gray-700 rounded mb-4\"\u001b[39m\n              \u001b[36m/>\u001b[39m\n              \u001b[36m<div\u001b[39m\n                \u001b[33mclass\u001b[39m=\u001b[32m\"flex space-x-4\"\u001b[39m\n              \u001b[36m>\u001b[39m\n                \u001b[36m<div\u001b[39m\n                  \u001b[33mclass\u001b[39m=\u001b[32m\"h-4 bg-gray-200 dark:bg-gray-700 rounded w-16\"\u001b[39m\n                \u001b[36m/>\u001b[39m\n                \u001b[36m<div\u001b[39m\n                  \u001b[33mclass\u001b[39m=\u001b[32m\"h-4 bg-gray-200 dark:bg-gray-700 rounded w-16\"\u001b[39m\n                \u001b[36m/>\u001b[39m\n                \u001b[36m<div\u001b[39m\n                  \u001b[33mclass\u001b[39m=\u001b[32m\"h-4 bg-gray-200 dark:bg-gray-700 rounded w-16\"\u001b[39m\n                \u001b[36m/>\u001b[39m\n              \u001b[36m</div>\u001b[39m\n            \u001b[36m</div>\u001b[39m\n            \u001b[36m<div\u001b[39m\n              \u001b[33mclass\u001b[39m=\u001b[32m\"bg-white dark:bg-gray-800 rounded-lg p-6\"\u001b[39m\n            \u001b[36m>\u001b[39m\n              \u001b[36m<div\u001b[39m\n                \u001b[33mclass\u001b[39m=\u001b[32m\"h-4 bg-gray-200 dark:bg-gray-700 rounded w-3/4 mb-4\"\u001b[39m\n              \u001b[36m/>\u001b[39m\n              \u001b[36m<div\u001b[39m\n                \u001b[33mclass\u001b[39m=\u001b[32m\"h-32 bg-gray-200 dark:bg-gray-700 rounded mb-4\"\u001b[39m\n              \u001b[36m/>\u001b[39m\n              \u001b[36m<div\u001b[39m\n                \u001b[33mclass\u001b[39m=\u001b[32m\"flex space-x-4\"\u001b[39m\n              \u001b[36m>\u001b[39m\n                \u001b[36m<div\u001b[39m\n                  \u001b[33mclass\u001b[39m=\u001b[32m\"h-4 bg-gray-200 dark:bg-gray-700 rounded w-16\"\u001b[39m\n                \u001b[36m/>\u001b[39m\n                \u001b[36m<div\u001b[39m\n                  \u001b[33mclass\u001b[39m=\u001b[32m\"h-4 bg-gray-200 dark:bg-gray-700 rounded w-16\"\u001b[39m\n                \u001b[36m/>\u001b[39m\n                \u001b[36m<div\u001b[39m\n                  \u001b[33mclass\u001b[39m=\u001b[32m\"h-4 bg-gray-200 dark:bg-gray-700 rounded w-16\"\u001b[39m\n                \u001b[36m/>\u001b[39m\n              \u001b[36m</div>\u001b[39m\n            \u001b[36m</div>\u001b[39m\n            \u001b[36m<div\u001b[39m\n              \u001b[33mclass\u001b[39m=\u001b[32m\"bg-white dark:bg-gray-800 rounded-lg p-6\"\u001b[39m\n            \u001b[36m>\u001b[39m\n              \u001b[36m<div\u001b[39m\n                \u001b[33mclass\u001b[39m=\u001b[32m\"h-4 bg-gray-200 dark:bg-gray-700 rounded w-3/4 mb-4\"\u001b[39m\n              \u001b[36m/>\u001b[39m\n              \u001b[36m<div\u001b[39m\n                \u001b[33mclass\u001b[39m=\u001b[32m\"h-32 bg-gray-200 dark:bg-gray-700 rounded mb-4\"\u001b[39m\n              \u001b[36m/>\u001b[39m\n              \u001b[36m<div\u001b[39m\n                \u001b[33mclass\u001b[39m=\u001b[32m\"flex space-x-4\"\u001b[39m\n              \u001b[36m>\u001b[39m\n                \u001b[36m<div\u001b[39m\n                  \u001b[33mclass\u001b[39m=\u001b[32m\"h-4 bg-gray-200 dark:bg-gray-700 rounded w-16\"\u001b[39m\n                \u001b[36m/>\u001b[39m\n                \u001b[36m<div\u001b[39m\n                  \u001b[33mclass\u001b[39m=\u001b[32m\"h-4 bg-gray-200 dark:bg-gray-700 rounded w-16\"\u001b[39m\n                \u001b[36m/>\u001b[39m\n                \u001b[36m<div\u001b[39m\n                  \u001b[33mclass\u001b[39m=\u001b[32m\"h-4 bg-gray-200 dark:bg-gray-700 rounded w-16\"\u001b[39m\n                \u001b[36m/>\u001b[39m\n              \u001b[36m</div>\u001b[39m\n            \u001b[36m</div>\u001b[39m\n          \u001b[36m</div>\u001b[39m\n        \u001b[36m</div>\u001b[39m\n      \u001b[36m</div>\u001b[39m\n    \u001b[36m</div>\u001b[39m\n  \u001b[36m</div>\u001b[39m\n\u001b[36m</body>\u001b[39m\n    at Object.getElementError (/home/runner/work/ytmain-v6/ytmain-v6/node_modules/@testing-library/dom/dist/config.js:37:19)\n    at /home/runner/work/ytmain-v6/ytmain-v6/node_modules/@testing-library/dom/dist/query-helpers.js:76:38\n    at /home/runner/work/ytmain-v6/ytmain-v6/node_modules/@testing-library/dom/dist/query-helpers.js:52:17\n    at /home/runner/work/ytmain-v6/ytmain-v6/node_modules/@testing-library/dom/dist/query-helpers.js:95:19\n    at /home/runner/work/ytmain-v6/ytmain-v6/test/integration/CommunityPage.test.tsx:72:19\n    at file:///home/runner/work/ytmain-v6/ytmain-v6/node_modules/@vitest/runner/dist/chunk-hooks.js:155:11\n    at file:///home/runner/work/ytmain-v6/ytmain-v6/node_modules/@vitest/runner/dist/chunk-hooks.js:752:26\n    at file:///home/runner/work/ytmain-v6/ytmain-v6/node_modules/@vitest/runner/dist/chunk-hooks.js:1897:20\n    at new Promise (<anonymous>)\n    at runWithTimeout (file:///home/runner/work/ytmain-v6/ytmain-v6/node_modules/@vitest/runner/dist/chunk-hooks.js:1863:10)"],"location":{"line":69,"column":3},"meta":{}},{"ancestorTitles":["CommunityPage"],"fullName":"CommunityPage shows create post form","status":"failed","title":"shows create post form","duration":40.80928800000038,"failureMessages":["TestingLibraryElementError: Unable to find an element with the placeholder text of: /what's on your mind/i\n\nIgnored nodes: comments, script, style\n\u001b[36m<body>\u001b[39m\n  \u001b[36m<div>\u001b[39m\n    \u001b[36m<div\u001b[39m\n      \u001b[33mclass\u001b[39m=\u001b[32m\"min-h-screen bg-gray-50 dark:bg-gray-900 p-6\"\u001b[39m\n    \u001b[36m>\u001b[39m\n      \u001b[36m<div\u001b[39m\n        \u001b[33mclass\u001b[39m=\u001b[32m\"max-w-4xl mx-auto\"\u001b[39m\n      \u001b[36m>\u001b[39m\n        \u001b[36m<div\u001b[39m\n          \u001b[33mclass\u001b[39m=\u001b[32m\"animate-pulse\"\u001b[39m\n        \u001b[36m>\u001b[39m\n          \u001b[36m<div\u001b[39m\n            \u001b[33mclass\u001b[39m=\u001b[32m\"h-8 bg-gray-200 dark:bg-gray-700 rounded w-1/4 mb-6\"\u001b[39m\n          \u001b[36m/>\u001b[39m\n          \u001b[36m<div\u001b[39m\n            \u001b[33mclass\u001b[39m=\u001b[32m\"space-y-4\"\u001b[39m\n          \u001b[36m>\u001b[39m\n            \u001b[36m<div\u001b[39m\n              \u001b[33mclass\u001b[39m=\u001b[32m\"bg-white dark:bg-gray-800 rounded-lg p-6\"\u001b[39m\n            \u001b[36m>\u001b[39m\n              \u001b[36m<div\u001b[39m\n                \u001b[33mclass\u001b[39m=\u001b[32m\"h-4 bg-gray-200 dark:bg-gray-700 rounded w-3/4 mb-4\"\u001b[39m\n              \u001b[36m/>\u001b[39m\n              \u001b[36m<div\u001b[39m\n                \u001b[33mclass\u001b[39m=\u001b[32m\"h-32 bg-gray-200 dark:bg-gray-700 rounded mb-4\"\u001b[39m\n              \u001b[36m/>\u001b[39m\n              \u001b[36m<div\u001b[39m\n                \u001b[33mclass\u001b[39m=\u001b[32m\"flex space-x-4\"\u001b[39m\n              \u001b[36m>\u001b[39m\n                \u001b[36m<div\u001b[39m\n                  \u001b[33mclass\u001b[39m=\u001b[32m\"h-4 bg-gray-200 dark:bg-gray-700 rounded w-16\"\u001b[39m\n                \u001b[36m/>\u001b[39m\n                \u001b[36m<div\u001b[39m\n                  \u001b[33mclass\u001b[39m=\u001b[32m\"h-4 bg-gray-200 dark:bg-gray-700 rounded w-16\"\u001b[39m\n                \u001b[36m/>\u001b[39m\n                \u001b[36m<div\u001b[39m\n                  \u001b[33mclass\u001b[39m=\u001b[32m\"h-4 bg-gray-200 dark:bg-gray-700 rounded w-16\"\u001b[39m\n                \u001b[36m/>\u001b[39m\n              \u001b[36m</div>\u001b[39m\n            \u001b[36m</div>\u001b[39m\n            \u001b[36m<div\u001b[39m\n              \u001b[33mclass\u001b[39m=\u001b[32m\"bg-white dark:bg-gray-800 rounded-lg p-6\"\u001b[39m\n            \u001b[36m>\u001b[39m\n              \u001b[36m<div\u001b[39m\n                \u001b[33mclass\u001b[39m=\u001b[32m\"h-4 bg-gray-200 dark:bg-gray-700 rounded w-3/4 mb-4\"\u001b[39m\n              \u001b[36m/>\u001b[39m\n              \u001b[36m<div\u001b[39m\n                \u001b[33mclass\u001b[39m=\u001b[32m\"h-32 bg-gray-200 dark:bg-gray-700 rounded mb-4\"\u001b[39m\n              \u001b[36m/>\u001b[39m\n              \u001b[36m<div\u001b[39m\n                \u001b[33mclass\u001b[39m=\u001b[32m\"flex space-x-4\"\u001b[39m\n              \u001b[36m>\u001b[39m\n                \u001b[36m<div\u001b[39m\n                  \u001b[33mclass\u001b[39m=\u001b[32m\"h-4 bg-gray-200 dark:bg-gray-700 rounded w-16\"\u001b[39m\n                \u001b[36m/>\u001b[39m\n                \u001b[36m<div\u001b[39m\n                  \u001b[33mclass\u001b[39m=\u001b[32m\"h-4 bg-gray-200 dark:bg-gray-700 rounded w-16\"\u001b[39m\n                \u001b[36m/>\u001b[39m\n                \u001b[36m<div\u001b[39m\n                  \u001b[33mclass\u001b[39m=\u001b[32m\"h-4 bg-gray-200 dark:bg-gray-700 rounded w-16\"\u001b[39m\n                \u001b[36m/>\u001b[39m\n              \u001b[36m</div>\u001b[39m\n            \u001b[36m</div>\u001b[39m\n            \u001b[36m<div\u001b[39m\n              \u001b[33mclass\u001b[39m=\u001b[32m\"bg-white dark:bg-gray-800 rounded-lg p-6\"\u001b[39m\n            \u001b[36m>\u001b[39m\n              \u001b[36m<div\u001b[39m\n                \u001b[33mclass\u001b[39m=\u001b[32m\"h-4 bg-gray-200 dark:bg-gray-700 rounded w-3/4 mb-4\"\u001b[39m\n              \u001b[36m/>\u001b[39m\n              \u001b[36m<div\u001b[39m\n                \u001b[33mclass\u001b[39m=\u001b[32m\"h-32 bg-gray-200 dark:bg-gray-700 rounded mb-4\"\u001b[39m\n              \u001b[36m/>\u001b[39m\n              \u001b[36m<div\u001b[39m\n                \u001b[33mclass\u001b[39m=\u001b[32m\"flex space-x-4\"\u001b[39m\n              \u001b[36m>\u001b[39m\n                \u001b[36m<div\u001b[39m\n                  \u001b[33mclass\u001b[39m=\u001b[32m\"h-4 bg-gray-200 dark:bg-gray-700 rounded w-16\"\u001b[39m\n                \u001b[36m/>\u001b[39m\n                \u001b[36m<div\u001b[39m\n                  \u001b[33mclass\u001b[39m=\u001b[32m\"h-4 bg-gray-200 dark:bg-gray-700 rounded w-16\"\u001b[39m\n                \u001b[36m/>\u001b[39m\n                \u001b[36m<div\u001b[39m\n                  \u001b[33mclass\u001b[39m=\u001b[32m\"h-4 bg-gray-200 dark:bg-gray-700 rounded w-16\"\u001b[39m\n                \u001b[36m/>\u001b[39m\n              \u001b[36m</div>\u001b[39m\n            \u001b[36m</div>\u001b[39m\n          \u001b[36m</div>\u001b[39m\n        \u001b[36m</div>\u001b[39m\n      \u001b[36m</div>\u001b[39m\n    \u001b[36m</div>\u001b[39m\n  \u001b[36m</div>\u001b[39m\n\u001b[36m</body>\u001b[39m\n    at Object.getElementError (/home/runner/work/ytmain-v6/ytmain-v6/node_modules/@testing-library/dom/dist/config.js:37:19)\n    at /home/runner/work/ytmain-v6/ytmain-v6/node_modules/@testing-library/dom/dist/query-helpers.js:76:38\n    at /home/runner/work/ytmain-v6/ytmain-v6/node_modules/@testing-library/dom/dist/query-helpers.js:52:17\n    at /home/runner/work/ytmain-v6/ytmain-v6/node_modules/@testing-library/dom/dist/query-helpers.js:95:19\n    at /home/runner/work/ytmain-v6/ytmain-v6/test/integration/CommunityPage.test.tsx:81:19\n    at file:///home/runner/work/ytmain-v6/ytmain-v6/node_modules/@vitest/runner/dist/chunk-hooks.js:155:11\n    at file:///home/runner/work/ytmain-v6/ytmain-v6/node_modules/@vitest/runner/dist/chunk-hooks.js:752:26\n    at file:///home/runner/work/ytmain-v6/ytmain-v6/node_modules/@vitest/runner/dist/chunk-hooks.js:1897:20\n    at new Promise (<anonymous>)\n    at runWithTimeout (file:///home/runner/work/ytmain-v6/ytmain-v6/node_modules/@vitest/runner/dist/chunk-hooks.js:1863:10)","TestingLibraryElementError: Unable to find an element with the placeholder text of: /what's on your mind/i\n\nIgnored nodes: comments, script, style\n\u001b[36m<body>\u001b[39m\n  \u001b[36m<div>\u001b[39m\n    \u001b[36m<div\u001b[39m\n      \u001b[33mclass\u001b[39m=\u001b[32m\"min-h-screen bg-gray-50 dark:bg-gray-900 p-6\"\u001b[39m\n    \u001b[36m>\u001b[39m\n      \u001b[36m<div\u001b[39m\n        \u001b[33mclass\u001b[39m=\u001b[32m\"max-w-4xl mx-auto\"\u001b[39m\n      \u001b[36m>\u001b[39m\n        \u001b[36m<div\u001b[39m\n          \u001b[33mclass\u001b[39m=\u001b[32m\"animate-pulse\"\u001b[39m\n        \u001b[36m>\u001b[39m\n          \u001b[36m<div\u001b[39m\n            \u001b[33mclass\u001b[39m=\u001b[32m\"h-8 bg-gray-200 dark:bg-gray-700 rounded w-1/4 mb-6\"\u001b[39m\n          \u001b[36m/>\u001b[39m\n          \u001b[36m<div\u001b[39m\n            \u001b[33mclass\u001b[39m=\u001b[32m\"space-y-4\"\u001b[39m\n          \u001b[36m>\u001b[39m\n            \u001b[36m<div\u001b[39m\n              \u001b[33mclass\u001b[39m=\u001b[32m\"bg-white dark:bg-gray-800 rounded-lg p-6\"\u001b[39m\n            \u001b[36m>\u001b[39m\n              \u001b[36m<div\u001b[39m\n                \u001b[33mclass\u001b[39m=\u001b[32m\"h-4 bg-gray-200 dark:bg-gray-700 rounded w-3/4 mb-4\"\u001b[39m\n              \u001b[36m/>\u001b[39m\n              \u001b[36m<div\u001b[39m\n                \u001b[33mclass\u001b[39m=\u001b[32m\"h-32 bg-gray-200 dark:bg-gray-700 rounded mb-4\"\u001b[39m\n              \u001b[36m/>\u001b[39m\n              \u001b[36m<div\u001b[39m\n                \u001b[33mclass\u001b[39m=\u001b[32m\"flex space-x-4\"\u001b[39m\n              \u001b[36m>\u001b[39m\n                \u001b[36m<div\u001b[39m\n                  \u001b[33mclass\u001b[39m=\u001b[32m\"h-4 bg-gray-200 dark:bg-gray-700 rounded w-16\"\u001b[39m\n                \u001b[36m/>\u001b[39m\n                \u001b[36m<div\u001b[39m\n                  \u001b[33mclass\u001b[39m=\u001b[32m\"h-4 bg-gray-200 dark:bg-gray-700 rounded w-16\"\u001b[39m\n                \u001b[36m/>\u001b[39m\n                \u001b[36m<div\u001b[39m\n                  \u001b[33mclass\u001b[39m=\u001b[32m\"h-4 bg-gray-200 dark:bg-gray-700 rounded w-16\"\u001b[39m\n                \u001b[36m/>\u001b[39m\n              \u001b[36m</div>\u001b[39m\n            \u001b[36m</div>\u001b[39m\n            \u001b[36m<div\u001b[39m\n              \u001b[33mclass\u001b[39m=\u001b[32m\"bg-white dark:bg-gray-800 rounded-lg p-6\"\u001b[39m\n            \u001b[36m>\u001b[39m\n              \u001b[36m<div\u001b[39m\n                \u001b[
[...]
pected \"getVideos\" to be called at least once\n    at Proxy.<anonymous> (file:///home/runner/work/ytmain-v6/ytmain-v6/node_modules/@vitest/expect/dist/index.js:1335:10)\n    at Proxy.<anonymous> (file:///home/runner/work/ytmain-v6/ytmain-v6/node_modules/@vitest/expect/dist/index.js:1029:14)\n    at Proxy.methodWrapper (file:///home/runner/work/ytmain-v6/ytmain-v6/node_modules/chai/chai.js:1618:25)\n    at /home/runner/work/ytmain-v6/ytmain-v6/test/services/unifiedDataService.test.ts:188:48\n    at file:///home/runner/work/ytmain-v6/ytmain-v6/node_modules/@vitest/runner/dist/chunk-hooks.js:752:20","AssertionError: expected \"getVideos\" to be called at least once\n    at Proxy.<anonymous> (file:///home/runner/work/ytmain-v6/ytmain-v6/node_modules/@vitest/expect/dist/index.js:1335:10)\n    at Proxy.<anonymous> (file:///home/runner/work/ytmain-v6/ytmain-v6/node_modules/@vitest/expect/dist/index.js:1029:14)\n    at Proxy.methodWrapper (file:///home/runner/work/ytmain-v6/ytmain-v6/node_modules/chai/chai.js:1618:25)\n    at /home/runner/work/ytmain-v6/ytmain-v6/test/services/unifiedDataService.test.ts:188:48\n    at file:///home/runner/work/ytmain-v6/ytmain-v6/node_modules/@vitest/runner/dist/chunk-hooks.js:752:20"],"location":{"line":181,"column":5},"meta":{}},{"ancestorTitles":["UnifiedDataService","searchVideos"],"fullName":"UnifiedDataService searchVideos should apply filters to search results","status":"passed","title":"should apply filters to search results","duration":0.927850999999464,"failureMessages":[],"location":{"line":192,"column":5},"meta":{}},{"ancestorTitles":["UnifiedDataService","searchVideos"],"fullName":"UnifiedDataService searchVideos should handle search errors gracefully","status":"passed","title":"should handle search errors gracefully","duration":0.981963000000178,"failureMessages":[],"location":{"line":204,"column":5},"meta":{}},{"ancestorTitles":["UnifiedDataService","getVideoById"],"fullName":"UnifiedDataService getVideoById should fetch video from local source first","status":"failed","title":"should fetch video from local source first","duration":4.949888000000101,"failureMessages":["AssertionError: expected \"getVideoById\" to be called with arguments: [ 'test-video' ]\u001b[90m\n\nNumber of calls: \u001b[1m0\u001b[22m\n\u001b[39m\n    at Proxy.<anonymous> (file:///home/runner/work/ytmain-v6/ytmain-v6/node_modules/@vitest/expect/dist/index.js:1355:10)\n    at Proxy.<anonymous> (file:///home/runner/work/ytmain-v6/ytmain-v6/node_modules/@vitest/expect/dist/index.js:1029:14)\n    at Proxy.methodWrapper (file:///home/runner/work/ytmain-v6/ytmain-v6/node_modules/chai/chai.js:1618:25)\n    at /home/runner/work/ytmain-v6/ytmain-v6/test/services/unifiedDataService.test.ts:225:51\n    at file:///home/runner/work/ytmain-v6/ytmain-v6/node_modules/@vitest/runner/dist/chunk-hooks.js:752:20","AssertionError: expected \"getVideoById\" to be called with arguments: [ 'test-video' ]\u001b[90m\n\nNumber of calls: \u001b[1m0\u001b[22m\n\u001b[39m\n    at Proxy.<anonymous> (file:///home/runner/work/ytmain-v6/ytmain-v6/node_modules/@vitest/expect/dist/index.js:1355:10)\n    at Proxy.<anonymous> (file:///home/runner/work/ytmain-v6/ytmain-v6/node_modules/@vitest/expect/dist/index.js:1029:14)\n    at Proxy.methodWrapper (file:///home/runner/work/ytmain-v6/ytmain-v6/node_modules/chai/chai.js:1618:25)\n    at /home/runner/work/ytmain-v6/ytmain-v6/test/services/unifiedDataService.test.ts:225:51\n    at file:///home/runner/work/ytmain-v6/ytmain-v6/node_modules/@vitest/runner/dist/chunk-hooks.js:752:20","AssertionError: expected \"getVideoById\" to be called with arguments: [ 'test-video' ]\u001b[90m\n\nNumber of calls: \u001b[1m0\u001b[22m\n\u001b[39m\n    at Proxy.<anonymous> (file:///home/runner/work/ytmain-v6/ytmain-v6/node_modules/@vitest/expect/dist/index.js:1355:10)\n    at Proxy.<anonymous> (file:///home/runner/work/ytmain-v6/ytmain-v6/node_modules/@vitest/expect/dist/index.js:1029:14)\n    at Proxy.methodWrapper (file:///home/runner/work/ytmain-v6/ytmain-v6/node_modules/chai/chai.js:1618:25)\n    at /home/runner/work/ytmain-v6/ytmain-v6/test/services/unifiedDataService.test.ts:225:51\n    at file:///home/runner/work/ytmain-v6/ytmain-v6/node_modules/@vitest/runner/dist/chunk-hooks.js:752:20"],"location":{"line":222,"column":5},"meta":{}},{"ancestorTitles":["UnifiedDataService","getVideoById"],"fullName":"UnifiedDataService getVideoById should fallback to YouTube if local video not found","status":"failed","title":"should fallback to YouTube if local video not found","duration":4.064274000000296,"failureMessages":["AssertionError: expected \"getVideoById\" to be called with arguments: [ 'test-video' ]\u001b[90m\n\nNumber of calls: \u001b[1m0\u001b[22m\n\u001b[39m\n    at Proxy.<anonymous> (file:///home/runner/work/ytmain-v6/ytmain-v6/node_modules/@vitest/expect/dist/index.js:1355:10)\n    at Proxy.<anonymous> (file:///home/runner/work/ytmain-v6/ytmain-v6/node_modules/@vitest/expect/dist/index.js:1029:14)\n    at Proxy.methodWrapper (file:///home/runner/work/ytmain-v6/ytmain-v6/node_modules/chai/chai.js:1618:25)\n    at /home/runner/work/ytmain-v6/ytmain-v6/test/services/unifiedDataService.test.ts:236:51\n    at file:///home/runner/work/ytmain-v6/ytmain-v6/node_modules/@vitest/runner/dist/chunk-hooks.js:752:20","AssertionError: expected \"getVideoById\" to be called with arguments: [ 'test-video' ]\u001b[90m\n\nNumber of calls: \u001b[1m0\u001b[22m\n\u001b[39m\n    at Proxy.<anonymous> (file:///home/runner/work/ytmain-v6/ytmain-v6/node_modules/@vitest/expect/dist/index.js:1355:10)\n    at Proxy.<anonymous> (file:///home/runner/work/ytmain-v6/ytmain-v6/node_modules/@vitest/expect/dist/index.js:1029:14)\n    at Proxy.methodWrapper (file:///home/runner/work/ytmain-v6/ytmain-v6/node_modules/chai/chai.js:1618:25)\n    at /home/runner/work/ytmain-v6/ytmain-v6/test/services/unifiedDataService.test.ts:236:51\n    at file:///home/runner/work/ytmain-v6/ytmain-v6/node_modules/@vitest/runner/dist/chunk-hooks.js:752:20","AssertionError: expected \"getVideoById\" to be called with arguments: [ 'test-video' ]\u001b[90m\n\nNumber of calls: \u001b[1m0\u001b[22m\n\u001b[39m\n    at Proxy.<anonymous> (file:///home/runner/work/ytmain-v6/ytmain-v6/node_modules/@vitest/expect/dist/index.js:1355:10)\n    at Proxy.<anonymous> (file:///home/runner/work/ytmain-v6/ytmain-v6/node_modules/@vitest/expect/dist/index.js:1029:14)\n    at Proxy.methodWrapper (file:///home/runner/work/ytmain-v6/ytmain-v6/node_modules/chai/chai.js:1618:25)\n    at /home/runner/work/ytmain-v6/ytmain-v6/test/services/unifiedDataService.test.ts:236:51\n    at file:///home/runner/work/ytmain-v6/ytmain-v6/node_modules/@vitest/runner/dist/chunk-hooks.js:752:20"],"location":{"line":229,"column":5},"meta":{}},{"ancestorTitles":["UnifiedDataService","getVideoById"],"fullName":"UnifiedDataService getVideoById should return null if video not found in any source","status":"passed","title":"should return null if video not found in any source","duration":0.8941989999993893,"failureMessages":[],"location":{"line":241,"column":5},"meta":{}},{"ancestorTitles":["UnifiedDataService","getVideoById"],"fullName":"UnifiedDataService getVideoById should handle errors gracefully","status":"passed","title":"should handle errors gracefully","duration":0.4655800000000454,"failureMessages":[],"location":{"line":250,"column":5},"meta":{}},{"ancestorTitles":["UnifiedDataService","getVideoById"],"fullName":"UnifiedDataService getVideoById should use caching for repeated requests","status":"failed","title":"should use caching for repeated requests","duration":4.015112999999474,"failureMessages":["AssertionError: expected \"getVideoById\" to be called 1 times, but got 0 times\n    at /home/runner/work/ytmain-v6/ytmain-v6/test/services/unifiedDataService.test.ts:262:51\n    at file:///home/runner/work/ytmain-v6/ytmain-v6/node_modules/@vitest/runner/dist/chunk-hooks.js:752:20","AssertionError: expected \"getVideoById\" to be called 1 times, but got 0 times\n    at /home/runner/work/ytmain-v6/ytmain-v6/test/services/unifiedDataService.test.ts:262:51\n    at file:///home/runner/work/ytmain-v6/ytmain-v6/node_modules/@vitest/runner/dist/chunk-hooks.js:752:20","AssertionError: expected \"getVideoById\" to be called 1 times, but got 0 times\n    at /home/runner/work/ytmain-v6/ytmain-v6/test/services/unifiedDataService.test.ts:262:51\n    at file:///home/runner/work/ytmain-v6/ytmain-v6/node_modules/@vitest/runner/dist/chunk-hooks.js:752:20"],"location":{"line":259,"column":5},"meta":{}},{"ancestorTitles":["UnifiedDataService","getChannelById"],"fullName":"UnifiedDataService getChannelById should fetch channel from local source first","status":"failed","title":"should fetch channel from local source first","duration":1.8373490000003585,"failureMessages":["AssertionError: expected \"getChannelById\" to be called with arguments: [ 'test-channel' ]\u001b[90m\n\nNumber of calls: \u001b[1m0\u001b[22m\n\u001b[39m\n    at Proxy.<anonymous> (file:///home/runner/work/ytmain-v6/ytmain-v6/node_modules/@vitest/expect/dist/index.js:1355:10)\n    at Proxy.<anonymous> (file:///home/runner/work/ytmain-v6/ytmain-v6/node_modules/@vitest/expect/dist/index.js:1029:14)\n    at Proxy.methodWrapper (file:///home/runner/work/ytmain-v6/ytmain-v6/node_modules/chai/chai.js:1618:25)\n    at /home/runner/work/ytmain-v6/ytmain-v6/test/services/unifiedDataService.test.ts:282:53\n    at file:///home/runner/work/ytmain-v6/ytmain-v6/node_modules/@vitest/runner/dist/chunk-hooks.js:752:20","AssertionError: expected \"getChannelById\" to be called with arguments: [ 'test-channel' ]\u001b[90m\n\nNumber of calls: \u001b[1m0\u001b[22m\n\u001b[39m\n    at Proxy.<anonymous> (file:///home/runner/work/ytmain-v6/ytmain-v6/node_modules/@vitest/expect/dist/index.js:1355:10)\n    at Proxy.<anonymous> (file:///home/runner/work/ytmain-v6/ytmain-v6/node_modules/@vitest/expect/dist/index.js:1029:14)\n    at Proxy.methodWrapper (file:///home/runner/work/ytmain-v6/ytmain-v6/node_modules/chai/chai.js:1618:25)\n    at /home/runner/work/ytmain-v6/ytmain-v6/test/services/unifiedDataService.test.ts:282:53\n    at file:///home/runner/work/ytmain-v6/ytmain-v6/node_modules/@vitest/runner/dist/chunk-hooks.js:752:20","AssertionError: expected \"getChannelById\" to be called with arguments: [ 'test-channel' ]\u001b[90m\n\nNumber of calls: \u001b[1m0\u001b[22m\n\u001b[39m\n    at Proxy.<anonymous> (file:///home/runner/work/ytmain-v6/ytmain-v6/node_modules/@vitest/expect/dist/index.js:1355:10)\n    at Proxy.<anonymous> (file:///home/runner/work/ytmain-v6/ytmain-v6/node_modules/@vitest/expect/dist/index.js:1029:14)\n    at Proxy.methodWrapper (file:///home/runner/work/ytmain-v6/ytmain-v6/node_modules/chai/chai.js:1618:25)\n    at /home/runner/work/ytmain-v6/ytmain-v6/test/services/unifiedDataService.test.ts:282:53\n    at file:///home/runner/work/ytmain-v6/ytmain-v6/node_modules/@vitest/runner/dist/chunk-hooks.js:752:20"],"location":{"line":279,"column":5},"meta":{}},{"ancestorTitles":["UnifiedDataService","getChannelById"],"fullName":"UnifiedDataService getChannelById should fallback to YouTube if local channel not found","status":"failed","title":"should fallback to YouTube if local channel not found","duration":3.357455999999729,"failureMessages":["AssertionError: expected \"getChannelById\" to be called with arguments: [ 'test-channel' ]\u001b[90m\n\nNumber of calls: \u001b[1m0\u001b[22m\n\u001b[39m\n    at Proxy.<anonymous> (file:///home/runner/work/ytmain-v6/ytmain-v6/node_modules/@vitest/expect/dist/index.js:1355:10)\n    at Proxy.<anonymous> (file:///home/runner/work/ytmain-v6/ytmain-v6/node_modules/@vitest/expect/dist/index.js:1029:14)\n    at Proxy.methodWrapper (file:///home/runner/work/ytmain-v6/ytmain-v6/node_modules/chai/chai.js:1618:25)\n    at /home/runner/work/ytmain-v6/ytmain-v6/test/services/unifiedDataService.test.ts:293:53\n    at file:///home/runner/work/ytmain-v6/ytmain-v6/node_modules/@vitest/runner/dist/chunk-hooks.js:752:20","AssertionError: expected \"getChannelById\" to be called with arguments: [ 'test-channel' ]\u001b[90m\n\nNumber of calls: \u001b[1m0\u001b[22m\n\u001b[39m\n    at Proxy.<anonymous> (file:///home/runner/work/ytmain-v6/ytmain-v6/node_modules/@vitest/expect/dist/index.js:1355:10)\n    at Proxy.<anonymous> (file:///home/runner/work/ytmain-v6/ytmain-v6/node_modules/@vitest/expect/dist/index.js:1029:14)\n    at Proxy.methodWrapper (file:///home/runner/work/ytmain-v6/ytmain-v6/node_modules/chai/chai.js:1618:25)\n    at /home/runner/work/ytmain-v6/ytmain-v6/test/services/unifiedDataService.test.ts:293:53\n    at file:///home/runner/work/ytmain-v6/ytmain-v6/node_modules/@vitest/runner/dist/chunk-hooks.js:752:20","AssertionError: expected \"getChannelById\" to be called with arguments: [ 'test-channel' ]\u001b[90m\n\nNumber of calls: \u001b[1m0\u001b[22m\n\u001b[39m\n    at Proxy.<anonymous> (file:///home/runner/work/ytmain-v6/ytmain-v6/node_modules/@vitest/expect/dist/index.js:1355:10)\n    at Proxy.<anonymous> (file:///home/runner/work/ytmain-v6/ytmain-v6/node_modules/@vitest/expect/dist/index.js:1029:14)\n    at Proxy.methodWrapper (file:///home/runner/work/ytmain-v6/ytmain-v6/node_modules/chai/chai.js:1618:25)\n    at /home/runner/work/ytmain-v6/ytmain-v6/test/services/unifiedDataService.test.ts:293:53\n    at file:///home/runner/work/ytmain-v6/ytmain-v6/node_modules/@vitest/runner/dist/chunk-hooks.js:752:20"],"location":{"line":286,"column":5},"meta":{}},{"ancestorTitles":["UnifiedDataService","getChannelById"],"fullName":"UnifiedDataService getChannelById should return null if channel not found in any source","status":"passed","title":"should return null if channel not found in any source","duration":0.27985199999966426,"failureMessages":[],"location":{"line":298,"column":5},"meta":{}},{"ancestorTitles":["UnifiedDataService","getShortsVideos"],"fullName":"UnifiedDataService getShortsVideos should delegate to getTrendingVideos with shorts filter","status":"passed","title":"should delegate to getTrendingVideos with shorts filter","duration":3.300318999999945,"failureMessages":[],"location":{"line":309,"column":5},"meta":{}},{"ancestorTitles":["UnifiedDataService","Video Mixing Strategies"],"fullName":"UnifiedDataService Video Mixing Strategies should mix videos using round-robin strategy","status":"passed","title":"should mix videos using round-robin strategy","duration":0.9640589999999065,"failureMessages":[],"location":{"line":329,"column":5},"meta":{}},{"ancestorTitles":["UnifiedDataService","Video Mixing Strategies"],"fullName":"UnifiedDataService Video Mixing Strategies should mix videos using source-priority strategy","status":"passed","title":"should mix videos using source-priority strategy","duration":2.540020999999797,"failureMessages":[],"location":{"line":342,"column":5},"meta":{}},{"ancestorTitles":["UnifiedDataService","Video Mixing Strategies"],"fullName":"UnifiedDataService Video Mixing Strategies should mix videos using relevance strategy","status":"passed","title":"should mix videos using relevance strategy","duration":0.4209449999998469,"failureMessages":[],"location":{"line":359,"column":5},"meta":{}},{"ancestorTitles":["UnifiedDataService","Cache Management"],"fullName":"UnifiedDataService Cache Management should clear all cache","status":"passed","title":"should clear all cache","duration":2.4007700000001932,"failureMessages":[],"location":{"line":381,"column":5},"meta":{}},{"ancestorTitles":["UnifiedDataService","Cache Management"],"fullName":"UnifiedDataService Cache Management should clear cache by pattern","status":"passed","title":"should clear cache by pattern","duration":0.25378399999954127,"failureMessages":[],"location":{"line":390,"column":5},"meta":{}},{"ancestorTitles":["UnifiedDataService","Cache Management"],"fullName":"UnifiedDataService Cache Management should respect cache TTL","status":"failed","title":"should respect cache TTL","duration":9.959777000000031,"failureMessages":["AssertionError: expected null to deeply equal { data: 'test' }\n    at /home/runner/work/ytmain-v6/ytmain-v6/test/services/unifiedDataService.test.ts:409:58\n    at file:///home/runner/work/ytmain-v6/ytmain-v6/node_modules/@vitest/runner/dist/chunk-hooks.js:155:11\n    at file:///home/runner/work/ytmain-v6/ytmain-v6/node_modules/@vitest/runner/dist/chunk-hooks.js:752:26\n    at file:///home/runner/work/ytmain-v6/ytmain-v6/node_modules/@vitest/runner/dist/chunk-hooks.js:1897:20\n    at new Promise (<anonymous>)\n    at runWithTimeout (file:///home/runner/work/ytmain-v6/ytmain-v6/node_modules/@vitest/runner/dist/chunk-hooks.js:1863:10)\n    at runTest (file:///home/runner/work/ytmain-v6/ytmain-v6/node_modules/@vitest/runner/dist/chunk-hooks.js:1574:12)\n    at runSuite (file:///home/runner/work/ytmain-v6/ytmain-v6/node_modules/@vitest/runner/dist/chunk-hooks.js:1729:8)\n    at runSuite (file:///home/runner/work/ytmain-v6/ytmain-v6/node_modules/@vitest/runner/dist/chunk-hooks.js:1729:8)\n    at runSuite (file:///home/runner/work/ytmain-v6/ytmain-v6/node_modules/@vitest/runner/dist/chunk-hooks.js:1729:8)","AssertionError: expected null to deeply equal { data: 'test' }\n    at /home/runner/work/ytmain-v6/ytmain-v6/test/services/unifiedDataService.test.ts:409:58\n    at file:///home/runner/work/ytmain-v6/ytmain-v6/node_modules/@vitest/runner/dist/chunk-hooks.js:155:11\n    at file:///home/runner/work/ytmain-v6/ytmain-v6/node_modules/@vitest/runner/dist/chunk-hooks.js:752:26\n    at file:///home/runner/work/ytmain-v6/ytmain-v6/node_modules/@vitest/runner/dist/chunk-hooks.js:1897:20\n    at new Promise (<anonymous>)\n    at runWithTimeout (file:///home/runner/work/ytmain-v6/ytmain-v6/node_modules/@vitest/runner/dist/chunk-hooks.js:1863:10)\n    at runTest (file:///home/runner/work/ytmain-v6/ytmain-v6/node_modules/@vitest/runner/dist/chunk-hooks.js:1574:12)\n    at runSuite (file:///home/runner/work/ytmain-v6/ytmain-v6/node_modules/@vitest/runner/dist/chunk-hooks.js:1729:8)\n    at runSuite (file:///home/runner/work/ytmain-v6/ytmain-v6/node_modules/@vitest/runner/dist/chunk-hooks.js:1729:8)\n    at runSuite (file:///home/runner/work/ytmain-v6/ytmain-v6/node_modules/@vitest/runner/dist/chunk-hooks.js:1729:8)","AssertionError: expected null to deeply equal { data: 'test' }\n    at /home/runner/work/ytmain-v6/ytmain-v6/test/services/unifiedDataService.test.ts:409:58\n    at file:///home/runner/work/ytmain-v6/ytmain-v6/node_modules/@vitest/runner/dist/chunk-hooks.js:155:11\n    at file:///home/runner/work/ytmain-v6/ytmain-v6/node_modules/@vitest/runner/dist/chunk-hooks.js:752:26\n    at file:///home/runner/work/ytmain-v6/ytmain-v6/node_modules/@vitest/runner/dist/chunk-hooks.js:1897:20\n    at new Promise (<anonymous>)\n    at runWithTimeout (file:///home/runner/work/ytmain-v6/ytmain-v6/node_modules/@vitest/runner/dist/chunk-hooks.js:1863:10)\n    at runTest (file:///home/runner/work/ytmain-v6/ytmain-v6/node_modules/@vitest/runner/dist/chunk-hooks.js:1574:12)\n    at runSuite (file:///home/runner/work/ytmain-v6/ytmain-v6/node_modules/@vitest/runner/dist/chunk-hooks.js:1729:8)\n    at runSuite (file:///home/runner/work/ytmain-v6/ytmain-v6/node_modules/@vitest/runner/dist/chunk-hooks.js:1729:8)\n    at runSuite (file:///home/runner/work/ytmain-v6/ytmain-v6/node_modules/@vitest/runner/dist/chunk-hooks.js:1729:8)"],"location":{"line":403,"column":5},"meta":{}}],"startTime":1754316435648,"endTime":1754316435753.9597,"status":"failed","message":"","name":"/home/runner/work/ytmain-v6/ytmain-v6/test/services/unifiedDataService.test.ts"},{"assertionResults":[],"startTime":1754316431503,"endTime":1754316431503,"status":"failed","message":"[vitest] No \"CONSTANTS\" export is defined on the \"../../src/lib/constants\" mock. Did you forget to return it from \"vi.mock\"?\nIf you need to partially mock a module, you can use \"importOriginal\" helper inside:\n","name":"/home/runner/work/ytmain-v6/ytmain-v6/test/services/youtubeService.test.ts"}]}