{"numTotalTestSuites":51,"numPassedTestSuites":27,"numFailedTestSuites":23,"numPendingTestSuites":1,"numTotalTests":114,"numPassedTests":50,"numFailedTests":45,"numPendingTests":0,"numTodoTests":0,"snapshot":{"added":0,"failure":false,"filesAdded":0,"filesRemoved":0,"filesRemovedList":[],"filesUnmatched":0,"filesUpdated":0,"matched":0,"total":0,"unchecked":0,"uncheckedKeysByFile":[],"unmatched":0,"updated":0,"didUpdate":false},"startTime":1753806947998,"success":false,"testResults":[{"assertionResults":[{"ancestorTitles":["ErrorBoundary"],"fullName":"ErrorBoundary renders children when there is no error","status":"passed","title":"renders children when there is no error","duration":82.93650000001071,"failureMessages":[],"location":{"line":25,"column":3},"meta":{}},{"ancestorTitles":["ErrorBoundary"],"fullName":"ErrorBoundary renders error UI when there is an error","status":"failed","title":"renders error UI when there is an error","duration":463.10600000002887,"failureMessages":["TestingLibraryElementError: Unable to find an accessible element with the role \"button\" and name `/reload page/i`\n\nHere are the accessible roles:\n\n  heading:\n\n  Name \"Something went wrong\":\n  \u001b[36m<h2\u001b[39m\n    \u001b[33mclass\u001b[39m=\u001b[32m\"mt-6 text-center text-3xl font-extrabold text-gray-900\"\u001b[39m\n  \u001b[36m/>\u001b[39m\n\n  --------------------------------------------------\n  button:\n\n  Name \"Try Again (3 left)\":\n  \u001b[36m<button\u001b[39m\n    \u001b[33mclass\u001b[39m=\u001b[32m\"w-full flex justify-center py-2 px-4 border border-transparent rounded-md shadow-sm text-sm font-medium text-white bg-blue-600 hover:bg-blue-700 focus:outline-none focus:ring-2 focus:ring-offset-2 focus:ring-blue-500\"\u001b[39m\n  \u001b[36m/>\u001b[39m\n\n  Name \"Refresh Page\":\n  \u001b[36m<button\u001b[39m\n    \u001b[33mclass\u001b[39m=\u001b[32m\"w-full flex justify-center py-2 px-4 border border-transparent rounded-md shadow-sm text-sm font-medium text-white bg-gray-600 hover:bg-gray-700 focus:outline-none focus:ring-2 focus:ring-offset-2 focus:ring-gray-500\"\u001b[39m\n  \u001b[36m/>\u001b[39m\n\n  Name \"Go to Home\":\n  \u001b[36m<button\u001b[39m\n    \u001b[33mclass\u001b[39m=\u001b[32m\"w-full flex justify-center py-2 px-4 border border-gray-300 rounded-md shadow-sm text-sm font-medium text-gray-700 bg-white hover:bg-gray-50 focus:outline-none focus:ring-2 focus:ring-offset-2 focus:ring-blue-500\"\u001b[39m\n  \u001b[36m/>\u001b[39m\n\n  --------------------------------------------------\n\nIgnored nodes: comments, script, style\n\u001b[36m<body>\u001b[39m\n  \u001b[36m<div>\u001b[39m\n    \u001b[36m<div\u001b[39m\n      \u001b[33mclass\u001b[39m=\u001b[32m\"min-h-screen bg-gray-50 flex flex-col justify-center py-12 sm:px-6 lg:px-8\"\u001b[39m\n    \u001b[36m>\u001b[39m\n      \u001b[36m<div\u001b[39m\n        \u001b[33mclass\u001b[39m=\u001b[32m\"sm:mx-auto sm:w-full sm:max-w-md\"\u001b[39m\n      \u001b[36m>\u001b[39m\n        \u001b[36m<div\u001b[39m\n          \u001b[33mclass\u001b[39m=\u001b[32m\"flex justify-center\"\u001b[39m\n        \u001b[36m>\u001b[39m\n          \u001b[36m<svg\u001b[39m\n            \u001b[33maria-hidden\u001b[39m=\u001b[32m\"true\"\u001b[39m\n            \u001b[33mclass\u001b[39m=\u001b[32m\"h-12 w-12 text-red-500\"\u001b[39m\n            \u001b[33mdata-slot\u001b[39m=\u001b[32m\"icon\"\u001b[39m\n            \u001b[33mfill\u001b[39m=\u001b[32m\"none\"\u001b[39m\n            \u001b[33mstroke\u001b[39m=\u001b[32m\"currentColor\"\u001b[39m\n            \u001b[33mstroke-width\u001b[39m=\u001b[32m\"1.5\"\u001b[39m\n            \u001b[33mviewBox\u001b[39m=\u001b[32m\"0 0 24 24\"\u001b[39m\n            \u001b[33mxmlns\u001b[39m=\u001b[32m\"http://www.w3.org/2000/svg\"\u001b[39m\n          \u001b[36m>\u001b[39m\n            \u001b[36m<path\u001b[39m\n              \u001b[33md\u001b[39m=\u001b[32m\"M12 9v3.75m-9.303 3.376c-.866 1.5.217 3.374 1.948 3.374h14.71c1.73 0 2.813-1.874 1.948-3.374L13.949 3.378c-.866-1.5-3.032-1.5-3.898 0L2.697 16.126ZM12 15.75h.007v.008H12v-.008Z\"\u001b[39m\n              \u001b[33mstroke-linecap\u001b[39m=\u001b[32m\"round\"\u001b[39m\n              \u001b[33mstroke-linejoin\u001b[39m=\u001b[32m\"round\"\u001b[39m\n            \u001b[36m/>\u001b[39m\n          \u001b[36m</svg>\u001b[39m\n        \u001b[36m</div>\u001b[39m\n        \u001b[36m<h2\u001b[39m\n          \u001b[33mclass\u001b[39m=\u001b[32m\"mt-6 text-center text-3xl font-extrabold text-gray-900\"\u001b[39m\n        \u001b[36m>\u001b[39m\n          \u001b[0mSomething went wrong\u001b[0m\n        \u001b[36m</h2>\u001b[39m\n        \u001b[36m<p\u001b[39m\n          \u001b[33mclass\u001b[39m=\u001b[32m\"mt-2 text-center text-sm text-gray-600\"\u001b[39m\n        \u001b[36m>\u001b[39m\n          \u001b[0mWe're sorry, but something unexpected happened. We'll automatically retry in a moment.\u001b[0m\n        \u001b[36m</p>\u001b[39m\n        \u001b[36m<div\u001b[39m\n          \u001b[33mclass\u001b[39m=\u001b[32m\"mt-3 flex justify-center\"\u001b[39m\n        \u001b[36m>\u001b[39m\n          \u001b[36m<div\u001b[39m\n            \u001b[33mclass\u001b[39m=\u001b[32m\"inline-flex items-center px-3 py-1 rounded-full text-xs bg-blue-100 text-blue-800\"\u001b[39m\n          \u001b[36m>\u001b[39m\n            \u001b[0mAuto-retrying in 5 seconds...\u001b[0m\n          \u001b[36m</div>\u001b[39m\n        \u001b[36m</div>\u001b[39m\n        \u001b[36m<p\u001b[39m\n          \u001b[33mclass\u001b[39m=\u001b[32m\"mt-2 text-center text-xs text-gray-400\"\u001b[39m\n        \u001b[36m>\u001b[39m\n          \u001b[0mError ID: \u001b[0m\n          \u001b[0merror-1753807333971-bg0crdbml\u001b[0m\n        \u001b[36m</p>\u001b[39m\n      \u001b[36m</div>\u001b[39m\n      \u001b[36m<div\u001b[39m\n        \u001b[33mclass\u001b[39m=\u001b[32m\"mt-8 sm:mx-auto sm:w-full sm:max-w-md\"\u001b[39m\n      \u001b[36m>\u001b[39m\n        \u001b[36m<div\u001b[39m\n          \u001b[33mclass\u001b[39m=\u001b[32m\"bg-white py-8 px-4 shadow sm:rounded-lg sm:px-10\"\u001b[39m\n        \u001b[36m>\u001b[39m\n          \u001b[36m<div\u001b[39m\n            \u001b[33mclass\u001b[39m=\u001b[32m\"space-y-4\"\u001b[39m\n          \u001b[36m>\u001b[39m\n            \u001b[36m<button\u001b[39m\n              \u001b[33mclass\u001b[39m=\u001b[32m\"w-full flex justify-center py-2 px-4 border border-transparent rounded-md shadow-sm text-sm font-medium text-white bg-blue-600 hover:bg-blue-700 focus:outline-none focus:ring-2 focus:ring-offset-2 focus:ring-blue-500\"\u001b[39m\n            \u001b[36m>\u001b[39m\n              \u001b[0mTry Again (\u001b[0m\n              \u001b[0m3\u001b[0m\n              \u001b[0m left)\u001b[0m\n            \u001b[36m</button>\u001b[39m\n            \u001b[36m<button\u001b[39m\n              \u001b[33mclass\u001b[39m=\u001b[32m\"w-full flex justify-center py-2 px-4 border border-transparent rounded-md shadow-sm text-sm font-medium text-white bg-gray-600 hover:bg-gray-700 focus:outline-none focus:ring-2 focus:ring-offset-2 focus:ring-gray-500\"\u001b[39m\n            \u001b[36m>\u001b[39m\n              \u001b[0mRefresh Page\u001b[0m\n            \u001b[36m</button>\u001b[39m\n            \u001b[36m<button\u001b[39m\n              \u001b[33mclass\u001b[39m=\u001b[32m\"w-full flex justify-center py-2 px-4 border border-gray-300 rounded-md shadow-sm text-sm font-medium text-gray-700 bg-white hover:bg-gray-50 focus:outline-none focus:ring-2 focus:ring-offset-2 focus:ring-blue-500\"\u001b[39m\n            \u001b[36m>\u001b[39m\n              \u001b[0mGo to Home\u001b[0m\n            \u001b[36m</button>\u001b[39m\n          \u001b[36m</div>\u001b[39m\n        \u001b[36m</div>\u001b[39m\n      \u001b[36m</div>\u001b[39m\n    \u001b[36m</div>\u001b[39m\n  \u001b[36m</div>\u001b[39m\n\u001b[36m</body>\u001b[39m\n    at Object.getElementError (C:\\Users\\A\\Documents\\Git\\YT\\ytmain-v6\\node_modules\\@testing-library\\dom\\dist\\config.js:37:19)\n    at C:\\Users\\A\\Documents\\Git\\YT\\ytmain-v6\\node_modules\\@testing-library\\dom\\dist\\query-helpers.js:76:38\n    at C:\\Users\\A\\Documents\\Git\\YT\\ytmain-v6\\node_modules\\@testing-library\\dom\\dist\\query-helpers.js:52:17\n    at C:\\Users\\A\\Documents\\Git\\YT\\ytmain-v6\\node_modules\\@testing-library\\dom\\dist\\query-helpers.js:95:19\n    at C:\\Users\\A\\Documents\\Git\\YT\\ytmain-v6\\test\\components\\ErrorBoundary.test.tsx:43:19\n    at file:///C:/Users/A/Documents/Git/YT/ytmain-v6/node_modules/@vitest/runner/dist/chunk-hooks.js:155:11\n    at file:///C:/Users/A/Documents/Git/YT/ytmain-v6/node_modules/@vitest/runner/dist/chunk-hooks.js:752:26\n    at file:///C:/Users/A/Documents/Git/YT/ytmain-v6/node_modules/@vitest/runner/dist/chunk-hooks.js:1897:20\n    at new Promise (<anonymous>)\n    at runWithTimeout (file:///C:/Users/A/Documents/Git/YT/ytmain-v6/node_modules/@vitest/runner/dist/chunk-hooks.js:1863:10)","TestingLibraryElementError: Unable to find an accessible element with the role \"button\" and name `/reload page/i`\n\nHere are the accessible roles:\n\n  heading:\n\n  Name \"Something went wrong\":\n  \u001b[36m<h2\u001b[39m\n    \u001b[33mclass\u001b[39m=\u001b[32m\"mt-6 text-center text-3xl font-extrabold text-gray-900\"\u001b[39m\n  \u001b[36m/>\u001b[39m\n\n  --------------------------------------------------\n  button:\n\n  Name \"Try Again (3 left)\":\n  \u001b[36m<button\u001b[39m\n    \u001b[33mclass\u001b[39m=\u001b[32m\"w-full flex justify-center py-2 px-4 border border-transparent rounded-md shadow-sm text-sm font-medium text-white bg-blue-600 hover:bg-blue-700 focus:outline-none focus:ring-2 focus:ring-offset-2 focus:ring-blue-500\"\u001b[39m\n  \u001b[36m/>\u001b[39m\n\n  Name \"Refresh Page\":\n  \u001b[36m<button\u001b[39m\n    \u001b[33mclass\u001b[39m=\u001b[32m\"w-full flex justify-center py-2 px-4 border border-transparent rounded-md shadow-sm text-sm font-medium text-white bg-gray-600 hover:bg-gray-700 focus:outline-none focus:ring-2 focus:ring-offset-2 focus:ring-gray-500\"\u001b[39m\n  \u001b[36m/>\u001b[39m\n\n  Name \"Go to Home\":\n  \u001b[36m<button\u001b[39m\n    \u001b[33mclass\u001b[39m=\u001b[32m\"w-full flex justify-center py-2 px-4 border border-gray-300 rounded-md shadow-sm text-sm font-medium text-gray-700 bg-white hover:bg-gray-50 focus:outline-none focus:ring-2 focus:ring-offset-2 focus:ring-blue-500\"\u001b[39m\n  \u001b[36m/>\u001b[39m\n\n  --------------------------------------------------\n\nIgnored nodes: comments, script, style\n\u001b[36m<body>\u001b[39m\n  \u001b[36m<div>\u001b[39m\n    \u001b[36m<div\u001b[39m\n      \u001b[33mclass\u001b[39m=\u001b[32m\"min-h-screen bg-gray-50 flex flex-col justify-center py-12 sm:px-6 lg:px-8\"\u001b[39m\n    \u001b[36m>\u001b[39m\n      \u001b[36m<div\u001b[39m\n        \u001b[33mclass\u001b[39m=\u001b[32m\"sm:mx-auto sm:w-full sm:max-w-md\"\u001b[39m\n      \u001b[36m>\u001b[39m\n        \u001b[36m<div\u001b[39m\n          \u001b[33mclass\u001b[39m=\u001b[32m\"flex justify-center\"\u001b[39m\n        \u001b[36m>\u001b[39m\n          \u001b[36m<svg\u001b[39m\n            \u001b[33maria-hidden\u001b[39m=\u001b[32m\"true\"\u001b[39m\n            \u001b[33mclass\u001b[39m=\u001b[32m\"h-12 w-12 text-red-500\"\u001b[39m\n            \u001b[33mdata-slot\u001b[39m=\u001b[32m\"icon\"\u001b[39m\n            \u001b[33mfill\u001b[39m=\u001b[32m\"none\"\u001b[39m\n            \u001b[33mstroke\u001b[39m=\u001b[32m\"currentColor\"\u001b[39m\n            \u001b[33mstroke-width\u001b[39m=\u001b[32m\"1.5\"\u001b[39m\n            \u001b[33mviewBox\u001b[39m=\u001b[32m\"0 0 24 24\"\u001b[39m\n            \u001b[33mxmlns\u001b[39m=\u001b[32m\"http://www.w3.org/2000/svg\"\u001b[39m\n          \u001b[36m>\u001b[39m\n            \u001b[36m<path\u001b[39m\n              \u001b[33md\u001b[39m=\u001b[32m\"M12 9v3.75m-9.303 3.376c-.866 1.5.217 3.374 1.948 3.374h14.71c1.73 0 2.813-1.874 1.948-3.374L13.949 3.378c-.866-1.5-3.032-1.5-3.898 0L2.697 16.126ZM12 15.75h.007v.008H12v-.008Z\"\u001b[39m\n              \u001b[33mstroke-linecap\u001b[39m=\u001b[32m\"round\"\u001b[39m\n              \u001b[33mstroke-linejoin\u001b[39m=\u001b[32m\"round\"\u001b[39m\n            \u001b[36m/>\u001b[39m\n          \u001b[36m</svg>\u001b[39m\n        \u001b[36m</div>\u001b[39m\n        \u001b[36m<h2\u001b[39m\n          \u001b[33mclass\u001b[39m=\u001b[32m\"mt-6 text-center text-3xl font-extrabold text-gray-900\"\u001b[39m\n        \u001b[36m>\u001b[39m\n          \u001b[0mSomething went wrong\u001b[0m\n        \u001b[36m</h2>\u001b[39m\n        \u001b[36m<p\u001b[39m\n          \u001b[33mclass\u001b[39m=\u001b[32m\"mt-2 text-center text-sm text-gray-600\"\u001b[39m\n        \u001b[36m>\u001b[39m\n          \u001b[0mWe're sorry, but something unexpected happened. We'll automatically retry in a moment.\u001b[0m\n        \u001b[36m</p>\u001b[39m\n        \u001b[36m<div\u001b[39m\n          \u001b[33mclass\u001b[39m=\u001b[32m\"mt-3 flex justify-center\"\u001b[39m\n        \u001b[36m>\u001b[39m\n          \u001b[36m<div\u001b[39m\n            \u001b[33mclass\u001b[39m=\u001b[32m\"inline-flex items-center px-3 py-1 rounded-full text-xs bg-blue-100 text-blue-800\"\u001b[39m\n          \u001b[36m>\u001b[39m\n            \u001b[0mAuto-retrying in 5 seconds...\u001b[0m\n          \u001b[36m</div>\u001b[39m\n        \u001b[36m</div>\u001b[39m\n        \u001b[36m<p\u001b[39m\n          \u001b[33mclass\u001b[39m=\u001b[32m\"mt-2 text-center text-xs text-gray-400\"\u001b[39m\n        \u001b[36m>\u001b[39m\n          \u001b[0mError ID: \u001b[0m\n          \u001b[0merror-1753807334180-zgvcyiq6r\u001b[0m\n        \u001b[36m</p>\u001b[39m\n      \u001b[36m</div>\u001b[39m\n      \u001b[36m<div\u001b[39m\n        \u001b[33mclass\u001b[39m=\u001b[32m\"mt-8 sm:mx-auto sm:w-full sm:max-w-md\"\u001b[39m\n      \u001b[36m>\u001b[39m\n        \u001b[36m<div\u001b[39m\n          \u001b[33mclass\u001b[39m=\u001b[32m\"bg-white py-8 px-4 shadow sm:rounded-lg sm:px-10\"\u001b[39m\n        \u001b[36m>\u001b[39m\n          \u001b[36m<div\u001b[39m\n            \u001b[33mclass\u001b[39m=\u001b[32m\"space-y-4\"\u001b[39m\n          \u001b[36m>\u001b[39m\n            \u001b[36m<button\u001b[39m\n              \u001b[33mclass\u001b[39m=\u001b[32m\"w-full flex justify-center py-2 px-4 border border-transparent rounded-md shadow-sm text-sm font-medium text-white bg-blue-600 hover:bg-blue-700 focus:outline-none focus:ring-2 focus:ring-offset-2 focus:ring-blue-500\"\u001b[39m\n            \u001b[36m>\u001b[39m\n              \u001b[0mTry Again (\u001b[0m\n              \u001b[0m3\u001b[0m\n              \u001b[0m left)\u001b[0m\n            \u001b[36m</button>\u001b[39m\n            \u001b[36m<button\u001b[39m\n              \u001b[33mclass\u001b[39m=\u001b[32m\"w-full flex justify-center py-2 px-4 border border-transparent rounded-md shadow-sm text-sm font-medium text-white bg-gray-600 hover:bg-gray-700 focus:outline-none focus:ring-2 focus:ring-offset-2 focus:ring-gray-500\"\u001b[39m\n            \u001b[36m>\u001b[39m\n              \u001b[0mRefresh Page\u001b[0m\n            \u001b[36m</button>\u001b[39m\n            \u001b[36m<button\u001b[39m\n              \u001b[33mclass\u001b[39m=\u001b[32m\"w-full flex justify-center py-2 px-4 border border-gray-300 rounded-md shadow-sm text-sm font-medium text-gray-700 bg-white hover:bg-gray-50 focus:outline-none focus:ring-2 focus:ring-offset-2 focus:ring-blue-500\"\u001b[39m\n            \u001b[36m>\u001b[39m\n              \u001b[0mGo to Home\u001b[0m\n            \u001b[36m</button>\u001b[39m\n          \u001b[36m</div>\u001b[39m\n        \u001b[36m</div>\u001b[39m\n      \u001b[36m</div>\u001b[39m\n    \u001b[36m</div>\u001b[39m\n  \u001b[36m</div>\u001b[39m\n\u001b[36m</body>\u001b[39m\n    at Object.getElementError (C:\\Users\\A\\Documents\\Git\\YT\\ytmain-v6\\node_modules\\@testing-library\\dom\\dist\\config.js:37:19)\n    at C:\\Users\\A\\Documents\\Git\\YT\\ytmain-v6\\node_modules\\@testing-library\\dom\\dist\\query-helpers.js:76:38\n    at C:\\Users\\A\\Documents\\Git\\YT\\ytmain-v6\\node_modules\\@testing-library\\dom\\dist\\query-helpers.js:52:17\n    at C:\\Users\\A\\Documents\\Git\\YT\\ytmain-v6\\node_modules\\@testing-library\\dom\\dist\\query-helpers.js:95:19\n    at C:\\Users\\A\\Documents\\Git\\YT\\ytmain-v6\\test\\components\\ErrorBoundary.test.tsx:43:19\n    at file:///C:/Users/A/Documents/Git/YT/ytmain-v6/node_modules/@vitest/runner/dist/chunk-hooks.js:155:11\n    at file:///C:/Users/A/Documents/Git/YT/ytmain-v6/node_modules/@vitest/runner/dist/chunk-hooks.js:752:26\n    at file:///C:/Users/A/Documents/Git/YT/ytmain-v6/node_modules/@vitest/runner/dist/chunk-hooks.js:1897:20\n    at new Promise (<anonymous>)\n    at runWithTimeout (file:///C:/Users/A/Documents/Git/YT/ytmain-v6/node_modules/@vitest/runner/dist/chunk-hooks.js:1863:10)","TestingLibraryElementError: Unable to find an accessible element with the role \"button\" and name `/reload page/i`\n\nHere are the accessible roles:\n\n  heading:\n\n  Name \"Something went wrong\":\n  \u001b[36m<h2\u001b[39m\n    \u001b[33mclass\u001b[39m=\u001b[32m\"mt-6 text-center text-3xl font-extrabold text-gray-900\"\u001b[39m\n  \u001b[36m/>\u001b[39m\n\n  --------------------------------------------------\n  button:\n\n  Name \"Try Again (3 left)\":\n  \u001b[36m<button\u001b[39m\n    \u001b[33mclass\u001b[39m=\u001b[32m\"w-full flex justify-center py-2 px-4 border border-transparent rounded-md shadow-sm text-sm font-medium text-white bg-blue-600 hover:bg-blue-700 focus:outline-none focus:ring-2 focus:ring-offset-2 focus:ring-blue-500\"\u001b[39m\n  \u001b[36m/>\u001b[39m\n\n  Name \"Refresh Page\":\n  \u001b[36m<button\u001b[39m\n    \u001b[33mclass\u001b[39m=\u001b[32m\"w-full flex justify-center py-2 px-4 border border-transparent rounded-md shadow-sm text-sm font-medium text-white bg-gray-600 hover:bg-gray-700 focus:outline-none focus:ring-2 focus:ring-offset-2 focus:ring-gray-500\"\u001b[39m\n  \u001b[36m/>\u001b[39m\n\n  Name \"Go to Home\":\n  \u001b[36m<button\u001b[39m\n    \u001b[33mclass\u001b[39m=\u001b[32m\"w-full flex justify-center py-2 px-4 border border-gray-300 rounded-md shadow-sm text-sm font-medium text-gray-700 bg-white hover:bg-gray-50 focus:outline-none focus:ring-2 focus:ring-offset-2 focus:ring-blue-500\"\u001b[39m\n  \u001b[36m/>\u001b[39m\n\n  --------------------------------------------------\n\nIgnored nodes: comments, script, style\n\u001b[36m<body>\u001b[39m\n  \u001b[36m<div>\u001b[39m\n    \u001b[36m<div\u001b[39m\n      \u001b[33mclass\u001b[39m=\u001b[32m\"min-h-screen bg-gray-50 flex flex-col justify-center py-12 sm:px-6 lg:px-8\"\u001b[39m\n    \u001b[36m>\u001b[39m\n      \u001b[36m<div\u001b[39m\n        \u001b[33mclass\u001b[39m=\u001b[32m\"sm:mx-auto sm:w-full sm:max-w-md\"\u001b[39m\n      \u001b[36m>\u001b[39m\n        \u001b[36m<div\u001b[39m\n          \u001b[33mclass\u001b[39m=\u001b[32m\"flex justify-center\"\u001b[39m\n        \u001b[36m>\u001b[39m\n          \u001b[36m<svg\u001b[39m\n            \u001b[33maria-hidden\u001b[39m=\u001b[32m\"true\"\u001b[39m\n            \u001b[33mclass\u001b[39m=\u001b[32m\"h-12 w-12 text-red-500\"\u001b[39m\n            \u001b[33mdata-slot\u001b[39m=\u001b[32m\"icon\"\u001b[39m\n            \u001b[33mfill\u001b[39m=\u001b[32m\"none\"\u001b[39m\n            \u001b[33mstroke\u001b[39m=\u001b[32m\"currentColor\"\u001b[39m\n            \u001b[33mstroke-width\u001b[39m=\u001b[32m\"1.5\"\u001b[39m\n            \u001b[33mviewBox\u001b[39m=\u001b[32m\"0 0 24 24\"\u001b[39m\n            \u001b[33mxmlns\u001b[39m=\u001b[32m\"http://www.w3.org/2000/svg\"\u001b[39m\n          \u001b[36m>\u001b[39m\n            \u001b[36m<path\u001b[39m\n              \u001b[33md\u001b[39m=\u001b[32m\"M12 9v3.75m-9.303 3.376c-.866 1.5.217 3.374 1.948 3.374h14.71c1.73 0 2.813-1.874 1.948-3.374L13.949 3.378c-.866-1.5-3.032-1.5-3.898 0L2.697 16.126ZM12 15.75h.007v.008H12v-.008Z\"\u001b[39m\n              \u001b[33mstroke-linecap\u001b[39m=\u001b[32m\"round\"\u001b[39m\n              \u001b[33mstroke-linejoin\u001b[39m=\u001b[32m\"round\"\u001b[39m\n            \u001b[36m/>\u001b[39m\n          \u001b[36m</svg>\u001b[39m\n        \u001b[36m</div>\u001b[39m\n        \u001b[36m<h2\u001b[39m\n          \u001b[33mclass\u001b[39m=\u001b[32m\"mt-6 text-center text-3xl font-extrabold text-gray-900\"\u001b[39m\n        \u001b[36m>\u001b[39m\n          \u001b[0mSomething went wrong\u001b[0m\n        \u001b[36m</h2>\u001b[39m\n        \u001b[36m<p\u001b[39m\n          \u001b[33mclass\u001b[39m=\u001b[32m\"mt-2 text-center text-sm text-gray-600\"\u001b[39m\n        \u001b[36m>\u001b[39m\n          \u001b[0mWe're sorry, but something unexpected happened. We'll automatically retry in a moment.\u001b[0m\n        \u001b[36m</p>\u001b[39m\n        \u001b[36m<div\u001b[39m\n          \u001b[33mclass\u001b[39m=\u001b[32m\"mt-3 flex justify-center\"\u001b[39m\n        \u001b[36m>\u001b[39m\n          \u001b[36m<div\u001b[39m\n            \u001b[33mclass\u001b[39m=\u001b[32m\"inline-flex items-center px-3 py-1 rounded-full text-xs bg-blue-100 text-blue-800\"\u001b[39m\n          \u001b[36m>\u001b[39m\n            \u001b[0mAuto-retrying in 5 seconds...\u001b[0m\n          \u001b[36m</div>\u001b[39m\n        \u001b[36m</div>\u001b[39m\n        \u001b[36m<p\u001b[39m\n          \u001b[33mclass\u001b[39m=\u001b[32m\"mt-2 text-center text-xs text-gray-400\"\u001b[39m\n        \u001b[36m>\u001b[39m\n          \u001b[0mError ID: \u001b[0m\n          \u001b[0merror-1753807334280-4wnx05xi7\u001b[0m\n        \u001b[36m</p>\u001b[39m\n      \u001b[36m</div>\u001b[39m\n      \u001b[36m<div\u001b[39m\n        \u001b[33mclass\u001b[39m=\u001b[32m\"mt-8 sm:mx-auto sm:w-full sm:max-w-md\"\u001b[39m\n      \u001b[36m>\u001b[39m\n        \u001b[36m<div\u001b[39m\n          \u001b[33mclass\u001b[39m=\u001b[32m\"bg-white py-8 px-4 shadow sm:rounded-lg sm:px-10\"\u001b[39m\n        \u001b[36m>\u001b[39m\n          \u001b[36m<div\u001b[39m\n            \u001b[33mclass\u001b[39m=\u001b[32m\"space-y-4\"\u001b[39m\n          \u001b[36m>\u001b[39m\n            \u001b[36m<button\u001b[39m\n              \u001b[33mclass\u001b[39m=\u001b[32m\"w-full flex justify-center py-2 px-4 border border-transparent rounded-md shadow-sm text-sm font-medium text-white bg-blue-600 hover:bg-blue-700 focus:outline-none focus:ring-2 focus:ring-offset-2 focus:ring-blue-500\"\u001b[39m\n            \u001b[36m>\u001b[39m\n              \u001b[0mTry Again (\u001b[0m\n              \u001b[0m3\u001b[0m\n              \u001b[0m left)\u001b[0m\n            \u001b[36m</button>\u001b[39m\n            \u001b[36m<button\u001b[39m\n              \u001b[33mclass\u001b[39m=\u001b[32m\"w-full flex justify-center py-2 px-4 border border-transparent rounded-md shadow-sm text-sm font-medium text-white bg-gray-600 hover:bg-gray-700 focus:outline-none focus:ring-2 focus:ring-offset-2 focus:ring-gray-500\"\u001b[39m\n            \u001b[36m>\u001b[39m\n              \u001b[0mRefresh Page\u001b[0m\n            \u001b[36m</button>\u001b[39m\n            \u001b[36m<button\u001b[39m\n              \u001b[33mclass\u001b[39m=\u001b[32m\"w-full flex justify-center py-2 px-4 border border-gray-300 rounded-md shadow-sm text-sm font-medium text-gray-700 bg-white hover:bg-gray-50 focus:outline-none focus:ring-2 focus:ring-offset-2 focus:ring-blue-500\"\u001b[39m\n            \u001b[36m>\u001b[39m\n              \u001b[0mGo to Home\u001b[0m\n            \u001b[36m</button>\u001b[39m\n          \u001b[36m</div>\u001b[39m\n        \u001b[36m</div>\u001b[39m\n      \u001b[36m</div>\u001b[39m\n    \u001b[36m</div>\u001b[39m\n  \u001b[36m</div>\u001b[39m\n\u001b[36m</body>\u001b[39m\n    at Object.getElementError (C:\\Users\\A\\Documents\\Git\\YT\\ytmain-v6\\node_modules\\@testing-library\\dom\\dist\\config.js:37:19)\n    at C:\\Users\\A\\Documents\\Git\\YT\\ytmain-v6\\node_modules\\@testing-library\\dom\\dist\\query-helpers.js:76:38\n    at C:\\Users\\A\\Documents\\Git\\YT\\ytmain-v6\\node_modules\\@testing-library\\dom\\dist\\query-helpers.js:52:17\n    at C:\\Users\\A\\Documents\\Git\\YT\\ytmain-v6\\node_modules\\@testing-library\\dom\\dist\\query-helpers.js:95:19\n    at C:\\Users\\A\\Documents\\Git\\YT\\ytmain-v6\\test\\components\\ErrorBoundary.test.tsx:43:19\n    at file:///C:/Users/A/Documents/Git/YT/ytmain-v6/node_modules/@vitest/runner/dist/chunk-hooks.js:155:11\n    at file:///C:/Users/A/Documents/Git/YT/ytmain-v6/node_modules/@vitest/runner/dist/chunk-hooks.js:752:26\n    at file:///C:/Users/A/Documents/Git/YT/ytmain-v6/node_modules/@vitest/runner/dist/chunk-hooks.js:1897:20\n    at new Promise (<anonymous>)\n    at runWithTimeout (file:///C:/Users/A/Documents/Git/YT/ytmain-v6/node_modules/@vitest/runner/dist/chunk-hooks.js:1863:10)"],"location":{"line":35,"column":3},"meta":{}},{"ancestorTitles":["ErrorBoundary"],"fullName":"ErrorBoundary renders custom fallback when provided","status":"passed","title":"renders custom fallback when provided","duration":8.223100000002887,"failureMessages":[],"location":{"line":47,"column":3},"meta":{}},{"ancestorTitles":["ErrorBoundary"],"fullName":"ErrorBoundary logs error to console when error occurs","status":"passed","title":"logs error to console when error occurs","duration":25.068199999979697,"failureMessages":[],"location":{"line":59,"column":3},"meta":{}}],"startTime":1753807333843,"endTime":1753807334422.068,"status":"failed","message":"","name":"C:/Users/A/Documents/Git/YT/ytmain-v6/test/components/ErrorBoundary.test.tsx"},{"assertionResults":[{"ancestorTitles":["Unified Video Hooks","useUnifiedVideos"],"fullName":"Unified Video Hooks useUnifiedVideos should fetch trending videos successfully","status":"pending","title":"should fetch trending videos successfully","failureMessages":[],"location":{"line":50,"column":5},"meta":{}},{"ancestorTitles":["Unified Video Hooks","useUnifiedVideos"],"fullName":"Unified Video Hooks useUnifiedVideos should handle errors gracefully","status":"pending","title":"should handle errors gracefully","failureMessages":[],"location":{"line":141,"column":5},"meta":{}},{"ancestorTitles":["Unified Video Hooks","useUnifiedVideos"],"fullName":"Unified Video Hooks useUnifiedVideos should use correct cache key with filters","status":"pending","title":"should use correct cache key with filters","failureMessages":[],"location":{"line":160,"column":5},"meta":{}},{"ancestorTitles":["Unified Video Hooks","useUnifiedVideo"],"fullName":"Unified Video Hooks useUnifiedVideo should fetch single video by ID","status":"pending","title":"should fetch single video by ID","failureMessages":[],"location":{"line":185,"column":5},"meta":{}},{"ancestorTitles":["Unified Video Hooks","useUnifiedVideo"],"fullName":"Unified Video Hooks useUnifiedVideo should handle video not found","status":"pending","title":"should handle video not found","failureMessages":[],"location":{"line":234,"column":5},"meta":{}},{"ancestorTitles":["Unified Video Hooks","useUnifiedVideo"],"fullName":"Unified Video Hooks useUnifiedVideo should not fetch when videoId is empty","status":"pending","title":"should not fetch when videoId is empty","failureMessages":[],"location":{"line":252,"column":5},"meta":{}},{"ancestorTitles":["Unified Video Hooks","useUnifiedVideo"],"fullName":"Unified Video Hooks useUnifiedVideo should handle fetch errors","status":"pending","title":"should handle fetch errors","failureMessages":[],"location":{"line":262,"column":5},"meta":{}},{"ancestorTitles":["Unified Video Hooks","useUnifiedTrendingVideos"],"fullName":"Unified Video Hooks useUnifiedTrendingVideos should fetch trending videos with proper caching","status":"pending","title":"should fetch trending videos with proper caching","failureMessages":[],"location":{"line":282,"column":5},"meta":{}},{"ancestorTitles":["Unified Video Hooks","useUnifiedTrendingVideos"],"fullName":"Unified Video Hooks useUnifiedTrendingVideos should refetch on window focus by default","status":"pending","title":"should refetch on window focus by default","failureMessages":[],"location":{"line":370,"column":5},"meta":{}},{"ancestorTitles":["Unified Video Hooks","useUnifiedShorts"],"fullName":"Unified Video Hooks useUnifiedShorts should fetch shorts videos","status":"pending","title":"should fetch shorts videos","failureMessages":[],"location":{"line":396,"column":5},"meta":{}},{"ancestorTitles":["Unified Video Hooks","useUnifiedSearchVideos"],"fullName":"Unified Video Hooks useUnifiedSearchVideos should search videos with query","status":"pending","title":"should search videos with query","failureMessages":[],"location":{"line":486,"column":5},"meta":{}},{"ancestorTitles":["Unified Video Hooks","useUnifiedSearchVideos"],"fullName":"Unified Video Hooks useUnifiedSearchVideos should not search with short queries","status":"pending","title":"should not search with short queries","failureMessages":[],"location":{"line":578,"column":5},"meta":{}},{"ancestorTitles":["Unified Video Hooks","useUnifiedSearchVideos"],"fullName":"Unified Video Hooks useUnifiedSearchVideos should not search with empty query","status":"pending","title":"should not search with empty query","failureMessages":[],"location":{"line":588,"column":5},"meta":{}},{"ancestorTitles":["Unified Video Hooks","useUnifiedSearchVideos"],"fullName":"Unified Video Hooks useUnifiedSearchVideos should handle search errors","status":"pending","title":"should handle search errors","failureMessages":[],"location":{"line":598,"column":5},"meta":{}},{"ancestorTitles":["Unified Video Hooks","Combined Hooks","useVideoWithRelated"],"fullName":"Unified Video Hooks Combined Hooks useVideoWithRelated should fetch video and related videos","status":"pending","title":"should fetch video and related videos","failureMessages":[],"location":{"line":619,"column":7},"meta":{}},{"ancestorTitles":["Unified Video Hooks","Combined Hooks","useHomePageData"],"fullName":"Unified Video Hooks Combined Hooks useHomePageData should combine multiple data sources for home page","status":"pending","title":"should combine multiple data sources for home page","failureMessages":[],"location":{"line":639,"column":7},"meta":{}},{"ancestorTitles":["Unified Video Hooks","Hook Configuration"],"fullName":"Unified Video Hooks Hook Configuration should apply custom configuration options","status":"pending","title":"should apply custom configuration options","failureMessages":[],"location":{"line":657,"column":5},"meta":{}},{"ancestorTitles":["Unified Video Hooks","Loading States"],"fullName":"Unified Video Hooks Loading States should show loading state initially","status":"pending","title":"should show loading state initially","failureMessages":[],"location":{"line":688,"column":5},"meta":{}},{"ancestorTitles":["Unified Video Hooks","Refetch Functionality"],"fullName":"Unified Video Hooks Refetch Functionality should provide refetch function","status":"pending","title":"should provide refetch function","failureMessages":[],"location":{"line":706,"column":5},"meta":{}}],"startTime":1753806947998,"endTime":1753806947998,"status":"passed","message":"","name":"C:/Users/A/Documents/Git/YT/ytmain-v6/test/hooks/useVideos.test.tsx"},{"assertionResults":[{"ancestorTitles":["CommunityPage"],"fullName":"CommunityPage renders community page with posts","status":"failed","title":"renders community page with posts","duration":205.9189999999944,"failureMessages":["TestingLibraryElementError: Unable to find an element with the text: Community. This could be because the text is broken up by multiple elements. In this case, you can provide a function for your text matcher to make your matcher more flexible.\n\nIgnored nodes: comments, script, style\n\u001b[36m<body>\u001b[39m\n  \u001b[36m<div>\u001b[39m\n    \u001b[36m<div\u001b[39m\n      \u001b[33mclass\u001b[39m=\u001b[32m\"min-h-screen bg-gray-50 dark:bg-gray-900 p-6\"\u001b[39m\n    \u001b[36m>\u001b[39m\n      \u001b[36m<div\u001b[39m\n        \u001b[33mclass\u001b[39m=\u001b[32m\"max-w-4xl mx-auto\"\u001b[39m\n      \u001b[36m>\u001b[39m\n        \u001b[36m<div\u001b[39m\n          \u001b[33mclass\u001b[39m=\u001b[32m\"animate-pulse\"\u001b[39m\n        \u001b[36m>\u001b[39m\n          \u001b[36m<div\u001b[39m\n            \u001b[33mclass\u001b[39m=\u001b[32m\"h-8 bg-gray-200 dark:bg-gray-700 rounded w-1/4 mb-6\"\u001b[39m\n          \u001b[36m/>\u001b[39m\n          \u001b[36m<div\u001b[39m\n            \u001b[33mclass\u001b[39m=\u001b[32m\"space-y-4\"\u001b[39m\n          \u001b[36m>\u001b[39m\n            \u001b[36m<div\u001b[39m\n              \u001b[33mclass\u001b[39m=\u001b[32m\"bg-white dark:bg-gray-800 rounded-lg p-6\"\u001b[39m\n            \u001b[36m>\u001b[39m\n              \u001b[36m<div\u001b[39m\n                \u001b[33mclass\u001b[39m=\u001b[32m\"h-4 bg-gray-200 dark:bg-gray-700 rounded w-3/4 mb-4\"\u001b[39m\n              \u001b[36m/>\u001b[39m\n              \u001b[36m<div\u001b[39m\n                \u001b[33mclass\u001b[39m=\u001b[32m\"h-32 bg-gray-200 dark:bg-gray-700 rounded mb-4\"\u001b[39m\n              \u001b[36m/>\u001b[39m\n              \u001b[36m<div\u001b[39m\n                \u001b[33mclass\u001b[39m=\u001b[32m\"flex space-x-4\"\u001b[39m\n              \u001b[36m>\u001b[39m\n                \u001b[36m<div\u001b[39m\n                  \u001b[33mclass\u001b[39m=\u001b[32m\"h-4 bg-gray-200 dark:bg-gray-700 rounded w-16\"\u001b[39m\n                \u001b[36m/>\u001b[39m\n                \u001b[36m<div\u001b[39m\n                  \u001b[33mclass\u001b[39m=\u001b[32m\"h-4 bg-gray-200 dark:bg-gray-700 rounded w-16\"\u001b[39m\n                \u001b[36m/>\u001b[39m\n                \u001b[36m<div\u001b[39m\n                  \u001b[33mclass\u001b[39m=\u001b[32m\"h-4 bg-gray-200 dark:bg-gray-700 rounded w-16\"\u001b[39m\n                \u001b[36m/>\u001b[39m\n              \u001b[36m</div>\u001b[39m\n            \u001b[36m</div>\u001b[39m\n            \u001b[36m<div\u001b[39m\n              \u001b[33mclass\u001b[39m=\u001b[32m\"bg-white dark:bg-gray-800 rounded-lg p-6\"\u001b[39m\n            \u001b[36m>\u001b[39m\n              \u001b[36m<div\u001b[39m\n                \u001b[33mclass\u001b[39m=\u001b[32m\"h-4 bg-gray-200 dark:bg-gray-700 rounded w-3/4 mb-4\"\u001b[39m\n              \u001b[36m/>\u001b[39m\n              \u001b[36m<div\u001b[39m\n                \u001b[33mclass\u001b[39m=\u001b[32m\"h-32 bg-gray-200 dark:bg-gray-700 rounded mb-4\"\u001b[39m\n              \u001b[36m/>\u001b[39m\n              \u001b[36m<div\u001b[39m\n                \u001b[33mclass\u001b[39m=\u001b[32m\"flex space-x-4\"\u001b[39m\n              \u001b[36m>\u001b[39m\n                \u001b[36m<div\u001b[39m\n                  \u001b[33mclass\u001b[39m=\u001b[32m\"h-4 bg-gray-200 dark:bg-gray-700 rounded w-16\"\u001b[39m\n                \u001b[36m/>\u001b[39m\n                \u001b[36m<div\u001b[39m\n                  \u001b[33mclass\u001b[39m=\u001b[32m\"h-4 bg-gray-200 dark:bg-gray-700 rounded w-16\"\u001b[39m\n                \u001b[36m/>\u001b[39m\n                \u001b[36m<div\u001b[39m\n                  \u001b[33mclass\u001b[39m=\u001b[32m\"h-4 bg-gray-200 dark:bg-gray-700 rounded w-16\"\u001b[39m\n                \u001b[36m/>\u001b[39m\n              \u001b[36m</div>\u001b[39m\n            \u001b[36m</div>\u001b[39m\n            \u001b[36m<div\u001b[39m\n              \u001b[33mclass\u001b[39m=\u001b[32m\"bg-white dark:bg-gray-800 rounded-lg p-6\"\u001b[39m\n            \u001b[36m>\u001b[39m\n              \u001b[36m<div\u001b[39m\n                \u001b[33mclass\u001b[39m=\u001b[32m\"h-4 bg-gray-200 dark:bg-gray-700 rounded w-3/4 mb-4\"\u001b[39m\n              \u001b[36m/>\u001b[39m\n              \u001b[36m<div\u001b[39m\n                \u001b[33mclass\u001b[39m=\u001b[32m\"h-32 bg-gray-200 dark:bg-gray-700 rounded mb-4\"\u001b[39m\n              \u001b[36m/>\u001b[39m\n              \u001b[36m<div\u001b[39m\n                \u001b[33mclass\u001b[39m=\u001b[32m\"flex space-x-4\"\u001b[39m\n              \u001b[36m>\u001b[39m\n                \u001b[36m<div\u001b[39m\n                  \u001b[33mclass\u001b[39m=\u001b[32m\"h-4 bg-gray-200 dark:bg-gray-700 rounded w-16\"\u001b[39m\n                \u001b[36m/>\u001b[39m\n                \u001b[36m<div\u001b[39m\n                  \u001b[33mclass\u001b[39m=\u001b[32m\"h-4 bg-gray-200 dark:bg-gray-700 rounded w-16\"\u001b[39m\n                \u001b[36m/>\u001b[39m\n                \u001b[36m<div\u001b[39m\n                  \u001b[33mclass\u001b[39m=\u001b[32m\"h-4 bg-gray-200 dark:bg-gray-700 rounded w-16\"\u001b[39m\n                \u001b[36m/>\u001b[39m\n              \u001b[36m</div>\u001b[39m\n            \u001b[36m</div>\u001b[39m\n          \u001b[36m</div>\u001b[39m\n        \u001b[36m</div>\u001b[39m\n      \u001b[36m</div>\u001b[39m\n    \u001b[36m</div>\u001b[39m\n  \u001b[36m</div>\u001b[39m\n\u001b[36m</body>\u001b[39m\n    at Object.getElementError (C:\\Users\\A\\Documents\\Git\\YT\\ytmain-v6\\node_modules\\@testing-library\\dom\\dist\\config.js:37:19)\n    at C:\\Users\\A\\Documents\\Git\\YT\\ytmain-v6\\node_modules\\@testing-library\\dom\\dist\\query-helpers.js:76:38\n    at C:\\Users\\A\\Documents\\Git\\YT\\ytmain-v6\\node_modules\\@testing-library\\dom\\dist\\query-helpers.js:52:17\n    at C:\\Users\\A\\Documents\\Git\\YT\\ytmain-v6\\node_modules\\@testing-library\\dom\\dist\\query-helpers.js:95:19\n    at C:\\Users\\A\\Documents\\Git\\YT\\ytmain-v6\\test\\integration\\CommunityPage.test.tsx:62:19\n    at file:///C:/Users/A/Documents/Git/YT/ytmain-v6/node_modules/@vitest/runner/dist/chunk-hooks.js:155:11\n    at file:///C:/Users/A/Documents/Git/YT/ytmain-v6/node_modules/@vitest/runner/dist/chunk-hooks.js:752:26\n    at file:///C:/Users/A/Documents/Git/YT/ytmain-v6/node_modules/@vitest/runner/dist/chunk-hooks.js:1897:20\n    at new Promise (<anonymous>)\n    at runWithTimeout (file:///C:/Users/A/Documents/Git/YT/ytmain-v6/node_modules/@vitest/runner/dist/chunk-hooks.js:1863:10)","TestingLibraryElementError: Unable to find an element with the text: Community. This could be because the text is broken up by multiple elements. In this case, you can provide a function for your text matcher to make your matcher more flexible.\n\nIgnored nodes: comments, script, style\n\u001b[36m<body>\u001b[39m\n  \u001b[36m<div>\u001b[39m\n    \u001b[36m<div\u001b[39m\n      \u001b[33mclass\u001b[39m=\u001b[32m\"min-h-screen bg-gray-50 dark:bg-gray-900 p-6\"\u001b[39m\n    \u001b[36m>\u001b[39m\n      \u001b[36m<div\u001b[39m\n        \u001b[33mclass\u001b[39m=\u001b[32m\"max-w-4xl mx-auto\"\u001b[39m\n      \u001b[36m>\u001b[39m\n        \u001b[36m<div\u001b[39m\n          \u001b[33mclass\u001b[39m=\u001b[32m\"animate-pulse\"\u001b[39m\n        \u001b[36m>\u001b[39m\n          \u001b[36m<div\u001b[39m\n            \u001b[33mclass\u001b[39m=\u001b[32m\"h-8 bg-gray-200 dark:bg-gray-700 rounded w-1/4 mb-6\"\u001b[39m\n          \u001b[36m/>\u001b[39m\n          \u001b[36m<div\u001b[39m\n            \u001b[33mclass\u001b[39m=\u001b[32m\"space-y-4\"\u001b[39m\n          \u001b[36m>\u001b[39m\n            \u001b[36m<div\u001b[39m\n              \u001b[33mclass\u001b[39m=\u001b[32m\"bg-white dark:bg-gray-800 rounded-lg p-6\"\u001b[39m\n            \u001b[36m>\u001b[39m\n              \u001b[36m<div\u001b[39m\n                \u001b[33mclass\u001b[39m=\u001b[32m\"h-4 bg-gray-200 dark:bg-gray-700 rounded w-3/4 mb-4\"\u001b[39m\n              \u001b[36m/>\u001b[39m\n              \u001b[36m<div\u001b[39m\n                \u001b[33mclass\u001b[39m=\u001b[32m\"h-32 bg-gray-200 dark:bg-gray-700 rounded mb-4\"\u001b[39m\n              \u001b[36m/>\u001b[39m\n              \u001b[36m<div\u001b[39m\n                \u001b[33mclass\u001b[39m=\u001b[32m\"flex space-x-4\"\u001b[39m\n              \u001b[36m>\u001b[39m\n                \u001b[36m<div\u001b[39m\n                  \u001b[33mclass\u001b[39m=\u001b[32m\"h-4 bg-gray-200 dark:bg-gray-700 rounded w-16\"\u001b[39m\n                \u001b[36m/>\u001b[39m\n                \u001b[36m<div\u001b[39m\n                  \u001b[33mclass\u001b[39m=\u001b[32m\"h-4 bg-gray-200 dark:bg-gray-700 rounded w-16\"\u001b[39m\n                \u001b[36m/>\u001b[39m\n                \u001b[36m<div\u001b[39m\n                  \u001b[33mclass\u001b[39m=\u001b[32m\"h-4 bg-gray-200 dark:bg-gray-700 rounded w-16\"\u001b[39m\n                \u001b[36m/>\u001b[39m\n              \u001b[36m</div>\u001b[39m\n            \u001b[36m</div>\u001b[39m\n            \u001b[36m<div\u001b[39m\n              \u001b[33mclass\u001b[39m=\u001b[32m\"bg-white dark:bg-gray-800 rounded-lg p-6\"\u001b[39m\n            \u001b[36m>\u001b[39m\n              \u001b[36m<div\u001b[39m\n                \u001b[33mclass\u001b[39m=\u001b[32m\"h-4 bg-gray-200 dark:bg-gray-700 rounded w-3/4 mb-4\"\u001b[39m\n              \u001b[36m/>\u001b[39m\n              \u001b[36m<div\u001b[39m\n                \u001b[33mclass\u001b[39m=\u001b[32m\"h-32 bg-gray-200 dark:bg-gray-700 rounded mb-4\"\u001b[39m\n              \u001b[36m/>\u001b[39m\n              \u001b[36m<div\u001b[39m\n                \u001b[33mclass\u001b[39m=\u001b[32m\"flex space-x-4\"\u001b[39m\n              \u001b[36m>\u001b[39m\n                \u001b[36m<div\u001b[39m\n                  \u001b[33mclass\u001b[39m=\u001b[32m\"h-4 bg-gray-200 dark:bg-gray-700 rounded w-16\"\u001b[39m\n                \u001b[36m/>\u001b[39m\n                \u001b[36m<div\u001b[39m\n                  \u001b[33mclass\u001b[39m=\u001b[32m\"h-4 bg-gray-200 dark:bg-gray-700 rounded w-16\"\u001b[39m\n                \u001b[36m/>\u001b[39m\n                \u001b[36m<div\u001b[39m\n                  \u001b[33mclass\u001b[39m=\u001b[32m\"h-4 bg-gray-200 dark:bg-gray-700 rounded w-16\"\u001b[39m\n                \u001b[36m/>\u001b[39m\n              \u001b[36m</div>\u001b[39m\n            \u001b[36m</div>\u001b[39m\n            \u001b[36m<div\u001b[39m\n              \u001b[33mclass\u001b[39m=\u001b[32m\"bg-white dark:bg-gray-800 rounded-lg p-6\"\u001b[39m\n            \u001b[36m>\u001b[39m\n              \u001b[36m<div\u001b[39m\n                \u001b[33mclass\u001b[39m=\u001b[32m\"h-4 bg-gray-200 dark:bg-gray-700 rounded w-3/4 mb-4\"\u001b[39m\n              \u001b[36m/>\u001b[39m\n              \u001b[36m<div\u001b[39m\n                \u001b[33mclass\u001b[39m=\u001b[32m\"h-32 bg-gray-200 dark:bg-gray-700 rounded mb-4\"\u001b[39m\n              \u001b[36m/>\u001b[39m\n              \u001b[36m<div\u001b[39m\n                \u001b[33mclass\u001b[39m=\u001b[32m\"flex space-x-4\"\u001b[39m\n              \u001b[36m>\u001b[39m\n                \u001b[36m<div\u001b[39m\n                  \u001b[33mclass\u001b[39m=\u001b[32m\"h-4 bg-gray-200 dark:bg-gray-700 rounded w-16\"\u001b[39m\n                \u001b[36m/>\u001b[39m\n                \u001b[36m<div\u001b[39m\n                  \u001b[33mclass\u001b[39m=\u001b[32m\"h-4 bg-gray-200 dark:bg-gray-700 rounded w-16\"\u001b[39m\n                \u001b[36m/>\u001b[39m\n                \u001b[36m<div\u001b[39m\n                  \u001b[33mclass\u001b[39m=\u001b[32m\"h-4 bg-gray-200 dark:bg-gray-700 rounded w-16\"\u001b[39m\n                \u001b[36m/>\u001b[39m\n              \u001b[36m</div>\u001b[39m\n            \u001b[36m</div>\u001b[39m\n          \u001b[36m</div>\u001b[39m\n        \u001b[36m</div>\u001b[39m\n      \u001b[36m</div>\u001b[39m\n    \u001b[36m</div>\u001b[39m\n  \u001b[36m</div>\u001b[39m\n\u001b[36m</body>\u001b[39m\n    at Object.getElementError (C:\\Users\\A\\Documents\\Git\\YT\\ytmain-v6\\node_modules\\@testing-library\\dom\\dist\\config.js:37:19)\n    at C:\\Users\\A\\Documents\\Git\\YT\\ytmain-v6\\node_modules\\@testing-library\\dom\\dist\\query-helpers.js:76:38\n    at C:\\Users\\A\\Documents\\Git\\YT\\ytmain-v6\\node_modules\\@testing-library\\dom\\dist\\query-helpers.js:52:17\n    at C:\\Users\\A\\Documents\\Git\\YT\\ytmain-v6\\node_modules\\@testing-library\\dom\\dist\\query-helpers.js:95:19\n    at C:\\Users\\A\\Documents\\Git\\YT\\ytmain-v6\\test\\integration\\CommunityPage.test.tsx:62:19\n    at file:///C:/Users/A/Documents/Git/YT/ytmain-v6/node_modules/@vitest/runner/dist/chunk-hooks.js:155:11\n    at file:///C:/Users/A/Documents/Git/YT/ytmain-v6/node_modules/@vitest/runner/dist/chunk-hooks.js:752:26\n    at file:///C:/Users/A/Documents/Git/YT/ytmain-v6/node_modules/@vitest/runner/dist/chunk-hooks.js:1897:20\n    at new Promise (<anonymous>)\n    at runWithTimeout (file:///C:/Users/A/Documents/Git/YT/ytmain-v6/node_modules/@vitest/runner/dist/chunk-hooks.js:1863:10)","TestingLibraryElementError: Unable to find an element with the text: Community. This could be because the text is broken up by multiple elements. In this case, you can provide a function for your text matcher to make your matcher more flexible.\n\nIgnored nodes: comments, script, style\n\u001b[36m<body>\u001b[39m\n  \u001b[36m<div>\u001b[39m\n    \u001b[36m<div\u001b[39m\n      \u001b[33mclass\u001b[39m=\u001b[32m\"min-h-screen bg-gray-50 dark:bg-gray-900 p-6\"\u001b[39m\n    \u001b[36m>\u001b[39m\n      \u001b[36m<div\u001b[39m\n        \u001b[33mclass\u001b[39m=\u001b[32m\"max-w-4xl mx-auto\"\u001b[39m\n      \u001b[36m>\u001b[39m\n        \u001b[36m<div\u001b[39m\n          \u001b[33mclass\u001b[39m=\u001b[32m\"animate-pulse\"\u001b[39m\n        \u001b[36m>\u001b[39m\n          \u001b[36m<div\u001b[39m\n            \u001b[33mclass\u001b[39m=\u001b[32m\"h-8 bg-gray-200 dark:bg-gray-700 rounded w-1/4 mb-6\"\u001b[39m\n          \u001b[36m/>\u001b[39m\n          \u001b[36m<div\u001b[39m\n            \u001b[33mclass\u001b[39m=\u001b[32m\"space-y-4\"\u001b[39m\n          \u001b[36m>\u001b[39m\n            \u001b[36m<div\u001b[39m\n              \u001b[33mclass\u001b[39m=\u001b[32m\"bg-white dark:bg-gray-800 rounded-lg p-6\"\u001b[39m\n            \u001b[36m>\u001b[39m\n              \u001b[36m<div\u001b[39m\n                \u001b[33mclass\u001b[39m=\u001b[32m\"h-4 bg-gray-200 dark:bg-gray-700 rounded w-3/4 mb-4\"\u001b[39m\n              \u001b[36m/>\u001b[39m\n              \u001b[36m<div\u001b[39m\n                \u001b[33mclass\u001b[39m=\u001b[32m\"h-32 bg-gray-200 dark:bg-gray-700 rounded mb-4\"\u001b[39m\n              \u001b[36m/>\u001b[39m\n              \u001b[36m<div\u001b[39m\n                \u001b[33mclass\u001b[39m=\u001b[32m\"flex space-x-4\"\u001b[39m\n              \u001b[36m>\u001b[39m\n                \u001b[36m<div\u001b[39m\n                  \u001b[33mclass\u001b[39m=\u001b[32m\"h-4 bg-gray-200 dark:bg-gray-700 rounded w-16\"\u001b[39m\n                \u001b[36m/>\u001b[39m\n                \u001b[36m<div\u001b[39m\n                  \u001b[33mclass\u001b[39m=\u001b[32m\"h-4 bg-gray-200 dark:bg-gray-700 rounded w-16\"\u001b[39m\n                \u001b[36m/>\u001b[39m\n                \u001b[36m<div\u001b[39m\n                  \u001b[33mclass\u001b[39m=\u001b[32m\"h-4 bg-gray-200 dark:bg-gray-700 rounded w-16\"\u001b[39m\n                \u001b[36m/>\u001b[39m\n              \u001b[36m</div>\u001b[39m\n            \u001b[36m</div>\u001b[39m\n            \u001b[36m<div\u001b[39m\n              \u001b[33mclass\u001b[39m=\u001b[32m\"bg-white dark:bg-gray-800 rounded-lg p-6\"\u001b[39m\n            \u001b[36m>\u001b[39m\n              \u001b[36m<div\u001b[39m\n                \u001b[33mclass\u001b[39m=\u001b[32m\"h-4 bg-gray-200 dark:bg-gray-700 rounded w-3/4 mb-4\"\u001b[39m\n              \u001b[36m/>\u001b[39m\n              \u001b[36m<div\u001b[39m\n                \u001b[33mclass\u001b[39m=\u001b[32m\"h-32 bg-gray-200 dark:bg-gray-700 rounded mb-4\"\u001b[39m\n              \u001b[36m/>\u001b[39m\n              \u001b[36m<div\u001b[39m\n                \u001b[33mclass\u001b[39m=\u001b[32m\"flex space-x-4\"\u001b[39m\n              \u001b[36m>\u001b[39m\n                \u001b[36m<div\u001b[39m\n                  \u001b[33mclass\u001b[39m=\u001b[32m\"h-4 bg-gray-200 dark:bg-gray-700 rounded w-16\"\u001b[39m\n                \u001b[36m/>\u001b[39m\n                \u001b[36m<div\u001b[39m\n                  \u001b[33mclass\u001b[39m=\u001b[32m\"h-4 bg-gray-200 dark:bg-gray-700 rounded w-16\"\u001b[39m\n                \u001b[36m/>\u001b[39m\n                \u001b[36m<div\u001b[39m\n                  \u001b[33mclass\u001b[39m=\u001b[32m\"h-4 bg-gray-200 dark:bg-gray-700 rounded w-16\"\u001b[39m\n                \u001b[36m/>\u001b[39m\n              \u001b[36m</div>\u001b[39m\n            \u001b[36m</div>\u001b[39m\n            \u001b[36m<div\u001b[39m\n              \u001b[33mclass\u001b[39m=\u001b[32m\"bg-white dark:bg-gray-800 rounded-lg p-6\"\u001b[39m\n            \u001b[36m>\u001b[39m\n              \u001b[36m<div\u001b[39m\n                \u001b[33mclass\u001b[39m=\u001b[32m\"h-4 bg-gray-200 dark:bg-gray-700 rounded w-3/4 mb-4\"\u001b[39m\n              \u001b[36m/>\u001b[39m\n              \u001b[36m<div\u001b[39m\n                \u001b[33mclass\u001b[39m=\u001b[32m\"h-32 bg-gray-200 dark:bg-gray-700 rounded mb-4\"\u001b[39m\n              \u001b[36m/>\u001b[39m\n              \u001b[36m<div\u001b[39m\n                \u001b[33mclass\u001b[39m=\u001b[32m\"flex space-x-4\"\u001b[39m\n              \u001b[36m>\u001b[39m\n                \u001b[36m<div\u001b[39m\n                  \u001b[33mclass\u001b[39m=\u001b[32m\"h-4 bg-gray-200 dark:bg-gray-700 rounded w-16\"\u001b[39m\n                \u001b[36m/>\u001b[39m\n                \u001b[36m<div\u001b[39m\n                  \u001b[33mclass\u001b[39m=\u001b[32m\"h-4 bg-gray-200 dark:bg-gray-700 rounded w-16\"\u001b[39m\n                \u001b[36m/>\u001b[39m\n                \u001b[36m<div\u001b[39m\n                  \u001b[33mclass\u001b[39m=\u001b[32m\"h-4 bg-gray-200 dark:bg-gray-700 rounded w-16\"\u001b[39m\n                \u001b[36m/>\u001b[39m\n              \u001b[36m</div>\u001b[39m\n            \u001b[36m</div>\u001b[39m\n          \u001b[36m</div>\u001b[39m\n        \u001b[36m</div>\u001b[39m\n      \u001b[36m</div>\u001b[39m\n    \u001b[36m</div>\u001b[39m\n  \u001b[36m</div>\u001b[39m\n\u001b[36m</body>\u001b[39m\n    at Object.getElementError (C:\\Users\\A\\Documents\\Git\\YT\\ytmain-v6\\node_modules\\@testing-library\\dom\\dist\\config.js:37:19)\n    at C:\\Users\\A\\Documents\\Git\\YT\\ytmain-v6\\node_modules\\@testing-library\\dom\\dist\\query-helpers.js:76:38\n    at C:\\Users\\A\\Documents\\Git\\YT\\ytmain-v6\\node_modules\\@testing-library\\dom\\dist\\query-helpers.js:52:17\n    at C:\\Users\\A\\Documents\\Git\\YT\\ytmain-v6\\node_modules\\@testing-library\\dom\\dist\\query-helpers.js:95:19\n    at C:\\Users\\A\\Documents\\Git\\YT\\ytmain-v6\\test\\integration\\CommunityPage.test.tsx:62:19\n    at file:///C:/Users/A/Documents/Git/YT/ytmain-v6/node_modules/@vitest/runner/dist/chunk-hooks.js:155:11\n    at file:///C:/Users/A/Documents/Git/YT/ytmain-v6/node_modules/@vitest/runner/dist/chunk-hooks.js:752:26\n    at file:///C:/Users/A/Documents/Git/YT/ytmain-v6/node_modules/@vitest/runner/dist/chunk-hooks.js:1897:20\n    at new Promise (<anonymous>)\n    at runWithTimeout (file:///C:/Users/A/Documents/Git/YT/ytmain-v6/node_modules/@vitest/runner/dist/chunk-hooks.js:1863:10)"],"location":{"line":59,"column":3},"meta":{}},{"ancestorTitles":["CommunityPage"],"fullName":"CommunityPage displays post statistics correctly","status":"failed","title":"displays post statistics correctly","duration":116.3579000000027,"failureMessages":["TestingLibraryElementError: Unable to find an element with the text: 10. This could be because the text is broken up by multiple elements. In this case, you can provide a function for your text matcher to make your matcher more flexible.\n\nIgnored nodes: comments, script, style\n\u001b[36m<body>\u001b[39m\n  \u001b[36m<div>\u001b[39m\n    \u001b[36m<div\u001b[39m\n      \u001b[33mclass\u001b[39m=\u001b[32m\"min-h-screen bg-gray-50 dark:bg-gray-900 p-6\"\u001b[39m\n    \u001b[36m>\u001b[39m\n      \u001b[36m<div\u001b[39m\n        \u001b[33mclass\u001b[39m=\u001b[32m\"max-w-4xl mx-auto\"\u001b[39m\n      \u001b[36m>\u001b[39m\n        \u001b[36m<div\u001b[39m\n          \u001b[33mclass\u001b[39m=\u001b[32m\"animate-pulse\"\u001b[39m\n        \u001b[36m>\u001b[39m\n          \u001b[36m<div\u001b[39m\n            \u001b[33mclass\u001b[39m=\u001b[32m\"h-8 bg-gray-200 dark:bg-gray-700 rounded w-1/4 mb-6\"\u001b[39m\n          \u001b[36m/>\u001b[39m\n          \u001b[36m<div\u001b[39m\n            \u001b[33mclass\u001b[39m=\u001b[32m\"space-y-4\"\u001b[39m\n          \u001b[36m>\u001b[39m\n            \u001b[36m<div\u001b[39m\n              \u001b[33mclass\u001b[39m=\u001b[32m\"bg-white dark:bg-gray-800 rounded-lg p-6\"\u001b[39m\n            \u001b[36m>\u001b[39m\n              \u001b[36m<div\u001b[39m\n                \u001b[33mclass\u001b[39m=\u001b[32m\"h-4 bg-gray-200 dark:bg-gray-700 rounded w-3/4 mb-4\"\u001b[39m\n              \u001b[36m/>\u001b[39m\n              \u001b[36m<div\u001b[39m\n                \u001b[33mclass\u001b[39m=\u001b[32m\"h-32 bg-gray-200 dark:bg-gray-700 rounded mb-4\"\u001b[39m\n              \u001b[36m/>\u001b[39m\n              \u001b[36m<div\u001b[39m\n                \u001b[33mclass\u001b[39m=\u001b[32m\"flex space-x-4\"\u001b[39m\n              \u001b[36m>\u001b[39m\n                \u001b[36m<div\u001b[39m\n                  \u001b[33mclass\u001b[39m=\u001b[32m\"h-4 bg-gray-200 dark:bg-gray-700 rounded w-16\"\u001b[39m\n                \u001b[36m/>\u001b[39m\n                \u001b[36m<div\u001b[39m\n                  \u001b[33mclass\u001b[39m=\u001b[32m\"h-4 bg-gray-200 dark:bg-gray-700 rounded w-16\"\u001b[39m\n                \u001b[36m/>\u001b[39m\n                \u001b[36m<div\u001b[39m\n                  \u001b[33mclass\u001b[39m=\u001b[32m\"h-4 bg-gray-200 dark:bg-gray-700 rounded w-16\"\u001b[39m\n                \u001b[36m/>\u001b[39m\n              \u001b[36m</div>\u001b[39m\n            \u001b[36m</div>\u001b[39m\n            \u001b[36m<div\u001b[39m\n              \u001b[33mclass\u001b[39m=\u001b[32m\"bg-white dark:bg-gray-800 rounded-lg p-6\"\u001b[39m\n            \u001b[36m>\u001b[39m\n              \u001b[36m<div\u001b[39m\n                \u001b[33mclass\u001b[39m=\u001b[32m\"h-4 bg-gray-200 dark:bg-gray-700 rounded w-3/4 mb-4\"\u001b[39m\n              \u001b[36m/>\u001b[39m\n              \u001b[36m<div\u001b[39m\n                \u001b[33mclass\u001b[39m=\u001b[32m\"h-32 bg-gray-200 dark:bg-gray-700 rounded mb-4\"\u001b[39m\n              \u001b[36m/>\u001b[39m\n              \u001b[36m<div\u001b[39m\n                \u001b[33mclass\u001b[39m=\u001b[32m\"flex space-x-4\"\u001b[39m\n              \u001b[36m>\u001b[39m\n                \u001b[36m<div\u001b[39m\n                  \u001b[33mclass\u001b[39m=\u001b[32m\"h-4 bg-gray-200 dark:bg-gray-700 rounded w-16\"\u001b[39m\n                \u001b[36m/>\u001b[39m\n                \u001b[36m<div\u001b[39m\n                  \u001b[33mclass\u001b[39m=\u001b[32m\"h-4 bg-gray-200 dark:bg-gray-700 rounded w-16\"\u001b[39m\n                \u001b[36m/>\u001b[39m\n                \u001b[36m<div\u001b[39m\n                  \u001b[33mclass\u001b[39m=\u001b[32m\"h-4 bg-gray-200 dark:bg-gray-700 rounded w-16\"\u001b[39m\n                \u001b[36m/>\u001b[39m\n              \u001b[36m</div>\u001b[39m\n            \u001b[36m</div>\u001b[39m\n            \u001b[36m<div\u001b[39m\n              \u001b[33mclass\u001b[39m=\u001b[32m\"bg-white dark:bg-gray-800 rounded-lg p-6\"\u001b[39m\n            \u001b[36m>\u001b[39m\n              \u001b[36m<div\u001b[39m\n                \u001b[33mclass\u001b[39m=\u001b[32m\"h-4 bg-gray-200 dark:bg-gray-700 rounded w-3/4 mb-4\"\u001b[39m\n              \u001b[36m/>\u001b[39m\n              \u001b[36m<div\u001b[39m\n                \u001b[33mclass\u001b[39m=\u001b[32m\"h-32 bg-gray-200 dark:bg-gray-700 rounded mb-4\"\u001b[39m\n              \u001b[36m/>\u001b[39m\n              \u001b[36m<div\u001b[39m\n                \u001b[33mclass\u001b[39m=\u001b[32m\"flex space-x-4\"\u001b[39m\n              \u001b[36m>\u001b[39m\n                \u001b[36m<div\u001b[39m\n                  \u001b[33mclass\u001b[39m=\u001b[32m\"h-4 bg-gray-200 dark:bg-gray-700 rounded w-16\"\u001b[39m\n                \u001b[36m/>\u001b[39m\n                \u001b[36m<div\u001b[39m\n                  \u001b[33mclass\u001b[39m=\u001b[32m\"h-4 bg-gray-200 dark:bg-gray-700 rounded w-16\"\u001b[39m\n                \u001b[36m/>\u001b[39m\n                \u001b[36m<div\u001b[39m\n                  \u001b[33mclass\u001b[39m=\u001b[32m\"h-4 bg-gray-200 dark:bg-gray-700 rounded w-16\"\u001b[39m\n                \u001b[36m/>\u001b[39m\n              \u001b[36m</div>\u001b[39m\n            \u001b[36m</div>\u001b[39m\n          \u001b[36m</div>\u001b[39m\n        \u001b[36m</div>\u001b[39m\n      \u001b[36m</div>\u001b[39m\n    \u001b[36m</div>\u001b[39m\n  \u001b[36m</div>\u001b[39m\n\u001b[36m</body>\u001b[39m\n    at Object.getElementError (C:\\Users\\A\\Documents\\Git\\YT\\ytmain-v6\\node_modules\\@testing-library\\dom\\dist\\config.js:37:19)\n    at C:\\Users\\A\\Documents\\Git\\YT\\ytmain-v6\\node_modules\\@testing-library\\dom\\dist\\query-helpers.js:76:38\n    at C:\\Users\\A\\Documents\\Git\\YT\\ytmain-v6\\node_modules\\@testing-library\\dom\\dist\\query-helpers.js:52:17\n    at C:\\Users\\A\\Documents\\Git\\YT\\ytmain-v6\\node_modules\\@testing-library\\dom\\dist\\query-helpers.js:95:19\n    at C:\\Users\\A\\Documents\\Git\\YT\\ytmain-v6\\test\\integration\\CommunityPage.test.tsx:72:19\n    at file:///C:/Users/A/Documents/Git/YT/ytmain-v6/node_modules/@vitest/runner/dist/chunk-hooks.js:155:11\n    at file:///C:/Users/A/Documents/Git/YT/ytmain-v6/node_modules/@vitest/runner/dist/chunk-hooks.js:752:26\n    at file:///C:/Users/A/Documents/Git/YT/ytmain-v6/node_modules/@vitest/runner/dist/chunk-hooks.js:1897:20\n    at new Promise (<anonymous>)\n    at runWithTimeout (file:///C:/Users/A/Documents/Git/YT/ytmain-v6/node_modules/@vitest/runner/dist/chunk-hooks.js:1863:10)","TestingLibraryElementError: Unable to find an element with the text: 10. This could be because the text is broken up by multiple elements. In this case, you can provide a function for your text matcher to make your matcher more flexible.\n\nIgnored nodes: comments, script, style\n\u001b[36m<body>\u001b[39m\n  \u001b[36m<div>\u001b[39m\n    \u001b[36m<div\u001b[39m\n      \u001b[33mclass\u001b[39m=\u001b[32m\"min-h-screen bg-gray-50 dark:bg-gray-900 p-6\"\u001b[39m\n    \u001b[36m>\u001b[39m\n      \u001b[36m<div\u001b[39m\n        \u001b[33mclass\u001b[39m=\u001b[32m\"max-w-4xl mx-auto\"\u001b[39m\n      \u001b[36m>\u001b[39m\n        \u001b[36m<div\u001b[39m\n          \u001b[33mclass\u001b[39m=\u001b[32m\"animate-pulse\"\u001b[39m\n        \u001b[36m>\u001b[39m\n          \u001b[36m<div\u001b[39m\n            \u001b[33mclass\u001b[39m=\u001b[32m\"h-8 bg-gray-200 dark:bg-gray-700 rounded w-1/4 mb-6\"\u001b[39m\n          \u001b[36m/>\u001b[39m\n          \u001b[36m<div\u001b[39m\n            \u001b[33mclass\u001b[39m=\u001b[32m\"space-y-4\"\u001b[39m\n          \u001b[36m>\u001b[39m\n            \u001b[36m<div\u001b[39m\n              \u001b[33mclass\u001b[39m=\u001b[32m\"bg-white dark:bg-gray-800 rounded-lg p-6\"\u001b[39m\n            \u001b[36m>\u001b[39m\n              \u001b[36m<div\u001b[39m\n                \u001b[33mclass\u001b[39m=\u001b[32m\"h-4 bg-gray-200 dark:bg-gray-700 rounded w-3/4 mb-4\"\u001b[39m\n              \u001b[36m/>\u001b[39m\n              \u001b[36m<div\u001b[39m\n                \u001b[33mclass\u001b[39m=\u001b[32m\"h-32 bg-gray-200 dark:bg-gray-700 rounded mb-4\"\u001b[39m\n              \u001b[36m/>\u001b[39m\n              \u001b[36m<div\u001b[39m\n                \u001b[33mclass\u001b[39m=\u001b[32m\"flex space-x-4\"\u001b[39m\n              \u001b[36m>\u001b[39m\n                \u001b[36m<div\u001b[39m\n                  \u001b[33mclass\u001b[39m=\u001b[32m\"h-4 bg-gray-200 dark:bg-gray-700 rounded w-16\"\u001b[39m\n                \u001b[36m/>\u001b[39m\n                \u001b[36m<div\u001b[39m\n                  \u001b[33mclass\u001b[39m=\u001b[32m\"h-4 bg-gray-200 dark:bg-gray-700 rounded w-16\"\u001b[39m\n                \u001b[36m/>\u001b[39m\n                \u001b[36m<div\u001b[39m\n                  \u001b[33mclass\u001b[39m=\u001b[32m\"h-4 bg-gray-200 dark:bg-gray-700 rounded w-16\"\u001b[39m\n                \u001b[36m/>\u001b[39m\n              \u001b[36m</div>\u001b[39m\n            \u001b[36m</div>\u001b[39m\n            \u001b[36m<div\u001b[39m\n              \u001b[33mclass\u001b[39m=\u001b[32m\"bg-white dark:bg-gray-800 rounded-lg p-6\"\u001b[39m\n            \u001b[36m>\u001b[39m\n              \u001b[36m<div\u001b[39m\n                \u001b[33mclass\u001b[39m=\u001b[32m\"h-4 bg-gray-200 dark:bg-gray-700 rounded w-3/4 mb-4\"\u001b[39m\n              \u001b[36m/>\u001b[39m\n              \u001b[36m<div\u001b[39m\n                \u001b[33mclass\u001b[39m=\u001b[32m\"h-32 bg-gray-200 dark:bg-gray-700 rounded mb-4\"\u001b[39m\n              \u001b[36m/>\u001b[39m\n              \u001b[36m<div\u001b[39m\n                \u001b[33mclass\u001b[39m=\u001b[32m\"flex space-x-4\"\u001b[39m\n              \u001b[36m>\u001b[39m\n                \u001b[36m<div\u001b[39m\n                  \u001b[33mclass\u001b[39m=\u001b[32m\"h-4 bg-gray-200 dark:bg-gray-700 rounded w-16\"\u001b[39m\n                \u001b[36m/>\u001b[39m\n                \u001b[36m<div\u001b[39m\n                  \u001b[33mclass\u001b[39m=\u001b[32m\"h-4 bg-gray-200 dark:bg-gray-700 rounded w-16\"\u001b[39m\n                \u001b[36m/>\u001b[39m\n                \u001b[36m<div\u001b[39m\n                  \u001b[33mclass\u001b[39m=\u001b[32m\"h-4 bg-gray-200 dark:bg-gray-700 rounded w-16\"\u001b[39m\n                \u001b[36m/>\u001b[39m\n              \u001b[36m</div>\u001b[39m\n            \u001b[36m</div>\u001b[39m\n            \u001b[36m<div\u001b[39m\n              \u001b[33mclass\u001b[39m=\u001b[32m\"bg-white dark:bg-gray-800 rounded-lg p-6\"\u001b[39m\n            \u001b[36m>\u001b[39m\n              \u001b[36m<div\u001b[39m\n                \u001b[33mclass\u001b[39m=\u001b[32m\"h-4 bg-gray-200 dark:bg-gray-700 rounded w-3/4 mb-4\"\u001b[39m\n              \u001b[36m/>\u001b[39m\n              \u001b[36m<div\u001b[39m\n                \u001b[33mclass\u001b[39m=\u001b[32m\"h-32 bg-gray-200 dark:bg-gray-700 rounded mb-4\"\u001b[39m\n              \u001b[36m/>\u001b[39m\n              \u001b[36m<div\u001b[39m\n                \u001b[33mclass\u001b[39m=\u001b[32m\"flex space-x-4\"\u001b[39m\n              \u001b[36m>\u001b[39m\n                \u001b[36m<div\u001b[39m\n                  \u001b[33mclass\u001b[39m=\u001b[32m\"h-4 bg-gray-200 dark:bg-gray-700 rounded w-16\"\u001b[39m\n                \u001b[36m/>\u001b[39m\n                \u001b[36m<div\u001b[39m\n                  \u001b[33mclass\u001b[39m=\u001b[32m\"h-4 bg-gray-200 dark:bg-gray-700 rounded w-16\"\u001b[39m\n                \u001b[36m/>\u001b[39m\n                \u001b[36m<div\u001b[39m\n                  \u001b[33mclass\u001b[39m=\u001b[32m\"h-4 bg-gray-200 dark:bg-gray-700 rounded w-16\"\u001b[39m\n                \u001b[36m/>\u001b[39m\n              \u001b[36m</div>\u001b[39m\n            \u001b[36m</div>\u001b[39m\n          \u001b[36m</div>\u001b[39m\n        \u001b[36m</div>\u001b[39m\n      \u001b[36m</div>\u001b[39m\n    \u001b[36m</div>\u001b[39m\n  \u001b[36m</div>\u001b[39m\n\u001b[36m</body>\u001b[39m\n    at Object.getElementError (C:\\Users\\A\\Documents\\Git\\YT\\ytmain-v6\\node_modules\\@testing-library\\dom\\dist\\config.js:37:19)\n    at C:\\Users\\A\\Documents\\Git\\YT\\ytmain-v6\\node_modules\\@testing-library\\dom\\dist\\query-helpers.js:76:38\n    at C:\\Users\\A\\Documents\\Git\\YT\\ytmain-v6\\node_modules\\@testing-library\\dom\\dist\\query-helpers.js:52:17\n    at C:\\Users\\A\\Documents\\Git\\YT\\ytmain-v6\\node_modules\\@testing-library\\dom\\dist\\query-helpers.js:95:19\n    at C:\\Users\\A\\Documents\\Git\\YT\\ytmain-v6\\test\\integration\\CommunityPage.test.tsx:72:19\n    at file:///C:/Users/A/Documents/Git/YT/ytmain-v6/node_modules/@vitest/runner/dist/chunk-hooks.js:155:11\n    at file:///C:/Users/A/Documents/Git/YT/ytmain-v6/node_modules/@vitest/runner/dist/chunk-hooks.js:752:26\n    at file:///C:/Users/A/Documents/Git/YT/ytmain-v6/node_modules/@vitest/runner/dist/chunk-hooks.js:1897:20\n    at new Promise (<anonymous>)\n    at runWithTimeout (file:///C:/Users/A/Documents/Git/YT/ytmain-v6/node_modules/@vitest/runner/dist/chunk-hooks.js:1863:10)","TestingLibraryElementError: Unable to find an element with the text: 10. This could be because the text is broken up by multiple elements. In this case, you can provide a function for your text matcher to make your matcher more flexible.\n\nIgnored nodes: comments, script, style\n\u001b[36m<body>\u001b[39m\n  \u001b[36m<div>\u001b[39m\n    \u001b[36m<div\u001b[39m\n      \u001b[33mclass\u001b[39m=\u001b[32m\"min-h-screen bg-gray-50 dark:bg-gray-900 p-6\"\u001b[39m\n    \u001b[36m>\u001b[39m\n      \u001b[36m<div\u001b[39m\n        \u001b[33mclass\u001b[39m=\u001b[32m\"max-w-4xl mx-auto\"\u001b[39m\n      \u001b[36m>\u001b[39m\n        \u001b[36m<div\u001b[39m\n          \u001b[33mclass\u001b[39m=\u001b[32m\"animate-pulse\"\u001b[39m\n        \u001b[36m>\u001b[39m\n          \u001b[36m<div\u001b[39m\n            \u001b[33mclass\u001b[39m=\u001b[32m\"h-8 bg-gray-200 dark:bg-gray-700 rounded w-1/4 mb-6\"\u001b[39m\n          \u001b[36m/>\u001b[39m\n          \u001b[36m<div\u001b[39m\n            \u001b[33mclass\u001b[39m=\u001b[32m\"space-y-4\"\u001b[39m\n          \u001b[36m>\u001b[39m\n            \u001b[36m<div\u001b[39m\n              \u001b[33mclass\u001b[39m=\u001b[32m\"bg-white dark:bg-gray-800 rounded-lg p-6\"\u001b[39m\n            \u001b[36m>\u001b[39m\n              \u001b[36m<div\u001b[39m\n                \u001b[33mclass\u001b[39m=\u001b[32m\"h-4 bg-gray-200 dark:bg-gray-700 rounded w-3/4 mb-4\"\u001b[39m\n              \u001b[36m/>\u001b[39m\n              \u001b[36m<div\u001b[39m\n                \u001b[33mclass\u001b[39m=\u001b[32m\"h-32 bg-gray-200 dark:bg-gray-700 rounded mb-4\"\u001b[39m\n              \u001b[36m/>\u001b[39m\n              \u001b[36m<div\u001b[39m\n                \u001b[33mclass\u001b[39m=\u001b[32m\"flex space-x-4\"\u001b[39m\n              \u001b[36m>\u001b[39m\n                \u001b[36m<div\u001b[39m\n                  \u001b[33mclass\u001b[39m=\u001b[32m\"h-4 bg-gray-200 dark:bg-gray-700 rounded w-16\"\u001b[39m\n                \u001b[36m/>\u001b[39m\n                \u001b[36m<div\u001b[39m\n                  \u001b[33mclass\u001b[39m=\u001b[32m\"h-4 bg-gray-200 dark:bg-gray-700 rounded w-16\"\u001b[39m\n                \u001b[36m/>\u001b[39m\n                \u001b[36m<div\u001b[39m\n                  \u001b[33mclass\u001b[39m=\u001b[32m\"h-4 bg-gray-200 dark:bg-gray-700 rounded w-16\"\u001b[39m\n                \u001b[36m/>\u001b[39m\n              \u001b[36m</div>\u001b[39m\n            \u001b[36m</div>\u001b[39m\n            \u001b[36m<div\u001b[39m\n              \u001b[33mclass\u001b[39m=\u001b[32m\"bg-white dark:bg-gray-800 rounded-lg p-6\"\u001b[39m\n            \u001b[36m>\u001b[39m\n              \u001b[36m<div\u001b[39m\n                \u001b[33mclass\u001b[39m=\u001b[32m\"h-4 bg-gray-200 dark:bg-gray-700 rounded w-3/4 mb-4\"\u001b[39m\n              \u001b[36m/>\u001b[39m\n              \u001b[36m<div\u001b[39m\n                \u001b[33mclass\u001b[39m=\u001b[32m\"h-32 bg-gray-200 dark:bg-gray-700 rounded mb-4\"\u001b[39m\n              \u001b[36m/>\u001b[39m\n              \u001b[36m<div\u001b[39m\n                \u001b[33mclass\u001b[39m=\u001b[32m\"flex space-x-4\"\u001b[39m\n              \u001b[36m>\u001b[39m\n                \u001b[36m<div\u001b[39m\n                  \u001b[33mclass\u001b[39m=\u001b[32m\"h-4 bg-gray-200 dark:bg-gray-700 rounded w-16\"\u001b[39m\n                \u001b[36m/>\u001b[39m\n                \u001b[36m<div\u001b[39m\n                  \u001b[33mclass\u001b[39m=\u001b[32m\"h-4 bg-gray-200 dark:bg-gray-700 rounded w-16\"\u001b[39m\n                \u001b[36m/>\u001b[39m\n                \u001b[36m<div\u001b[39m\n                  \u001b[33mclass\u001b[39m=\u001b[32m\"h-4 bg-gray-200 dark:bg-gray-700 rounded w-16\"\u001b[39m\n                \u001b[36m/>\u001b[39m\n              \u001b[36m</div>\u001b[39m\n            \u001b[36m</div>\u001b[39m\n            \u001b[36m<div\u001b[39m\n              \u001b[33mclass\u001b[39m=\u001b[32m\"bg-white dark:bg-gray-800 rounded-lg p-6\"\u001b[39m\n            \u001b[36m>\u001b[39m\n              \u001b[36m<div\u001b[39m\n                \u001b[33mclass\u001b[39m=\u001b[32m\"h-4 bg-gray-200 dark:bg-gray-700 rounded w-3/4 mb-4\"\u001b[39m\n              \u001b[36m/>\u001b[39m\n              \u001b[36m<div\u001b[39m\n                \u001b[33mclass\u001b[39m=\u001b[32m\"h-32 bg-gray-200 dark:bg-gray-700 rounded mb-4\"\u001b[39m\n              \u001b[36m/>\u001b[39m\n              \u001b[36m<div\u001b[39m\n                \u001b[33mclass\u001b[39m=\u001b[32m\"flex space-x-4\"\u001b[39m\n              \u001b[36m>\u001b[39m\n                \u001b[36m<div\u001b[39m\n                  \u001b[33mclass\u001b[39m=\u001b[32m\"h-4 bg-gray-200 dark:bg-gray-700 rounded w-16\"\u001b[39m\n                \u001b[36m/>\u001b[39m\n                \u001b[36m<div\u001b[39m\n                  \u001b[33mclass\u001b[39m=\u001b[32m\"h-4 bg-gray-200 dark:bg-gray-700 rounded w-16\"\u001b[39m\n                \u001b[36m/>\u001b[39m\n                \u001b[36m<div\u001b[39m\n                  \u001b[33mclass\u001b[39m=\u001b[32m\"h-4 bg-gray-200 dark:bg-gray-700 rounded w-16\"\u001b[39m\n                \u001b[36m/>\u001b[39m\n              \u001b[36m</div>\u001b[39m\n            \u001b[36m</div>\u001b[39m\n          \u001b[36m</div>\u001b[39m\n        \u001b[36m</div>\u001b[39m\n      \u001b[36m</div>\u001b[39m\n    \u001b[36m</div>\u001b[39m\n  \u001b[36m</div>\u001b[39m\n\u001b[36m</body>\u001b[39m\n    at Object.getElementError (C:\\Users\\A\\Documents\\Git\\YT\\ytmain-v6\\node_modules\\@testing-library\\dom\\dist\\config.js:37:19)\n    at C:\\Users\\A\\Documents\\Git\\YT\\ytmain-v6\\node_modules\\@testing-library\\dom\\dist\\query-helpers.js:76:38\n    at C:\\Users\\A\\Documents\\Git\\YT\\ytmain-v6\\node_modules\\@testing-library\\dom\\dist\\query-helpers.js:52:17\n    at C:\\Users\\A\\Documents\\Git\\YT\\ytmain-v6\\node_modules\\@testing-library\\dom\\dist\\query-helpers.js:95:19\n    at C:\\Users\\A\\Documents\\Git\\YT\\ytmain-v6\\test\\integration\\CommunityPage.test.tsx:72:19\n    at file:///C:/Users/A/Documents/Git/YT/ytmain-v6/node_modules/@vitest/runner/dist/chunk-hooks.js:155:11\n    at file:///C:/Users/A/Documents/Git/YT/ytmain-v6/node_modules/@vitest/runner/dist/chunk-hooks.js:752:26\n    at file:///C:/Users/A/Documents/Git/YT/ytmain-v6/node_modules/@vitest/runner/dist/chunk-hooks.js:1897:20\n    at new Promise (<anonymous>)\n    at runWithTimeout (file:///C:/Users/A/Documents/Git/YT/ytmain-v6/node_modules/@vitest/runner/dist/chunk-hooks.js:1863:10)"],"location":{"line":69,"column":3},"meta":{}},{"ancestorTitles":["CommunityPage"],"fullName":"CommunityPage shows create post form","status":"failed","title":"shows create post form","duration":79.55009999999311,"failureMessages":["TestingLibraryElementError: Unable to find an element with the placeholder text of: /what's on your mind/i\n\nIgnored nodes: comments, script, style\n\u001b[36m<body>\u001b[39m\n  \u001b[36m<div>\u001b[39m\n    \u001b[36m<div\u001b[39m\n      \u001b[33mclass\u001b[39m=\u001b[32m\"min-h-screen bg-gray-50 dark:bg-gray-900 p-6\"\u001b[39m\n    \u001b[36m>\u001b[39m\n      \u001b[36m<div\u001b[39m\n        \u001b[33mclass\u001b[39m=\u001b[32m\"max-w-4xl mx-auto\"\u001b[39m\n      \u001b[36m>\u001b[39m\n        \u001b[36m<div\u001b[39m\n          \u001b[33mclass\u001b[39m=\u001b[32m\"animate-pulse\"\u001b[39m\n        \u001b[36m>\u001b[39m\n          \u001b[36m<div\u001b[39m\n            \u001b[33mclass\u001b[39m=\u001b[32m\"h-8 bg-gray-200 dark:bg-gray-700 rounded w-1/4 mb-6\"\u001b[39m\n          \u001b[36m/>\u001b[39m\n          \u001b[36m<div\u001b[39m\n            \u001b[33mclass\u001b[39m=\u001b[32m\"space-y-4\"\u001b[39m\n          \u001b[36m>\u001b[39m\n            \u001b[36m<div\u001b[39m\n              \u001b[33mclass\u001b[39m=\u001b[32m\"bg-white dark:bg-gray-800 rounded-lg p-6\"\u001b[39m\n            \u001b[36m>\u001b[39m\n              \u001b[36m<div\u001b[39m\n                \u001b[33mclass\u001b[39m=\u001b[32m\"h-4 bg-gray-200 dark:bg-gray-700 rounded w-3/4 mb-4\"\u001b[39m\n              \u001b[36m/>\u001b[39m\n              \u001b[36m<div\u001b[39m\n                \u001b[33mclass\u001b[39m=\u001b[32m\"h-32 bg-gray-200 dark:bg-gray-700 rounded mb-4\"\u001b[39m\n              \u001b[36m/>\u001b[39m\n              \u001b[36m<div\u001b[39m\n                \u001b[33mclass\u001b[39m=\u001b[32m\"flex space-x-4\"\u001b[39m\n              \u001b[36m>\u001b[39m\n                \u001b[36m<div\u001b[39m\n                  \u001b[33mclass\u001b[39m=\u001b[32m\"h-4 bg-gray-200 dark:bg-gray-700 rounded w-16\"\u001b[39m\n                \u001b[36m/>\u001b[39m\n                \u001b[36m<div\u001b[39m\n                  \u001b[33mclass\u001b[39m=\u001b[32m\"h-4 bg-gray-200 dark:bg-gray-700 rounded w-16\"\u001b[39m\n                \u001b[36m/>\u001b[39m\n                \u001b[36m<div\u001b[39m\n                  \u001b[33mclass\u001b[39m=\u001b[32m\"h-4 bg-gray-200 dark:bg-gray-700 rounded w-16\"\u001b[39m\n                \u001b[36m/>\u001b[39m\n              \u001b[36m</div>\u001b[39m\n            \u001b[36m</div>\u001b[39m\n            \u001b[36m<div\u001b[39m\n              \u001b[33mclass\u001b[39m=\u001b[32m\"bg-white dark:bg-gray-800 rounded-lg p-6\"\u001b[39m\n            \u001b[36m>\u001b[39m\n              \u001b[36m<div\u001b[39m\n                \u001b[33mclass\u001b[39m=\u001b[32m\"h-4 bg-gray-200 dark:bg-gray-700 rounded w-3/4 mb-4\"\u001b[39m\n              \u001b[36m/>\u001b[39m\n              \u001b[36m<div\u001b[39m\n                \u001b[33mclass\u001b[39m=\u001b[32m\"h-32 bg-gray-200 dark:bg-gray-700 rounded mb-4\"\u001b[39m\n              \u001b[36m/>\u001b[39m\n              \u001b[36m<div\u001b[39m\n                \u001b[33mclass\u001b[39m=\u001b[32m\"flex space-x-4\"\u001b[39m\n              \u001b[36m>\u001b[39m\n                \u001b[36m<div\u001b[39m\n                  \u001b[33mclass\u001b[39m=\u001b[32m\"h-4 bg-gray-200 dark:bg-gray-700 rounded w-16\"\u001b[39m\n                \u001b[36m/>\u001b[39m\n                \u001b[36m<div\u001b[39m\n                  \u001b[33mclass\u001b[39m=\u001b[32m\"h-4 bg-gray-200 dark:bg-gray-700 rounded w-16\"\u001b[39m\n                \u001b[36m/>\u001b[39m\n                \u001b[36m<div\u001b[39m\n                  \u001b[33mclass\u001b[39m=\u001b[32m\"h-4 bg-gray-200 dark:bg-gray-700 rounded w-16\"\u001b[39m\n                \u001b[36m/>\u001b[39m\n              \u001b[36m</div>\u001b[39m\n            \u001b[36m</div>\u001b[39m\n            \u001b[36m<div\u001b[39m\n              \u001b[33mclass\u001b[39m=\u001b[32m\"bg-white dark:bg-gray-800 rounded-lg p-6\"\u001b[39m\n            \u001b[36m>\u001b[39m\n              \u001b[36m<div\u001b[39m\n                \u001b[33mclass\u001b[39m=\u001b[32m\"h-4 bg-gray-200 dark:bg-gray-700 rounded w-3/4 mb-4\"\u001b[39m\n              \u001b[36m/>\u001b[39m\n              \u001b[36m<div\u001b[39m\n                \u001b[33mclass\u001b[39m=\u001b[32m\"h-32 bg-gray-200 dark:bg-gray-700 rounded mb-4\"\u001b[39m\n              \u001b[36m/>\u001b[39m\n              \u001b[36m<div\u001b[39m\n                \u001b[33mclass\u001b[39m=\u001b[32m\"flex space-x-4\"\u001b[39m\n              \u001b[36m>\u001b[39m\n                \u001b[36m<div\u001b[39m\n                  \u001b[33mclass\u001b[39m=\u001b[32m\"h-4 bg-gray-200 dark:bg-gray-700 rounded w-16\"\u001b[39m\n                \u001b[36m/>\u001b[39m\n                \u001b[36m<div\u001b[39m\n                  \u001b[33mclass\u001b[39m=\u001b[32m\"h-4 bg-gray-200 dark:bg-gray-700 rounded w-16\"\u001b[39m\n                \u001b[36m/>\u001b[39m\n                \u001b[36m<div\u001b[39m\n                  \u001b[33mclass\u001b[39m=\u001b[32m\"h-4 bg-gray-200 dark:bg-gray-700 rounded w-16\"\u001b[39m\n                \u001b[36m/>\u001b[39m\n              \u001b[36m</div>\u001b[39m\n            \u001b[36m</div>\u001b[39m\n          \u001b[36m</div>\u001b[39m\n        \u001b[36m</div>\u001b[39m\n      \u001b[36m</div>\u001b[39m\n    \u001b[36m</div>\u001b[39m\n  \u001b[36m</div>\u001b[39m\n\u001b[36m</body>\u001b[39m\n    at Object.getElementError (C:\\Users\\A\\Documents\\Git\\YT\\ytmain-v6\\node_modules\\@testing-library\\dom\\dist\\config.js:37:19)\n    at C:\\Users\\A\\Documents\\Git\\YT\\ytmain-v6\\node_modules\\@testing-library\\dom\\dist\\query-helpers.js:76:38\n    at C:\\Users\\A\\Documents\\Git\\YT\\ytmain-v6\\node_modules\\@testing-library\\dom\\dist\\query-helpers.js:52:17\n    at C:\\Users\\A\\Documents\\Git\\YT\\ytmain-v6\\node_modules\\@testing-library\\dom\\dist\\query-helpers.js:95:19\n    at C:\\Users\\A\\Documents\\Git\\YT\\ytmain-v6\\test\\integration\\CommunityPage.test.tsx:81:19\n    at file:///C:/Users/A/Documents/Git/YT/ytmain-v6/node_modules/@vitest/runner/dist/chunk-hooks.js:155:11\n    at file:///C:/Users/A/Documents/Git/YT/ytmain-v6/node_modules/@vitest/runner/dist/chunk-hooks.js:752:26\n    at file:///C:/Users/A/Documents/Git/YT/ytmain-v6/node_modules/@vitest/runner/dist/chunk-hooks.js:1897:20\n    at new Promise (<anonymous>)\n    at runWithTimeout (file:///C:/Users/A/Documents/Git/YT/ytmain-v6/node_modules/@vitest/runner/dist/chunk-hooks.js:1863:10)","TestingLibraryElementError: Unable to find an element with the placeholder text of: /what's on your mind/i\n\nIgnored nodes: comments, script, style\n\u001b[36m<body>\u001b[39m\n  \u001b[36m<div>\u001b[39m\n    \u001b[36m<div\u001b[39m\n      \u001b[33mclass\u001b[39m=\u001b[32m\"min-h-screen bg-gray-50 dark:bg-gray-900 p-6\"\u001b[39m\n    \u001b[36m>\u001b[39m\n      \u001b[36m<div\u001b[39m\n        \u001b[33mclass\u001b[39m=\u001b[32m\"max-w-4xl mx-auto\"\u001b[39m\n      \u001b[36m>\u001b[39m\n        \u001b[36m<div\u001b[39m\n          \u001b[33mclass\u001b[39m=\u001b[32m\"animate-pulse\"\u001b[39m\n        \u001b[36m>\u001b[39m\n          \u001b[36m<div\u001b[39m\n            \u001b[33mclass\u001b[39m=\u001b[32m\"h-8 bg-gray-200 dark:bg-gray-700 rounded w-1/4 mb-6\"\u001b[39m\n          \u001b[36m/>\u001b[39m\n          \u001b[36m<div\u001b[39m\n            \u001b[33mclass\u001b[39m=\u001b[32m\"space-y-4\"\u001b[39m\n          \u001b[36m>\u001b[39m\n            \u001b[36m<div\u001b[39m\n              \u001b[33mclass\u001b[39m=\u001b[32m\"bg-white dark:bg-gray-800 rounded-lg p-6\"\u001b[39m\n            \u001b[36m>\u001b[39m\n              \u001b[36m<div\u001b[39m\n                \u001b[33mclass\u001b[39m=\u001b[32m\"h-4 bg-gray-200 dark:bg-gray-700 rounded w-3/4 mb-4\"\u001b[39m\n              \u001b[36m/>\u001b[39m\n              \u001b[36m<div\u001b[39m\n                \u001b[33mclass\u001b[39m=\u001b[32m\"h-32 bg-gray-200 dark:bg-gray-700 rounded mb-4\"\u001b[39m\n              \u001b[36m/>\u001b[39m\n              \u001b[36m<div\u001b[39m\n                \u001b[33mclass\u001b[39m=\u001b[32m\"flex space-x-4\"\u001b[39m\n              \u001b[36m>\u001b[39m\n                \u001b[36m<div\u001b[39m\n                  \u001b[33mclass\u001b[39m=\u001b[32m\"h-4 bg-gray-200 dark:bg-gray-700 rounded w-16\"\u001b[39m\n                \u001b[36m/>\u001b[39m\n                \u001b[36m<div\u001b[39m\n                  \u001b[33mclass\u001b[39m=\u001b[32m\"h-4 bg-gray-200 dark:bg-gray-700 rounded w-16\"\u001b[39m\n                \u001b[36m/>\u001b[39m\n                \u001b[36m<div\u001b[39m\n                  \u001b[33mclass\u001b[39m=\u001b[32m\"h-4 bg-gray-200 dark:bg-gray-700 rounded w-16\"\u001b[39m\n                \u001b[36m/>\u001b[39m\n              \u001b[36m</div>\u001b[39m\n            \u001b[36m</div>\u001b[39m\n            \u001b[36m<div\u001b[39m\n              \u001b[33mclass\u001b[39m=\u001b[32m\"bg-white dark:bg-gray-800 rounded-lg p-6\"\u001b[39m\n            \u001b[36m>\u001b[39m\n              \u001b[36m<div\u001b[39m\n                \u001b[33mclass\u001b[39m=\u001b[32m\"h-4 bg-gray-200 dark:bg-gray-700 rounded w-3/4 mb-4\"\u001b[39m\n              \u001b[36m/>\u001b[39m\n              \u001b[36m<div\u001b[39m\n                \u001b[33mclass\u001b[39m=\u001b[32m\"h-32 bg-gray-200 dark:bg-gray-700 rounded mb-4\"\u001b[39m\n              \u001b[36m/>\u001b[39m\n              \u001b[36m<div\u001b[39m\n                \u001b[33mclass\u001b[39m=\u001b[32m\"flex space-x-4\"\u001b[39m\n              \u001b[36m>\u001b[39m\n                \u001b[36m<div\u001b[39m\n                  \u001b[33mclass\u001b[39m=\u001b[32m\"h-4 bg-gray-200 dark:bg-gray-700 rounded w-16\"\u001b[39m\n                \u001b[36m/>\u001b[39m\n                \u001b[36m<div\u001b[39m\n                  \u001b[33mclass\u001b[39m=\u001b[32m\"h-4 bg-gray-200 dark:bg-gray-700 rounded w-16\"\u001b[39m\n                \u001b[36m/>\u001b[39m\n                \u001b[36m<div\u001b[39m\n                  \u001b[33mclass\u001b[39m=\u001b[32m\"h-4 bg-gray-200 dark:bg-gray-700 rounded w-16\"\u001b[39m\n                \u001b[36m/>\u001b[39m\n              \u001b[36m</div>\u001b[39m\n            \u001b[36m</div>\u001b[39m\n            \u001b[36m<div\u001b[39m\n              \u001b[33mclass\u001b[39m=\u001b[32m\"bg-white dark:bg-gray-800 rounded-lg p-6\"\u001b[39m\n            \u001b[36m>\u001b[39m\n              \u001b[36m<div\u001b[39m\n                \u001b[33mclass\u001b[39m=\u001b[32m\"h-4 bg-gray-200 dark:bg-gray-700 rounded w-3/4 mb-4\"\u001b[39m\n              \u001b[36m/>\u001b[39m\n              \u001b[36m<div\u001b[39m\n                \u001b[33mclass\u001b[39m=\u001b[32m\"h-32 bg-gray-200 dark:bg-gray-700 rounded mb-4\"\u001b[39m\n              \u001b[36m/>\u001b[39m\n              \u001b[36m<div\u001b[39m\n                \u001b[33mclass\u001b[39m=\u001b[32m\"flex space-x-4\"\u001b[39m\n              \u001b[36m>\u001b[39m\n                \u001b[36m<div\u001b[39m\n                  \u001b[33mclass\u001b[39m=\u001b[32m\"h-4 bg-gray-200 dark:bg-gray-700 rounded w-16\"\u001b[39m\n                \u001b[36m/>\u001b[39m\n                \u001b[36m<div\u001b[39m\n                  \u001b[33mclass\u001b[39m=\u001b[32m\"h-4 bg-gray-200 dark:bg-gray-700 rounded w-16\"\u001b[39m\n                \u001b[36m/>\u001b[39m\n                \u001b[36m<div\u001b[39m\n                  \u001b[33mclass\u001b[39m=\u001b[32m\"h-4 bg-gray-200 dark:bg-gray-700 rounded w-16\"\u001b[39m\n                \u001b[36m/>\u001b[39m\n              \u001b[36m</div>\u001b[39m\n            \u001b[36m</div>\u001b[39m\n          \u001b[36m</div>\u001b[39m\n        \u001b[36m</div>\u001b[39m\n      \u001b[36m</div>\u001b[39m\n    \u001b[36m</div>\u001b[39m\n  \u001b[36m</div>\u001b[39m\n\u001b[36m</body>\u001b[39m\n    at Object.getElementError (C:\\Users\\A\\Documents\\Git\\YT\\ytmain-v6\\node_modules\\@testing-library\\dom\\dist\\config.js:37:19)\n    at C:\\Users\\A\\Documents\\Git\\YT\\ytmain-v6\\node_modules\\@testing-library\\dom\\dist\\query-helpers.js:76:38\n    at C:\\Users\\A\\Documents\\Git\\YT\\ytmain-v6\\node_modules\\@testing-library\\dom\\dist\\query-helpers.js:52:17\n    at C:\\Users\\A\\Documents\\Git\\YT\\ytmain-v6\\node_modules\\@testing-library\\dom\\dist\\query-helpers.js:95:19\n    at C:\\Users\\A\\Documents\\Git\\YT\\ytmain-v6\\test\\integration\\CommunityPage.test.tsx:81:19\n    at file:///C:/Users/A/Documents/Git/YT/ytmain-v6/node_modules/@vitest/runner/dist/chunk-hooks.js:155:11\n    at file:///C:/Users/A/Documents/Git/YT/ytmain-v6/node_modules/@vitest/runner/dist/chunk-hooks.js:752:26\n    at file:///C:/Users/A/Documents/Git/YT/ytmain-v6/node_modules/@vitest/runner/dist/chunk-hooks.js:1897:20\n    at new Promise (<anonymous>)\n    at runWithTimeout (file:///C:/Users/A/Documents/Git/YT/ytmain-v6/node_modules/@vitest/runner/dist/chunk-hooks.js:1863:10)","TestingLibraryElementError: Unable to find an element with the placeholder text of: /what's on your mind/i\n\nIgnored nodes: comments, script, style\n\u001b[36m<body>\u001b[39m\n  \u001b[36m<div>\u001b[39m\n    \u001b[36m<div\u001b[39m\n      \u001b[33mclass\u001b[39m=\u001b[32m\"min-h-screen bg-gray-50 dark:bg-gray-900 p-6\"\u001b[39m\n    \u001b[36m>\u001b[39m\n      \u001b[36m<div\u001b[39m\n        \u001b[33mclass\u001b[39m=\u001b[32m\"max-w-4xl mx-auto\"\u001b[39m\n      \u001b[36m>\u001b[39m\n        \u001b[36m<div\u001b[39m\n          \u001b[33mclass\u001b[39m=\u001b[32m\"animate-pulse\"\u001b[39m\n        \u001b[36m>\u001b[39m\n          \u001b[36m<div\u001b[39m\n            \u001b[33mclass\u001b[39m=\u001b[32m\"h-8 bg-gray-200 dark:bg-gray-700 rounded w-1/4 mb-6\"\u001b[39m\n          \u001b[36m/>\u001b[39m\n          \u001b[36m<div\u001b[39m\n            \u001b[33mclass\u001b[39m=\u001b[32m\"space-y-4\"\u001b[39m\n          \u001b[36m>\u001b[39m\n            \u001b[36m<div\u001b[39m\n              \u001b[33mclass\u001b[39m=\u001b[32m\"bg-white dark:bg-gray-800 rounded-lg p-6\"\u001b[39m\n            \u001b[36m>\u001b[39m\n              \u001b[36m<div\u001b[39m\n                \u001b[33mclass\u001b[39m=\u001b[32m\"h-4 bg-gray-200 dark:bg-gray-700 rounded w-3/4 mb-4\"\u001b[39m\n              \u001b[36m/>\u001b[39m\n              \u001b[36m<div\u001b[39m\n                \u001b[33mclass\u001b[39m=\u001b[32m\"h-32 bg-gray-200 dark:bg-gray-700 rounded mb-4\"\u001b[39m\n              \u001b[36m/>\u001b[39m\n              \u001b[36m<div\u001b[39m\n                \u001b[33mclass\u001b[39m=\u001b[32m\"flex space-x-4\"\u001b[39m\n              \u001b[36m>\u001b[39m\n                \u001b[36m<div\u001b[39m\n                  \u001b[33mclass\u001b[39m=\u001b[32m\"h-4 bg-gray-200 dark:bg-gray-700 rounded w-16\"\u001b[39m\n                \u001b[36m/>\u001b[39m\n                \u001b[36m<div\u001b[39m\n                  \u001b[33mclass\u001b[39m=\u001b[32m\"h-4 bg-gray-200 dark:bg-gray-700 rounded w-16\"\u001b[39m\n                \u001b[36m/>\u001b[39m\n                \u001b[36m<div\u001b[39m\n                  \u001b[33mclass\u001b[39m=\u001b[32m\"h-4 bg-gray-200 dark:bg-gray-700 rounded w-16\"\u001b[39m\n                \u001b[36m/>\u001b[39m\n              \u001b[36m</div>\u001b[39m\n            \u001b[36m</div>\u001b[39m\n            \u001b[36m<div\u001b[39m\n              \u001b[33mclass\u001b[39m=\u001b[32m\"bg-white dark:bg-gray-800 rounded-lg p-6\"\u001b[39m\n            \u001b[36m>\u001b[39m\n              \u001b[36m<div\u001b[39m\n                \u001b[33mclass\u001b[39m=\u001b[32m\"h-4 bg-gray-200 dark:bg-gray-700 rounded w-3/4 mb-4\"\u001b[39m\n              \u001b[36m/>\u001b[39m\n              \u001b[36m<div\u001b[39m\n                \u001b[33mclass\u001b[39m=\u001b[32m\"h-32 bg-gray-200 dark:bg-gray-700 rounded mb-4\"\u001b[39m\n              \u001b[36m/>\u001b[39m\n              \u001b[36m<div\u001b[39m\n                \u001b[33mclass\u001b[39m=\u001b[32m\"flex space-x-4\"\u001b[39m\n              \u001b[36m>\u001b[39m\n                \u001b[36m<div\u001b[39m\n                  \u001b[33mclass\u001b[39m=\u001b[32m\"h-4 bg-gray-200 dark:bg-gray-700 rounded w-16\"\u001b[39m\n                \u001b[36m/>\u001b[39m\n                \u001b[36m<div\u001b[39m\n                  \u001b[33mclass\u001b[39m=\u001b[32m\"h-4 bg-gray-200 dark:bg-gray-700 rounded w-16\"\u001b[39m\n                \u001b[36m/>\u001b[39m\n                \u001b[36m<div\u001b[39m\n                  \u001b[33mclass\u001b[39m=\u001b[32m\"h-4 bg-gray-200 dark:bg-gray-700 rounded w-16\"\u001b[39m\n                \u001b[36m/>\u001b[39m\n              \u001b[36m</div>\u001b[39m\n            \u001b[36m</div>\u001b[39m\n            \u001b[36m<div\u001b[39m\n              \u001b[33mclass\u001b[39m=\u001b[32m\"bg-white dark:bg-gray-800 rounded-lg p-6\"\u001b[39m\n            \u001b[36m>\u001b[39m\n              \u001b[36m<div\u001b[39m\n                \u001b[33mclass\u001b[39m=\u001b[32m\"h-4 bg-gray-200 dark:bg-gray-700 rounded w-3/4 mb-4\"\u001b[39m\n              \u001b[36m/>\u001b[39m\n              \u001b[36m<div\u001b[39m\n                \u001b[33mclass\u001b[39m=\u001b[32m\"h-32 bg-gray-200 dark:bg-gray-700 rounded mb-4\"\u001b[39m\n              \u001b[36m/>\u001b[39m\n              \u001b[36m<div\u001b[39m\n                \u001b[33mclass\u001b[39m=\u001b[32m\"flex space-x-4\"\u001b[39m\n              \u001b[36m>\u001b[39m\n                \u001b[36m<div\u001b[39m\n                  \u001b[33mclass\u001b[39m=\u001b[32m\"h-4 bg-gray-200 dark:bg-gray-700 rounded w-16\"\u001b[39m\n                \u001b[36m/>\u001b[39m\n                \u001b[36m<div\u001b[39m\n                  \u001b[33mclass\u001b[39m=\u001b[32m\"h-4 bg-gray-200 dark:bg-gray-700 rounded w-16\"\u001b[39m\n                \u001b[36m/>\u001b[39m\n                \u001b[36m<div\u001b[39m\n                  \u001b[33mclass\u001b[39m=\u001b[32m\"h-4 bg-gray-200 dark:bg-gray-700 rounded w-16\"\u001b[39m\n                \u001b[36m/>\u001b[39m\n              \u001b[36m</div>\u001b[39m\n            \u001b[36m</div>\u001b[39m\n          \u001b[36m</div>\u001b[39m\n        \u001b[36m</div>\u001b[39m\n      \u001b[36m</div>\u001b[39m\n    \u001b[36m</div>\u001b[39m\n  \u001b[36m</div>\u001b[39m\n\u001b[36m</body>\u001b[39m\n    at Object.getElementError (C:\\Users\\A\\Documents\\Git\\YT\\ytmain-v6\\node_modules\\@testing-library\\dom\\dist\\config.js:37:19)\n    at C:\\Users\\A\\Documents\\Git\\YT\\ytmain-v6\\node_modules\\@testing-library\\dom\\dist\\query-helpers.js:76:38\n    at C:\\Users\\A\\Documents\\Git\\YT\\ytmain-v6\\node_modules\\@testing-library\\dom\\dist\\query-helpers.js:52:17\n    at C:\\Users\\A\\Documents\\Git\\YT\\ytmain-v6\\node_modules\\@testing-library\\dom\\dist\\query-helpers.js:95:19\n    at C:\\Users\\A\\Documents\\Git\\YT\\ytmain-v6\\test\\integration\\CommunityPage.test.tsx:81:19\n    at file:///C:/Users/A/Documents/Git/YT/ytmain-v6/node_modules/@vitest/runner/dist/chunk-hooks.js:155:11\n    at file:///C:/Users/A/Documents/Git/YT/ytmain-v6/node_modules/@vitest/runner/dist/chunk-hooks.js:752:26\n    at file:///C:/Users/A/Documents/Git/YT/ytmain-v6/node_modules/@vitest/runner/dist/chunk-hooks.js:1897:20\n    at new Promise (<anonymous>)\n    at runWithTimeout (file:///C:/Users/A/Documents/Git/YT/ytmain-v6/node_modules/@vitest/runner/dist/chunk-hooks.js:1863:10)"],"location":{"line":78,"column":3},"meta":{}},{"ancestorTitles":["CommunityPage"],"fullName":"CommunityPage handles post creation","status":"failed","title":"handles post creation","duration":323.463499999998,"failureMessages":["TypeError: vi.mocked(...).mockReturnValue is not a function\n    at C:\\Users\\A\\Documents\\Git\\YT\\ytmain-v6\\test\\integration\\CommunityPage.test.tsx:89:35\n    at file:///C:/Users/A/Documents/Git/YT/ytmain-v6/node_modules/@vitest/runner/dist/chunk-hooks.js:752:20","TypeError: vi.mocked(...).mockReturnValue is not a function\n    at C:\\Users\\A\\Documents\\Git\\YT\\ytmain-v6\\test\\integration\\CommunityPage.test.tsx:89:35\n    at file:///C:/Users/A/Documents/Git/YT/ytmain-v6/node_modules/@vitest/runner/dist/chunk-hooks.js:752:20","TypeError: vi.mocked(...).mockReturnValue is not a function\n    at C:\\Users\\A\\Documents\\Git\\YT\\ytmain-v6\\test\\integration\\CommunityPage.test.tsx:89:35\n    at file:///C:/Users/A/Documents/Git/YT/ytmain-v6/node_modules/@vitest/runner/dist/chunk-hooks.js:752:20"],"location":{"line":85,"column":3},"meta":{}},{"ancestorTitles":["CommunityPage"],"fullName":"CommunityPage handles like button clicks","status":"failed","title":"handles like button clicks","duration":5.115699999994831,"failureMessages":["TypeError: vi.mocked(...).mockReturnValue is not a function\n    at C:\\Users\\A\\Documents\\Git\\YT\\ytmain-v6\\test\\integration\\CommunityPage.test.tsx:130:35\n    at file:///C:/Users/A/Documents/Git/YT/ytmain-v6/node_modules/@vitest/runner/dist/chunk-hooks.js:752:20","TypeError: vi.mocked(...).mockReturnValue is not a function\n    at C:\\Users\\A\\Documents\\Git\\YT\\ytmain-v6\\test\\integration\\CommunityPage.test.tsx:130:35\n    at file:///C:/Users/A/Documents/Git/YT/ytmain-v6/node_modules/@vitest/runner/dist/chunk-hooks.js:752:20","TypeError: vi.mocked(...).mockReturnValue is not a function\n    at C:\\Users\\A\\Documents\\Git\\YT\\ytmain-v6\\test\\integration\\CommunityPage.test.tsx:130:35\n    at file:///C:/Users/A/Documents/Git/YT/ytmain-v6/node_modules/@vitest/runner/dist/chunk-hooks.js:752:20"],"location":{"line":126,"column":3},"meta":{}},{"ancestorTitles":["CommunityPage"],"fullName":"CommunityPage displays loading state","status":"failed","title":"displays loading state","duration":5.198199999998906,"failureMessages":["TypeError: vi.mocked(...).mockReturnValue is not a function\n    at C:\\Users\\A\\Documents\\Git\\YT\\ytmain-v6\\test\\integration\\CommunityPage.test.tsx:170:35\n    at file:///C:/Users/A/Documents/Git/YT/ytmain-v6/node_modules/@vitest/runner/dist/chunk-hooks.js:752:20","TypeError: vi.mocked(...).mockReturnValue is not a function\n    at C:\\Users\\A\\Documents\\Git\\YT\\ytmain-v6\\test\\integration\\CommunityPage.test.tsx:170:35\n    at file:///C:/Users/A/Documents/Git/YT/ytmain-v6/node_modules/@vitest/runner/dist/chunk-hooks.js:752:20","TypeError: vi.mocked(...).mockReturnValue is not a function\n    at C:\\Users\\A\\Documents\\Git\\YT\\ytmain-v6\\test\\integration\\CommunityPage.test.tsx:170:35\n    at file:///C:/Users/A/Documents/Git/YT/ytmain-v6/node_modules/@vitest/runner/dist/chunk-hooks.js:752:20"],"location":{"line":167,"column":3},"meta":{}},{"ancestorTitles":["CommunityPage"],"fullName":"CommunityPage displays error state","status":"failed","title":"displays error state","duration":36.166400000001886,"failureMessages":["TypeError: vi.mocked(...).mockReturnValue is not a function\n    at C:\\Users\\A\\Documents\\Git\\YT\\ytmain-v6\\test\\integration\\CommunityPage.test.tsx:201:35\n    at file:///C:/Users/A/Documents/Git/YT/ytmain-v6/node_modules/@vitest/runner/dist/chunk-hooks.js:752:20","TypeError: vi.mocked(...).mockReturnValue is not a function\n    at C:\\Users\\A\\Documents\\Git\\YT\\ytmain-v6\\test\\integration\\CommunityPage.test.tsx:201:35\n    at file:///C:/Users/A/Documents/Git/YT/ytmain-v6/node_modules/@vitest/runner/dist/chunk-hooks.js:752:20","TypeError: vi.mocked(...).mockReturnValue is not a function\n    at C:\\Users\\A\\Documents\\Git\\YT\\ytmain-v6\\test\\integration\\CommunityPage.test.tsx:201:35\n    at file:///C:/Users/A/Documents/Git/YT/ytmain-v6/node_modules/@vitest/runner/dist/chunk-hooks.js:752:20"],"location":{"line":198,"column":3},"meta":{}}],"startTime":1753807017255,"endTime":1753807018027.1665,"status":"failed","message":"","name":"C:/Users/A/Documents/Git/YT/ytmain-v6/test/integration/CommunityPage.test.tsx"},{"assertionResults":[{"ancestorTitles":["buildUrl function with different MODE values","MODE: development"],"fullName":"buildUrl function with different MODE values MODE: development should use proxy endpoint for videos in development mode","status":"passed","title":"should use proxy endpoint for videos in development mode","duration":8.927599999995437,"failureMessages":[],"location":{"line":63,"column":5},"meta":{}},{"ancestorTitles":["buildUrl function with different MODE values","MODE: development"],"fullName":"buildUrl function with different MODE values MODE: development should use proxy endpoint for channels in development mode","status":"passed","title":"should use proxy endpoint for channels in development mode","duration":3.55449999999837,"failureMessages":[],"location":{"line":75,"column":5},"meta":{}},{"ancestorTitles":["buildUrl function with different MODE values","MODE: development"],"fullName":"buildUrl function with different MODE values MODE: development should work with different localhost ports","status":"passed","title":"should work with different localhost ports","duration":2.8007999999972526,"failureMessages":[],"location":{"line":87,"column":5},"meta":{}},{"ancestorTitles":["buildUrl function with different MODE values","MODE: production"],"fullName":"buildUrl function with different MODE values MODE: production should use direct Google API endpoint for videos in production mode","status":"passed","title":"should use direct Google API endpoint for videos in production mode","duration":2.449800000002142,"failureMessages":[],"location":{"line":116,"column":5},"meta":{}},{"ancestorTitles":["buildUrl function with different MODE values","MODE: production"],"fullName":"buildUrl function with different MODE values MODE: production should use direct Google API endpoint for channels in production mode","status":"passed","title":"should use direct Google API endpoint for channels in production mode","duration":1.8920999999972992,"failureMessages":[],"location":{"line":129,"column":5},"meta":{}},{"ancestorTitles":["buildUrl function with different MODE values","MODE: test"],"fullName":"buildUrl function with different MODE values MODE: test should use direct Google API endpoint in test mode","status":"passed","title":"should use direct Google API endpoint in test mode","duration":2.528999999994994,"failureMessages":[],"location":{"line":154,"column":5},"meta":{}},{"ancestorTitles":["buildUrl function with different MODE values","MODE: staging"],"fullName":"buildUrl function with different MODE values MODE: staging should use direct Google API endpoint for custom build modes","status":"passed","title":"should use direct Google API endpoint for custom build modes","duration":2.4752000000007683,"failureMessages":[],"location":{"line":178,"column":5},"meta":{}},{"ancestorTitles":["buildUrl function with different MODE values","parameter handling"],"fullName":"buildUrl function with different MODE values parameter handling should properly encode URL parameters","status":"passed","title":"should properly encode URL parameters","duration":4.354200000001583,"failureMessages":[],"location":{"line":203,"column":5},"meta":{}},{"ancestorTitles":["buildUrl function with different MODE values","parameter handling"],"fullName":"buildUrl function with different MODE values parameter handling should skip empty parameter values","status":"passed","title":"should skip empty parameter values","duration":2.2753000000084285,"failureMessages":[],"location":{"line":216,"column":5},"meta":{}},{"ancestorTitles":["buildUrl function with different MODE values","parameter handling"],"fullName":"buildUrl function with different MODE values parameter handling should handle multiple video IDs correctly","status":"passed","title":"should handle multiple video IDs correctly","duration":2.735100000005332,"failureMessages":[],"location":{"line":231,"column":5},"meta":{}},{"ancestorTitles":["buildUrl function with different MODE values","parameter handling"],"fullName":"buildUrl function with different MODE values parameter handling should always add API key parameter","status":"passed","title":"should always add API key parameter","duration":2.366599999993923,"failureMessages":[],"location":{"line":240,"column":5},"meta":{}},{"ancestorTitles":["buildUrl function with different MODE values","missing API key handling"],"fullName":"buildUrl function with different MODE values missing API key handling should handle missing API key gracefully","status":"passed","title":"should handle missing API key gracefully","duration":3.6371999999973923,"failureMessages":[],"location":{"line":261,"column":5},"meta":{}},{"ancestorTitles":["buildUrl function with different MODE values","URL structure validation"],"fullName":"buildUrl function with different MODE values URL structure validation should generate valid URLs that can be parsed","status":"passed","title":"should generate valid URLs that can be parsed","duration":6.199900000006892,"failureMessages":[],"location":{"line":289,"column":5},"meta":{}},{"ancestorTitles":["buildUrl function with different MODE values","URL structure validation"],"fullName":"buildUrl function with different MODE values URL structure validation should maintain parameter order and formatting","status":"passed","title":"should maintain parameter order and formatting","duration":2.891699999992852,"failureMessages":[],"location":{"line":304,"column":5},"meta":{}},{"ancestorTitles":["buildUrl function with different MODE values","edge cases"],"fullName":"buildUrl function with different MODE values edge cases should handle empty endpoint","status":"passed","title":"should handle empty endpoint","duration":1.9833999999973457,"failureMessages":[],"location":{"line":333,"column":5},"meta":{}},{"ancestorTitles":["buildUrl function with different MODE values","edge cases"],"fullName":"buildUrl function with different MODE values edge cases should handle empty parameters object","status":"passed","title":"should handle empty parameters object","duration":1.9477999999944586,"failureMessages":[],"location":{"line":342,"column":5},"meta":{}},{"ancestorTitles":["buildUrl function with different MODE values","edge cases"],"fullName":"buildUrl function with different MODE values edge cases should handle special characters in endpoint","status":"passed","title":"should handle special characters in endpoint","duration":2.235800000009476,"failureMessages":[],"location":{"line":349,"column":5},"meta":{}},{"ancestorTitles":["buildUrl function with different MODE values","regression prevention"],"fullName":"buildUrl function with different MODE values regression prevention should maintain consistent URL format across different modes","status":"passed","title":"should maintain consistent URL format across different modes","duration":5.527700000006007,"failureMessages":[],"location":{"line":359,"column":5},"meta":{}},{"ancestorTitles":["buildUrl function with different MODE values","regression prevention"],"fullName":"buildUrl function with different MODE values regression prevention should preserve API key security in all modes","status":"passed","title":"should preserve API key security in all modes","duration":8.949600000007194,"failureMessages":[],"location":{"line":394,"column":5},"meta":{}}],"startTime":1753806999589,"endTime":1753806999660.9497,"status":"passed","message":"","name":"C:/Users/A/Documents/Git/YT/ytmain-v6/test/services/buildUrl.test.ts"},{"assertionResults":[{"ancestorTitles":["UnifiedDataService","Basic Functionality"],"fullName":"UnifiedDataService Basic Functionality should have correct default configuration","status":"failed","title":"should have correct default configuration","duration":14.9262000000017,"failureMessages":["AssertionError: expected false to be true // Object.is equality\n    at C:\\Users\\A\\Documents\\Git\\YT\\ytmain-v6\\test\\services\\unifiedDataService.simple.test.ts:42:36\n    at file:///C:/Users/A/Documents/Git/YT/ytmain-v6/node_modules/@vitest/runner/dist/chunk-hooks.js:155:11\n    at file:///C:/Users/A/Documents/Git/YT/ytmain-v6/node_modules/@vitest/runner/dist/chunk-hooks.js:752:26\n    at file:///C:/Users/A/Documents/Git/YT/ytmain-v6/node_modules/@vitest/runner/dist/chunk-hooks.js:1897:20\n    at new Promise (<anonymous>)\n    at runWithTimeout (file:///C:/Users/A/Documents/Git/YT/ytmain-v6/node_modules/@vitest/runner/dist/chunk-hooks.js:1863:10)\n    at runTest (file:///C:/Users/A/Documents/Git/YT/ytmain-v6/node_modules/@vitest/runner/dist/chunk-hooks.js:1574:12)\n    at runSuite (file:///C:/Users/A/Documents/Git/YT/ytmain-v6/node_modules/@vitest/runner/dist/chunk-hooks.js:1729:8)\n    at runSuite (file:///C:/Users/A/Documents/Git/YT/ytmain-v6/node_modules/@vitest/runner/dist/chunk-hooks.js:1729:8)\n    at runSuite (file:///C:/Users/A/Documents/Git/YT/ytmain-v6/node_modules/@vitest/runner/dist/chunk-hooks.js:1729:8)","AssertionError: expected false to be true // Object.is equality\n    at C:\\Users\\A\\Documents\\Git\\YT\\ytmain-v6\\test\\services\\unifiedDataService.simple.test.ts:42:36\n    at file:///C:/Users/A/Documents/Git/YT/ytmain-v6/node_modules/@vitest/runner/dist/chunk-hooks.js:155:11\n    at file:///C:/Users/A/Documents/Git/YT/ytmain-v6/node_modules/@vitest/runner/dist/chunk-hooks.js:752:26\n    at file:///C:/Users/A/Documents/Git/YT/ytmain-v6/node_modules/@vitest/runner/dist/chunk-hooks.js:1897:20\n    at new Promise (<anonymous>)\n    at runWithTimeout (file:///C:/Users/A/Documents/Git/YT/ytmain-v6/node_modules/@vitest/runner/dist/chunk-hooks.js:1863:10)\n    at runTest (file:///C:/Users/A/Documents/Git/YT/ytmain-v6/node_modules/@vitest/runner/dist/chunk-hooks.js:1574:12)\n    at runSuite (file:///C:/Users/A/Documents/Git/YT/ytmain-v6/node_modules/@vitest/runner/dist/chunk-hooks.js:1729:8)\n    at runSuite (file:///C:/Users/A/Documents/Git/YT/ytmain-v6/node_modules/@vitest/runner/dist/chunk-hooks.js:1729:8)\n    at runSuite (file:///C:/Users/A/Documents/Git/YT/ytmain-v6/node_modules/@vitest/runner/dist/chunk-hooks.js:1729:8)","AssertionError: expected false to be true // Object.is equality\n    at C:\\Users\\A\\Documents\\Git\\YT\\ytmain-v6\\test\\services\\unifiedDataService.simple.test.ts:42:36\n    at file:///C:/Users/A/Documents/Git/YT/ytmain-v6/node_modules/@vitest/runner/dist/chunk-hooks.js:155:11\n    at file:///C:/Users/A/Documents/Git/YT/ytmain-v6/node_modules/@vitest/runner/dist/chunk-hooks.js:752:26\n    at file:///C:/Users/A/Documents/Git/YT/ytmain-v6/node_modules/@vitest/runner/dist/chunk-hooks.js:1897:20\n    at new Promise (<anonymous>)\n    at runWithTimeout (file:///C:/Users/A/Documents/Git/YT/ytmain-v6/node_modules/@vitest/runner/dist/chunk-hooks.js:1863:10)\n    at runTest (file:///C:/Users/A/Documents/Git/YT/ytmain-v6/node_modules/@vitest/runner/dist/chunk-hooks.js:1574:12)\n    at runSuite (file:///C:/Users/A/Documents/Git/YT/ytmain-v6/node_modules/@vitest/runner/dist/chunk-hooks.js:1729:8)\n    at runSuite (file:///C:/Users/A/Documents/Git/YT/ytmain-v6/node_modules/@vitest/runner/dist/chunk-hooks.js:1729:8)\n    at runSuite (file:///C:/Users/A/Documents/Git/YT/ytmain-v6/node_modules/@vitest/runner/dist/chunk-hooks.js:1729:8)"],"location":{"line":39,"column":5},"meta":{}},{"ancestorTitles":["UnifiedDataService","Basic Functionality"],"fullName":"UnifiedDataService Basic Functionality should allow configuration updates","status":"passed","title":"should allow configuration updates","duration":1.0341000000044005,"failureMessages":[],"location":{"line":48,"column":5},"meta":{}},{"ancestorTitles":["UnifiedDataService","Basic Functionality"],"fullName":"UnifiedDataService Basic Functionality should clear cache successfully","status":"passed","title":"should clear cache successfully","duration":2.3681000000069616,"failureMessages":[],"location":{"line":59,"column":5},"meta":{}},{"ancestorTitles":["UnifiedDataService","API Methods"],"fullName":"UnifiedDataService API Methods should call getTrendingVideos without errors","status":"passed","title":"should call getTrendingVideos without errors","duration":1.6417999999976018,"failureMessages":[],"location":{"line":66,"column":5},"meta":{}},{"ancestorTitles":["UnifiedDataService","API Methods"],"fullName":"UnifiedDataService API Methods should call searchVideos with query","status":"passed","title":"should call searchVideos with query","duration":1.1801999999879627,"failureMessages":[],"location":{"line":76,"column":5},"meta":{}},{"ancestorTitles":["UnifiedDataService","API Methods"],"fullName":"UnifiedDataService API Methods should handle getVideoById calls","status":"passed","title":"should handle getVideoById calls","duration":9.150400000013178,"failureMessages":[],"location":{"line":84,"column":5},"meta":{}},{"ancestorTitles":["UnifiedDataService","API Methods"],"fullName":"UnifiedDataService API Methods should handle getChannelById calls","status":"passed","title":"should handle getChannelById calls","duration":1.066400000010617,"failureMessages":[],"location":{"line":91,"column":5},"meta":{}},{"ancestorTitles":["UnifiedDataService","API Methods"],"fullName":"UnifiedDataService API Methods should handle getShortsVideos calls","status":"passed","title":"should handle getShortsVideos calls","duration":1.162400000001071,"failureMessages":[],"location":{"line":98,"column":5},"meta":{}},{"ancestorTitles":["UnifiedDataService","Error Handling"],"fullName":"UnifiedDataService Error Handling should handle errors gracefully in getTrendingVideos","status":"passed","title":"should handle errors gracefully in getTrendingVideos","duration":0.5055999999894993,"failureMessages":[],"location":{"line":108,"column":5},"meta":{}},{"ancestorTitles":["UnifiedDataService","Error Handling"],"fullName":"UnifiedDataService Error Handling should handle empty search queries","status":"passed","title":"should handle empty search queries","duration":0.5556000000069616,"failureMessages":[],"location":{"line":114,"column":5},"meta":{}}],"startTime":1753807023711,"endTime":1753807023745.5557,"status":"failed","message":"","name":"C:/Users/A/Documents/Git/YT/ytmain-v6/test/services/unifiedDataService.simple.test.ts"},{"assertionResults":[{"ancestorTitles":["UnifiedDataService","Constructor and Configuration"],"fullName":"UnifiedDataService Constructor and Configuration should initialize with default configuration","status":"failed","title":"should initialize with default configuration","duration":15.90120000000752,"failureMessages":["AssertionError: expected false to be true // Object.is equality\n    at C:\\Users\\A\\Documents\\Git\\YT\\ytmain-v6\\test\\services\\unifiedDataService.test.ts:34:36\n    at file:///C:/Users/A/Documents/Git/YT/ytmain-v6/node_modules/@vitest/runner/dist/chunk-hooks.js:155:11\n    at file:///C:/Users/A/Documents/Git/YT/ytmain-v6/node_modules/@vitest/runner/dist/chunk-hooks.js:752:26\n    at file:///C:/Users/A/Documents/Git/YT/ytmain-v6/node_modules/@vitest/runner/dist/chunk-hooks.js:1897:20\n    at new Promise (<anonymous>)\n    at runWithTimeout (file:///C:/Users/A/Documents/Git/YT/ytmain-v6/node_modules/@vitest/runner/dist/chunk-hooks.js:1863:10)\n    at runTest (file:///C:/Users/A/Documents/Git/YT/ytmain-v6/node_modules/@vitest/runner/dist/chunk-hooks.js:1574:12)\n    at runSuite (file:///C:/Users/A/Documents/Git/YT/ytmain-v6/node_modules/@vitest/runner/dist/chunk-hooks.js:1729:8)\n    at runSuite (file:///C:/Users/A/Documents/Git/YT/ytmain-v6/node_modules/@vitest/runner/dist/chunk-hooks.js:1729:8)\n    at runSuite (file:///C:/Users/A/Documents/Git/YT/ytmain-v6/node_modules/@vitest/runner/dist/chunk-hooks.js:1729:8)","AssertionError: expected false to be true // Object.is equality\n    at C:\\Users\\A\\Documents\\Git\\YT\\ytmain-v6\\test\\services\\unifiedDataService.test.ts:34:36\n    at file:///C:/Users/A/Documents/Git/YT/ytmain-v6/node_modules/@vitest/runner/dist/chunk-hooks.js:155:11\n    at file:///C:/Users/A/Documents/Git/YT/ytmain-v6/node_modules/@vitest/runner/dist/chunk-hooks.js:752:26\n    at file:///C:/Users/A/Documents/Git/YT/ytmain-v6/node_modules/@vitest/runner/dist/chunk-hooks.js:1897:20\n    at new Promise (<anonymous>)\n    at runWithTimeout (file:///C:/Users/A/Documents/Git/YT/ytmain-v6/node_modules/@vitest/runner/dist/chunk-hooks.js:1863:10)\n    at runTest (file:///C:/Users/A/Documents/Git/YT/ytmain-v6/node_modules/@vitest/runner/dist/chunk-hooks.js:1574:12)\n    at runSuite (file:///C:/Users/A/Documents/Git/YT/ytmain-v6/node_modules/@vitest/runner/dist/chunk-hooks.js:1729:8)\n    at runSuite (file:///C:/Users/A/Documents/Git/YT/ytmain-v6/node_modules/@vitest/runner/dist/chunk-hooks.js:1729:8)\n    at runSuite (file:///C:/Users/A/Documents/Git/YT/ytmain-v6/node_modules/@vitest/runner/dist/chunk-hooks.js:1729:8)","AssertionError: expected false to be true // Object.is equality\n    at C:\\Users\\A\\Documents\\Git\\YT\\ytmain-v6\\test\\services\\unifiedDataService.test.ts:34:36\n    at file:///C:/Users/A/Documents/Git/YT/ytmain-v6/node_modules/@vitest/runner/dist/chunk-hooks.js:155:11\n    at file:///C:/Users/A/Documents/Git/YT/ytmain-v6/node_modules/@vitest/runner/dist/chunk-hooks.js:752:26\n    at file:///C:/Users/A/Documents/Git/YT/ytmain-v6/node_modules/@vitest/runner/dist/chunk-hooks.js:1897:20\n    at new Promise (<anonymous>)\n    at runWithTimeout (file:///C:/Users/A/Documents/Git/YT/ytmain-v6/node_modules/@vitest/runner/dist/chunk-hooks.js:1863:10)\n    at runTest (file:///C:/Users/A/Documents/Git/YT/ytmain-v6/node_modules/@vitest/runner/dist/chunk-hooks.js:1574:12)\n    at runSuite (file:///C:/Users/A/Documents/Git/YT/ytmain-v6/node_modules/@vitest/runner/dist/chunk-hooks.js:1729:8)\n    at runSuite (file:///C:/Users/A/Documents/Git/YT/ytmain-v6/node_modules/@vitest/runner/dist/chunk-hooks.js:1729:8)\n    at runSuite (file:///C:/Users/A/Documents/Git/YT/ytmain-v6/node_modules/@vitest/runner/dist/chunk-hooks.js:1729:8)"],"location":{"line":31,"column":5},"meta":{}},{"ancestorTitles":["UnifiedDataService","Constructor and Configuration"],"fullName":"UnifiedDataService Constructor and Configuration should allow custom configuration","status":"passed","title":"should allow custom configuration","duration":3.2189999999973224,"failureMessages":[],"location":{"line":43,"column":5},"meta":{}},{"ancestorTitles":["UnifiedDataService","Constructor and Configuration"],"fullName":"UnifiedDataService Constructor and Configuration should update configuration dynamically","status":"passed","title":"should update configuration dynamically","duration":0.8372000000090338,"failureMessages":[],"location":{"line":57,"column":5},"meta":{}},{"ancestorTitles":["UnifiedDataService","getTrendingVideos"],"fullName":"UnifiedDataService getTrendingVideos should fetch and mix trending videos from both sources","status":"failed","title":"should fetch and mix trending videos from both sources","duration":349.24479999998584,"failureMessages":["AssertionError: expected +0 to be 2 // Object.is equality\n    at C:\\Users\\A\\Documents\\Git\\YT\\ytmain-v6\\test\\services\\unifiedDataService.test.ts:90:42\n    at file:///C:/Users/A/Documents/Git/YT/ytmain-v6/node_modules/@vitest/runner/dist/chunk-hooks.js:752:20","AssertionError: expected +0 to be 2 // Object.is equality\n    at C:\\Users\\A\\Documents\\Git\\YT\\ytmain-v6\\test\\services\\unifiedDataService.test.ts:90:42\n    at file:///C:/Users/A/Documents/Git/YT/ytmain-v6/node_modules/@vitest/runner/dist/chunk-hooks.js:752:20","AssertionError: expected +0 to be 2 // Object.is equality\n    at C:\\Users\\A\\Documents\\Git\\YT\\ytmain-v6\\test\\services\\unifiedDataService.test.ts:90:42\n    at file:///C:/Users/A/Documents/Git/YT/ytmain-v6/node_modules/@vitest/runner/dist/chunk-hooks.js:752:20"],"location":{"line":86,"column":5},"meta":{}},{"ancestorTitles":["UnifiedDataService","getTrendingVideos"],"fullName":"UnifiedDataService getTrendingVideos should filter by type when specified","status":"failed","title":"should filter by type when specified","duration":254.48589999999967,"failureMessages":["AssertionError: expected \"getShortsVideos\" to be called at least once\n    at Proxy.<anonymous> (file:///C:/Users/A/Documents/Git/YT/ytmain-v6/node_modules/@vitest/expect/dist/index.js:1335:10)\n    at Proxy.<anonymous> (file:///C:/Users/A/Documents/Git/YT/ytmain-v6/node_modules/@vitest/expect/dist/index.js:1029:14)\n    at Proxy.methodWrapper (file:///C:/Users/A/Documents/Git/YT/ytmain-v6/node_modules/chai/chai.js:1618:25)\n    at C:\\Users\\A\\Documents\\Git\\YT\\ytmain-v6\\test\\services\\unifiedDataService.test.ts:102:54\n    at file:///C:/Users/A/Documents/Git/YT/ytmain-v6/node_modules/@vitest/runner/dist/chunk-hooks.js:752:20","AssertionError: expected \"getShortsVideos\" to be called at least once\n    at Proxy.<anonymous> (file:///C:/Users/A/Documents/Git/YT/ytmain-v6/node_modules/@vitest/expect/dist/index.js:1335:10)\n    at Proxy.<anonymous> (file:///C:/Users/A/Documents/Git/YT/ytmain-v6/node_modules/@vitest/expect/dist/index.js:1029:14)\n    at Proxy.methodWrapper (file:///C:/Users/A/Documents/Git/YT/ytmain-v6/node_modules/chai/chai.js:1618:25)\n    at C:\\Users\\A\\Documents\\Git\\YT\\ytmain-v6\\test\\services\\unifiedDataService.test.ts:102:54\n    at file:///C:/Users/A/Documents/Git/YT/ytmain-v6/node_modules/@vitest/runner/dist/chunk-hooks.js:752:20","AssertionError: expected \"getShortsVideos\" to be called at least once\n    at Proxy.<anonymous> (file:///C:/Users/A/Documents/Git/YT/ytmain-v6/node_modules/@vitest/expect/dist/index.js:1335:10)\n    at Proxy.<anonymous> (file:///C:/Users/A/Documents/Git/YT/ytmain-v6/node_modules/@vitest/expect/dist/index.js:1029:14)\n    at Proxy.methodWrapper (file:///C:/Users/A/Documents/Git/YT/ytmain-v6/node_modules/chai/chai.js:1618:25)\n    at C:\\Users\\A\\Documents\\Git\\YT\\ytmain-v6\\test\\services\\unifiedDataService.test.ts:102:54\n    at file:///C:/Users/A/Documents/Git/YT/ytmain-v6/node_modules/@vitest/runner/dist/chunk-hooks.js:752:20"],"location":{"line":95,"column":5},"meta":{}},{"ancestorTitles":["UnifiedDataService","getTrendingVideos"],"fullName":"UnifiedDataService getTrendingVideos should filter by category when specified","status":"failed","title":"should filter by category when specified","duration":185.16760000000068,"failureMessages":["AssertionError: expected \"getVideosByCategory\" to be called with arguments: [ 'Music' ]\u001b[90m\n\nNumber of calls: \u001b[1m0\u001b[22m\n\u001b[39m\n    at Proxy.<anonymous> (file:///C:/Users/A/Documents/Git/YT/ytmain-v6/node_modules/@vitest/expect/dist/index.js:1355:10)\n    at Proxy.<anonymous> (file:///C:/Users/A/Documents/Git/YT/ytmain-v6/node_modules/@vitest/expect/dist/index.js:1029:14)\n    at Proxy.methodWrapper (file:///C:/Users/A/Documents/Git/YT/ytmain-v6/node_modules/chai/chai.js:1618:25)\n    at C:\\Users\\A\\Documents\\Git\\YT\\ytmain-v6\\test\\services\\unifiedDataService.test.ts:113:58\n    at file:///C:/Users/A/Documents/Git/YT/ytmain-v6/node_modules/@vitest/runner/dist/chunk-hooks.js:752:20","AssertionError: expected \"getVideosByCategory\" to be called with arguments: [ 'Music' ]\u001b[90m\n\nNumber of calls: \u001b[1m0\u001b[22m\n\u001b[39m\n    at Proxy.<anonymous> (file:///C:/Users/A/Documents/Git/YT/ytmain-v6/node_modules/@vitest/expect/dist/index.js:1355:10)\n    at Proxy.<anonymous> (file:///C:/Users/A/Documents/Git/YT/ytmain-v6/node_modules/@vitest/expect/dist/index.js:1029:14)\n    at Proxy.methodWrapper (file:///C:/Users/A/Documents/Git/YT/ytmain-v6/node_modules/chai/chai.js:1618:25)\n    at C:\\Users\\A\\Documents\\Git\\YT\\ytmain-v6\\test\\services\\unifiedDataService.test.ts:113:58\n    at file:///C:/Users/A/Documents/Git/YT/ytmain-v6/node_modules/@vitest/runner/dist/chunk-hooks.js:752:20","AssertionError: expected \"getVideosByCategory\" to be called with arguments: [ 'Music' ]\u001b[90m\n\nNumber of calls: \u001b[1m0\u001b[22m\n\u001b[39m\n    at Proxy.<anonymous> (file:///C:/Users/A/Documents/Git/YT/ytmain-v6/node_modules/@vitest/expect/dist/index.js:1355:10)\n    at Proxy.<anonymous> (file:///C:/Users/A/Documents/Git/YT/ytmain-v6/node_modules/@vitest/expect/dist/index.js:1029:14)\n    at Proxy.methodWrapper (file:///C:/Users/A/Documents/Git/YT/ytmain-v6/node_modules/chai/chai.js:1618:25)\n    at C:\\Users\\A\\Documents\\Git\\YT\\ytmain-v6\\test\\services\\unifiedDataService.test.ts:113:58\n    at file:///C:/Users/A/Documents/Git/YT/ytmain-v6/node_modules/@vitest/runner/dist/chunk-hooks.js:752:20"],"location":{"line":106,"column":5},"meta":{}},{"ancestorTitles":["UnifiedDataService","getTrendingVideos"],"fullName":"UnifiedDataService getTrendingVideos should respect source filters","status":"failed","title":"should respect source filters","duration":2.5212999999930616,"failureMessages":["AssertionError: expected \"getVideos\" to be called at least once\n    at Proxy.<anonymous> (file:///C:/Users/A/Documents/Git/YT/ytmain-v6/node_modules/@vitest/expect/dist/index.js:1335:10)\n    at Proxy.<anonymous> (file:///C:/Users/A/Documents/Git/YT/ytmain-v6/node_modules/@vitest/expect/dist/index.js:1029:14)\n    at Proxy.methodWrapper (file:///C:/Users/A/Documents/Git/YT/ytmain-v6/node_modules/chai/chai.js:1618:25)\n    at C:\\Users\\A\\Documents\\Git\\YT\\ytmain-v6\\test\\services\\unifiedDataService.test.ts:120:48\n    at file:///C:/Users/A/Documents/Git/YT/ytmain-v6/node_modules/@vitest/runner/dist/chunk-hooks.js:752:20","AssertionError: expected \"getVideos\" to be called at least once\n    at Proxy.<anonymous> (file:///C:/Users/A/Documents/Git/YT/ytmain-v6/node_modules/@vitest/expect/dist/index.js:1335:10)\n    at Proxy.<anonymous> (file:///C:/Users/A/Documents/Git/YT/ytmain-v6/node_modules/@vitest/expect/dist/index.js:1029:14)\n    at Proxy.methodWrapper (file:///C:/Users/A/Documents/Git/YT/ytmain-v6/node_modules/chai/chai.js:1618:25)\n    at C:\\Users\\A\\Documents\\Git\\YT\\ytmain-v6\\test\\services\\unifiedDataService.test.ts:120:48\n    at file:///C:/Users/A/Documents/Git/YT/ytmain-v6/node_modules/@vitest/runner/dist/chunk-hooks.js:752:20","AssertionError: expected \"getVideos\" to be called at least once\n    at Proxy.<anonymous> (file:///C:/Users/A/Documents/Git/YT/ytmain-v6/node_modules/@vitest/expect/dist/index.js:1335:10)\n    at Proxy.<anonymous> (file:///C:/Users/A/Documents/Git/YT/ytmain-v6/node_modules/@vitest/expect/dist/index.js:1029:14)\n    at Proxy.methodWrapper (file:///C:/Users/A/Documents/Git/YT/ytmain-v6/node_modules/chai/chai.js:1618:25)\n    at C:\\Users\\A\\Documents\\Git\\YT\\ytmain-v6\\test\\services\\unifiedDataService.test.ts:120:48\n    at file:///C:/Users/A/Documents/Git/YT/ytmain-v6/node_modules/@vitest/runner/dist/chunk-hooks.js:752:20"],"location":{"line":117,"column":5},"meta":{}},{"ancestorTitles":["UnifiedDataService","getTrendingVideos"],"fullName":"UnifiedDataService getTrendingVideos should handle errors gracefully","status":"passed","title":"should handle errors gracefully","duration":21.93989999999758,"failureMessages":[],"location":{"line":125,"column":5},"meta":{}},{"ancestorTitles":["UnifiedDataService","getTrendingVideos"],"fullName":"UnifiedDataService getTrendingVideos should use caching for repeated requests","status":"failed","title":"should use caching for repeated requests","duration":106.40039999999863,"failureMessages":["AssertionError: expected \"getVideos\" to be called 1 times, but got 0 times\n    at C:\\Users\\A\\Documents\\Git\\YT\\ytmain-v6\\test\\services\\unifiedDataService.test.ts:139:48\n    at file:///C:/Users/A/Documents/Git/YT/ytmain-v6/node_modules/@vitest/runner/dist/chunk-hooks.js:752:20","AssertionError: expected \"getVideos\" to be called 1 times, but got 0 times\n    at C:\\Users\\A\\Documents\\Git\\YT\\ytmain-v6\\test\\services\\unifiedDataService.test.ts:139:48\n    at file:///C:/Users/A/Documents/Git/YT/ytmain-v6/node_modules/@vitest/runner/dist/chunk-hooks.js:752:20","AssertionError: expected \"getVideos\" to be called 1 times, but got 0 times\n    at C:\\Users\\A\\Documents\\Git\\YT\\ytmain-v6\\test\\services\\unifiedDataService.test.ts:139:48\n    at file:///C:/Users/A/Documents/Git/YT/ytmain-v6/node_modules/@vitest/runner/dist/chunk-hooks.js:752:20"],"location":{"line":136,"column":5},"meta":{}},{"ancestorTitles":["UnifiedDataService","getTrendingVideos"],"fullName":"UnifiedDataService getTrendingVideos should respect cache TTL","status":"failed","title":"should respect cache TTL","duration":80.17609999999695,"failureMessages":["AssertionError: expected \"getVideos\" to be called 1 times, but got 0 times\n    at C:\\Users\\A\\Documents\\Git\\YT\\ytmain-v6\\test\\services\\unifiedDataService.test.ts:151:48\n    at file:///C:/Users/A/Documents/Git/YT/ytmain-v6/node_modules/@vitest/runner/dist/chunk-hooks.js:752:20","AssertionError: expected \"getVideos\" to be called 1 times, but got 0 times\n    at C:\\Users\\A\\Documents\\Git\\YT\\ytmain-v6\\test\\services\\unifiedDataService.test.ts:151:48\n    at file:///C:/Users/A/Documents/Git/YT/ytmain-v6/node_modules/@vitest/runner/dist/chunk-hooks.js:752:20","AssertionError: expected \"getVideos\" to be called 1 times, but got 0 times\n    at C:\\Users\\A\\Documents\\Git\\YT\\ytmain-v6\\test\\services\\unifiedDataService.test.ts:151:48\n    at file:///C:/Users/A/Documents/Git/YT/ytmain-v6/node_modules/@vitest/runner/dist/chunk-hooks.js:752:20"],"location":{"line":146,"column":5},"meta":{}},{"ancestorTitles":["UnifiedDataService","searchVideos"],"fullName":"UnifiedDataService searchVideos should search videos across local sources","status":"failed","title":"should search videos across local sources","duration":100.54099999999744,"failureMessages":["AssertionError: expected \"searchVideos\" to be called with arguments: [ 'test query' ]\u001b[90m\n\nNumber of calls: \u001b[1m0\u001b[22m\n\u001b[39m\n    at Proxy.<anonymous> (file:///C:/Users/A/Documents/Git/YT/ytmain-v6/node_modules/@vitest/expect/dist/index.js:1355:10)\n    at Proxy.<anonymous> (file:///C:/Users/A/Documents/Git/YT/ytmain-v6/node_modules/@vitest/expect/dist/index.js:1029:14)\n    at Proxy.methodWrapper (file:///C:/Users/A/Documents/Git/YT/ytmain-v6/node_modules/chai/chai.js:1618:25)\n    at C:\\Users\\A\\Documents\\Git\\YT\\ytmain-v6\\test\\services\\unifiedDataService.test.ts:176:51\n    at file:///C:/Users/A/Documents/Git/YT/ytmain-v6/node_modules/@vitest/runner/dist/chunk-hooks.js:752:20","AssertionError: expected \"searchVideos\" to be called with arguments: [ 'test query' ]\u001b[90m\n\nNumber of calls: \u001b[1m0\u001b[22m\n\u001b[39m\n    at Proxy.<anonymous> (file:///C:/Users/A/Documents/Git/YT/ytmain-v6/node_modules/@vitest/expect/dist/index.js:1355:10)\n    at Proxy.<anonymous> (file:///C:/Users/A/Documents/Git/YT/ytmain-v6/node_modules/@vitest/expect/dist/index.js:1029:14)\n    at Proxy.methodWrapper (file:///C:/Users/A/Documents/Git/YT/ytmain-v6/node_modules/chai/chai.js:1618:25)\n    at C:\\Users\\A\\Documents\\Git\\YT\\ytmain-v6\\test\\services\\unifiedDataService.test.ts:176:51\n    at file:///C:/Users/A/Documents/Git/YT/ytmain-v6/node_modules/@vitest/runner/dist/chunk-hooks.js:752:20","AssertionError: expected \"searchVideos\" to be called with arguments: [ 'test query' ]\u001b[90m\n\nNumber of calls: \u001b[1m0\u001b[22m\n\u001b[39m\n    at Proxy.<anonymous> (file:///C:/Users/A/Documents/Git/YT/ytmain-v6/node_modules/@vitest/expect/dist/index.js:1355:10)\n    at Proxy.<anonymous> (file:///C:/Users/A/Documents/Git/YT/ytmain-v6/node_modules/@vitest/expect/dist/index.js:1029:14)\n    at Proxy.methodWrapper (file:///C:/Users/A/Documents/Git/YT/ytmain-v6/node_modules/chai/chai.js:1618:25)\n    at C:\\Users\\A\\Documents\\Git\\YT\\ytmain-v6\\test\\services\\unifiedDataService.test.ts:176:51\n    at file:///C:/Users/A/Documents/Git/YT/ytmain-v6/node_modules/@vitest/runner/dist/chunk-hooks.js:752:20"],"location":{"line":173,"column":5},"meta":{}},{"ancestorTitles":["UnifiedDataService","searchVideos"],"fullName":"UnifiedDataService searchVideos should return trending videos for empty query","status":"failed","title":"should return trending videos for empty query","duration":107.15630000000237,"failureMessages":["AssertionError: expected \"getVideos\" to be called at least once\n    at Proxy.<anonymous> (file:///C:/Users/A/Documents/Git/YT/ytmain-v6/node_modules/@vitest/expect/dist/index.js:1335:10)\n    at Proxy.<anonymous> (file:///C:/Users/A/Documents/Git/YT/ytmain-v6/node_modules/@vitest/expect/dist/index.js:1029:14)\n    at Proxy.methodWrapper (file:///C:/Users/A/Documents/Git/YT/ytmain-v6/node_modules/chai/chai.js:1618:25)\n    at C:\\Users\\A\\Documents\\Git\\YT\\ytmain-v6\\test\\services\\unifiedDataService.test.ts:188:48\n    at file:///C:/Users/A/Documents/Git/YT/ytmain-v6/node_modules/@vitest/runner/dist/chunk-hooks.js:752:20","AssertionError: expected \"getVideos\" to be called at least once\n    at Proxy.<anonymous> (file:///C:/Users/A/Documents/Git/YT/ytmain-v6/node_modules/@vitest/expect/dist/index.js:1335:10)\n    at Proxy.<anonymous> (file:///C:/Users/A/Documents/Git/YT/ytmain-v6/node_modules/@vitest/expect/dist/index.js:1029:14)\n    at Proxy.methodWrapper (file:///C:/Users/A/Documents/Git/YT/ytmain-v6/node_modules/chai/chai.js:1618:25)\n    at C:\\Users\\A\\Documents\\Git\\YT\\ytmain-v6\\test\\services\\unifiedDataService.test.ts:188:48\n    at file:///C:/Users/A/Documents/Git/YT/ytmain-v6/node_modules/@vitest/runner/dist/chunk-hooks.js:752:20","AssertionError: expected \"getVideos\" to be called at least once\n    at Proxy.<anonymous> (file:///C:/Users/A/Documents/Git/YT/ytmain-v6/node_modules/@vitest/expect/dist/index.js:1335:10)\n    at Proxy.<anonymous> (file:///C:/Users/A/Documents/Git/YT/ytmain-v6/node_modules/@vitest/expect/dist/index.js:1029:14)\n    at Proxy.methodWrapper (file:///C:/Users/A/Documents/Git/YT/ytmain-v6/node_modules/chai/chai.js:1618:25)\n    at C:\\Users\\A\\Documents\\Git\\YT\\ytmain-v6\\test\\services\\unifiedDataService.test.ts:188:48\n    at file:///C:/Users/A/Documents/Git/YT/ytmain-v6/node_modules/@vitest/runner/dist/chunk-hooks.js:752:20"],"location":{"line":181,"column":5},"meta":{}},{"ancestorTitles":["UnifiedDataService","searchVideos"],"fullName":"UnifiedDataService searchVideos should apply filters to search results","status":"passed","title":"should apply filters to search results","duration":41.29979999999341,"failureMessages":[],"location":{"line":192,"column":5},"meta":{}},{"ancestorTitles":["UnifiedDataService","searchVideos"],"fullName":"UnifiedDataService searchVideos should handle search errors gracefully","status":"passed","title":"should handle search errors gracefully","duration":43.032500000001164,"failureMessages":[],"location":{"line":204,"column":5},"meta":{}},{"ancestorTitles":["UnifiedDataService","getVideoById"],"fullName":"UnifiedDataService getVideoById should fetch video from local source first","status":"failed","title":"should fetch video from local source first","duration":18.27520000000368,"failureMessages":["AssertionError: expected \"getVideoById\" to be called with arguments: [ 'test-video' ]\u001b[90m\n\nNumber of calls: \u001b[1m0\u001b[22m\n\u001b[39m\n    at Proxy.<anonymous> (file:///C:/Users/A/Documents/Git/YT/ytmain-v6/node_modules/@vitest/expect/dist/index.js:1355:10)\n    at Proxy.<anonymous> (file:///C:/Users/A/Documents/Git/YT/ytmain-v6/node_modules/@vitest/expect/dist/index.js:1029:14)\n    at Proxy.methodWrapper (file:///C:/Users/A/Documents/Git/YT/ytmain-v6/node_modules/chai/chai.js:1618:25)\n    at C:\\Users\\A\\Documents\\Git\\YT\\ytmain-v6\\test\\services\\unifiedDataService.test.ts:225:51\n    at file:///C:/Users/A/Documents/Git/YT/ytmain-v6/node_modules/@vitest/runner/dist/chunk-hooks.js:752:20","AssertionError: expected \"getVideoById\" to be called with arguments: [ 'test-video' ]\u001b[90m\n\nNumber of calls: \u001b[1m0\u001b[22m\n\u001b[39m\n    at Proxy.<anonymous> (file:///C:/Users/A/Documents/Git/YT/ytmain-v6/node_modules/@vitest/expect/dist/index.js:1355:10)\n    at Proxy.<anonymous> (file:///C:/Users/A/Documents/Git/YT/ytmain-v6/node_modules/@vitest/expect/dist/index.js:1029:14)\n    at Proxy.methodWrapper (file:///C:/Users/A/Documents/Git/YT/ytmain-v6/node_modules/chai/chai.js:1618:25)\n    at C:\\Users\\A\\Documents\\Git\\YT\\ytmain-v6\\test\\services\\unifiedDataService.test.ts:225:51\n    at file:///C:/Users/A/Documents/Git/YT/ytmain-v6/node_modules/@vitest/runner/dist/chunk-hooks.js:752:20","AssertionError: expected \"getVideoById\" to be called with arguments: [ 'test-video' ]\u001b[90m\n\nNumber of calls: \u001b[1m0\u001b[22m\n\u001b[39m\n    at Proxy.<anonymous> (file:///C:/Users/A/Documents/Git/YT/ytmain-v6/node_modules/@vitest/expect/dist/index.js:1355:10)\n    at Proxy.<anonymous> (file:///C:/Users/A/Documents/Git/YT/ytmain-v6/node_modules/@vitest/expect/dist/index.js:1029:14)\n    at Proxy.methodWrapper (file:///C:/Users/A/Documents/Git/YT/ytmain-v6/node_modules/chai/chai.js:1618:25)\n    at C:\\Users\\A\\Documents\\Git\\YT\\ytmain-v6\\test\\services\\unifiedDataService.test.ts:225:51\n    at file:///C:/Users/A/Documents/Git/YT/ytmain-v6/node_modules/@vitest/runner/dist/chunk-hooks.js:752:20"],"location":{"line":222,"column":5},"meta":{}},{"ancestorTitles":["UnifiedDataService","getVideoById"],"fullName":"UnifiedDataService getVideoById should fallback to YouTube if local video not found","status":"failed","title":"should fallback to YouTube if local video not found","duration":3.690199999997276,"failureMessages":["AssertionError: expected \"getVideoById\" to be called with arguments: [ 'test-video' ]\u001b[90m\n\nNumber of calls: \u001b[1m0\u001b[22m\n\u001b[39m\n    at Proxy.<anonymous> (file:///C:/Users/A/Documents/Git/YT/ytmain-v6/node_modules/@vitest/expect/dist/index.js:1355:10)\n    at Proxy.<anonymous> (file:///C:/Users/A/Documents/Git/YT/ytmain-v6/node_modules/@vitest/expect/dist/index.js:1029:14)\n    at Proxy.methodWrapper (file:///C:/Users/A/Documents/Git/YT/ytmain-v6/node_modules/chai/chai.js:1618:25)\n    at C:\\Users\\A\\Documents\\Git\\YT\\ytmain-v6\\test\\services\\unifiedDataService.test.ts:236:51\n    at file:///C:/Users/A/Documents/Git/YT/ytmain-v6/node_modules/@vitest/runner/dist/chunk-hooks.js:752:20","AssertionError: expected \"getVideoById\" to be called with arguments: [ 'test-video' ]\u001b[90m\n\nNumber of calls: \u001b[1m0\u001b[22m\n\u001b[39m\n    at Proxy.<anonymous> (file:///C:/Users/A/Documents/Git/YT/ytmain-v6/node_modules/@vitest/expect/dist/index.js:1355:10)\n    at Proxy.<anonymous> (file:///C:/Users/A/Documents/Git/YT/ytmain-v6/node_modules/@vitest/expect/dist/index.js:1029:14)\n    at Proxy.methodWrapper (file:///C:/Users/A/Documents/Git/YT/ytmain-v6/node_modules/chai/chai.js:1618:25)\n    at C:\\Users\\A\\Documents\\Git\\YT\\ytmain-v6\\test\\services\\unifiedDataService.test.ts:236:51\n    at file:///C:/Users/A/Documents/Git/YT/ytmain-v6/node_modules/@vitest/runner/dist/chunk-hooks.js:752:20","AssertionError: expected \"getVideoById\" to be called with arguments: [ 'test-video' ]\u001b[90m\n\nNumber of calls: \u001b[1m0\u001b[22m\n\u001b[39m\n    at Proxy.<anonymous> (file:///C:/Users/A/Documents/Git/YT/ytmain-v6/node_modules/@vitest/expect/dist/index.js:1355:10)\n    at Proxy.<anonymous> (file:///C:/Users/A/Documents/Git/YT/ytmain-v6/node_modules/@vitest/expect/dist/index.js:1029:14)\n    at Proxy.methodWrapper (file:///C:/Users/A/Documents/Git/YT/ytmain-v6/node_modules/chai/chai.js:1618:25)\n    at C:\\Users\\A\\Documents\\Git\\YT\\ytmain-v6\\test\\services\\unifiedDataService.test.ts:236:51\n    at file:///C:/Users/A/Documents/Git/YT/ytmain-v6/node_modules/@vitest/runner/dist/chunk-hooks.js:752:20"],"location":{"line":229,"column":5},"meta":{}},{"ancestorTitles":["UnifiedDataService","getVideoById"],"fullName":"UnifiedDataService getVideoById should return null if video not found in any source","status":"passed","title":"should return null if video not found in any source","duration":2.1683000000048196,"failureMessages":[],"location":{"line":241,"column":5},"meta":{}},{"ancestorTitles":["UnifiedDataService","getVideoById"],"fullName":"UnifiedDataService getVideoById should handle errors gracefully","status":"passed","title":"should handle errors gracefully","duration":2.215200000006007,"failureMessages":[],"location":{"line":250,"column":5},"meta":{}},{"ancestorTitles":["UnifiedDataService","getVideoById"],"fullName":"UnifiedDataService getVideoById should use caching for repeated requests","status":"failed","title":"should use caching for repeated requests","duration":8.077699999994365,"failureMessages":["AssertionError: expected \"getVideoById\" to be called 1 times, but got 0 times\n    at C:\\Users\\A\\Documents\\Git\\YT\\ytmain-v6\\test\\services\\unifiedDataService.test.ts:262:51\n    at file:///C:/Users/A/Documents/Git/YT/ytmain-v6/node_modules/@vitest/runner/dist/chunk-hooks.js:752:20","AssertionError: expected \"getVideoById\" to be called 1 times, but got 0 times\n    at C:\\Users\\A\\Documents\\Git\\YT\\ytmain-v6\\test\\services\\unifiedDataService.test.ts:262:51\n    at file:///C:/Users/A/Documents/Git/YT/ytmain-v6/node_modules/@vitest/runner/dist/chunk-hooks.js:752:20","AssertionError: expected \"getVideoById\" to be called 1 times, but got 0 times\n    at C:\\Users\\A\\Documents\\Git\\YT\\ytmain-v6\\test\\services\\unifiedDataService.test.ts:262:51\n    at file:///C:/Users/A/Documents/Git/YT/ytmain-v6/node_modules/@vitest/runner/dist/chunk-hooks.js:752:20"],"location":{"line":259,"column":5},"meta":{}},{"ancestorTitles":["UnifiedDataService","getChannelById"],"fullName":"UnifiedDataService getChannelById should fetch channel from local source first","status":"failed","title":"should fetch channel from local source first","duration":8.252099999997881,"failureMessages":["AssertionError: expected \"getChannelById\" to be called with arguments: [ 'test-channel' ]\u001b[90m\n\nNumber of calls: \u001b[1m0\u001b[22m\n\u001b[39m\n    at Proxy.<anonymous> (file:///C:/Users/A/Documents/Git/YT/ytmain-v6/node_modules/@vitest/expect/dist/index.js:1355:10)\n    at Proxy.<anonymous> (file:///C:/Users/A/Documents/Git/YT/ytmain-v6/node_modules/@vitest/expect/dist/index.js:1029:14)\n    at Proxy.methodWrapper (file:///C:/Users/A/Documents/Git/YT/ytmain-v6/node_modules/chai/chai.js:1618:25)\n    at C:\\Users\\A\\Documents\\Git\\YT\\ytmain-v6\\test\\services\\unifiedDataService.test.ts:282:53\n    at file:///C:/Users/A/Documents/Git/YT/ytmain-v6/node_modules/@vitest/runner/dist/chunk-hooks.js:752:20","AssertionError: expected \"getChannelById\" to be called with arguments: [ 'test-channel' ]\u001b[90m\n\nNumber of calls: \u001b[1m0\u001b[22m\n\u001b[39m\n    at Proxy.<anonymous> (file:///C:/Users/A/Documents/Git/YT/ytmain-v6/node_modules/@vitest/expect/dist/index.js:1355:10)\n    at Proxy.<anonymous> (file:///C:/Users/A/Documents/Git/YT/ytmain-v6/node_modules/@vitest/expect/dist/index.js:1029:14)\n    at Proxy.methodWrapper (file:///C:/Users/A/Documents/Git/YT/ytmain-v6/node_modules/chai/chai.js:1618:25)\n    at C:\\Users\\A\\Documents\\Git\\YT\\ytmain-v6\\test\\services\\unifiedDataService.test.ts:282:53\n    at file:///C:/Users/A/Documents/Git/YT/ytmain-v6/node_modules/@vitest/runner/dist/chunk-hooks.js:752:20","AssertionError: expected \"getChannelById\" to be called with arguments: [ 'test-channel' ]\u001b[90m\n\nNumber of calls: \u001b[1m0\u001b[22m\n\u001b[39m\n    at Proxy.<anonymous> (file:///C:/Users/A/Documents/Git/YT/ytmain-v6/node_modules/@vitest/expect/dist/index.js:1355:10)\n    at Proxy.<anonymous> (file:///C:/Users/A/Documents/Git/YT/ytmain-v6/node_modules/@vitest/expect/dist/index.js:1029:14)\n    at Proxy.methodWrapper (file:///C:/Users/A/Documents/Git/YT/ytmain-v6/node_modules/chai/chai.js:1618:25)\n    at C:\\Users\\A\\Documents\\Git\\YT\\ytmain-v6\\test\\services\\unifiedDataService.test.ts:282:53\n    at file:///C:/Users/A/Documents/Git/YT/ytmain-v6/node_modules/@vitest/runner/dist/chunk-hooks.js:752:20"],"location":{"line":279,"column":5},"meta":{}},{"ancestorTitles":["UnifiedDataService","getChannelById"],"fullName":"UnifiedDataService getChannelById should fallback to YouTube if local channel not found","status":"failed","title":"should fallback to YouTube if local channel not found","duration":2.762800000011339,"failureMessages":["AssertionError: expected \"getChannelById\" to be called with arguments: [ 'test-channel' ]\u001b[90m\n\nNumber of calls: \u001b[1m0\u001b[22m\n\u001b[39m\n    at Proxy.<anonymous> (file:///C:/Users/A/Documents/Git/YT/ytmain-v6/node_modules/@vitest/expect/dist/index.js:1355:10)\n    at Proxy.<anonymous> (file:///C:/Users/A/Documents/Git/YT/ytmain-v6/node_modules/@vitest/expect/dist/index.js:1029:14)\n    at Proxy.methodWrapper (file:///C:/Users/A/Documents/Git/YT/ytmain-v6/node_modules/chai/chai.js:1618:25)\n    at C:\\Users\\A\\Documents\\Git\\YT\\ytmain-v6\\test\\services\\unifiedDataService.test.ts:293:53\n    at file:///C:/Users/A/Documents/Git/YT/ytmain-v6/node_modules/@vitest/runner/dist/chunk-hooks.js:752:20","AssertionError: expected \"getChannelById\" to be called with arguments: [ 'test-channel' ]\u001b[90m\n\nNumber of calls: \u001b[1m0\u001b[22m\n\u001b[39m\n    at Proxy.<anonymous> (file:///C:/Users/A/Documents/Git/YT/ytmain-v6/node_modules/@vitest/expect/dist/index.js:1355:10)\n    at Proxy.<anonymous> (file:///C:/Users/A/Documents/Git/YT/ytmain-v6/node_modules/@vitest/expect/dist/index.js:1029:14)\n    at Proxy.methodWrapper (file:///C:/Users/A/Documents/Git/YT/ytmain-v6/node_modules/chai/chai.js:1618:25)\n    at C:\\Users\\A\\Documents\\Git\\YT\\ytmain-v6\\test\\services\\unifiedDataService.test.ts:293:53\n    at file:///C:/Users/A/Documents/Git/YT/ytmain-v6/node_modules/@vitest/runner/dist/chunk-hooks.js:752:20","AssertionError: expected \"getChannelById\" to be called with arguments: [ 'test-channel' ]\u001b[90m\n\nNumber of calls: \u001b[1m0\u001b[22m\n\u001b[39m\n    at Proxy.<anonymous> (file:///C:/Users/A/Documents/Git/YT/ytmain-v6/node_modules/@vitest/expect/dist/index.js:1355:10)\n    at Proxy.<anonymous> (file:///C:/Users/A/Documents/Git/YT/ytmain-v6/node_modules/@vitest/expect/dist/index.js:1029:14)\n    at Proxy.methodWrapper (file:///C:/Users/A/Documents/Git/YT/ytmain-v6/node_modules/chai/chai.js:1618:25)\n    at C:\\Users\\A\\Documents\\Git\\YT\\ytmain-v6\\test\\services\\unifiedDataService.test.ts:293:53\n    at file:///C:/Users/A/Documents/Git/YT/ytmain-v6/node_modules/@vitest/runner/dist/chunk-hooks.js:752:20"],"location":{"line":286,"column":5},"meta":{}},{"ancestorTitles":["UnifiedDataService","getChannelById"],"fullName":"UnifiedDataService getChannelById should return null if channel not found in any source","status":"passed","title":"should return null if channel not found in any source","duration":0.6242000000056578,"failureMessages":[],"location":{"line":298,"column":5},"meta":{}},{"ancestorTitles":["UnifiedDataService","getShortsVideos"],"fullName":"UnifiedDataService getShortsVideos should delegate to getTrendingVideos with shorts filter","status":"passed","title":"should delegate to getTrendingVideos with shorts filter","duration":24.25820000001113,"failureMessages":[],"location":{"line":309,"column":5},"meta":{}},{"ancestorTitles":["UnifiedDataService","Video Mixing Strategies"],"fullName":"UnifiedDataService Video Mixing Strategies should mix videos using round-robin strategy","status":"passed","title":"should mix videos using round-robin strategy","duration":2.330999999991036,"failureMessages":[],"location":{"line":329,"column":5},"meta":{}},{"ancestorTitles":["UnifiedDataService","Video Mixing Strategies"],"fullName":"UnifiedDataService Video Mixing Strategies should mix videos using source-priority strategy","status":"passed","title":"should mix videos using source-priority strategy","duration":0.8178000000043539,"failureMessages":[],"location":{"line":342,"column":5},"meta":{}},{"ancestorTitles":["UnifiedDataService","Video Mixing Strategies"],"fullName":"UnifiedDataService Video Mixing Strategies should mix videos using relevance strategy","status":"passed","title":"should mix videos using relevance strategy","duration":0.8968999999924563,"failureMessages":[],"location":{"line":359,"column":5},"meta":{}},{"ancestorTitles":["UnifiedDataService","Cache Management"],"fullName":"UnifiedDataService Cache Management should clear all cache","status":"passed","title":"should clear all cache","duration":0.564700000002631,"failureMessages":[],"location":{"line":381,"column":5},"meta":{}},{"ancestorTitles":["UnifiedDataService","Cache Management"],"fullName":"UnifiedDataService Cache Management should clear cache by pattern","status":"passed","title":"should clear cache by pattern","duration":0.43170000000100117,"failureMessages":[],"location":{"line":390,"column":5},"meta":{}},{"ancestorTitles":["UnifiedDataService","Cache Management"],"fullName":"UnifiedDataService Cache Management should respect cache TTL","status":"failed","title":"should respect cache TTL","duration":6.348200000007637,"failureMessages":["AssertionError: expected null to deeply equal { data: 'test' }\n    at C:\\Users\\A\\Documents\\Git\\YT\\ytmain-v6\\test\\services\\unifiedDataService.test.ts:409:58\n    at file:///C:/Users/A/Documents/Git/YT/ytmain-v6/node_modules/@vitest/runner/dist/chunk-hooks.js:155:11\n    at file:///C:/Users/A/Documents/Git/YT/ytmain-v6/node_modules/@vitest/runner/dist/chunk-hooks.js:752:26\n    at file:///C:/Users/A/Documents/Git/YT/ytmain-v6/node_modules/@vitest/runner/dist/chunk-hooks.js:1897:20\n    at new Promise (<anonymous>)\n    at runWithTimeout (file:///C:/Users/A/Documents/Git/YT/ytmain-v6/node_modules/@vitest/runner/dist/chunk-hooks.js:1863:10)\n    at runTest (file:///C:/Users/A/Documents/Git/YT/ytmain-v6/node_modules/@vitest/runner/dist/chunk-hooks.js:1574:12)\n    at runSuite (file:///C:/Users/A/Documents/Git/YT/ytmain-v6/node_modules/@vitest/runner/dist/chunk-hooks.js:1729:8)\n    at runSuite (file:///C:/Users/A/Documents/Git/YT/ytmain-v6/node_modules/@vitest/runner/dist/chunk-hooks.js:1729:8)\n    at runSuite (file:///C:/Users/A/Documents/Git/YT/ytmain-v6/node_modules/@vitest/runner/dist/chunk-hooks.js:1729:8)","AssertionError: expected null to deeply equal { data: 'test' }\n    at C:\\Users\\A\\Documents\\Git\\YT\\ytmain-v6\\test\\services\\unifiedDataService.test.ts:409:58\n    at file:///C:/Users/A/Documents/Git/YT/ytmain-v6/node_modules/@vitest/runner/dist/chunk-hooks.js:155:11\n    at file:///C:/Users/A/Documents/Git/YT/ytmain-v6/node_modules/@vitest/runner/dist/chunk-hooks.js:752:26\n    at file:///C:/Users/A/Documents/Git/YT/ytmain-v6/node_modules/@vitest/runner/dist/chunk-hooks.js:1897:20\n    at new Promise (<anonymous>)\n    at runWithTimeout (file:///C:/Users/A/Documents/Git/YT/ytmain-v6/node_modules/@vitest/runner/dist/chunk-hooks.js:1863:10)\n    at runTest (file:///C:/Users/A/Documents/Git/YT/ytmain-v6/node_modules/@vitest/runner/dist/chunk-hooks.js:1574:12)\n    at runSuite (file:///C:/Users/A/Documents/Git/YT/ytmain-v6/node_modules/@vitest/runner/dist/chunk-hooks.js:1729:8)\n    at runSuite (file:///C:/Users/A/Documents/Git/YT/ytmain-v6/node_modules/@vitest/runner/dist/chunk-hooks.js:1729:8)\n    at runSuite (file:///C:/Users/A/Documents/Git/YT/ytmain-v6/node_modules/@vitest/runner/dist/chunk-hooks.js:1729:8)","AssertionError: expected null to deeply equal { data: 'test' }\n    at C:\\Users\\A\\Documents\\Git\\YT\\ytmain-v6\\test\\services\\unifiedDataService.test.ts:409:58\n    at file:///C:/Users/A/Documents/Git/YT/ytmain-v6/node_modules/@vitest/runner/dist/chunk-hooks.js:155:11\n    at file:///C:/Users/A/Documents/Git/YT/ytmain-v6/node_modules/@vitest/runner/dist/chunk-hooks.js:752:26\n    at file:///C:/Users/A/Documents/Git/YT/ytmain-v6/node_modules/@vitest/runner/dist/chunk-hooks.js:1897:20\n    at new Promise (<anonymous>)\n    at runWithTimeout (file:///C:/Users/A/Documents/Git/YT/ytmain-v6/node_modules/@vitest/runner/dist/chunk-hooks.js:1863:10)\n    at runTest (file:///C:/Users/A/Documents/Git/YT/ytmain-v6/node_modules/@vitest/runner/dist/chunk-hooks.js:1574:12)\n    at runSuite (file:///C:/Users/A/Documents/Git/YT/ytmain-v6/node_modules/@vitest/runner/dist/chunk-hooks.js:1729:8)\n    at runSuite (file:///C:/Users/A/Documents/Git/YT/ytmain-v6/node_modules/@vitest/runner/dist/chunk-hooks.js:1729:8)\n    at runSuite (file:///C:/Users/A/Documents/Git/YT/ytmain-v6/node_modules/@vitest/runner/dist/chunk-hooks.js:1729:8)"],"location":{"line":403,"column":5},"meta":{}}],"startTime":1753807000348,"endTime":1753807001743.3481,"status":"failed","message":"","name":"C:/Users/A/Documents/Git/YT/ytmain-v6/test/services/unifiedDataService.test.ts"},{"assertionResults":[{"ancestorTitles":["YouTubeService","fetchVideos"],"fullName":"YouTubeService fetchVideos should fetch videos successfully","status":"failed","title":"should fetch videos successfully","duration":87.40050000000338,"failureMessages":["AssertionError: expected [] to have a length of 1 but got +0\n    at Proxy.<anonymous> (file:///C:/Users/A/Documents/Git/YT/ytmain-v6/node_modules/@vitest/expect/dist/index.js:1257:20)\n    at Proxy.<anonymous> (file:///C:/Users/A/Documents/Git/YT/ytmain-v6/node_modules/@vitest/expect/dist/index.js:1029:14)\n    at Proxy.methodWrapper (file:///C:/Users/A/Documents/Git/YT/ytmain-v6/node_modules/chai/chai.js:1618:25)\n    at C:\\Users\\A\\Documents\\Git\\YT\\ytmain-v6\\test\\services\\youtubeService.test.ts:63:22\n    at file:///C:/Users/A/Documents/Git/YT/ytmain-v6/node_modules/@vitest/runner/dist/chunk-hooks.js:752:20","AssertionError: expected [] to have a length of 1 but got +0\n    at Proxy.<anonymous> (file:///C:/Users/A/Documents/Git/YT/ytmain-v6/node_modules/@vitest/expect/dist/index.js:1257:20)\n    at Proxy.<anonymous> (file:///C:/Users/A/Documents/Git/YT/ytmain-v6/node_modules/@vitest/expect/dist/index.js:1029:14)\n    at Proxy.methodWrapper (file:///C:/Users/A/Documents/Git/YT/ytmain-v6/node_modules/chai/chai.js:1618:25)\n    at C:\\Users\\A\\Documents\\Git\\YT\\ytmain-v6\\test\\services\\youtubeService.test.ts:63:22\n    at file:///C:/Users/A/Documents/Git/YT/ytmain-v6/node_modules/@vitest/runner/dist/chunk-hooks.js:752:20","AssertionError: expected [] to have a length of 1 but got +0\n    at Proxy.<anonymous> (file:///C:/Users/A/Documents/Git/YT/ytmain-v6/node_modules/@vitest/expect/dist/index.js:1257:20)\n    at Proxy.<anonymous> (file:///C:/Users/A/Documents/Git/YT/ytmain-v6/node_modules/@vitest/expect/dist/index.js:1029:14)\n    at Proxy.methodWrapper (file:///C:/Users/A/Documents/Git/YT/ytmain-v6/node_modules/chai/chai.js:1618:25)\n    at C:\\Users\\A\\Documents\\Git\\YT\\ytmain-v6\\test\\services\\youtubeService.test.ts:63:22\n    at file:///C:/Users/A/Documents/Git/YT/ytmain-v6/node_modules/@vitest/runner/dist/chunk-hooks.js:752:20"],"location":{"line":55,"column":5},"meta":{}},{"ancestorTitles":["YouTubeService","fetchVideos"],"fullName":"YouTubeService fetchVideos should return empty array for empty input","status":"passed","title":"should return empty array for empty input","duration":0.9688000000023749,"failureMessages":[],"location":{"line":76,"column":5},"meta":{}},{"ancestorTitles":["YouTubeService","fetchVideos"],"fullName":"YouTubeService fetchVideos should handle API errors gracefully","status":"failed","title":"should handle API errors gracefully","duration":43.41700000000128,"failureMessages":["Error: promise resolved \"[]\" instead of rejecting\n    at Assertion.__VITEST_REJECTS__ (file:///C:/Users/A/Documents/Git/YT/ytmain-v6/node_modules/@vitest/expect/dist/index.js:1610:17)\n    at Assertion.propertyGetter (file:///C:/Users/A/Documents/Git/YT/ytmain-v6/node_modules/chai/chai.js:1486:27)\n    at Reflect.get (<anonymous>)\n    at Object.proxyGetter [as get] (file:///C:/Users/A/Documents/Git/YT/ytmain-v6/node_modules/chai/chai.js:1577:22)\n    at C:\\Users\\A\\Documents\\Git\\YT\\ytmain-v6\\test\\services\\youtubeService.test.ts:88:62\n    at file:///C:/Users/A/Documents/Git/YT/ytmain-v6/node_modules/@vitest/runner/dist/chunk-hooks.js:155:11\n    at file:///C:/Users/A/Documents/Git/YT/ytmain-v6/node_modules/@vitest/runner/dist/chunk-hooks.js:752:26\n    at file:///C:/Users/A/Documents/Git/YT/ytmain-v6/node_modules/@vitest/runner/dist/chunk-hooks.js:1897:20\n    at new Promise (<anonymous>)\n    at runWithTimeout (file:///C:/Users/A/Documents/Git/YT/ytmain-v6/node_modules/@vitest/runner/dist/chunk-hooks.js:1863:10)","Error: promise resolved \"[]\" instead of rejecting\n    at Assertion.__VITEST_REJECTS__ (file:///C:/Users/A/Documents/Git/YT/ytmain-v6/node_modules/@vitest/expect/dist/index.js:1610:17)\n    at Assertion.propertyGetter (file:///C:/Users/A/Documents/Git/YT/ytmain-v6/node_modules/chai/chai.js:1486:27)\n    at Reflect.get (<anonymous>)\n    at Object.proxyGetter [as get] (file:///C:/Users/A/Documents/Git/YT/ytmain-v6/node_modules/chai/chai.js:1577:22)\n    at C:\\Users\\A\\Documents\\Git\\YT\\ytmain-v6\\test\\services\\youtubeService.test.ts:88:62\n    at file:///C:/Users/A/Documents/Git/YT/ytmain-v6/node_modules/@vitest/runner/dist/chunk-hooks.js:155:11\n    at file:///C:/Users/A/Documents/Git/YT/ytmain-v6/node_modules/@vitest/runner/dist/chunk-hooks.js:752:26\n    at file:///C:/Users/A/Documents/Git/YT/ytmain-v6/node_modules/@vitest/runner/dist/chunk-hooks.js:1897:20\n    at new Promise (<anonymous>)\n    at runWithTimeout (file:///C:/Users/A/Documents/Git/YT/ytmain-v6/node_modules/@vitest/runner/dist/chunk-hooks.js:1863:10)","Error: promise resolved \"[]\" instead of rejecting\n    at Assertion.__VITEST_REJECTS__ (file:///C:/Users/A/Documents/Git/YT/ytmain-v6/node_modules/@vitest/expect/dist/index.js:1610:17)\n    at Assertion.propertyGetter (file:///C:/Users/A/Documents/Git/YT/ytmain-v6/node_modules/chai/chai.js:1486:27)\n    at Reflect.get (<anonymous>)\n    at Object.proxyGetter [as get] (file:///C:/Users/A/Documents/Git/YT/ytmain-v6/node_modules/chai/chai.js:1577:22)\n    at C:\\Users\\A\\Documents\\Git\\YT\\ytmain-v6\\test\\services\\youtubeService.test.ts:88:62\n    at file:///C:/Users/A/Documents/Git/YT/ytmain-v6/node_modules/@vitest/runner/dist/chunk-hooks.js:155:11\n    at file:///C:/Users/A/Documents/Git/YT/ytmain-v6/node_modules/@vitest/runner/dist/chunk-hooks.js:752:26\n    at file:///C:/Users/A/Documents/Git/YT/ytmain-v6/node_modules/@vitest/runner/dist/chunk-hooks.js:1897:20\n    at new Promise (<anonymous>)\n    at runWithTimeout (file:///C:/Users/A/Documents/Git/YT/ytmain-v6/node_modules/@vitest/runner/dist/chunk-hooks.js:1863:10)"],"location":{"line":81,"column":5},"meta":{}},{"ancestorTitles":["YouTubeService","fetchVideos"],"fullName":"YouTubeService fetchVideos should handle network errors gracefully","status":"failed","title":"should handle network errors gracefully","duration":70.63859999999113,"failureMessages":["Error: promise resolved \"[]\" instead of rejecting\n    at Assertion.__VITEST_REJECTS__ (file:///C:/Users/A/Documents/Git/YT/ytmain-v6/node_modules/@vitest/expect/dist/index.js:1610:17)\n    at Assertion.propertyGetter (file:///C:/Users/A/Documents/Git/YT/ytmain-v6/node_modules/chai/chai.js:1486:27)\n    at Reflect.get (<anonymous>)\n    at Object.proxyGetter [as get] (file:///C:/Users/A/Documents/Git/YT/ytmain-v6/node_modules/chai/chai.js:1577:22)\n    at C:\\Users\\A\\Documents\\Git\\YT\\ytmain-v6\\test\\services\\youtubeService.test.ts:94:62\n    at file:///C:/Users/A/Documents/Git/YT/ytmain-v6/node_modules/@vitest/runner/dist/chunk-hooks.js:155:11\n    at file:///C:/Users/A/Documents/Git/YT/ytmain-v6/node_modules/@vitest/runner/dist/chunk-hooks.js:752:26\n    at file:///C:/Users/A/Documents/Git/YT/ytmain-v6/node_modules/@vitest/runner/dist/chunk-hooks.js:1897:20\n    at new Promise (<anonymous>)\n    at runWithTimeout (file:///C:/Users/A/Documents/Git/YT/ytmain-v6/node_modules/@vitest/runner/dist/chunk-hooks.js:1863:10)","Error: promise resolved \"[]\" instead of rejecting\n    at Assertion.__VITEST_REJECTS__ (file:///C:/Users/A/Documents/Git/YT/ytmain-v6/node_modules/@vitest/expect/dist/index.js:1610:17)\n    at Assertion.propertyGetter (file:///C:/Users/A/Documents/Git/YT/ytmain-v6/node_modules/chai/chai.js:1486:27)\n    at Reflect.get (<anonymous>)\n    at Object.proxyGetter [as get] (file:///C:/Users/A/Documents/Git/YT/ytmain-v6/node_modules/chai/chai.js:1577:22)\n    at C:\\Users\\A\\Documents\\Git\\YT\\ytmain-v6\\test\\services\\youtubeService.test.ts:94:62\n    at file:///C:/Users/A/Documents/Git/YT/ytmain-v6/node_modules/@vitest/runner/dist/chunk-hooks.js:155:11\n    at file:///C:/Users/A/Documents/Git/YT/ytmain-v6/node_modules/@vitest/runner/dist/chunk-hooks.js:752:26\n    at file:///C:/Users/A/Documents/Git/YT/ytmain-v6/node_modules/@vitest/runner/dist/chunk-hooks.js:1897:20\n    at new Promise (<anonymous>)\n    at runWithTimeout (file:///C:/Users/A/Documents/Git/YT/ytmain-v6/node_modules/@vitest/runner/dist/chunk-hooks.js:1863:10)","Error: promise resolved \"[]\" instead of rejecting\n    at Assertion.__VITEST_REJECTS__ (file:///C:/Users/A/Documents/Git/YT/ytmain-v6/node_modules/@vitest/expect/dist/index.js:1610:17)\n    at Assertion.propertyGetter (file:///C:/Users/A/Documents/Git/YT/ytmain-v6/node_modules/chai/chai.js:1486:27)\n    at Reflect.get (<anonymous>)\n    at Object.proxyGetter [as get] (file:///C:/Users/A/Documents/Git/YT/ytmain-v6/node_modules/chai/chai.js:1577:22)\n    at C:\\Users\\A\\Documents\\Git\\YT\\ytmain-v6\\test\\services\\youtubeService.test.ts:94:62\n    at file:///C:/Users/A/Documents/Git/YT/ytmain-v6/node_modules/@vitest/runner/dist/chunk-hooks.js:155:11\n    at file:///C:/Users/A/Documents/Git/YT/ytmain-v6/node_modules/@vitest/runner/dist/chunk-hooks.js:752:26\n    at file:///C:/Users/A/Documents/Git/YT/ytmain-v6/node_modules/@vitest/runner/dist/chunk-hooks.js:1897:20\n    at new Promise (<anonymous>)\n    at runWithTimeout (file:///C:/Users/A/Documents/Git/YT/ytmain-v6/node_modules/@vitest/runner/dist/chunk-hooks.js:1863:10)"],"location":{"line":91,"column":5},"meta":{}},{"ancestorTitles":["YouTubeService","fetchVideos"],"fullName":"YouTubeService fetchVideos should use caching for repeated requests","status":"failed","title":"should use caching for repeated requests","duration":29.1817999999912,"failureMessages":["AssertionError: expected \"spy\" to be called 1 times, but got 0 times\n    at C:\\Users\\A\\Documents\\Git\\YT\\ytmain-v6\\test\\services\\youtubeService.test.ts:105:25\n    at file:///C:/Users/A/Documents/Git/YT/ytmain-v6/node_modules/@vitest/runner/dist/chunk-hooks.js:752:20","AssertionError: expected \"spy\" to be called 1 times, but got 0 times\n    at C:\\Users\\A\\Documents\\Git\\YT\\ytmain-v6\\test\\services\\youtubeService.test.ts:105:25\n    at file:///C:/Users/A/Documents/Git/YT/ytmain-v6/node_modules/@vitest/runner/dist/chunk-hooks.js:752:20","AssertionError: expected \"spy\" to be called 1 times, but got 0 times\n    at C:\\Users\\A\\Documents\\Git\\YT\\ytmain-v6\\test\\services\\youtubeService.test.ts:105:25\n    at file:///C:/Users/A/Documents/Git/YT/ytmain-v6/node_modules/@vitest/runner/dist/chunk-hooks.js:752:20"],"location":{"line":97,"column":5},"meta":{}},{"ancestorTitles":["YouTubeService","fetchVideos"],"fullName":"YouTubeService fetchVideos should parse duration correctly","status":"failed","title":"should parse duration correctly","duration":29.660499999998137,"failureMessages":["AssertionError: expected undefined to be '5:30' // Object.is equality\n    at C:\\Users\\A\\Documents\\Git\\YT\\ytmain-v6\\test\\services\\youtubeService.test.ts:138:37\n    at file:///C:/Users/A/Documents/Git/YT/ytmain-v6/node_modules/@vitest/runner/dist/chunk-hooks.js:752:20","AssertionError: expected undefined to be '5:30' // Object.is equality\n    at C:\\Users\\A\\Documents\\Git\\YT\\ytmain-v6\\test\\services\\youtubeService.test.ts:138:37\n    at file:///C:/Users/A/Documents/Git/YT/ytmain-v6/node_modules/@vitest/runner/dist/chunk-hooks.js:752:20","AssertionError: expected undefined to be '5:30' // Object.is equality\n    at C:\\Users\\A\\Documents\\Git\\YT\\ytmain-v6\\test\\services\\youtubeService.test.ts:138:37\n    at file:///C:/Users/A/Documents/Git/YT/ytmain-v6/node_modules/@vitest/runner/dist/chunk-hooks.js:752:20"],"location":{"line":112,"column":5},"meta":{}},{"ancestorTitles":["YouTubeService","fetchChannel"],"fullName":"YouTubeService fetchChannel should fetch channel successfully","status":"failed","title":"should fetch channel successfully","duration":25.018899999995483,"failureMessages":["AssertionError: expected null to match object { id: 'test-channel-1', (7) }\n    at Proxy.<anonymous> (file:///C:/Users/A/Documents/Git/YT/ytmain-v6/node_modules/@vitest/expect/dist/index.js:1155:10)\n    at Proxy.<anonymous> (file:///C:/Users/A/Documents/Git/YT/ytmain-v6/node_modules/@vitest/expect/dist/index.js:1029:14)\n    at Proxy.methodWrapper (file:///C:/Users/A/Documents/Git/YT/ytmain-v6/node_modules/chai/chai.js:1618:25)\n    at C:\\Users\\A\\Documents\\Git\\YT\\ytmain-v6\\test\\services\\youtubeService.test.ts:176:22\n    at file:///C:/Users/A/Documents/Git/YT/ytmain-v6/node_modules/@vitest/runner/dist/chunk-hooks.js:752:20","AssertionError: expected null to match object { id: 'test-channel-1', (7) }\n    at Proxy.<anonymous> (file:///C:/Users/A/Documents/Git/YT/ytmain-v6/node_modules/@vitest/expect/dist/index.js:1155:10)\n    at Proxy.<anonymous> (file:///C:/Users/A/Documents/Git/YT/ytmain-v6/node_modules/@vitest/expect/dist/index.js:1029:14)\n    at Proxy.methodWrapper (file:///C:/Users/A/Documents/Git/YT/ytmain-v6/node_modules/chai/chai.js:1618:25)\n    at C:\\Users\\A\\Documents\\Git\\YT\\ytmain-v6\\test\\services\\youtubeService.test.ts:176:22\n    at file:///C:/Users/A/Documents/Git/YT/ytmain-v6/node_modules/@vitest/runner/dist/chunk-hooks.js:752:20","AssertionError: expected null to match object { id: 'test-channel-1', (7) }\n    at Proxy.<anonymous> (file:///C:/Users/A/Documents/Git/YT/ytmain-v6/node_modules/@vitest/expect/dist/index.js:1155:10)\n    at Proxy.<anonymous> (file:///C:/Users/A/Documents/Git/YT/ytmain-v6/node_modules/@vitest/expect/dist/index.js:1029:14)\n    at Proxy.methodWrapper (file:///C:/Users/A/Documents/Git/YT/ytmain-v6/node_modules/chai/chai.js:1618:25)\n    at C:\\Users\\A\\Documents\\Git\\YT\\ytmain-v6\\test\\services\\youtubeService.test.ts:176:22\n    at file:///C:/Users/A/Documents/Git/YT/ytmain-v6/node_modules/@vitest/runner/dist/chunk-hooks.js:752:20"],"location":{"line":168,"column":5},"meta":{}},{"ancestorTitles":["YouTubeService","fetchChannel"],"fullName":"YouTubeService fetchChannel should return null for empty channel ID","status":"passed","title":"should return null for empty channel ID","duration":0.3614999999990687,"failureMessages":[],"location":{"line":188,"column":5},"meta":{}},{"ancestorTitles":["YouTubeService","fetchChannel"],"fullName":"YouTubeService fetchChannel should return null when channel not found","status":"passed","title":"should return null when channel not found","duration":9.658699999999953,"failureMessages":[],"location":{"line":193,"column":5},"meta":{}},{"ancestorTitles":["YouTubeService","fetchChannel"],"fullName":"YouTubeService fetchChannel should handle API errors gracefully and return null","status":"passed","title":"should handle API errors gracefully and return null","duration":7.136800000007497,"failureMessages":[],"location":{"line":203,"column":5},"meta":{}},{"ancestorTitles":["YouTubeService","fetchChannel"],"fullName":"YouTubeService fetchChannel should format subscriber count correctly","status":"failed","title":"should format subscriber count correctly","duration":24.68180000000575,"failureMessages":["AssertionError: expected undefined to be '999' // Object.is equality\n    at C:\\Users\\A\\Documents\\Git\\YT\\ytmain-v6\\test\\services\\youtubeService.test.ts:239:41\n    at file:///C:/Users/A/Documents/Git/YT/ytmain-v6/node_modules/@vitest/runner/dist/chunk-hooks.js:752:20","AssertionError: expected undefined to be '999' // Object.is equality\n    at C:\\Users\\A\\Documents\\Git\\YT\\ytmain-v6\\test\\services\\youtubeService.test.ts:239:41\n    at file:///C:/Users/A/Documents/Git/YT/ytmain-v6/node_modules/@vitest/runner/dist/chunk-hooks.js:752:20","AssertionError: expected undefined to be '999' // Object.is equality\n    at C:\\Users\\A\\Documents\\Git\\YT\\ytmain-v6\\test\\services\\youtubeService.test.ts:239:41\n    at file:///C:/Users/A/Documents/Git/YT/ytmain-v6/node_modules/@vitest/runner/dist/chunk-hooks.js:752:20"],"location":{"line":214,"column":5},"meta":{}},{"ancestorTitles":["YouTubeService","fetchChannel"],"fullName":"YouTubeService fetchChannel should use caching for repeated requests","status":"failed","title":"should use caching for repeated requests","duration":26.34580000001006,"failureMessages":["AssertionError: expected \"spy\" to be called 1 times, but got 0 times\n    at C:\\Users\\A\\Documents\\Git\\YT\\ytmain-v6\\test\\services\\youtubeService.test.ts:251:25\n    at file:///C:/Users/A/Documents/Git/YT/ytmain-v6/node_modules/@vitest/runner/dist/chunk-hooks.js:752:20","AssertionError: expected \"spy\" to be called 1 times, but got 0 times\n    at C:\\Users\\A\\Documents\\Git\\YT\\ytmain-v6\\test\\services\\youtubeService.test.ts:251:25\n    at file:///C:/Users/A/Documents/Git/YT/ytmain-v6/node_modules/@vitest/runner/dist/chunk-hooks.js:752:20","AssertionError: expected \"spy\" to be called 1 times, but got 0 times\n    at C:\\Users\\A\\Documents\\Git\\YT\\ytmain-v6\\test\\services\\youtubeService.test.ts:251:25\n    at file:///C:/Users/A/Documents/Git/YT/ytmain-v6/node_modules/@vitest/runner/dist/chunk-hooks.js:752:20"],"location":{"line":243,"column":5},"meta":{}},{"ancestorTitles":["YouTubeService","URL Building"],"fullName":"YouTubeService URL Building should build correct URLs for video requests","status":"failed","title":"should build correct URLs for video requests","duration":26.66700000000128,"failureMessages":["AssertionError: expected \"spy\" to be called with arguments: [ StringContaining{} ]\u001b[90m\n\nNumber of calls: \u001b[1m0\u001b[22m\n\u001b[39m\n    at Proxy.<anonymous> (file:///C:/Users/A/Documents/Git/YT/ytmain-v6/node_modules/@vitest/expect/dist/index.js:1355:10)\n    at Proxy.<anonymous> (file:///C:/Users/A/Documents/Git/YT/ytmain-v6/node_modules/@vitest/expect/dist/index.js:1029:14)\n    at Proxy.methodWrapper (file:///C:/Users/A/Documents/Git/YT/ytmain-v6/node_modules/chai/chai.js:1618:25)\n    at C:\\Users\\A\\Documents\\Git\\YT\\ytmain-v6\\test\\services\\youtubeService.test.ts:268:25\n    at file:///C:/Users/A/Documents/Git/YT/ytmain-v6/node_modules/@vitest/runner/dist/chunk-hooks.js:752:20","AssertionError: expected \"spy\" to be called with arguments: [ StringContaining{} ]\u001b[90m\n\nNumber of calls: \u001b[1m0\u001b[22m\n\u001b[39m\n    at Proxy.<anonymous> (file:///C:/Users/A/Documents/Git/YT/ytmain-v6/node_modules/@vitest/expect/dist/index.js:1355:10)\n    at Proxy.<anonymous> (file:///C:/Users/A/Documents/Git/YT/ytmain-v6/node_modules/@vitest/expect/dist/index.js:1029:14)\n    at Proxy.methodWrapper (file:///C:/Users/A/Documents/Git/YT/ytmain-v6/node_modules/chai/chai.js:1618:25)\n    at C:\\Users\\A\\Documents\\Git\\YT\\ytmain-v6\\test\\services\\youtubeService.test.ts:268:25\n    at file:///C:/Users/A/Documents/Git/YT/ytmain-v6/node_modules/@vitest/runner/dist/chunk-hooks.js:752:20","AssertionError: expected \"spy\" to be called with arguments: [ StringContaining{} ]\u001b[90m\n\nNumber of calls: \u001b[1m0\u001b[22m\n\u001b[39m\n    at Proxy.<anonymous> (file:///C:/Users/A/Documents/Git/YT/ytmain-v6/node_modules/@vitest/expect/dist/index.js:1355:10)\n    at Proxy.<anonymous> (file:///C:/Users/A/Documents/Git/YT/ytmain-v6/node_modules/@vitest/expect/dist/index.js:1029:14)\n    at Proxy.methodWrapper (file:///C:/Users/A/Documents/Git/YT/ytmain-v6/node_modules/chai/chai.js:1618:25)\n    at C:\\Users\\A\\Documents\\Git\\YT\\ytmain-v6\\test\\services\\youtubeService.test.ts:268:25\n    at file:///C:/Users/A/Documents/Git/YT/ytmain-v6/node_modules/@vitest/runner/dist/chunk-hooks.js:752:20"],"location":{"line":260,"column":5},"meta":{}},{"ancestorTitles":["YouTubeService","URL Building"],"fullName":"YouTubeService URL Building should build correct URLs for channel requests","status":"failed","title":"should build correct URLs for channel requests","duration":37.774700000009034,"failureMessages":["AssertionError: expected \"spy\" to be called with arguments: [ StringContaining{} ]\u001b[90m\n\nNumber of calls: \u001b[1m0\u001b[22m\n\u001b[39m\n    at Proxy.<anonymous> (file:///C:/Users/A/Documents/Git/YT/ytmain-v6/node_modules/@vitest/expect/dist/index.js:1355:10)\n    at Proxy.<anonymous> (file:///C:/Users/A/Documents/Git/YT/ytmain-v6/node_modules/@vitest/expect/dist/index.js:1029:14)\n    at Proxy.methodWrapper (file:///C:/Users/A/Documents/Git/YT/ytmain-v6/node_modules/chai/chai.js:1618:25)\n    at C:\\Users\\A\\Documents\\Git\\YT\\ytmain-v6\\test\\services\\youtubeService.test.ts:287:25\n    at file:///C:/Users/A/Documents/Git/YT/ytmain-v6/node_modules/@vitest/runner/dist/chunk-hooks.js:752:20","AssertionError: expected \"spy\" to be called with arguments: [ StringContaining{} ]\u001b[90m\n\nNumber of calls: \u001b[1m0\u001b[22m\n\u001b[39m\n    at Proxy.<anonymous> (file:///C:/Users/A/Documents/Git/YT/ytmain-v6/node_modules/@vitest/expect/dist/index.js:1355:10)\n    at Proxy.<anonymous> (file:///C:/Users/A/Documents/Git/YT/ytmain-v6/node_modules/@vitest/expect/dist/index.js:1029:14)\n    at Proxy.methodWrapper (file:///C:/Users/A/Documents/Git/YT/ytmain-v6/node_modules/chai/chai.js:1618:25)\n    at C:\\Users\\A\\Documents\\Git\\YT\\ytmain-v6\\test\\services\\youtubeService.test.ts:287:25\n    at file:///C:/Users/A/Documents/Git/YT/ytmain-v6/node_modules/@vitest/runner/dist/chunk-hooks.js:752:20","AssertionError: expected \"spy\" to be called with arguments: [ StringContaining{} ]\u001b[90m\n\nNumber of calls: \u001b[1m0\u001b[22m\n\u001b[39m\n    at Proxy.<anonymous> (file:///C:/Users/A/Documents/Git/YT/ytmain-v6/node_modules/@vitest/expect/dist/index.js:1355:10)\n    at Proxy.<anonymous> (file:///C:/Users/A/Documents/Git/YT/ytmain-v6/node_modules/@vitest/expect/dist/index.js:1029:14)\n    at Proxy.methodWrapper (file:///C:/Users/A/Documents/Git/YT/ytmain-v6/node_modules/chai/chai.js:1618:25)\n    at C:\\Users\\A\\Documents\\Git\\YT\\ytmain-v6\\test\\services\\youtubeService.test.ts:287:25\n    at file:///C:/Users/A/Documents/Git/YT/ytmain-v6/node_modules/@vitest/runner/dist/chunk-hooks.js:752:20"],"location":{"line":279,"column":5},"meta":{}},{"ancestorTitles":["YouTubeService","buildUrl with different MODE values"],"fullName":"YouTubeService buildUrl with different MODE values should use proxy endpoint in development mode","status":"failed","title":"should use proxy endpoint in development mode","duration":46.47049999999581,"failureMessages":["AssertionError: expected \"spy\" to be called with arguments: [ StringContaining{} ]\u001b[90m\n\nNumber of calls: \u001b[1m0\u001b[22m\n\u001b[39m\n    at Proxy.<anonymous> (file:///C:/Users/A/Documents/Git/YT/ytmain-v6/node_modules/@vitest/expect/dist/index.js:1355:10)\n    at Proxy.<anonymous> (file:///C:/Users/A/Documents/Git/YT/ytmain-v6/node_modules/@vitest/expect/dist/index.js:1029:14)\n    at Proxy.methodWrapper (file:///C:/Users/A/Documents/Git/YT/ytmain-v6/node_modules/chai/chai.js:1618:25)\n    at C:\\Users\\A\\Documents\\Git\\YT\\ytmain-v6\\test\\services\\youtubeService.test.ts:340:25\n    at file:///C:/Users/A/Documents/Git/YT/ytmain-v6/node_modules/@vitest/runner/dist/chunk-hooks.js:752:20","AssertionError: expected \"spy\" to be called with arguments: [ StringContaining{} ]\u001b[90m\n\nNumber of calls: \u001b[1m0\u001b[22m\n\u001b[39m\n    at Proxy.<anonymous> (file:///C:/Users/A/Documents/Git/YT/ytmain-v6/node_modules/@vitest/expect/dist/index.js:1355:10)\n    at Proxy.<anonymous> (file:///C:/Users/A/Documents/Git/YT/ytmain-v6/node_modules/@vitest/expect/dist/index.js:1029:14)\n    at Proxy.methodWrapper (file:///C:/Users/A/Documents/Git/YT/ytmain-v6/node_modules/chai/chai.js:1618:25)\n    at C:\\Users\\A\\Documents\\Git\\YT\\ytmain-v6\\test\\services\\youtubeService.test.ts:340:25\n    at file:///C:/Users/A/Documents/Git/YT/ytmain-v6/node_modules/@vitest/runner/dist/chunk-hooks.js:752:20","AssertionError: expected \"spy\" to be called with arguments: [ StringContaining{} ]\u001b[90m\n\nNumber of calls: \u001b[1m0\u001b[22m\n\u001b[39m\n    at Proxy.<anonymous> (file:///C:/Users/A/Documents/Git/YT/ytmain-v6/node_modules/@vitest/expect/dist/index.js:1355:10)\n    at Proxy.<anonymous> (file:///C:/Users/A/Documents/Git/YT/ytmain-v6/node_modules/@vitest/expect/dist/index.js:1029:14)\n    at Proxy.methodWrapper (file:///C:/Users/A/Documents/Git/YT/ytmain-v6/node_modules/chai/chai.js:1618:25)\n    at C:\\Users\\A\\Documents\\Git\\YT\\ytmain-v6\\test\\services\\youtubeService.test.ts:340:25\n    at file:///C:/Users/A/Documents/Git/YT/ytmain-v6/node_modules/@vitest/runner/dist/chunk-hooks.js:752:20"],"location":{"line":315,"column":5},"meta":{}},{"ancestorTitles":["YouTubeService","buildUrl with different MODE values"],"fullName":"YouTubeService buildUrl with different MODE values should use direct Google API endpoint in production mode","status":"failed","title":"should use direct Google API endpoint in production mode","duration":30.842499999998836,"failureMessages":["AssertionError: expected \"spy\" to be called with arguments: [ StringContaining{} ]\u001b[90m\n\nNumber of calls: \u001b[1m0\u001b[22m\n\u001b[39m\n    at Proxy.<anonymous> (file:///C:/Users/A/Documents/Git/YT/ytmain-v6/node_modules/@vitest/expect/dist/index.js:1355:10)\n    at Proxy.<anonymous> (file:///C:/Users/A/Documents/Git/YT/ytmain-v6/node_modules/@vitest/expect/dist/index.js:1029:14)\n    at Proxy.methodWrapper (file:///C:/Users/A/Documents/Git/YT/ytmain-v6/node_modules/chai/chai.js:1618:25)\n    at C:\\Users\\A\\Documents\\Git\\YT\\ytmain-v6\\test\\services\\youtubeService.test.ts:366:25\n    at file:///C:/Users/A/Documents/Git/YT/ytmain-v6/node_modules/@vitest/runner/dist/chunk-hooks.js:752:20","AssertionError: expected \"spy\" to be called with arguments: [ StringContaining{} ]\u001b[90m\n\nNumber of calls: \u001b[1m0\u001b[22m\n\u001b[39m\n    at Proxy.<anonymous> (file:///C:/Users/A/Documents/Git/YT/ytmain-v6/node_modules/@vitest/expect/dist/index.js:1355:10)\n    at Proxy.<anonymous> (file:///C:/Users/A/Documents/Git/YT/ytmain-v6/node_modules/@vitest/expect/dist/index.js:1029:14)\n    at Proxy.methodWrapper (file:///C:/Users/A/Documents/Git/YT/ytmain-v6/node_modules/chai/chai.js:1618:25)\n    at C:\\Users\\A\\Documents\\Git\\YT\\ytmain-v6\\test\\services\\youtubeService.test.ts:366:25\n    at file:///C:/Users/A/Documents/Git/YT/ytmain-v6/node_modules/@vitest/runner/dist/chunk-hooks.js:752:20","AssertionError: expected \"spy\" to be called with arguments: [ StringContaining{} ]\u001b[90m\n\nNumber of calls: \u001b[1m0\u001b[22m\n\u001b[39m\n    at Proxy.<anonymous> (file:///C:/Users/A/Documents/Git/YT/ytmain-v6/node_modules/@vitest/expect/dist/index.js:1355:10)\n    at Proxy.<anonymous> (file:///C:/Users/A/Documents/Git/YT/ytmain-v6/node_modules/@vitest/expect/dist/index.js:1029:14)\n    at Proxy.methodWrapper (file:///C:/Users/A/Documents/Git/YT/ytmain-v6/node_modules/chai/chai.js:1618:25)\n    at C:\\Users\\A\\Documents\\Git\\YT\\ytmain-v6\\test\\services\\youtubeService.test.ts:366:25\n    at file:///C:/Users/A/Documents/Git/YT/ytmain-v6/node_modules/@vitest/runner/dist/chunk-hooks.js:752:20"],"location":{"line":348,"column":5},"meta":{}},{"ancestorTitles":["YouTubeService","buildUrl with different MODE values"],"fullName":"YouTubeService buildUrl with different MODE values should use direct Google API endpoint in test mode","status":"failed","title":"should use direct Google API endpoint in test mode","duration":32.95449999999255,"failureMessages":["AssertionError: expected \"spy\" to be called with arguments: [ StringContaining{} ]\u001b[90m\n\nNumber of calls: \u001b[1m0\u001b[22m\n\u001b[39m\n    at Proxy.<anonymous> (file:///C:/Users/A/Documents/Git/YT/ytmain-v6/node_modules/@vitest/expect/dist/index.js:1355:10)\n    at Proxy.<anonymous> (file:///C:/Users/A/Documents/Git/YT/ytmain-v6/node_modules/@vitest/expect/dist/index.js:1029:14)\n    at Proxy.methodWrapper (file:///C:/Users/A/Documents/Git/YT/ytmain-v6/node_modules/chai/chai.js:1618:25)\n    at C:\\Users\\A\\Documents\\Git\\YT\\ytmain-v6\\test\\services\\youtubeService.test.ts:392:25\n    at file:///C:/Users/A/Documents/Git/YT/ytmain-v6/node_modules/@vitest/runner/dist/chunk-hooks.js:752:20","AssertionError: expected \"spy\" to be called with arguments: [ StringContaining{} ]\u001b[90m\n\nNumber of calls: \u001b[1m0\u001b[22m\n\u001b[39m\n    at Proxy.<anonymous> (file:///C:/Users/A/Documents/Git/YT/ytmain-v6/node_modules/@vitest/expect/dist/index.js:1355:10)\n    at Proxy.<anonymous> (file:///C:/Users/A/Documents/Git/YT/ytmain-v6/node_modules/@vitest/expect/dist/index.js:1029:14)\n    at Proxy.methodWrapper (file:///C:/Users/A/Documents/Git/YT/ytmain-v6/node_modules/chai/chai.js:1618:25)\n    at C:\\Users\\A\\Documents\\Git\\YT\\ytmain-v6\\test\\services\\youtubeService.test.ts:392:25\n    at file:///C:/Users/A/Documents/Git/YT/ytmain-v6/node_modules/@vitest/runner/dist/chunk-hooks.js:752:20","AssertionError: expected \"spy\" to be called with arguments: [ StringContaining{} ]\u001b[90m\n\nNumber of calls: \u001b[1m0\u001b[22m\n\u001b[39m\n    at Proxy.<anonymous> (file:///C:/Users/A/Documents/Git/YT/ytmain-v6/node_modules/@vitest/expect/dist/index.js:1355:10)\n    at Proxy.<anonymous> (file:///C:/Users/A/Documents/Git/YT/ytmain-v6/node_modules/@vitest/expect/dist/index.js:1029:14)\n    at Proxy.methodWrapper (file:///C:/Users/A/Documents/Git/YT/ytmain-v6/node_modules/chai/chai.js:1618:25)\n    at C:\\Users\\A\\Documents\\Git\\YT\\ytmain-v6\\test\\services\\youtubeService.test.ts:392:25\n    at file:///C:/Users/A/Documents/Git/YT/ytmain-v6/node_modules/@vitest/runner/dist/chunk-hooks.js:752:20"],"location":{"line":374,"column":5},"meta":{}},{"ancestorTitles":["YouTubeService","buildUrl with different MODE values"],"fullName":"YouTubeService buildUrl with different MODE values should use direct Google API endpoint for custom build modes","status":"failed","title":"should use direct Google API endpoint for custom build modes","duration":62.085599999991246,"failureMessages":["AssertionError: expected \"spy\" to be called with arguments: [ StringContaining{} ]\u001b[90m\n\nNumber of calls: \u001b[1m0\u001b[22m\n\u001b[39m\n    at Proxy.<anonymous> (file:///C:/Users/A/Documents/Git/YT/ytmain-v6/node_modules/@vitest/expect/dist/index.js:1355:10)\n    at Proxy.<anonymous> (file:///C:/Users/A/Documents/Git/YT/ytmain-v6/node_modules/@vitest/expect/dist/index.js:1029:14)\n    at Proxy.methodWrapper (file:///C:/Users/A/Documents/Git/YT/ytmain-v6/node_modules/chai/chai.js:1618:25)\n    at C:\\Users\\A\\Documents\\Git\\YT\\ytmain-v6\\test\\services\\youtubeService.test.ts:418:25\n    at file:///C:/Users/A/Documents/Git/YT/ytmain-v6/node_modules/@vitest/runner/dist/chunk-hooks.js:752:20","AssertionError: expected \"spy\" to be called with arguments: [ StringContaining{} ]\u001b[90m\n\nNumber of calls: \u001b[1m0\u001b[22m\n\u001b[39m\n    at Proxy.<anonymous> (file:///C:/Users/A/Documents/Git/YT/ytmain-v6/node_modules/@vitest/expect/dist/index.js:1355:10)\n    at Proxy.<anonymous> (file:///C:/Users/A/Documents/Git/YT/ytmain-v6/node_modules/@vitest/expect/dist/index.js:1029:14)\n    at Proxy.methodWrapper (file:///C:/Users/A/Documents/Git/YT/ytmain-v6/node_modules/chai/chai.js:1618:25)\n    at C:\\Users\\A\\Documents\\Git\\YT\\ytmain-v6\\test\\services\\youtubeService.test.ts:418:25\n    at file:///C:/Users/A/Documents/Git/YT/ytmain-v6/node_modules/@vitest/runner/dist/chunk-hooks.js:752:20","AssertionError: expected \"spy\" to be called with arguments: [ StringContaining{} ]\u001b[90m\n\nNumber of calls: \u001b[1m0\u001b[22m\n\u001b[39m\n    at Proxy.<anonymous> (file:///C:/Users/A/Documents/Git/YT/ytmain-v6/node_modules/@vitest/expect/dist/index.js:1355:10)\n    at Proxy.<anonymous> (file:///C:/Users/A/Documents/Git/YT/ytmain-v6/node_modules/@vitest/expect/dist/index.js:1029:14)\n    at Proxy.methodWrapper (file:///C:/Users/A/Documents/Git/YT/ytmain-v6/node_modules/chai/chai.js:1618:25)\n    at C:\\Users\\A\\Documents\\Git\\YT\\ytmain-v6\\test\\services\\youtubeService.test.ts:418:25\n    at file:///C:/Users/A/Documents/Git/YT/ytmain-v6/node_modules/@vitest/runner/dist/chunk-hooks.js:752:20"],"location":{"line":400,"column":5},"meta":{}},{"ancestorTitles":["YouTubeService","buildUrl with different MODE values"],"fullName":"YouTubeService buildUrl with different MODE values should properly construct URLs with parameters for different endpoints","status":"failed","title":"should properly construct URLs with parameters for different endpoints","duration":46.072199999995064,"failureMessages":["AssertionError: expected \"spy\" to be called with arguments: [ StringMatching{} ]\u001b[90m\n\nNumber of calls: \u001b[1m0\u001b[22m\n\u001b[39m\n    at Proxy.<anonymous> (file:///C:/Users/A/Documents/Git/YT/ytmain-v6/node_modules/@vitest/expect/dist/index.js:1355:10)\n    at Proxy.<anonymous> (file:///C:/Users/A/Documents/Git/YT/ytmain-v6/node_modules/@vitest/expect/dist/index.js:1029:14)\n    at Proxy.methodWrapper (file:///C:/Users/A/Documents/Git/YT/ytmain-v6/node_modules/chai/chai.js:1618:25)\n    at C:\\Users\\A\\Documents\\Git\\YT\\ytmain-v6\\test\\services\\youtubeService.test.ts:450:25\n    at file:///C:/Users/A/Documents/Git/YT/ytmain-v6/node_modules/@vitest/runner/dist/chunk-hooks.js:752:20","AssertionError: expected \"spy\" to be called with arguments: [ StringMatching{} ]\u001b[90m\n\nNumber of calls: \u001b[1m0\u001b[22m\n\u001b[39m\n    at Proxy.<anonymous> (file:///C:/Users/A/Documents/Git/YT/ytmain-v6/node_modules/@vitest/expect/dist/index.js:1355:10)\n    at Proxy.<anonymous> (file:///C:/Users/A/Documents/Git/YT/ytmain-v6/node_modules/@vitest/expect/dist/index.js:1029:14)\n    at Proxy.methodWrapper (file:///C:/Users/A/Documents/Git/YT/ytmain-v6/node_modules/chai/chai.js:1618:25)\n    at C:\\Users\\A\\Documents\\Git\\YT\\ytmain-v6\\test\\services\\youtubeService.test.ts:450:25\n    at file:///C:/Users/A/Documents/Git/YT/ytmain-v6/node_modules/@vitest/runner/dist/chunk-hooks.js:752:20","AssertionError: expected \"spy\" to be called with arguments: [ StringMatching{} ]\u001b[90m\n\nNumber of calls: \u001b[1m0\u001b[22m\n\u001b[39m\n    at Proxy.<anonymous> (file:///C:/Users/A/Documents/Git/YT/ytmain-v6/node_modules/@vitest/expect/dist/index.js:1355:10)\n    at Proxy.<anonymous> (file:///C:/Users/A/Documents/Git/YT/ytmain-v6/node_modules/@vitest/expect/dist/index.js:1029:14)\n    at Proxy.methodWrapper (file:///C:/Users/A/Documents/Git/YT/ytmain-v6/node_modules/chai/chai.js:1618:25)\n    at C:\\Users\\A\\Documents\\Git\\YT\\ytmain-v6\\test\\services\\youtubeService.test.ts:450:25\n    at file:///C:/Users/A/Documents/Git/YT/ytmain-v6/node_modules/@vitest/runner/dist/chunk-hooks.js:752:20"],"location":{"line":426,"column":5},"meta":{}},{"ancestorTitles":["YouTubeService","buildUrl with different MODE values"],"fullName":"YouTubeService buildUrl with different MODE values should handle missing API key gracefully","status":"failed","title":"should handle missing API key gracefully","duration":30.682200000010198,"failureMessages":["AssertionError: expected \"spy\" to be called with arguments: [ StringContaining \"key=\" ]\u001b[90m\n\nNumber of calls: \u001b[1m0\u001b[22m\n\u001b[39m\n    at Proxy.<anonymous> (file:///C:/Users/A/Documents/Git/YT/ytmain-v6/node_modules/@vitest/expect/dist/index.js:1355:10)\n    at Proxy.<anonymous> (file:///C:/Users/A/Documents/Git/YT/ytmain-v6/node_modules/@vitest/expect/dist/index.js:1029:14)\n    at Proxy.methodWrapper (file:///C:/Users/A/Documents/Git/YT/ytmain-v6/node_modules/chai/chai.js:1618:25)\n    at C:\\Users\\A\\Documents\\Git\\YT\\ytmain-v6\\test\\services\\youtubeService.test.ts:475:25\n    at file:///C:/Users/A/Documents/Git/YT/ytmain-v6/node_modules/@vitest/runner/dist/chunk-hooks.js:752:20","AssertionError: expected \"spy\" to be called with arguments: [ StringContaining \"key=\" ]\u001b[90m\n\nNumber of calls: \u001b[1m0\u001b[22m\n\u001b[39m\n    at Proxy.<anonymous> (file:///C:/Users/A/Documents/Git/YT/ytmain-v6/node_modules/@vitest/expect/dist/index.js:1355:10)\n    at Proxy.<anonymous> (file:///C:/Users/A/Documents/Git/YT/ytmain-v6/node_modules/@vitest/expect/dist/index.js:1029:14)\n    at Proxy.methodWrapper (file:///C:/Users/A/Documents/Git/YT/ytmain-v6/node_modules/chai/chai.js:1618:25)\n    at C:\\Users\\A\\Documents\\Git\\YT\\ytmain-v6\\test\\services\\youtubeService.test.ts:475:25\n    at file:///C:/Users/A/Documents/Git/YT/ytmain-v6/node_modules/@vitest/runner/dist/chunk-hooks.js:752:20","AssertionError: expected \"spy\" to be called with arguments: [ StringContaining \"key=\" ]\u001b[90m\n\nNumber of calls: \u001b[1m0\u001b[22m\n\u001b[39m\n    at Proxy.<anonymous> (file:///C:/Users/A/Documents/Git/YT/ytmain-v6/node_modules/@vitest/expect/dist/index.js:1355:10)\n    at Proxy.<anonymous> (file:///C:/Users/A/Documents/Git/YT/ytmain-v6/node_modules/@vitest/expect/dist/index.js:1029:14)\n    at Proxy.methodWrapper (file:///C:/Users/A/Documents/Git/YT/ytmain-v6/node_modules/chai/chai.js:1618:25)\n    at C:\\Users\\A\\Documents\\Git\\YT\\ytmain-v6\\test\\services\\youtubeService.test.ts:475:25\n    at file:///C:/Users/A/Documents/Git/YT/ytmain-v6/node_modules/@vitest/runner/dist/chunk-hooks.js:752:20"],"location":{"line":457,"column":5},"meta":{}},{"ancestorTitles":["YouTubeService","buildUrl with different MODE values"],"fullName":"YouTubeService buildUrl with different MODE values should preserve all query parameters in built URLs","status":"failed","title":"should preserve all query parameters in built URLs","duration":43.47980000000098,"failureMessages":["TypeError: Invalid URL: undefined\n    at new URLImpl (C:\\Users\\A\\Documents\\Git\\YT\\ytmain-v6\\node_modules\\whatwg-url\\lib\\URL-impl.js:20:13)\n    at Object.exports.setup (C:\\Users\\A\\Documents\\Git\\YT\\ytmain-v6\\node_modules\\whatwg-url\\lib\\URL.js:54:12)\n    at new URL (C:\\Users\\A\\Documents\\Git\\YT\\ytmain-v6\\node_modules\\whatwg-url\\lib\\URL.js:115:22)\n    at C:\\Users\\A\\Documents\\Git\\YT\\ytmain-v6\\test\\services\\youtubeService.test.ts:502:19\n    at file:///C:/Users/A/Documents/Git/YT/ytmain-v6/node_modules/@vitest/runner/dist/chunk-hooks.js:752:20","TypeError: Invalid URL: undefined\n    at new URLImpl (C:\\Users\\A\\Documents\\Git\\YT\\ytmain-v6\\node_modules\\whatwg-url\\lib\\URL-impl.js:20:13)\n    at Object.exports.setup (C:\\Users\\A\\Documents\\Git\\YT\\ytmain-v6\\node_modules\\whatwg-url\\lib\\URL.js:54:12)\n    at new URL (C:\\Users\\A\\Documents\\Git\\YT\\ytmain-v6\\node_modules\\whatwg-url\\lib\\URL.js:115:22)\n    at C:\\Users\\A\\Documents\\Git\\YT\\ytmain-v6\\test\\services\\youtubeService.test.ts:502:19\n    at file:///C:/Users/A/Documents/Git/YT/ytmain-v6/node_modules/@vitest/runner/dist/chunk-hooks.js:752:20","TypeError: Invalid URL: undefined\n    at new URLImpl (C:\\Users\\A\\Documents\\Git\\YT\\ytmain-v6\\node_modules\\whatwg-url\\lib\\URL-impl.js:20:13)\n    at Object.exports.setup (C:\\Users\\A\\Documents\\Git\\YT\\ytmain-v6\\node_modules\\whatwg-url\\lib\\URL.js:54:12)\n    at new URL (C:\\Users\\A\\Documents\\Git\\YT\\ytmain-v6\\node_modules\\whatwg-url\\lib\\URL.js:115:22)\n    at C:\\Users\\A\\Documents\\Git\\YT\\ytmain-v6\\test\\services\\youtubeService.test.ts:502:19\n    at file:///C:/Users/A/Documents/Git/YT/ytmain-v6/node_modules/@vitest/runner/dist/chunk-hooks.js:752:20"],"location":{"line":484,"column":5},"meta":{}},{"ancestorTitles":["YouTubeService","Cache Management"],"fullName":"YouTubeService Cache Management should clear cache successfully","status":"passed","title":"should clear cache successfully","duration":1.476699999999255,"failureMessages":[],"location":{"line":513,"column":5},"meta":{}},{"ancestorTitles":["YouTubeService","Cache Management"],"fullName":"YouTubeService Cache Management should cache requests with proper TTL","status":"failed","title":"should cache requests with proper TTL","duration":25.4997999999905,"failureMessages":["AssertionError: expected \"spy\" to be called 1 times, but got 0 times\n    at C:\\Users\\A\\Documents\\Git\\YT\\ytmain-v6\\test\\services\\youtubeService.test.ts:525:25\n    at file:///C:/Users/A/Documents/Git/YT/ytmain-v6/node_modules/@vitest/runner/dist/chunk-hooks.js:752:20","AssertionError: expected \"spy\" to be called 1 times, but got 0 times\n    at C:\\Users\\A\\Documents\\Git\\YT\\ytmain-v6\\test\\services\\youtubeService.test.ts:525:25\n    at file:///C:/Users/A/Documents/Git/YT/ytmain-v6/node_modules/@vitest/runner/dist/chunk-hooks.js:752:20","AssertionError: expected \"spy\" to be called 1 times, but got 0 times\n    at C:\\Users\\A\\Documents\\Git\\YT\\ytmain-v6\\test\\services\\youtubeService.test.ts:525:25\n    at file:///C:/Users/A/Documents/Git/YT/ytmain-v6/node_modules/@vitest/runner/dist/chunk-hooks.js:752:20"],"location":{"line":517,"column":5},"meta":{}},{"ancestorTitles":["YouTubeService","Edge Cases"],"fullName":"YouTubeService Edge Cases should handle missing thumbnail URLs","status":"failed","title":"should handle missing thumbnail URLs","duration":21.64220000000205,"failureMessages":["AssertionError: expected undefined to be '' // Object.is equality\n    at C:\\Users\\A\\Documents\\Git\\YT\\ytmain-v6\\test\\services\\youtubeService.test.ts:554:39\n    at file:///C:/Users/A/Documents/Git/YT/ytmain-v6/node_modules/@vitest/runner/dist/chunk-hooks.js:752:20","AssertionError: expected undefined to be '' // Object.is equality\n    at C:\\Users\\A\\Documents\\Git\\YT\\ytmain-v6\\test\\services\\youtubeService.test.ts:554:39\n    at file:///C:/Users/A/Documents/Git/YT/ytmain-v6/node_modules/@vitest/runner/dist/chunk-hooks.js:752:20","AssertionError: expected undefined to be '' // Object.is equality\n    at C:\\Users\\A\\Documents\\Git\\YT\\ytmain-v6\\test\\services\\youtubeService.test.ts:554:39\n    at file:///C:/Users/A/Documents/Git/YT/ytmain-v6/node_modules/@vitest/runner/dist/chunk-hooks.js:752:20"],"location":{"line":537,"column":5},"meta":{}},{"ancestorTitles":["YouTubeService","Edge Cases"],"fullName":"YouTubeService Edge Cases should handle missing statistics","status":"failed","title":"should handle missing statistics","duration":21.27479999999923,"failureMessages":["AssertionError: expected undefined to be +0 // Object.is equality\n    at C:\\Users\\A\\Documents\\Git\\YT\\ytmain-v6\\test\\services\\youtubeService.test.ts:571:36\n    at file:///C:/Users/A/Documents/Git/YT/ytmain-v6/node_modules/@vitest/runner/dist/chunk-hooks.js:752:20","AssertionError: expected undefined to be +0 // Object.is equality\n    at C:\\Users\\A\\Documents\\Git\\YT\\ytmain-v6\\test\\services\\youtubeService.test.ts:571:36\n    at file:///C:/Users/A/Documents/Git/YT/ytmain-v6/node_modules/@vitest/runner/dist/chunk-hooks.js:752:20","AssertionError: expected undefined to be +0 // Object.is equality\n    at C:\\Users\\A\\Documents\\Git\\YT\\ytmain-v6\\test\\services\\youtubeService.test.ts:571:36\n    at file:///C:/Users/A/Documents/Git/YT/ytmain-v6/node_modules/@vitest/runner/dist/chunk-hooks.js:752:20"],"location":{"line":557,"column":5},"meta":{}},{"ancestorTitles":["YouTubeService","Edge Cases"],"fullName":"YouTubeService Edge Cases should handle invalid duration format","status":"failed","title":"should handle invalid duration format","duration":23.957699999999022,"failureMessages":["AssertionError: expected undefined to be '0:00' // Object.is equality\n    at C:\\Users\\A\\Documents\\Git\\YT\\ytmain-v6\\test\\services\\youtubeService.test.ts:593:35\n    at file:///C:/Users/A/Documents/Git/YT/ytmain-v6/node_modules/@vitest/runner/dist/chunk-hooks.js:752:20","AssertionError: expected undefined to be '0:00' // Object.is equality\n    at C:\\Users\\A\\Documents\\Git\\YT\\ytmain-v6\\test\\services\\youtubeService.test.ts:593:35\n    at file:///C:/Users/A/Documents/Git/YT/ytmain-v6/node_modules/@vitest/runner/dist/chunk-hooks.js:752:20","AssertionError: expected undefined to be '0:00' // Object.is equality\n    at C:\\Users\\A\\Documents\\Git\\YT\\ytmain-v6\\test\\services\\youtubeService.test.ts:593:35\n    at file:///C:/Users/A/Documents/Git/YT/ytmain-v6/node_modules/@vitest/runner/dist/chunk-hooks.js:752:20"],"location":{"line":576,"column":5},"meta":{}}],"startTime":1753806999758,"endTime":1753807000564.9578,"status":"failed","message":"","name":"C:/Users/A/Documents/Git/YT/ytmain-v6/test/services/youtubeService.test.ts"}]}