{"numTotalTestSuites":11,"numPassedTestSuites":11,"numFailedTestSuites":0,"numPendingTestSuites":0,"numTotalTests":19,"numPassedTests":19,"numFailedTests":0,"numPendingTests":0,"numTodoTests":0,"snapshot":{"added":0,"failure":false,"filesAdded":0,"filesRemoved":0,"filesRemovedList":[],"filesUnmatched":0,"filesUpdated":0,"matched":0,"total":0,"unchecked":0,"uncheckedKeysByFile":[],"unmatched":0,"updated":0,"didUpdate":false},"startTime":1754318173914,"success":true,"testResults":[{"assertionResults":[{"ancestorTitles":["buildUrl function with different MODE values","MODE: development"],"fullName":"buildUrl function with different MODE values MODE: development should use proxy endpoint for videos in development mode","status":"passed","title":"should use proxy endpoint for videos in development mode","duration":3.93387400000006,"failureMessages":[],"location":{"line":63,"column":5},"meta":{}},{"ancestorTitles":["buildUrl function with different MODE values","MODE: development"],"fullName":"buildUrl function with different MODE values MODE: development should use proxy endpoint for channels in development mode","status":"passed","title":"should use proxy endpoint for channels in development mode","duration":1.8004070000001775,"failureMessages":[],"location":{"line":75,"column":5},"meta":{}},{"ancestorTitles":["buildUrl function with different MODE values","MODE: development"],"fullName":"buildUrl function with different MODE values MODE: development should work with different localhost ports","status":"passed","title":"should work with different localhost ports","duration":1.2327480000001287,"failureMessages":[],"location":{"line":87,"column":5},"meta":{}},{"ancestorTitles":["buildUrl function with different MODE values","MODE: production"],"fullName":"buildUrl function with different MODE values MODE: production should use direct Google API endpoint for videos in production mode","status":"passed","title":"should use direct Google API endpoint for videos in production mode","duration":1.607387000000017,"failureMessages":[],"location":{"line":116,"column":5},"meta":{}},{"ancestorTitles":["buildUrl function with different MODE values","MODE: production"],"fullName":"buildUrl function with different MODE values MODE: production should use direct Google API endpoint for channels in production mode","status":"passed","title":"should use direct Google API endpoint for channels in production mode","duration":1.3645440000000235,"failureMessages":[],"location":{"line":129,"column":5},"meta":{}},{"ancestorTitles":["buildUrl function with different MODE values","MODE: test"],"fullName":"buildUrl function with different MODE values MODE: test should use direct Google API endpoint in test mode","status":"passed","title":"should use direct Google API endpoint in test mode","duration":1.626111999999921,"failureMessages":[],"location":{"line":154,"column":5},"meta":{}},{"ancestorTitles":["buildUrl function with different MODE values","MODE: staging"],"fullName":"buildUrl function with different MODE values MODE: staging should use direct Google API endpoint for custom build modes","status":"passed","title":"should use direct Google API endpoint for custom build modes","duration":2.3061690000001818,"failureMessages":[],"location":{"line":178,"column":5},"meta":{}},{"ancestorTitles":["buildUrl function with different MODE values","parameter handling"],"fullName":"buildUrl function with different MODE values parameter handling should properly encode URL parameters","status":"passed","title":"should properly encode URL parameters","duration":1.5111369999999624,"failureMessages":[],"location":{"line":203,"column":5},"meta":{}},{"ancestorTitles":["buildUrl function with different MODE values","parameter handling"],"fullName":"buildUrl function with different MODE values parameter handling should skip empty parameter values","status":"passed","title":"should skip empty parameter values","duration":1.3605070000000978,"failureMessages":[],"location":{"line":216,"column":5},"meta":{}},{"ancestorTitles":["buildUrl function with different MODE values","parameter handling"],"fullName":"buildUrl function with different MODE values parameter handling should handle multiple video IDs correctly","status":"passed","title":"should handle multiple video IDs correctly","duration":1.673138999999992,"failureMessages":[],"location":{"line":231,"column":5},"meta":{}},{"ancestorTitles":["buildUrl function with different MODE values","parameter handling"],"fullName":"buildUrl function with different MODE values parameter handling should always add API key parameter","status":"passed","title":"should always add API key parameter","duration":1.0578120000000126,"failureMessages":[],"location":{"line":240,"column":5},"meta":{}},{"ancestorTitles":["buildUrl function with different MODE values","missing API key handling"],"fullName":"buildUrl function with different MODE values missing API key handling should handle missing API key gracefully","status":"passed","title":"should handle missing API key gracefully","duration":1.7730850000000373,"failureMessages":[],"location":{"line":261,"column":5},"meta":{}},{"ancestorTitles":["buildUrl function with different MODE values","URL structure validation"],"fullName":"buildUrl function with different MODE values URL structure validation should generate valid URLs that can be parsed","status":"passed","title":"should generate valid URLs that can be parsed","duration":3.0380539999998746,"failureMessages":[],"location":{"line":289,"column":5},"meta":{}},{"ancestorTitles":["buildUrl function with different MODE values","URL structure validation"],"fullName":"buildUrl function with different MODE values URL structure validation should maintain parameter order and formatting","status":"passed","title":"should maintain parameter order and formatting","duration":1.9599140000000261,"failureMessages":[],"location":{"line":304,"column":5},"meta":{}},{"ancestorTitles":["buildUrl function with different MODE values","edge cases"],"fullName":"buildUrl function with different MODE values edge cases should handle empty endpoint","status":"passed","title":"should handle empty endpoint","duration":6.675795999999991,"failureMessages":[],"location":{"line":333,"column":5},"meta":{}},{"ancestorTitles":["buildUrl function with different MODE values","edge cases"],"fullName":"buildUrl function with different MODE values edge cases should handle empty parameters object","status":"passed","title":"should handle empty parameters object","duration":1.6186179999999695,"failureMessages":[],"location":{"line":342,"column":5},"meta":{}},{"ancestorTitles":["buildUrl function with different MODE values","edge cases"],"fullName":"buildUrl function with different MODE values edge cases should handle special characters in endpoint","status":"passed","title":"should handle special characters in endpoint","duration":1.1432210000000396,"failureMessages":[],"location":{"line":349,"column":5},"meta":{}},{"ancestorTitles":["buildUrl function with different MODE values","regression prevention"],"fullName":"buildUrl function with different MODE values regression prevention should maintain consistent URL format across different modes","status":"passed","title":"should maintain consistent URL format across different modes","duration":2.351083000000017,"failureMessages":[],"location":{"line":359,"column":5},"meta":{}},{"ancestorTitles":["buildUrl function with different MODE values","regression prevention"],"fullName":"buildUrl function with different MODE values regression prevention should preserve API key security in all modes","status":"passed","title":"should preserve API key security in all modes","duration":3.6322020000000066,"failureMessages":[],"location":{"line":394,"column":5},"meta":{}}],"startTime":1754318175117,"endTime":1754318175159.632,"status":"passed","message":"","name":"/home/runner/work/ytmain-v6/ytmain-v6/test/services/buildUrl.test.ts"}]}