{"numTotalTestSuites":51,"numPassedTestSuites":27,"numFailedTestSuites":23,"numPendingTestSuites":1,"numTotalTests":114,"numPassedTests":50,"numFailedTests":45,"numPendingTests":0,"numTodoTests":0,"snapshot":{"added":0,"failure":false,"filesAdded":0,"filesRemoved":0,"filesRemovedList":[],"filesUnmatched":0,"filesUpdated":0,"matched":0,"total":0,"unchecked":0,"uncheckedKeysByFile":[],"unmatched":0,"updated":0,"didUpdate":false},"startTime":1753806947998,"success":false,"testResults":[{"assertionResults":[{"ancestorTitles":["ErrorBoundary"],"fullName":"ErrorBoundary renders children when there is no error","status":"passed","title":"renders children when there is no error","duration":82.93650000001071,"failureMessages":[],"location":{"line":25,"column":3},"meta":{}},{"ancestorTitles":["ErrorBoundary"],"fullName":"ErrorBoundary renders error UI when there is an error","status":"failed","title":"renders error UI when there is an error","duration":463.10600000002887,"failureMessages":["TestingLibraryElementError: Unable to find an accessible element with the role \"button\" and name `/reload page/i`\n\nHere are the accessible roles:\n\n  heading:\n\n  Name \"Something went wrong\":\n  \u001b[36m<h2\u001b[39m\n    \u001b[33mclass\u001b[39m=\u001b[32m\"mt-6 text-center text-3xl font-extrabold text-gray-900\"\u001b[39m\n  \u001b[36m/>\u001b[39m\n\n  --------------------------------------------------\n  button:\n\n  Name \"Try Again (3 left)\":\n  \u001b[36m<button\u001b[39m\n    \u001b[33mclass\u001b[39m=\u001b[32m\"w-full flex justify-center py-2 px-4 border border-transparent rounded-md shadow-sm text-sm font-medium text-white bg-blue-600 hover:bg-blue-700 focus:outline-none focus:ring-2 focus:ring-offset-2 focus:ring-blue-500\"\u001b[39m\n  \u001b[36m/>\u001b[39m\n\n  Name \"Refresh Page\":\n  \u001b[36m<button\u001b[39m\n    \u001b[33mclass\u001b[39m=\u001b[32m\"w-full flex justify-center py-2 px-4 border border-transparent rounded-md shadow-sm text-sm font-medium text-white bg-gray-600 hover:bg-gray-700 focus:outline-none focus:ring-2 focus:ring-offset-2 focus:ring-gray-500\"\u001b[39m\n  \u001b[36m/>\u001b[39m\n\n  Name \"Go to Home\":\n  \u001b[36m<button\u001b[39m\n    \u001b[33mclass\u001b[39m=\u001b[32m\"w-full flex justify-center py-2 px-4 border border-gray-300 rounded-md shadow-sm text-sm font-medium text-gray-700 bg-white hover:bg-gray-50 focus:outline-none focus:ring-2 focus:ring-offset-2 focus:ring-blue-500\"\u001b[39m\n  \u001b[36m/>\u001b[39m\n\n  --------------------------------------------------\n\nIgnored nodes: comments, script, style\n\u001b[36m<body>\u001b[39m\n  \u001b[36m<div>\u001b[39m\n    \u001b[36m<div\u001b[39m\n      \u001b[33mclass\u001b[39m=\u001b[32m\"min-h-screen bg-gray-50 flex flex-col justify-center py-12 sm:px-6 lg:px-8\"\u001b[39m\n    \u001b[36m>\u001b[39m\n      \u001b[36m<div\u001b[39m\n        \u001b[33mclass\u001b[39m=\u001b[32m\"sm:mx-auto sm:w-full sm:max-w-md\"\u001b[39m\n      \u001b[36m>\u001b[39m\n        \u001b[36m<div\u001b[39m\n          \u001b[33mclass\u001b[39m=\u001b[32m\"flex justify-center\"\u001b[39m\n        \u001b[36m>\u001b[39m\n          \u001b[36m<svg\u001b[39m\n            \u001b[33maria-hidden\u001b[39m=\u001b[32m\"true\"\u001b[39m\n            \u001b[33mclass\u001b[39m=\u001b[32m\"h-12 w-12 text-red-500\"\u001b[39m\n            \u001b[33mdata-slot\u001b[39m=\u001b[32m\"icon\"\u001b[39m\n            \u001b[33mfill\u001b[39m=\u001b[32m\"none\"\u001b[39m\n            \u001b[33mstroke\u001b[39m=\u001b[32m\"currentColor\"\u001b[39m\n            \u001b[33mstroke-width\u001b[39m=\u001b[32m\"1.5\"\u001b[39m\n            \u001b[33mviewBox\u001b[39m=\u001b[32m\"0 0 24 24\"\u001b[39m\n            \u001b[33mxmlns\u001b[39m=\u001b[32m\"http://www.w3.org/2000/svg\"\u001b[39m\n          \u001b[36m>\u001b[39m\n            \u001b[36m<path\u001b[39m\n              \u001b[33md\u001b[39m=\u001b[32m\"M12 9v3.75m-9.303 3.376c-.866 1.5.217 3.374 1.948 3.374h14.71c1.73 0 2.813-1.874 1.948-3.374L13.949 3.378c-.866-1.5-3.032-1.5-3.898 0L2.697 16.126ZM12 15.75h.007v.008H12v-.008Z\"\u001b[39m\n              \u001b[33mstroke-linecap\u001b[39m=\u001b[32m\"round\"\u001b[39m\n              \u001b[33mstroke-linejoin\u001b[39m=\u001b[32m\"round\"\u001b[39m\n            \u001b[36m/>\u001b[39m\n          \u001b[36m</svg>\u001b[39m\n        \u001b[36m</div>\u001b[39m\n        \u001b[36m<h2\u001b[39m\n          \u001b[33mclass\u001b[39m=\u001b[32m\"mt-6 text-center text-3xl font-extrabold text-gray-900\"\u001b[39m\n        \u001b[36m>\u001b[39m\n          \u001b[0mSomething went wrong\u001b[0m\n        \u001b[36m</h2>\u001b[39m\n        \u001b[36m<p\u001b[39m\n          \u001b[33mclass\u001b[39m=\u001b[32m\"mt-2 text-center text-sm text-gray-600\"\u001b[39m\n        \u001b[36m>\u001b[39m\n          \u001b[0mWe're sorry, but something unexpected happened. We'll automatically retry in a moment.\u001b[0m\n        \u001b[36m</p>\u001b[39m\n        \u001b[36m<div\u001b[39m\n          \u001b[33mclass\u001b[39m=\u001b[32m\"mt-3 flex justify-center\"\u001b[39m\n        \u001b[36m>\u001b[39m\n          \u001b[36m<div\u001b[39m\n            \u001b[33mclass\u001b[39m=\u001b[32m\"inline-flex items-center px-3 py-1 rounded-full text-xs bg-blue-100 text-blue-800\"\u001b[39m\n          \u001b[36m>\u001b[39m\n            \u001b[0mAuto-retrying in 5 seconds...\u001b[0m\n          \u001b[36m</div>\u001b[39m\n        \u001b[36m</div>\u001b[39m\n        \u001b[36m<p\u001b[39m\n          \u001b[33mclass\u001b[39m=\u001b[32m\"mt-2 text-center text-xs text-gray-400\"\u001b[39m\n        \u001b[36m>\u001b[39m\n          \u001b[0mError ID: \u001b[0m\n          \u001b[0merror-1753807333971-bg0crdbml\u001b[0m\n        \u001b[36m</p>\u001b[39m\n      \u001b[36m</div>\u001b[39m\n      \u001b[36m<div\u001b[39m\n        \u001b[33mclass\u001b[39m=\u001b[32m\"mt-8 sm:mx-auto sm:w-full sm:max-w-md\"\u001b[39m\n      \u001b[36m>\u001b[39m\n        \u001b[36m<div\u001b[39m\n          \u001b[33mclass\u001b[39m=\u001b[32m\"bg-white py-8 px-4 shadow sm:rounded-lg sm:px-10\"\u001b[39m\n        \u001b[36m>\u001b[39m\n          \u001b[36m<div\u001b[39m\n            \u001b[33mclass\u001b[39m=\u001b[32m\"space-y-4\"\u001b[39m\n          \u001b[36m>\u001b[39m\n            \u001b[36m<button\u001b[39m\n              \u001b[33mclass\u001b[39m=\u001b[32m\"w-full flex justify-center py-2 px-4 border border-transparent rounded-md shadow-sm text-sm font-medium text-white bg-blue-600 hover:bg-blue-700 focus:outline-none focus:ring-2 focus:ring-offset-2 focus:ring-blue-500\"\u001b[39m\n            \u001b[36m>\u001b[39m\n              \u001b[0mTry Again (\u001b[0m\n              \u001b[0m3\u001b[0m\n              \u001b[0m left)\u001b[0m\n            \u001b[36m</button>\u001b[39m\n            \u001b[36m<button\u001b[39m\n              \u001b[33mclass\u001b[39m=\u001b[32m\"w-full flex justify-center py-2 px-4 border border-transparent rounded-md shadow-sm text-sm font-medium text-white bg-gray-600 hover:bg-gray-700 focus:outline-none focus:ring-2 focus:ring-offset-2 focus:ring-gray-500\"\u001b[39m\n            \u001b[36m>\u001b[39m\n              \u001b[0mRefresh Page\u001b[0m\n            \u001b[36m</button>\u001b[39m\n            \u001b[36m<button\u001b[39m\n              \u001b[33mclass\u001b[39m=\u001b[32m\"w-full flex justify-center py-2 px-4 border border-gray-300 rounded-md shadow-sm text-sm font-medium text-gray-700 bg-white hover:bg-gray-50 focus:outline-none focus:ring-2 focus:ring-offset-2 focus:ring-blue-500\"\u001b[39m\n            \u001b[36m>\u001b[39m\n              \u001b[0mGo to Home\u001b[0m\n            \u001b[36m</button>\u001b[39m\n          \u001b[36m</div>\u001b[39m\n        \u001b[36m</div>\u001b[39m\n      \u001b[36m</div>\u001b[39m\n    \u001b[36m</div>\u001b[39m\n  \u001b[36m</div>\u001b[39m\n\u001b[36m</body>\u001b[39m\n    at Object.getElementError (C:\\Users\\A\\Documents\\Git\\YT\\ytmain-v6\\node_modules\\@testing-library\\dom\\dist\\config.js:37:19)\n    at C:\\Users\\A\\Documents\\Git\\YT\\ytmain-v6\\node_modules\\@testing-library\\dom\\dist\\query-helpers.js:76:38\n    at C:\\Users\\A\\Documents\\Git\\YT\\ytmain-v6\\node_modules\\@testing-library\\dom\\dist\\query-helpers.js:52:17\n    at C:\\Users\\A\\Documents\\Git\\YT\\ytmain-v6\\node_modules\\@testing-library\\dom\\dist\\query-helpers.js:95:19\n    at C:\\Users\\A\\Documents\\Git\\YT\\ytmain-v6\\test\\components\\ErrorBoundary.test.tsx:43:19\n    at file:///C:/Users/A/Documents/Git/YT/ytmain-v6/node_modules/@vitest/runner/dist/chunk-hooks.js:155:11\n    at file:///C:/Users/A/Documents/Git/YT/ytmain-v6/node_modules/@vitest/runner/dist/chunk-hooks.js:752:26\n    at file:///C:/Users/A/Documents/Git/YT/ytmain-v6/node_modules/@vitest/runner/dist/chunk-hooks.js:1897:20\n    at new Promise (<anonymous>)\n    at runWithTimeout (file:///C:/Users/A/Documents/Git/YT/ytmain-v6/node_modules/@vitest/runner/dist/chunk-hooks.js:1863:10)","TestingLibraryElementError: Unable to find an accessible element with the role \"button\" and name `/reload page/i`\n\nHere are the accessible roles:\n\n  heading:\n\n  Name \"Something went wrong\":\n  \u001b[36m<h2\u001b[39m\n    \u001b[33mclass\u001b[39m=\u001b[32m\"mt-6 text-center text-3xl font-extrabold text-gray-900\"\u001b[39m\n  \u001b[36m/>\u001b[39m\n\n  --------------------------------------------------\n  button:\n\n  Name \"Try Again (3 left)\":\n  \u001b[36m<button\u001b[39m\n    \u001b[33mclass\u001b[39m=\u001b[32m\"w-full flex justify-center py-2 px-4 border border-transparent rounded-md shadow-sm text-sm font-medium text-white bg-blue-600 hover:bg-blue-700 focus:outline-none focus:ring-2 focus:ring-offset-2 focus:ring-blue-500\"\u001b[39m\n  \u001b[36m/>\u001b[39m\n\n  Name \"Refresh Page\":\n  \u001b[36m<button\u001b[39m\n    \u001b[33mclass\u001b[39m=\u001b[32m\"w-full flex justify-center py-2 px-4 border border-transparent rounded-md shadow-sm text-sm font-medium text-white bg-gray-600 hover:bg-gray-700 focus:outline-none focus:ring-2 focus:ring-offset-2 focus:ring-gray-500\"\u001b[39m\n  \u001b[36m/>\u001b[39m\n\n  Name \"Go to Home\":\n  \u001b[36m<button\u001b[39m\n    \u001b[33mclass\u001b[39m=\u001b[32m\"w-full flex justify-center py-2 px-4 border border-gray-300 rounded-md shadow-sm text-sm font-medium text-gray-700 bg-white hover:bg-gray-50 focus:outline-none focus:ring-2 focus:ring-offset-2 focus:ring-blue-500\"\u001b[39m\n  \u001b[36m/>\u001b[39m\n\n  --------------------------------------------------\n\nIgnored nodes: comments, script, style\n\u001b[36m<body>\u001b[39m\n  \u001b[36m<div>\u001b[39m\n    \u001b[36m<div\u001b[39m\n      \u001b[33mclass\u001b[39m=\u001b[32m\"min-h-screen bg-gray-50 flex flex-col justify-center py-12 sm:px-6 lg:px-8\"\u001b[39m\n    \u001b[36m>\u001b[39m\n      \u001b[36m<div\u001b[39m\n        \u001b[33mclass\u001b[39m=\u001b[32m\"sm:mx-auto sm:w-full sm:max-w-md\"\u001b[39m\n      \u001b[36m>\u001b[39m\n        \u001b[36m<div\u001b[39m\n          \u001b[33mclass\u001b[39m=\u001b[32m\"flex justify-center\"\u001b[39m\n        \u001b[36m>\u001b[39m\n          \u001b[36m<svg\u001b[39m\n            \u001b[33maria-hidden\u001b[39m=\u001b[32m\"true\"\u001b[39m\n            \u001b[33mclass\u001b[39m=\u001b[32m\"h-12 w-12 text-red-500\"\u001b[39m\n            \u001b[33mdata-slot\u001b[39m=\u001b[32m\"icon\"\u001b[39m\n            \u001b[33mfill\u001b[39m=\u001b[32m\"none\"\u001b[39m\n            \u001b[33mstroke\u001b[39m=\u001b[32m\"currentColor\"\u001b[39m\n            \u001b[33mstroke-width\u001b[39m=\u001b[32m\"1.5\"\u001b[39m\n            \u001b[33mviewBox\u001b[39m=\u001b[32m\"0 0 24 24\"\u001b[39m\n            \u001b[33mxmlns\u001b[39m=\u001b[32m\"http://www.w3.org/2000/svg\"\u001b[39m\n          \u001b[36m>\u001b[39m\n            \u001b[36m<path\u001b[39m\n              \u001b[33md\u001b[39m=\u001b[32m\"M12 9v3.75m-9.303 3.376c-.866 1.5.217 3.374 1.948 3.374h14.71c1.73 0 2.813-1.874 1.948-3.374L13.949 3.378c-.866-1.5-3.032-1.5-3.898 0L2.697 16.126ZM12 15.75h.007v.008H12v-.008Z\"\u001b[39m\n              \u001b[33mstroke-linecap\u001b[39m=\u001b[32m\"round\"\u001b[39m\n              \u001b[33mstroke-linejoin\u001b[39m=\u001b[32m\"round\"\u001b[39m\n            \u001b[36m/>\u001b[39m\n          \u001b[36m</svg>\u001b[39m\n        \u001b[36m</div>\u001b[39m\n        \u001b[36m<h2\u001b[39m\n          \u001b[33mclass\u001b[39m=\u001b[32m\"mt-6 text-center text-3xl font-extrabold text-gray-900\"\u001b[39m\n        \u001b[36m>\u001b[39m\n          \u001b[0mSomething went wrong\u001b[0m\n        \u001b[36m</h2>\u001b[39m\n        \u001b[36m<p\u001b[39m\n          \u001b[33mclass\u001b[39m=\u001b[32m\"mt-2 text-center text-sm text-gray-600\"\u001b[39m\n        \u001b[36m>\u001b[39m\n          \u001b[0mWe're sorry, but something unexpected happened. We'll automatically retry in a moment.\u001b[0m\n        \u001b[36m</p>\u001b[39m\n        \u001b[36m<div\u001b[39m\n          \u001b[33mclass\u001b[39m=\u001b[32m\"mt-3 flex justify-center\"\u001b[39m\n        \u001b[36m>\u001b[39m\n          \u001b[36m<div\u001b[39m\n            \u001b[33mclass\u001b[39m=\u001b[32m\"inline-flex items-center px-3 py-1 rounded-full text-xs bg-blue-100 text-blue-800\"\u001b[39m\n          \u001b[36m>\u001b[39m\n            \u001b[0mAuto-retrying in 5 seconds...\u001b[0m\n          \u001b[36m</div>\u001b[39m\n        \u001b[36m</div>\u001b[39m\n        \u001b[36m<p\u001b[39m\n          \u001b[33mclass\u001b[39m=\u001b[32m\"mt-2 text-center text-xs text-gray-400\"\u001b[39m\n        \u001b[36m>\u001b[39m\n          \u001b[0mError ID: \u001b[0m\n          \u001b[0merror-1753807334180-zgvcyiq6r\u001b[0m\n        \u001b[36m</p>\u001b[39m\n      \u001b[36m</div>\u001b[39m\n      \u001b[36m<div\u001b[39m\n        \u001b[33mclass\u001b[39m=\u001b[32m\"mt-8 sm:mx-auto sm:w-full sm:max-w-md\"\u001b[39m\n      \u001b[36m>\u001b[39m\n        \u001b[36m<div\u001b[39m\n          \u001b[33mclass\u001b[39m=\u001b[32m\"bg-white py-8 px-4 shadow sm:rounded-lg sm:px-10\"\u001b[39m\n        \u001b[36m>\u001b[39m\n          \u001b[36m<div\u001b[39m\n            \u001b[33mclass\u001b[39m=\u001b[32m\"space-y-4\"\u001b[39m\n          \u001b[36m>\u001b[39m\n            \u001b[36m<button\u001b[39m\n              \u001b[33mclass\u001b[39m=\u001b[32m\"w-full flex justify-center py-2 px-4 border border-transparent rounded-md shadow-sm text-sm font-medium text-white bg-blue-600 hover:bg-blue-700 focus:outline-none focus:ring-2 focus:ring-offset-2 focus:ring-blue-500\"\u001b[39m\n            \u001b[36m>\u001b[39m\n              \u001b[0mTry Again (\u001b[0m\n              \u001b[0m3\u001b[0m\n              \u001b[0m left)\u001b[0m\n            \u001b[36m</button>\u001b[39m\n            \u001b[36m<button\u001b[39m\n              \u001b[33mclass\u001b[39m=\u001b[32m\"w-full flex justify-center py-2 px-4 border border-transparent rounded-md shadow-sm text-sm font-medium text-white bg-gray-600 hover:bg-gray-700 focus:outline-none focus:ring-2 focus:ring-offset-2 focus:ring-gray-500\"\u001b[39m\n            \u001b[36m>\u001b[39m\n              \u001b[0mRefresh Page\u001b[0m\n            \u001b[36m</button>\u001b[39m\n            \u001b[36m<button\u001b[39m\n              \u001b[33mclass\u001b[39m=\u001b[32m\"w-full flex justify-center py-2 px-4 border border-gray-300 rounded-md shadow-sm text-sm font-medium text-gray-700 bg-white hover:bg-gray-50 focus:outline-none focus:ring-2 focus:ring-offset-2 focus:ring-blue-500\"\u001b[39m\n            \u001b[36m>\u001b[39m\n              \u001b[0mGo to Home\u001b[0m\n            \u001b[36m</button>\u001b[39m\n          \u001b[36m</div>\u001b[39m\n        \u001b[36m</div>\u001b[39m\n      \u001b[36m</div>\u001b[39m\n    \u001b[36m</div>\u001b[39m\n  \u001b[36m</div>\u001b[39m\n\u001b[36m</body>\u001b[39m\n    at Object.getElementError (C:\\Users\\A\\Documents\\Git\\YT\\ytmain-v6\\node_modules\\@testing-library\\dom\\dist\\config.js:37:19)\n    at C:\\Users\\A\\Documents\\Git\\YT\\ytmain-v6\\node_modules\\@testing-library\\dom\\dist\\query-helpers.js:76:38\n    at C:\\Users\\A\\Documents\\Git\\YT\\ytmain-v6\\node_modules\\@testing-library\\dom\\dist\\query-helpers.js:52:17\n    at C:\\Users\\A\\Documents\\Git\\YT\\ytmain-v6\\node_modules\\@testing-library\\dom\\dist\\query-helpers.js:95:19\n    at C:\\Users\\A\\Documents\\Git\\YT\\ytmain-v6\\test\\components\\ErrorBoundary.test.tsx:43:19\n    at file:///C:/Users/A/Documents/Git/YT/ytmain-v6/node_modules/@vitest/runner/dist/chunk-hooks.js:155:11\n    at file:///C:/Users/A/Documents/Git/YT/ytmain-v6/node_modules/@vitest/runner/dist/chunk-hooks.js:752:26\n    at file:///C:/Users/A/Documents/Git/YT/ytmain-v6/node_modules/@vitest/runner/dist/chunk-hooks.js:1897:20\n    at new Promise (<anonymous>)\n    at runWithTimeout (file:///C:/Users/A/Documents/Git/YT/ytmain-v6/node_modules/@vitest/runner/dist/chunk-hooks.js:1863:10)","TestingLibraryElementError: Unable to find an accessible element with the role \"button\" and name `/reload page/i`\n\nHere are the accessible roles:\n\n  heading:\n\n  Name \"Something went wrong\":\n  \u001b[36m<h2\u001b[39m\n    \u001b[33mclass\u001b[39m=\u001b[32m\"mt-6 text-center text-3xl font-extrabold text-gray-900\"\u001b[39m\n  \u001b[36m/>\u001b[39m\n\n  --------------------------------------------------\n  button:\n\n  Name \"Try Again (3 left)\":\n  \u001b[36m<button\u001b[39m\n    \u001b[33mclass\u001b[39m=\u001b[32m\"w-full flex justify-center py-2 px-4 border border-transparent rounded-md shadow-sm text-sm font-medium text-white bg-blue-600 hover:bg-blue-700 focus:outline-none focus:ring-2 focus:ring-offset-2 focus:ring-blue-500\"\u001b[39m\n  \u001b[36m/>\u001b[39m\n\n  Name \"Refresh Page\":\n  \u001b[36m<button\u001b[39m\n    \u001b[33mclass\u001b[39m=\u001b[32m\"w-full flex justify-center py-2 px-4 border border-transparent rounded-md shadow-sm text-sm font-medium text-white bg-gray-600 hover:bg-gray-700 focus:outline-none focus:ring-2 focus:ring-offset-2 focus:ring-gray-500\"\u001b[39m\n  \u001b[36m/>\u001b[39m\n\n  Name \"Go to Home\":\n  \u001b[36m<button\u001b[39m\n    \u001b[33mclass\u001b[39m=\u001b[32m\"w-full flex justify-center py-2 px-4 border border-gray-300 rounded-md shadow-sm text-sm font-medium text-gray-700 bg-white hover:bg-gray-50 focus:outline-none focus:ring-2 focus:ring-offset-2 focus:ring-blue-500\"\u001b[39m\n  \u001b[36m/>\u001b[39m\n\n  --------------------------------------------------\n\nIgnored nodes: comments, script, style\n\u001b[36m<body>\u001b[39m\n  \u001b[36m<div>\u001b[39m\n    \u001b[36m<div\u001b[39m\n      \u001b[33mclass\u001b[39m=\u001b[32m\"min-h-screen bg-gray-50 flex flex-col justify-center py-12 sm:px-6 lg:px-8\"\u001b[39m\n    \u001b[36m>\u001b[39m\n      \u001b[36m<div\u001b[39m\n        \u001b[33mclass\u001b[39m=\u001b[32m\"sm:mx-auto sm:w-full sm:max-w-md\"\u001b[39m\n      \u001b[36m>\u001b[39m\n        \u001b[36m<div\u001b[39m\n          \u001b[33mclass\u001b[39m=\u001b[32m\"flex justify-center\"\u001b[39m\n        \u001b[36m>\u001b[39m\n          \u001b[36m<svg\u001b[39m\n            \u001b[33maria-hidden\u001b[39m=\u001b[32m\"true\"\u001b[39m\n            \u001b[33mclass\u001b[39m=\u001b[32m\"h-12 w-12 text-red-500\"\u001b[39m\n            \u001b[33mdata-slot\u001b[39m=\u001b[32m\"icon\"\u001b[39m\n            \u001b[33mfill\u001b[39m=\u001b[32m\"none\"\u001b[39m\n            \u001b[33mstroke\u001b[39m=\u001b[32m\"currentColor\"\u001b[39m\n            \u001b[33mstroke-width\u001b[39m=\u001b[32m\"1.5\"\u001b[39m\n            \u001b[33mviewBox\u001b[39m=\u001b[32m\"0 0 24 24\"\u001b[39m\n            \u001b[33mxmlns\u001b[39m=\u001b[32m\"http://www.w3.org/2000/svg\"\u001b[39m\n          \u001b[36m>\u001b[39m\n            \u001b[36m<path\u001b[39m\n              \u001b[33md\u001b[39m=\u001b[32m\"M12 9v3.75m-9.303 3.376c-.866 1.5.217 3.374 1.948 3.374h14.71c1.73 0 2.813-1.874 1.948-3.374L13.949 3.378c-.866-1.5-3.032-1.5-3.898 0L2.697 16.126ZM12 15.75h.007v.008H12v-.008Z\"\u001b[39m\n              \u001b[33mstroke-linecap\u001b[39m=\u001b[32m\"round\"\u001b[39m\n              \u001b[33mstroke-linejoin\u001b[39m=\u001b[32m\"round\"\u001b[39m\n            \u001b[36m/>\u001b[39m\n          \u001b[36m</svg>\u001b[39m\n        \u001b[36m</div>\u001b[39m\n        \u001b[36m<h2\u001b[39m\n          \u001b[33mclass\u001b[39m=\u001b[32m\"mt-6 text-center text-3xl font-extrabold text-gray-900\"\u001b[39m\n        \u001b[36m>\u001b[39m\n          \u001b[0mSomething went wrong\u001b[0m\n        \u001b[36m</h2>\u001b[39m\n        \u001b[36m<p\u001b[39m\n          \u001b[33mclass\u001b[39m=\u001b[32m\"mt-2 text-center text-sm text-gray-600\"\u001b[39m\n        \u001b[36m>\u001b[39m\n          \u001b[0mWe're sorry, but something unexpected happened. We'll automatically retry in a moment.\u001b[0m\n        \u001b[36m</p>\u001b[39m\n        \u001b[36m<div\u001b[39m\n          \u001b[33mclass\u001b[39m=\u001b[32m\"mt-3 flex justify-center\"\u001b[39m\n        \u001b[36m>\u001b[39m\n          \u001b[36m<div\u001b[39m\n            \u001b[33mclass\u001b[39m=\u001b[32m\"inline-flex items-center px-3 py-1 rounded-full text-xs bg-blue-100 text-blue-800\"\u001b[39m\n          \u001b[36m>\u001b[39m\n            \u001b[0mAuto-retrying in 5 seconds...\u001b[0m\n          \u001b[36m</div>\u001b[39m\n        \u001b[36m</div>\u001b[39m\n        \u001b[36m<p\u001b[39m\n          \u001b[33mclass\u001b[39m=\u001b[32m\"mt-2 text-center text-xs text-gray-400\"\u001b[39m\n        \u001b[36m>\u001b[39m\n          \u001b[0mError ID: \u001b[0m\n          \u001b[0merror-1753807334280-4wnx05xi7\u001b[0m\n        \u001b[36m</p>\u001b[39m\n      \u001b[36m</div>\u001b[39m\n      \u001b[36m<div\u001b[39m\n        \u001b[33mclass\u001b[39m=\u001b[32m\"mt-8 sm:mx-auto sm:w-full sm:max-w-md\"\u001b[39m\n      \u001b[36m>\u001b[39m\n        \u001b[36m<div\u001b[39m\n          \u001b[33mclass\u001b[39m=\u001b[32m\"bg-white py-8 px-4 shadow sm:rounded-lg sm:px-10\"\u001b[39m\n        \u001b[36m>\u001b[39m\n          \u001b[36m<div\u001b[39m\n            \u001b[33mclass\u001b[39m=\u001b[32m\"space-y-4\"\u001b[39m\n          \u001b[36m>\u001b[39m\n            \u001b[36m<button\u001b[39m\n              \u001b[33mclass\u001b[39m=\u001b[32m\"w-full flex justify-center py-2 px-4 border border-transparent rounded-md shadow-sm text-sm font-medium text-white bg-blue-600 hover:bg-blue-700 focus:outline-none focus:ring-2 focus:ring-offset-2 focus:ring-blue-500\"\u001b[39m\n            \u001b[36m>\u001b[39m\n              \u001b[0mTry Again (\u001b[0m\n              \u001b[0m3\u001b[0m\n              \u001b[0m left)\u001b[0m\n            \u001b[36m</button>\u001b[39m\n            \u001b[36m<button\u001b[39m\n              \u001b[33mclass\u001b[39m=\u001b[32m\"w-full flex justify-center py-2 px-4 border border-transparent rounded-md shadow-sm text-sm font-medium text-white bg-gray-600 hover:bg-gray-700 focus:outline-none focus:ring-2 focus:ring-offset-2 focus:ring-gray-500\"\u001b[39m\n            \u001b[36m>\u001b[39m\n              \u001b[0mRefresh Page\u001b[0m\n            \u001b[36m</button>\u001b[39m\n            \u001b[36m<button\u001b[39m\n              \u001b[33mclass\u001b[39m=\u001b[32m\"w-full flex justify-center py-2 px-4 border border-gray-300 rounded-md shadow-sm text-sm font-medium text-gray-700 bg-white hover:bg-gray-50 focus:outline-none focus:ring-2 focus:ring-offset-2 focus:ring-blue-500\"\u001b[39m\n            \u001b[36m>\u001b[39m\n              \u001b[0mGo to Home\u001b[0m\n            \u001b[36m</button>\u001b[39m\n          \u001b[36m</div>\u001b[39m\n        \u001b[36m</div>\u001b[39m\n      \u001b[36m</div>\u001b[39m\n    \u001b[36m</div>\u001b[39m\n  \u001b[36m</div>\u001b[39m\n\u001b[36m</body>\u001b[39m\n    at Object.getElementError (C:\\Users\\A\\Documents\\Git\\YT\\ytmain-v6\\node_modules\\@testing-library\\dom\\dist\\config.js:37:19)\n    at C:\\Users\\A\\Documents\\Git\\YT\\ytmain-v6\\node_modules\\@testing-library\\dom\\dist\\query-helpers.js:76:38\n    at C:\\Users\\A\\Documents\\Git\\YT\\ytmain-v6\\node_modules\\@testing-library\\dom\\dist\\query-helpers.js:52:17\n    at C:\\Users\\A\\Documents\\Git\\YT\\ytmain-v6\\node_modules\\@testing-library\\dom\\dist\\query-helpers.js:95:19\n    at C:\\Users\\A\\Documents\\Git\\YT\\ytmain-v6\\test\\components\\ErrorBoundary.test.tsx:43:19\n    at file:///C:/Users/A/Documents/Git/YT/ytmain-v6/node_modules/@vitest/runner/dist/chunk-hooks.js:155:11\n    at file:///C:/Users/A/Documents/Git/YT/ytmain-v6/node_modules/@vitest/runner/dist/chunk-hooks.js:752:26\n    at file:///C:/Users/A/Documents/Git/YT/ytmain-v6/node_modules/@vitest/runner/dist/chunk-hooks.js:1897:20\n    at new Promise (<anonymous>)\n    at runWithTimeout (file:///C:/Users/A/Documents/Git/YT/ytmain-v6/node_modules/@vitest/runner/dist/chunk-hooks.js:1863:10)"],"location":{"line":35,"column":3},"meta":{}},{"ancestorTitles":["ErrorBoundary"],"fullName":"ErrorBoundary renders custom fallback when provided","status":"passed","title":"renders custom fallback when provided","duration":8.223100000002887,"failureMessages":[],"location":{"line":47,"column":3},"meta":{}},{"ancestorTitles":["ErrorBoundary"],"fullName":"ErrorBoundary logs error to console when error occurs","status":"passed","title":"logs error to console when error occurs","duration":25.068199999979697,"failureMessages":[],"location":{"line":59,"column":3},"meta":{}}],"startTime":1753807333843,"endTime":1753807334422.068,"status":"failed","message":"","name":"C:/Users/A/Documents/Git/YT/ytmain-v6/test/components/ErrorBoundary.test.tsx"},{"assertionResults":[{"ancestorTitles":["Unified Video Hooks","useUnifiedVideos"],"fullName":"Unified Video Hooks useUnifiedVideos should fetch trending videos successfully","status":"pending","title":"should fetch trending videos successfully","failureMessages":[],"location":{"line":50,"column":5},"meta":{}},{"ancestorTitles":["Unified Video Hooks","useUnifiedVideos"],"fullName":"Unified Video Hooks useUnifiedVideos should handle errors gracefully","status":"pending","title":"should handle errors gracefully","failureMessages":[],"location":{"line":141,"column":5},"meta":{}},{"ancestorTitles":["Unified Video Hooks","useUnifiedVideos"],"fullName":"Unified Video Hooks useUnifiedVideos should use correct cache key with filters","status":"pending","title":"should use correct cache key with filters","failureMessages":[],"location":{"line":160,"column":5},"meta":{}},{"ancestorTitles":["Unified Video Hooks","useUnifiedVideo"],"fullName":"Unified Video Hooks useUnifiedVideo should fetch single video by ID","status":"pending","title":"should fetch single video by ID","failureMessages":[],"location":{"line":185,"column":5},"meta":{}},{"ancestorTitles":["Unified Video Hooks","useUnifiedVideo"],"fullName":"Unified Video Hooks useUnifiedVideo should handle video not found","status":"pending","title":"should handle video not found","failureMessages":[],"location":{"line":234,"column":5},"meta":{}},{"ancestorTitles":["Unified Video Hooks","useUnifiedVideo"],"fullName":"Unified Video Hooks useUnifiedVideo should not fetch when videoId is empty","status":"pending","title":"should not fetch when videoId is empty","failureMessages":[],"location":{"line":252,"column":5},"meta":{}},{"ancestorTitles":["Unified Video Hooks","useUnifiedVideo"],"fullName":"Unified Video Hooks useUnifiedVideo should handle fetch errors","status":"pending","title":"should handle fetch errors","failureMessages":[],"location":{"line":262,"column":5},"meta":{}},{"ancestorTitles":["Unified Video Hooks","useUnifiedTrendingVideos"],"fullName":"Unified Video Hooks useUnifiedTrendingVideos should fetch trending videos with proper caching","status":"pending","title":"should fetch trending videos with proper caching","failureMessages":[],"location":{"line":282,"column":5},"meta":{}},{"ancestorTitles":["Unified Video Hooks","useUnifiedTrendingVideos"],"fullName":"Unified Video Hooks useUnifiedTrendingVideos should refetch on window focus by default","status":"pending","title":"should refetch on window focus by default","failureMessages":[],"location":{"line":370,"column":5},"meta":{}},{"ancestorTitles":["Unified Video Hooks","useUnifiedShorts"],"fullName":"Unified Video Hooks useUnifiedShorts should fetch shorts videos","status":"pending","title":"should fetch shorts videos","failureMessages":[],"location":{"line":396,"column":5},"meta":{}},{"ancestorTitles":["Unified Video Hooks","useUnifiedSearchVideos"],"fullName":"Unified Video Hooks useUnifiedSearchVideos should search videos with query","status":"pending","title":"should search videos with query","failureMessages":[],"location":{"line":486,"column":5},"meta":{}},{"ancestorTitles":["Unified Video Hooks","useUnifiedSearchVideos"],"fullName":"Unified Video Hooks useUnifiedSearchVideos should not search with short queries","status":"pending","title":"should not search with short queries","failureMessages":[],"location":{"line":578,"column":5},"meta":{}},{"ancestorTitles":["Unified Video Hooks","useUnifiedSearchVideos"],"fullName":"Unified Video Hooks useUnifiedSearchVideos should not search with empty query","status":"pending","title":"should not search with empty query","failureMessages":[],"location":{"line":588,"column":5},"meta":{}},{"ancestorTitles":["Unified Video Hooks","useUnifiedSearchVideos"],"fullName":"Unified Video Hooks useUnifiedSearchVideos should handle search errors","status":"pending","title":"should handle search errors","failureMessages":[],"location":{"line":598,"column":5},"meta":{}},{"ancestorTitles":["Unified Video Hooks","Combined Hooks","useVideoWithRelated"],"fullName":"Unified Video Hooks Combined Hooks useVideoWithRelated should fetch video and related videos","status":"pending","title":"should fetch video and related videos","failureMessages":[],"location":{"line":619,"column":7},"meta":{}},{"ancestorTitles":["Unified Video Hooks","Combined Hooks","useHomePageData"],"fullName":"Unified Video Hooks Combined Hooks useHomePageData should combine multiple data sources for home page","status":"pending","title":"should combine multiple data sources for home page","failureMessages":[],"location":{"line":639,"column":7},"meta":{}},{"ancestorTitles":["Unified Video Hooks","Hook Configuration"],"fullName":"Unified Video Hooks Hook Configuration should apply custom configuration options","status":"pending","title":"should apply custom configuration options","failureMessages":[],"location":{"line":657,"column":5},"meta":{}},{"ancestorTitles":["Unified Video Hooks","Loading States"],"fullName":"Unified Video Hooks Loading States should show loading state initially","status":"pending","title":"should show loading state initially","failureMessages":[],"location":{"line":688,"column":5},"meta":{}},{"ancestorTitles":["Unified Video Hooks","Refetch Functionality"],"fullName":"Unified Video Hooks Refetch Functionality should provide refetch function","status":"pending","title":"should provide refetch function","failureMessages":[],"location":{"line":706,"column":5},"meta":{}}],"startTime":1753806947998,"endTime":1753806947998,"status":"passed","message":"","name":"C:/Users/A/Documents/Git/YT/ytmain-v6/test/hooks/useVideos.test.tsx"},{"assertionResults":[{"ancestorTitles":["CommunityPage"],"fullName":"CommunityPage renders community page with posts","status":"failed","title":"renders community page with posts","duration":205.9189999999944,"failureMessages":["TestingLibraryElementError: Unable to find an element with the text: Community. This could be because the text is broken up by multiple elements. In this case, you can provide a function for your text matcher to make your matcher more flexible.\n\nIgnored nodes: comments, script, style\n\u001b[36m<body>\u001b[39m\n  \u001b[36m<div>\u001b[39m\n    \u001b[36m<div\u001b[39m\n      \u001b[33mclass\u001b[39m=\u001b[32m\"min-h-screen bg-gray-50 dark:bg-gray-900 p-6\"\u001b[39m\n    \u001b[36m>\u001b[39m\n      \u001b[36m<div\u001b[39m\n        \u001b[33mclass\u001b[39m=\u001b[32m\"max-w-4xl mx-auto\"\u001b[39m\n      \u001b[36m>\u001b[39m\n        \u001b[36m<div\u001b[39m\n          \u001b[33mclass\u001b[39m=\u001b[32m\"animate-pulse\"\u001b[39m\n        \u001b[36m>\u001b[39m\n          \u001b[36m<div\u001b[39m\n            \u001b[33mclass\u001b[39m=\u001b[32m\"h-8 bg-gray-200 dark:bg-gray-700 rounded w-1/4 mb-6\"\u001b[39m\n          \u001b[36m/>\u001b[39m\n          \u001b[36m<div\u001b[39m\n            \u001b[33mclass\u001b[39m=\u001b[32m\"space-y-4\"\u001b[39m\n          \u001b[36m>\u001b[39m\n            \u001b[36m<div\u001b[39m\n              \u001b[33mclass\u001b[39m=\u001b[32m\"bg-white dark:bg-gray-800 rounded-lg p-6\"\u001b[39m\n            \u001b[36m>\u001b[39m\n              \u001b[36m<div\u001b[39m\n                \u001b[33mclass\u001b[39m=\u001b[32m\"h-4 bg-gray-200 dark:bg-gray-700 rounded w-3/4 mb-4\"\u001b[39m\n              \u001b[36m/>\u001b[39m\n              \u001b[36m<div\u001b[39m\n                \u001b[33mclass\u001b[39m=\u001b[32m\"h-32 bg-gray-200 dark:bg-gray-700 rounded mb-4\"\u001b[39m\n              \u001b[36m/>\u001b[39m\n              \u001b[36m<div\u001b[39m\n                \u001b[33mclass\u001b[39m=\u001b[32m\"flex space-x-4\"\u001b[39m\n              \u001b[36m>\u001b[39m\n                \u001b[36m<div\u001b[39m\n                  \u001b[33mclass\u001b[39m=\u001b[32m\"h-4 bg-gray-200 dark:bg-gray-700 rounded w-16\"\u001b[39m\n                \u001b[36m/>\u001b[39m\n                \u001b[36m<div\u001b[39m\n                  \u001b[33mclass\u001b[39m=\u001b[32m\"h-4 bg-gray-200 dark:bg-gray-700 rounded w-16\"\u001b[39m\n                \u001b[36m/>\u001b[39m\n                \u001b[36m<div\u001b[39m\n                  \u001b[33mclass\u001b[39m=\u001b[32m\"h-4 bg-gray-200 dark:bg-gray-700 rounded w-16\"\u001b[39m\n                \u001b[36m/>\u001b[39m\n              \u001b[36m</div>\u001b[39m\n            \u001b[36m</div>\u001b[39m\n            \u001b[36m<div\u001b[39m\n              \u001b[33mclass\u001b[39m=\u001b[32m\"bg-white dark:bg-gray-800 rounded-lg p-6\"\u001b[39m\n            \u001b[36m>\u001b[39m\n              \u001b[36m<div\u001b[39m\n                \u001b[33mclass\u001b[39m=\u001b[32m\"h-4 bg-gray-200 dark:bg-gray-700 rounded w-3/4 mb-4\"\u001b[39m\n              \u001b[36m/>\u001b[39m\n              \u001b[36m<div\u001b[39m\n                \u001b[33mclass\u001b[39m=\u001b[32m\"h-32 bg-gray-200 dark:bg-gray-700 rounded mb-4\"\u001b[39m\n              \u001b[36m/>\u001b[39m\n              \u001b[36m<div\u001b[39m\n                \u001b[33mclass\u001b[39m=\u001b[32m\"flex space-x-4\"\u001b[39m\n              \u001b[36m>\u001b[39m\n                \u001b[36m<div\u001b[39m\n                  \u001b[33mclass\u001b[39m=\u001b[32m\"h-4 bg-gray-200 dark:bg-gray-700 rounded w-16\"\u001b[39m\n                \u001b[36m/>\u001b[39m\n                \u001b[36m<div\u001b[39m\n                  \u001b[33mclass\u001b[39m=\u001b[32m\"h-4 bg-gray-200 dark:bg-gray-700 rounded w-16\"\u001b[39m\n                \u001b[36m/>\u001b[39m\n                \u001b[36m<div\u001b[39m\n                  \u001b[33mclass\u001b[39m=\u001b[32m\"h-4 bg-gray-200 dark:bg-gray-700 rounded w-16\"\u001b[39m\n                \u001b[36m/>\u001b[39m\n              \u001b[36m</div>\u001b[39m\n            \u001b[36m</div>\u001b[39m\n            \u001b[36m<div\u001b[39m\n              \u001b[33mclass\u001b[39m=\u001b[32m\"bg-white dark:bg-gray-800 rounded-lg p-6\"\u001b[39m\n            \u001b[36m>\u001b[39m\n              \u001b[36m<div\u001b[39m\n                \u001b[33mclass\u001b[39m=\u001b[32m\"h-4 bg-gray-200 dark:bg-gray-700 rounded w-3/4 mb-4\"\u001b[39m\n              \u001b[36m/>\u001b[39m\n              \u001b[36m<div\u001b[39m\n                \u001b[33mclass\u001b[39m=\u001b[32m\"h-32 bg-gray-200 dark:bg-gray-700 rounded mb-4\"\u001b[39m\n              \u001b[36m/>\u001b[39m\n              \u001b[36m<div\u001b[39m\n                \u001b[33mclass\u001b[39m=\u001b[32m\"flex space-x-4\"\u001b[39m\n              \u001b[36m>\u001b[39m\n                \u001b[36m<div\u001b[39m\n                  \u001b[33mclass\u001b[39m=\u001b[32m\"h-4 bg-gray-200 dark:bg-gray-700 rounded w-16\"\u001b[39m\n                \u001b[36m/>\u001b[39m\n                \u001b[36m<div\u001b[39m\n                  \u001b[33mclass\u001b[39m=\u001b[32m\"h-4 bg-gray-200 dark:bg-gray-700 rounded w-16\"\u001b[39m\n                \u001b[36m/>\u001b[39m\n                \u001b[36m<div\u001b[39m\n                  \u001b[33mclass\u001b[39m=\u001b[32m\"h-4 bg-gray-200 dark:bg-gray-700 rounded w-16\"\u001b[39m\n                \u001b[36m/>\u001b[39m\n              \u001b[36m</div>\u001b[39m\n            \u001b[36m</div>\u001b[39m\n          \u001b[36m</div>\u001b[39m\n        \u001b[36m</div>\u001b[39m\n      \u001b[36m</div>\u001b[39m\n    \u001b[36m</div>\u001b[39m\n  \u001b[36m</div>\u001b[39m\n\u001b[36m</body>\u001b[39m\n    at Object.getElementError (C:\\Users\\A\\Documents\\Git\\YT\\ytmain-v6\\node_modules\\@testing-library\\dom\\dist\\config.js:37:19)\n    at C:\\Users\\A\\Documents\\Git\\YT\\ytmain-v6\\node_modules\\@testing-library\\dom\\dist\\query-helpers.js:76:38\n    at C:\\Users\\A\\Documents\\Git\\YT\\ytmain-v6\\node_modules\\@testing-library\\dom\\dist\\query-helpers.js:52:17\n    at C:\\Users\\A\\Documents\\Git\\YT\\ytmain-v6\\node_modules\\@testing-library\\dom\\dist\\query-helpers.js:95:19\n    at C:\\Users\\A\\Documents\\Git\\YT\\ytmain-v6\\test\\integration\\CommunityPage.test.tsx:62:19\n    at file:///C:/Users/A/Documents/Git/YT/ytmain-v6/node_modules/@vitest/runner/dist/chunk-hooks.js:155:11\n    at file:///C:/Users/A/Documents/Git/YT/ytmain-v6/node_modules/@vitest/runner/dist/chunk-hooks.js:752:26\n    at file:///C:/Users/A/Documents/Git/YT/ytmain-v6/node_modules/@vitest/runner/dist/chunk-hooks.js:1897:20\n    at new Promise (<anonymous>)\n    at runWithTimeout (file:///C:/Users/A/Documents/Git/YT/ytmain-v6/node_modules/@vitest/runner/dist/chunk-hooks.js:1863:10)","TestingLibraryElementError: Unable to find an element with the text: Community. This could be because the text is broken up by multiple elements. In this case, you can provide a function for your text matcher to make your matcher more flexible.\n\nIgnored nodes: comments, script, style\n\u001b[36m<body>\u001b[39m\n  \u001b[36m<div>\u001b[39m\n    \u001b[36m<div\u001b[39m\n      \u001b[33mclass\u001b[39m=\u001b[32m\"min-h-screen bg-gray-50 dark:bg-gray-900 p-6\"\u001b[39m\n    \u001b[36m>\u001b[39m\n      \u001b[36m<div\u001b[39m\n        \u001b[33mclass\u001b[39m=\u001b[32m\"max-w-4xl mx-auto\"\u001b[39m\n      \u001b[36m>\u001b[39m\n        \u001b[36m<div\u001b[39m\n          \u001b[33mclass\u001b[39m=\u001b[32m\"animate-pulse\"\u001b[39m\n        \u001b[36m>\u001b[39m\n          \u001b[36m<div\u001b[39m\n            \u001b[33mclass\u001b[39m=\u001b[32m\"h-8 bg-gray-200 dark:bg-gray-700 rounded w-1/4 mb-6\"\u001b[39m\n          \u001b[36m/>\u001b[39m\n          \u001b[36m<div\u001b[39m\n            \u001b[33mclass\u001b[39m=\u001b[32m\"space-y-4\"\u001b[39m\n          \u001b[36m>\u001b[39m\n            \u001b[36m<div\u001b[39m\n              \u001b[33mclass\u001b[39m=\u001b[32m\"bg-white dark:bg-gray-800 rounded-lg p-6\"\u001b[39m\n            \u001b[36m>\u001b[39m\n              \u001b[36m<div\u001b[39m\n                \u001b[33mclass\u001b[39m=\u001b[32m\"h-4 bg-gray-200 dark:bg-gray-700 rounded w-3/4 mb-4\"\u001b[39m\n              \u001b[36m/>\u001b[39m\n              \u001b[36m<div\u001b[39m\n                \u001b[33mclass\u001b[39m=\u001b[32m\"h-32 bg-gray-200 dark:bg-gray-700 rounded mb-4\"\u001b[39m\n              \u001b[36m/>\u001b[39m\n              \u001b[36m<div\u001b[39m\n                \u001b[33mclass\u001b[39m=\u001b[32m\"flex space-x-4\"\u001b[39m\n              \u001b[36m>\u001b[39m\n                \u001b[36m<div\u001b[39m\n                  \u001b[33mclass\u001b[39m=\u001b[32m\"h-4 bg-gray-200 dark:bg-gray-700 rounded w-16\"\u001b[39m\n                \u001b[36m/>\u001b[39m\n                \u001b[36m<div\u001b[39m\n                  \u001b[33mclass\u001b[39m=\u001b[32m\"h-4 bg-gray-200 dark:bg-gray-700 rounded w-16\"\u001b[39m\n                \u001b[36m/>\u001b[39m\n                \u001b[36m<div\u001b[39m\n                  \u001b[33mclass\u001b[39m=\u001b[32m\"h-4 bg-gray-200 dark:bg-gray-700 rounded w-16\"\u001b[39m\n                \u001b[36m/>\u001b[39m\n              \u001b[36m</div>\u001b[39m\n            \u001b[36m</div>\u001b[39m\n            \u001b[36m<div\u001b[39m\n              \u001b[33mclass\u001b[39m=\u001b[32m\"bg-white dark:bg-gray-800 rounded-lg p-6\"\u001b[39m\n            \u001b[36m>\u001b[39m\n              \u001b[36m<div\u001b[39m\n                \u001b[33mclass\u001b[39m=\u001b[32m\"h-4 bg-gray-200 dark:bg-gray-700 rounded w-3/4 mb-4\"\u001b[39m\n              \u001b[36m/>\u001b[39m\n              \u001b[36m<div\u001b[39m\n                \u001b[33mclass\u001b[39m=\u001b[32m\"h-32 bg-gray-200 dark:bg-gray-700 rounded mb-4\"\u001b[39m\n              \u001b[36m/>\u001b[39m\n              \u001b[36m<div\u001b[39m\n                \u001b[33mclass\u001b[39m=\u001b[32m\"flex space-x-4\"\u001b[39m\n              \u001b[36m>\u001b[39m\n                \u001b[36m<div\u001b[39m\n                  \u001b[33mclass\u001b[39m=\u001b[32m\"h-4 bg-gray-200 dark:bg-gray-700 rounded w-16\"\u001b[39m\n                \u001b[36m/>\u001b[39m\n                \u001b[36m<div\u001b[39m\n                  \u001b[33mclass\u001b[39m=\u001b[32m\"h-4 bg-gray-200 dark:bg-gray-700 rounded w-16\"\u001b[39m\n                \u001b[36m/>\u001b[39m\n                \u001b[36m<div\u001b[39m\n                  \u001b[33mclass\u001b[39m=\u001b[32m\"h-4 bg-gray-200 dark:bg-gray-700 rounded w-16\"\u001b[39m\n                \u001b[36m/>\u001b[39m\n              \u001b[36m</div>\u001b[39m\n            \u001b[36m</div>\u001b[39m\n            \u001b[36m<div\u001b[39m\n              \u001b[33mclass\u001b[39m=\u001b[32m\"bg-white dark:bg-gray-800 rounded-lg p-6\"\u001b[39m\n            \u001b[36m>\u001b[39m\n              \u001b[36m<div\u001b[39m\n                \u001b[33mclass\u001b[39m=\u001b[32m\"h-4 bg-gray-200 dark:bg-gray-700 rounded w-3/4 mb-4\"\u001b[39m\n              \u001b[36m/>\u001b[39m\n              \u001b[36m<div\u001b[39m\n                \u001b[33mclass\u001b[39m=\u001b[32m\"h-32 bg-gray-200 dark:bg-gray-700 rounded mb-4\"\u001b[39m\n              \u001b[36m/>\u001b[39m\n              \u001b[36m<div\u001b[39m\n                \u001b[33mclass\u001b[39m=\u001b[32m\"flex space-x-4\"\u001b[39m\n              \u001b[36m>\u001b[39m\n                \u001b[36m<div\u001b[39m\n                  \u001b[33mclass\u001b[39m=\u001b[32m\"h-4 bg-gray-200 dark:bg-gray-700 rounded w-16\"\u001b[39m\n                \u001b[36m/>\u001b[39m\n                \u001b[36m<div\u001b[39m\n                  \u001b[33mclass\u001b[39m=\u001b[32m\"h-4 bg-gray-200 dark:bg-gray-700 rounded w-16\"\u001b[39m\n                \u001b[36m/>\u001b[39m\n                \u001b[36m<div\u001b[39m\n                  \u001b[33mclass\u001b[39m=\u001b[32m\"h-4 bg-gray-200 dark:bg-gray-700 rounded w-16\"\u001b[39m\n                \u001b[36m/>\u001b[39m\n              \u001b[36m</div>\u001b[39m\n            \u001b[36m</div>\u001b[39m\n          \u001b[36m</div>\u001b[39m\n        \u001b[36m</div>\u001b[39m\n      \u001b[36m</div>\u001b[39m\n    \u001b[36m</div>\u001b[39m\n  \u001b[36m</div>\u001b[39m\n\u001b[36m</body>\u001b[39m\n    at Object.getElementError (C:\\Users\\A\\Documents\\Git\\YT\\ytmain-v6\\node_modules\\@testing-library\\dom\\dist\\config.js:37:19)\n    at C:\\Users\\A\\Documents\\Git\\YT\\ytmain-v6\\node_modules\\@testing-library\\dom\\dist\\query-helpers.js:76:38\n    at C:\\Users\\A\\Documents\\Git\\YT\\ytmain-v6\\node_modules\\@testing-library\\dom\\dist\\query-helpers.js:52:17\n    at C:\\Users\\A\\Documents\\Git\\YT\\ytmain-v6\\node_modules\\@testing-library\\dom\\dist\\query-helpers.js:95:19\n    at C:\\Users\\A\\Documents\\Git\\YT\\ytmain-v6\\test\\integration\\CommunityPage.test.tsx:62:19\n    at file:///C:/Users/A/Documents/Git/YT/ytmain-v6/node_modules/@vitest/runner/dist/chunk-hooks.js:155:11\n    at file:///C:/Users/A/Documents/Git/YT/ytmain-v6/node_modules/@vitest/runner/dist/chunk-hooks.js:752:26\n    at file:///C:/Users/A/Documents/Git/YT/ytmain-v6/node_modules/@vitest/runner/dist/chunk-hooks.js:1897:20\n    at new Promise (<anonymous>)\n    at runWithTimeout (file:///C:/Users/A/Documents/Git/YT/ytmain-v6/node_modules/@vitest/runner/dist/chunk-hooks.js:1863:10)","TestingLibraryElementError: Unable to find an element with the text: Community. This could be because the text is broken up by multiple elements. In this case, you can provide a function for your text matcher to make your matcher more flexible.\n\nIgnored nodes: comments, script, style\n\u001b[36m<body>\u001b[39m\n  \u001b[36m<div>\u001b[39m\n    \u001b[36m<div\u001b[39m\n      \u001b[33mclass\u001b[39m=\u001b[32m\"min-h-screen bg-gray-50 dark:bg-gray-900 p-6\"\u001b[39m\n    \u001b[36m>\u001b[39m\n      \u001b[36m<div\u001b[39m\n        \u001b[33mclass\u001b[39m=\u001b[32m\"max-w-4xl mx-auto\"\u001b[39m\n      \u001b[36m>\u001b[39m\n        \u001b[36m<div\u001b[39m\n          \u001b[33mclass\u001b[39m=\u001b[32m\"animate-pulse\"\u001b[39m\n        \u001b[36m>\u001b[39m\n          \u001b[36m<div\u001b[39m\n            \u001b[33mclass\u001b[39m=\u001b[32m\"h-8 bg-gray-200 dark:bg-gray-700 rounded w-1/4 mb-6\"\u001b[39m\n          \u001b[36m/>\u001b[39m\n          \u001b[36m<div\u001b[39m\n            \u001b[33mclass\u001b[39m=\u001b[32m\"space-y-4\"\u001b[39m\n          \u001b[36m>\u001b[39m\n            \u001b[36m<div\u001b[39m\n              \u001b[33mclass\u001b[39m=\u001b[32m\"bg-white dark:bg-gray-800 rounded-lg p-6\"\u001b[39m\n            \u001b[36m>\u001b[39m\n              \u001b[36m<div\u001b[39m\n                \u001b[33mclass\u001b[39m=\u001b[32m\"h-4 bg-gray-200 dark:bg-gray-700 rounded w-3/4 mb-4\"\u001b[39m\n              \u001b[36m/>\u001b[39m\n              \u001b[36m<div\u001b[39m\n                \u001b[33mclass\u001b[39m=\u001b[32m\"h-32 bg-gray-200 dark:bg-gray-700 rounded mb-4\"\u001b[39m\n              \u001b[36m/>\u001b[39m\n              \u001b[36m<div\u001b[39m\n                \u001b[33mclass\u001b[39m=\u001b[32m\"flex space-x-4\"\u001b[39m\n              \u001b[36m>\u001b[39m\n                \u001b[36m<div\u001b[39m\n                  \u001b[33mclass\u001b[39m=\u001b[32m\"h-4 bg-gray-200 dark:bg-gray-700 rounded w-16\"\u001b[39m\n                \u001b[36m/>\u001b[39m\n                \u001b[36m<div\u001b[39m\n                  \u001b[33mclass\u001b[39m=\u001b[32m\"h-4 bg-gray-200 dark:bg-gray-700 rounded w-16\"\u001b[39m\n                \u001b[36m/>\u001b[39m\n                \u001b[36m<div\u001b[39m\n                  \u001b[33mclass\u001b[39m=\u001b[32m\"h-4 bg-gray-200 dark:bg-gray-700 rounded w-16\"\u001b[39m\n                \u001b[36m/>\u001b[39m\n              \u001b[36m</div>\u001b[39m\n            \u001b[36m</div>\u001b[39m\n            \u001b[36m<div\u001b[39m\n              \u001b[33mclass\u001b[39m=\u001b[32m\"bg-white dark:bg-gray-800 rounded-lg p-6\"\u001b[39m\n            \u001b[36m>\u001b[39m\n              \u001b[36m<div\u001b[39m\n                \u001b[33mclass\u001b[39m=\u001b[32m\"h-4 bg-gray-200 dark:bg-gray-700 rounded w-3/4 mb-4\"\u001b[39m\n              \u001b[36m/>\u001b[39m\n              \u001b[36m<div\u001b[39m\n                \u001b[33mclass\u001b[39m=\u001b[32m\"h-32 bg-gray-200 dark:bg-gray-700 rounded mb-4\"\u001b[39m\n              \u001b[36m/>\u001b[39m\n              \u001b[36m<div\u001b[39m\n                \u001b[33mclass\u001b[39m=\u001b[32m\"flex space-x-4\"\u001b[39m\n              \u001b[36m>\u001b[39m\n                \u001b[36m<div\u001b[39m\n                  \u001b[33mclass\u001b[39m=\u001b[32m\"h-4 bg-gray-200 dark:bg-gray-700 rounded w-16\"\u001b[39m\n                \u001b[36m/>\u001b[39m\n                \u001b[36m<div\u001b[39m\n                  \u001b[33mclass\u001b[39m=\u001b[32m\"h-4 bg-gray-200 dark:bg-gray-700 rounded w-16\"\u001b[39m\n                \u001b[36m/>\u001b[39m\n                \u001b[36m<div\u001b[39m\n                  \u001b[33mclass\u001b[39m=\u001b[32m\"h-4 bg-gray-200 dark:bg-gray-700 rounded w-16\"\u001b[39m\n                \u001b[36m/>\u001b[39m\n              \u001b[36m</div>\u001b[39m\n            \u001b[36m</div>\u001b[39m\n            \u001b[36m<div\u001b[39m\n              \u001b[33mclass\u001b[39m=\u001b[32m\"bg-white dark:bg-gray-800 rounded-lg p-6\"\u001b[39m\n            \u001b[36m>\u001b[39m\n              \u001b[36m<div\u001b[39m\n                \u001b[33mclass\u001b[39m=\u001b[32m\"h-4 bg-gray-200 dark:bg-gray-700 rounded w-3/4 mb-4\"\u001b[39m\n              \u001b[36m/>\u001b[39m\n              \u001b[36m<div\u001b[39m\n                \u001b[33mclass\u001b[39m=\u001b[32m\"h-32 bg-gray-200 dark:bg-gray-700 rounded mb-4\"\u001b[39m\n              \u001b[36m/>\u001b[39m\n              \u001b[36m<div\u001b[39m\n                \u001b[33mclass\u001b[39m=\u001b[32m\"flex space-x-4\"\u001b[39m\n              \u001b[36m>\u001b[39m\n                \u001b[36m<div\u001b[39m\n                  \u001b[33mclass\u001b[39m=\u001b[32m\"h-4 bg-gray-200 dark:bg-gray-700 rounded w-16\"\u001b[39m\n                \u001b[36m/>\u001b[39m\n                \u001b[36m<div\u001b[39m\n                  \u001b[33mclass\u001b[39m=\u001b[32m\"h-4 bg-gray-200 dark:bg-gray-700 rounded w-16\"\u001b[39m\n                \u001b[36m/>\u001b[39m\n                \u001b[36m<div\u001b[39m\n                  \u001b[33mclass\u001b[39m=\u001b[32m\"h-4 bg-gray-200 dark:bg-gray-700 rounded w-16\"\u001b[39m\n                \u001b[36m/>\u001b[39m\n              \u001b[36m</div>\u001b[39m\n            \u001b[36m</div>\u001b[39m\n          \u001b[36m</div>\u001b[39m\n        \u001b[36m</div>\u001b[39m\n      \u001b[36m</div>\u001b[39m\n    \u001b[36m</div>\u001b[39m\n  \u001b[36m</div>\u001b[39m\n\u001b[36m</body>\u001b[39m\n    at Object.getElementError (C:\\Users\\A\\Documents\\Git\\YT\\ytmain-v6\\node_modules\\@testing-library\\dom\\dist\\config.js:37:19)\n    at C:\\Users\\A\\Documents\\Git\\YT\\ytmain-v6\\node_modules\\@testing-library\\dom\\dist\\query-helpers.js:76:38\n    at C:\\Users\\A\\Documents\\Git\\YT\\ytmain-v6\\node_modules\\@testing-library\\dom\\dist\\query-helpers.js:52:17\n    at C:\\Users\\A\\Documents\\Git\\YT\\ytmain-v6\\node_modules\\@testing-library\\dom\\dist\\query-helpers.js:95:19\n    at C:\\Users\\A\\Documents\\Git\\YT\\ytmain-v6\\test\\integration\\CommunityPage.test.tsx:62:19\n    at file:///C:/Users/A/Documents/Git/YT/ytmain-v6/node_modules/@vitest/runner/dist/chunk-hooks.js:155:11\n    at file:///C:/Users/A/Documents/Git/YT/ytmain-v6/node_modules/@vitest/runner/dist/chunk-hooks.js:752:26\n    at file:///C:/Users/A/Documents/Git/YT/ytmain-v6/node_modules/@vitest/runner/dist/chunk-hooks.js:1897:20\n    at new Promise (<anonymous>)\n    at runWithTimeout (file:///C:/Users/A/Documents/Git/YT/ytmain-v6/node_modules/@vitest/runner/dist/chunk-hooks.js:1863:10)"],"location":{"line":59,"column":3},"meta":{}},{"ancestorTitles":["CommunityPage"],"fullName":"CommunityPage displays post statistics correctly","status":"failed","title":"displays post statistics correctly","duration":116.3579000000027,"failureMessages":["TestingLibraryElementError: Unable to find an element with the text: 10. This could be because the text is broken up by multiple elements. In this case, you can provide a function for your text matcher to make your matcher more flexible.\n\nIgnored nodes: comments, script, style\n\u001b[36m<body>\u001b[39m\n  \u001b[36m<div>\u001b[39m\n    \u001b[36m<div\u001b[39m\n      \u001b[33mclass\u001b[39m=\u001b[32m\"min-h-screen bg-gray-50 dark:bg-gray-900 p-6\"\u001b[39m\n    \u001b[36m>\u001b[39m\n      \u001b[36m<div\u001b[39m\n        \u001b[33mclass\u001b[39m=\u001b[32m\"max-w-4xl mx-auto\"\u001b[39m\n      \u001b[36m>\u001b[39m\n        \u001b[36m<div\u001b[39m\n          \u001b[33mclass\u001b[39m=\u001b[32m\"animate-pulse\"\u001b[39m\n        \u001b[36m>\u001b[39m\n          \u001b[36m<div\u001b[39m\n            \u001b[33mclass\u001b[39m=\u001b[32m\"h-8 bg-gray-200 dark:bg-gray-700 rounded w-1/4 mb-6\"\u001b[39m\n          \u001b[36m/>\u001b[39m\n          \u001b[36m<div\u001b[39m\n            \u001b[33mclass\u001b[39m=\u001b[32m\"space-y-4\"\u001b[39m\n          \u001b[36m>\u001b[39m\n            \u001b[36m<div\u001b[39m\n              \u001b[33mclass\u001b[39m=\u001b[32m\"bg-white dark:bg-gray-800 rounded-lg p-6\"\u001b[39m\n            \u001b[36m>\u001b[39m\n              \u001b[36m<div\u001b[39m\n                \u001b[33mclass\u001b[39m=\u001b[32m\"h-4 bg-gray-200 dark:bg-gray-700 rounded w-3/4 mb-4\"\u001b[39m\n              \u001b[36m/>\u001b[39m\n              \u001b[36m<div\u001b[39m\n                \u001b[33mclass\u001b[39m=\u001b[32m\"h-32 bg-gray-200 dark:bg-gray-700 rounded mb-4\"\u001b[39m\n              \u001b[36m/>\u001b[39m\n              \u001b[36m<div\u001b[39m\n                \u001b[33mclass\u001b[39m=\u001b[32m\"flex space-x-4\"\u001b[39m\n              \u001b[36m>\u001b[39m\n                \u001b[36m<div\u001b[39m\n                  \u001b[33mclass\u001b[39m=\u001b[32m\"h-4 bg-gray-200 dark:bg-gray-700 rounded w-16\"\u001b[39m\n                \u001b[36m/>\u001b[39m\n                \u001b[36m<div\u001b[39m\n                  \u001b[33mclass\u001b[39m=\u001b[32m\"h-4 bg-gray-200 dark:bg-gray-700 rounded w-16\"\u001b[39m\n                \u001b[36m/>\u001b[39m\n                \u001b[36m<div\u001b[39m\n                  \u001b[33mclass\u001b[39m=\u001b[32m\"h-4 bg-gray-200 dark:bg-gray-700 rounded w-16\"\u001b[39m\n                \u001b[36m/>\u001b[39m\n              \u001b[36m</div>\u001b[39m\n            \u001b[36m</div>\u001b[39m\n            \u001b[36m<div\u001b[39m\n              \u001b[33mclass\u001b[39m=\u001b[32m\"bg-white dark:bg-gray-800 rounded-lg p-6\"\u001b[39m\n            \u001b[36m>\u001b[39m\n              \u001b[36m<div\u001b[39m\n                \u001b[33mclass\u001b[39m=\u001b[32m\"h-4 bg-gray-200 dark:bg-gray-700 rounded w-3/4 mb-4\"\u001b[39m\n              \u001b[36m/>\u001b[39m\n              \u001b[36m<div\u001b[39m\n                \u001b[33mclass\u001b[39m=\u001b[32m\"h-32 bg-gray-200 dark:bg-gray-700 rounded mb-4\"\u001b[39m\n              \u001b[36m/>\u001b[39m\n              \u001b[36m<div\u001b[39m\n                \u001b[33mclass\u001b[39m=\u001b[32m\"flex space-x-4\"\u001b[39m\n              \u001b[36m>\u001b[39m\n                \u001b[36m<div\u001b[39m\n                  \u001b[33mclass\u001b[39m=\u001b[32m\"h-4 bg-gray-200 dark:bg-gray-700 rounded w-16\"\u001b[39m\n                \u001b[36m/>\u001b[39m\n                \u001b[36m<div\u001b[39m\n                  \u001b[33mclass\u001b[39m=\u001b[32m\"h-4 bg-gray-200 dark:bg-gray-700 rounded w-16\"\u001b[39m\n                \u001b[36m/>\u001b[39m\n                \u001b[36m<div\u001b[39m\n                  \u001b[33mclass\u001b[39m=\u001b[32m\"h-4 bg-gray-200 dark:bg-gray-700 rounded w-16\"\u001b[39m\n                \u001b[36m/>\u001b[39m\n              \u001b[36m</div>\u001b[39m\n            \u001b[36m</div>\u001b[39m\n            \u001b[36m<div\u001b[39m\n              \u001b[33mclass\u001b[39m=\u001b[32m\"bg-white dark:bg-gray-800 rounded-lg p-6\"\u001b[39m\n            \u001b[36m>\u001b[39m\n              \u001b[36m<div\u001b[39m\n                \u001b[33mclass\u001b[39m=\u001b[32m\"h-4 bg-gray-200 dark:bg-gray-700 rounded w-3/4 mb-4\"\u001b[39m\n              \u001b[36m/>\u001b[39m\n              \u001b[36m<div\u001b[39m\n                \u001b[33mclass\u001b[39m=\u001b[32m\"h-32 bg-gray-200 dark:bg-gray-700 rounded mb-4\"\u001b[39m\n              \u001b[36m/>\u001b[39m\n              \u001b[36m<div\u001b[39m\n                \u001b[33mclass\u001b[39m=\u001b[32m\"flex space-x-4\"\u001b[39m\n              \u001b[36m>\u001b[39m\n                \u001b[36m<div\u001b[39m\n                  \u001b[33mclass\u001b[39m=\u001b[32m\"h-4 bg-gray-200 dark:bg-gray-700 rounded w-16\"\u001b[39m\n                \u001b[36m/>\u001b[39m\n                \u001b[36m<div\u001b[39m\n                  \u001b[33mclass\u001b[39m=\u001b[32m\"h-4 bg-gray-200 dark:bg-gray-700 rounded w-16\"\u001b[39m\n                \u001b[36m/>\u001b[39m\n                \u001b[36m<div\u001b[39m\n                  \u001b[33mclass\u001b[39m=\u001b[32m\"h-4 bg-gray-200 dark:bg-gray-700 rounded w-16\"\u001b[39m\n                \u001b[36m/>\u001b[39m\n              \u001b[36m</div>\u001b[39m\n            \u001b[36m</div>\u001b[39m\n          \u001b[36m</div>\u001b[39m\n        \u001b[36m</div>\u001b[39m\n      \u001b[36m</div>\u001b[39m\n    \u001b[36m</div>\u001b[39m\n  \u001b[36m</div>\u001b[39m\n\u001b[36m</body>\u001b[39m\n    at Object.getElementError (C:\\Users\\A\\Documents\\Git\\YT\\ytmain-v6\\node_modules\\@testing-library\\dom\\dist\\config.js:37:19)\n    at C:\\Users\\A\\Documents\\Git\\YT\\ytmain-v6\\node_modules\\@testing-library\\dom\\dist\\query-helpers.js:76:38\n    at C:\\Users\\A\\Documents\\Git\\YT\\ytmain-v6\\node_modules\\@testing-library\\dom\\dist\\query-helpers.js:52:17\n    at C:\\Users\\A\\Documents\\Git\\YT\\ytmain-v6\\node_modules\\@testing-library\\dom\\dist\\query-helpers.js:95:19\n    at C:\\Users\\A\\Documents\\Git\\YT\\ytmain-v6\\test\\integration\\CommunityPage.test.tsx:72:19\n    at file:///C:/Users/A/Documents/Git/YT/ytmain-v6/node_modules/@vitest/runner/dist/chunk-hooks.js:155:11\n    at file:///C:/Users/A/Documents/Git/YT/ytmain-v6/node_modules/@vitest/runner/dist/chunk-hooks.js:752:26\n    at file:///C:/Users/A/Documents/Git/YT/ytmain-v6/node_modules/@vitest/runner/dist/chunk-hooks.js:1897:20\n    at new Promise (<anonymous>)\n    at runWithTimeout (file:///C:/Users/A/Documents/Git/YT/ytmain-v6/node_modules/@vitest/runner/dist/chunk-hooks.js:1863:10)","TestingLibraryElementError: Unable to find an element with the text: 10. This could be because the text is broken up by multiple elements. In this case, you can provide a function for your text matcher to make your matcher more flexible.\n\nIgnored nodes: comments, script, style\n\u001b[36m<body>\u001b[39m\n  \u001b[36m<div>\u001b[39m\n    \u001b[36m<div\u001b[39m\n      \u001b[33mclass\u001b[39m=\u001b[32m\"min-h-screen bg-gray-50 dark:bg-gray-900 p-6\"\u001b[39m\n    \u001b[36m>\u001b[39m\n      \u001b[36m<div\u001b[39m\n        \u001b[33mclass\u001b[39m=\u001b[32m\"max-w-4xl mx-auto\"\u001b[39m\n      \u001b[36m>\u001b[39m\n        \u001b[36m<div\u001b[39m\n          \u001b[33mclass\u001b[39m=\u001b[32m\"animate-pulse\"\u001b[39m\n        \u001b[36m>\u001b[39m\n          \u001b[36m<div\u001b[39m\n            \u001b[33mclass\u001b[39m=\u001b[32m\"h-8 bg-gray-200 dark:bg-gray-700 rounded w-1/4 mb-6\"\u001b[39m\n          \u001b[36m/>\u001b[39m\n          \u001b[36m<div\u001b[39m\n            \u001b[33mclass\u001b[39m=\u001b[32m\"space-y-4\"\u001b[39m\n          \u001b[36m>\u001b[39m\n            \u001b[36m<div\u001b[39m\n              \u001b[33mclass\u001b[39m=\u001b[32m\"bg-white dark:bg-gray-800 rounded-lg p-6\"\u001b[39m\n            \u001b[36m>\u001b[39m\n              \u001b[36m<div\u001b[39m\n                \u001b[33mclass\u001b[39m=\u001b[32m\"h-4 bg-gray-200 dark:bg-gray-700 rounded w-3/4 mb-4\"\u001b[39m\n              \u001b[36m/>\u001b[39m\n              \u001b[36m<div\u001b[39m\n                \u001b[33mclass\u001b[39m=\u001b[32m\"h-32 bg-gray-200 dark:bg-gray-700 rounded mb-4\"\u001b[39m\n              \u001b[36m/>\u001b[39m\n              \u001b[36m<div\u001b[39m\n                \u001b[33mclass\u001b[39m=\u001b[32m\"flex space-x-4\"\u001b[39m\n              \u001b[36m>\u001b[39m\n                \u001b[36m<div\u001b[39m\n                  \u001b[33mclass\u001b[39m=\u001b[32m\"h-4 bg-gray-200 dark:bg-gray-700 rounded w-16\"\u001b[39m\n                \u001b[36m/>\u001b[39m\n                \u001b[36m<div\u001b[39m\n                  \u001b[33mclass\u001b[39m=\u001b[32m\"h-4 bg-gray-200 dark:bg-gray-700 rounded w-16\"\u001b[39m\n                \u001b[36m/>\u001b[39m\n                \u001b[36m<div\u001b[39m\n                  \u001b[33mclass\u001b[39m=\u001b[32m\"h-4 bg-gray-200 dark:bg-gray-700 rounded w-16\"\u001b[39m\n                \u001b[36m/>\u001b[39m\n              \u001b[36m</div>\u001b[39m\n            \u001b[36m</div>\u001b[39m\n            \u001b[36m<div\u001b[39m\n              \u001b[33mclass\u001b[39m=\u001b[32m\"bg-white dark:bg-gray-800 rounded-lg p-6\"\u001b[39m\n            \u001b[36m>\u001b[39m\n              \u001b[36m<div\u001b[39m\n                \u001b[33mclass\u001b[39m=\u001b[32m\"h-4 bg-gray-200 dark:bg-gray-700 rounded w-3/4 mb-4\"\u001b[39m\n              \u001b[36m/>\u001b[39m\n              \u001b[36m<div\u001b[39m\n                \u001b[33mclass\u001b[39m=\u001b[32m\"h-32 bg-gray-200 dark:bg-gray-700 rounded mb-4\"\u001b[39m\n              \u001b[36m/>\u001b[39m\n              \u001b[36m<div\u001b[39m\n                \u001b[33mclass\u001b[39m=\u001b[32m\"flex space-x-4\"\u001b[39m\n              \u001b[36m>\u001b[39m\n                \u001b[36m<div\u001b[39m\n                  \u001b[33mclass\u001b[39m=\u001b[32m\"h-4 bg-gray-200 dark:bg-gray-700 rounded w-16\"\u001b[39m\n                \u001b[36m/>\u001b[39m\n                \u001b[36m<div\u001b[39m\n                  \u001b[33mclass\u001b[39m=\u001b[32m\"h-4 bg-gray-200 dark:bg-gray-700 rounded w-16\"\u001b[39m\n                \u001b[36m/>\u001b[39m\n                \u001b[36m<div\u001b[39m\n                  \u001b[33mclass\u001b[39m=\u001b[32m\"h-4 bg-gray-200 dark:bg-gray-700 rounded w-16\"\u001b[39m\n                \u001b[36m/>\u001b[39m\n              \u001b[36m</div>\u001b[39m\n            \u001b[36m</div>\u001b[39m\n            \u001b[36m<div\u001b[39m\n              \u001b[33mclass\u001b[39m=\u001b[32m\"bg-white dark:bg-gray-800 rounded-lg p-6\"\u001b[39m\n            \u001b[36m>\u001b[39m\n              \u001b[36m<div\u001b[39m\n                \u001b[33mclass\u001b[39m=\u001b[32m\"h-4 bg-gray-200 dark:bg-gray-700 rounded w-3/4 mb-4\"\u001b[39m\n              \u001b[36m/>\u001b[39m\n              \u001b[36m<div\u001b[39m\n                \u001b[33mclass\u001b[39m=\u001b[32m\"h-32 bg-gray-200 dark:bg-gray-700 rounded mb-4\"\u001b[39m\n              \u001b[36m/>\u001b[39m\n              \u001b[36m<div\u001b[39m\n                \u001b[33mclass\u001b[39m=\u001b[32m\"flex space-x-4\"\u001b[39m\n              \u001b[36m>\u001b[39m\n                \u001b[36m<div\u001b[39m\n                  \u001b[33mclass\u001b[39m=\u001b[32m\"h-4 bg-gray-200 dark:bg-gray-700 rounded w-16\"\u001b[39m\n                \u001b[36m/>\u001b[39m\n                \u001b[36m<div\u001b[39m\n                  \u001b[33mclass\u001b[39m=\u001b[32m\"h-4 bg-gray-200 dark:bg-gray-700 rounded w-16\"\u001b[39m\n                \u001b[36m/>\u001b[39m\n                \u001b[36m<div\u001b[39m\n                  \u001b[33mclass\u001b[39m=\u001b[32m\"h-4 bg-gray-200 dark:bg-gray-700 rounded w-16\"\u001b[39m\n                \u001b[36m/>\u001b[39m\n              \u001b[36m</div>\u001b[39m\n            \u001b[36m</div>\u001b[39m\n          \u001b[36m</div>\u001b[39m\n        \u001b[36m</div>\u001b[39m\n      \u001b[36m</div>\u001b[39m\n    \u001b[36m</div>\u001b[39m\n  \u001b[36m</div>\u001b[39m\n\u001b[36m</body>\u001b[39m\n    at Object.getElementError (C:\\Users\\A\\Documents\\Git\\YT\\ytmain-v6\\node_modules\\@testing-library\\dom\\dist\\config.js:37:19)\n    at C:\\Users\\A\\Documents\\Git\\YT\\ytmain-v6\\node_modules\\@testing-library\\dom\\dist\\query-helpers.js:76:38\n    at C:\\Users\\A\\Documents\\Git\\YT\\ytmain-v6\\node_modules\\@testing-library\\dom\\dist\\query-helpers.js:52:17\n    at C:\\Users\\A\\Documents\\Git\\YT\\ytmain-v6\\node_modules\\@testing-library\\dom\\dist\\query-helpers.js:95:19\n    at C:\\Users\\A\\Documents\\Git\\YT\\ytmain-v6\\test\\integration\\CommunityPage.test.tsx:72:19\n    at file:///C:/Users/A/Documents/Git/YT/ytmain-v6/node_modules/@vitest/runner/dist/chunk-hooks.js:155:11\n    at file:///C:/Users/A/Documents/Git/YT/ytmain-v6/node_modules/@vitest/runner/dist/chunk-hooks.js:752:26\n    at file:///C:/Users/A/Documents/Git/YT/ytmain-v6/node_modules/@vitest/runner/dist/chunk-hooks.js:1897:20\n    at new Promise (<anonymous>)\n    at runWithTimeout (file:///C:/Users/A/Documents/Git/YT/ytmain-v6/node_modules/@vitest/runner/dist/chunk-hooks.js:1863:10)","TestingLibraryElementError: Unable to find an element with the text: 10. This could be because the text is broken up by multiple elements. In this case, you can provide a function for your text matcher to make your matcher more flexible.\n\nIgnored nodes: comments, script, style\n\u001b[36m<body>\u001b[39m\n  \u001b[36m<div>\u001b[39m\n    \u001b[36m<div\u001b[39m\n      \u001b[33mclass\u001b[39m=\u001b[32m\"min-h-screen bg-gray-50 dark:bg-gray-900 p-6\"\u001b[39m\n    \u001b[36m>\u001b[39m\n      \u001b[36m<div\u001b[39m\n        \u001b[33mclass\u001b[39m=\u001b[32m\"max-w-4xl mx-auto\"\u001b[39m\n      \u001b[36m>\u001b[39m\n        \u001b[36m<div\u001b[39m\n          \u001b[33mclass\u001b[39m=\u001b[32m\"animate-pulse\"\u001b[39m\n        \u001b[36m>\u001b[39m\n          \u001b[36m<div\u001b[39m\n            \u001b[33mclass\u001b[39m=\u001b[32m\"h-8 bg-gray-200 dark:bg-gray-700 rounded w-1/4 mb-6\"\u001b[39m\n          \u001b[36m/>\u001b[39m\n          \u001b[36m<div\u001b[39m\n            \u001b[33mclass\u001b[39m=\u001b[32m\"space-y-4\"\u001b[39m\n          \u001b[36m>\u001b[39m\n            \u001b[36m<div\u001b[39m\n              \u001b[33mclass\u001b[39m=\u001b[32m\"bg-white dark:bg-gray-800 rounded-lg p-6\"\u001b[39m\n            \u001b[36m>\u001b[39m\n              \u001b[36m<div\u001b[39m\n                \u001b[33mclass\u001b[39m=\u001b[32m\"h-4 bg-gray-200 dark:bg-gray-700 rounded w-3/4 mb-4\"\u001b[39m\n              \u001b[36m/>\u001b[39m\n              \u001b[36m<div\u001b[39m\n                \u001b[33mclass\u001b[39m=\u001b[32m\"h-32 bg-gray-200 dark:bg-gray-700 rounded mb-4\"\u001b[39m\n              \u001b[36m/>\u001b[39m\n              \u001b[36m<div\u001b[39m\n                \u001b[33mclass\u001b[39m=\u001b[32m\"flex space-x-4\"\u001b[39m\n              \u001b[36m>\u001b[39m\n                \u001b[36m<div\u001b[39m\n                  \u001b[33mclass\u001b[39m=\u001b[32m\"h-4 bg-gray-200 dark:bg-gray-700 rounded w-16\"\u001b[39m\n                \u001b[36m/>\u001b[39m\n                \u001b[36m<div\u001b[39m\n                  \u001b[33mclass\u001b[39m=\u001b[32m\"h-4 bg-gray-200 dark:bg-gray-700 rounded w-16\"\u001b[39m\n                \u001b[36m/>\u001b[39m\n                \u001b[36m<div\u001b[39m\n                  \u001b[33mclass\u001b[39m=\u001b[32m\"h-4 bg-gray-200 dark:bg-gray-700 rounded w-16\"\u001b[39m\n                \u001b[36m/>\u001b[39m\n              \u001b[36m</div>\u001b[39m\n            \u001b[36m</div>\u001b[39m\n            \u001b[36m<div\u001b[39m\n              \u001b[33mclass\u001b[39m=\u001b[32m\"bg-white dark:bg-gray-800 rounded-lg p-6\"\u001b[39m\n            \u001b[36m>\u001b[39m\n              \u001b[36m<div\u001b[39m\n                \u001b[33mclass\u001b[39m=\u001b[32m\"h-4 bg-gray-200 dark:bg-gray-700 rounded w-3/4 mb-4\"\u001b[39m\n              \u001b[36m/>\u001b[39m\n              \u001b[36m<div\u001b[39m\n                \u001b[33mclass\u001b[39m=\u001b[32m\"h-32 bg-gray-200 dark:bg-gray-700 rounded mb-4\"\u001b[39m\n              \u001b[36m/>\u001b[39m\n              \u001b[36m<div\u001b[39m\n                \u001b[33mclass\u001b[39m=\u001b[32m\"flex space-x-4\"\u001b[39m\n              \u001b[36m>\u001b[39m\n                \u001b[36m<div\u001b[39m\n                  \u001b[33mclass\u001b[39m=\u001b[32m\"h-4 bg-gray-200 dark:bg-gray-700 rounded w-16\"\u001b[39m\n                \u001b[36m/>\u001b[39m\n                \u001b[36m<div\u001b[39m\n                  \u001b[33mclass\u001b[39m=\u001b[32m\"h-4 bg-gray-200 dark:bg-gray-700 rounded w-16\"\u001b[39m\n                \u001b[36m/>\u001b[39m\n                \u001b[36m<div\u001b[39m\n                  \u001b[33mclass\u001b[39m=\u001b[32m\"h-4 bg-gray-200 dark:bg-gray-700 rounded w-16\"\u001b[39m\n                \u001b[36m/>\u001b[39m\n              \u001b[36m</div>\u001b[39m\n            \u001b[36m</div>\u001b[39m\n            \u001b[36m<div\u001b[39m\n              \u001b[33mclass\u001b[39m=\u001b[32m\"bg-white dark:bg-gray-800 rounded-lg p-6\"\u001b[39m\n            \u001b[36m>\u001b[39m\n              \u001b[36m<div\u001b[39m\n                \u001b[33mclass\u001b[39m=\u001b[32m\"h-4 bg-gray-200 dark:bg-gray-700 rounded w-3/4 mb-4\"\u001b[39m\n              \u001b[36m/>\u001b[39m\n              \u001b[36m<div\u001b[39m\n                \u001b[33mclass\u001b[39m=\u001b[32m\"h-32 bg-gray-200 dark:bg-gray-700 rounded mb-4\"\u001b[39m\n              \u001b[36m/>\u001b[39m\n              \u001b[36m<div\u001b[39m\n                \u001b[33mclass\u001b[39m=\u001b[32m\"flex space-x-4\"\u001b[39m\n              \u001b[36m>\u001b[39m\n                \u001b[36m<div\u001b[39m\n                  \u001b[33mclass\u001b[39m=\u001b[32m\"h-4 bg-gray-200 dark:bg-gray-700 rounded w-16\"\u001b[39m\n                \u001b[36m/>\u001b[39m\n                \u001b[36m<div\u001b[39m\n                  \u001b[33mclass\u001b[39m=\u001b[32m\"h-4 bg-gray-200 dark:bg-gray-700 rounded w-16\"\u001b[39m\n                \u001b[36m/>\u001b[39m\n                \u001b[36m<div\u001b[39m\n                  \u001b[33mclass\u001b[39m=\u001b[32m\"h-4 bg-gray-200 dark:bg-gray-700 rounded w-16\"\u001b[39m\n                \u001b[36m/>\u001b[39m\n              \u001b[36m</div>\u001b[39m\n            \u001b[36m</div>\u001b[39m\n          \u001b[36m</div>\u001b[39m\n        \u001b[36m</div>\u001b[39m\n      \u001b[36m</div>\u001b[39m\n    \u001b[36m</div>\u001b[39m\n  \u001b[36m</div>\u001b[39m\n\u001b[36m</body>\u001b[39m\n    at Object.getElementError (C:\\Users\\A\\Documents\\Git\\YT\\ytmain-v6\\node_modules\\@testing-library\\dom\\dist\\config.js:37:19)\n    at C:\\Users\\A\\Documents\\Git\\YT\\ytmain-v6\\node_modules\\@testing-library\\dom\\dist\\query-helpers.js:76:38\n    at C:\\Users\\A\\Documents\\Git\\YT\\ytmain-v6\\node_modules\\@testing-library\\dom\\dist\\query-helpers.js:52:17\n    at C:\\Users\\A\\Documents\\Git\\YT\\ytmain-v6\\node_modules\\@testing-library\\dom\\dist\\query-helpers.js:95:19\n    at C:\\Users\\A\\Documents\\Git\\YT\\ytmain-v6\\test\\integration\\CommunityPage.test.tsx:72:19\n    at file:///C:/Users/A/Documents/Git/YT/ytmain-v6/node_modules/@vitest/runner/dist/chunk-hooks.js:155:11\n    at file:///C:/Users/A/Documents/Git/YT/ytmain-v6/node_modules/@vitest/runner/dist/chunk-hooks.js:752:26\n    at file:///C:/Users/A/Documents/Git/YT/ytmain-v6/node_modules/@vitest/runner/dist/chunk-hooks.js:1897:20\n    at new Promise (<anonymous>)\n    at runWithTimeout (file:///C:/Users/A/Documents/Git/YT/ytmain-v6/node_modules/@vitest/runner/dist/chunk-hooks.js:1863:10)"],"location":{"line":69,"column":3},"meta":{}},{"ancestorTitles":["CommunityPage"],"fullName":"CommunityPage shows create post form","status":"failed","title":"shows create post form","duration":79.55009999999311,"failureMessages":["TestingLibraryElementError: Unable to find an element with the placeholder text of: /what's on your mind/i\n\nIgnored nodes: comments, script, style\n\u001b[36m<body>\u001b[39m\n  \u001b[36m<div>\u001b[39m\n    \u001b[36m<div\u001b[39m\n      \u001b[33mclass\u001b[39m=\u001b[32m\"min-h-screen bg-gray-50 dark:bg-gray-900 p-6\"\u001b[39m\n    \u001b[36m>\u001b[39m\n      \u001b[36m<div\u001b[39m\n        \u001b[33mclass\u001b[39m=\u001b[32m\"max-w-4xl mx-auto\"\u001b[39m\n      \u001b[36m>\u001b[39m\n        \u001b[36m<div\u001b[39m\n          \u001b[33mclass\u001b[39m=\u001b[32m\"animate-pulse\"\u001b[39m\n        \u001b[36m>\u001b[39m\n          \u001b[36m<div\u001b[39m\n            \u001b[33mclass\u001b[39m=\u001b[32m\"h-8 bg-gray-200 dark:bg-gray-700 rounded w-1/4 mb-6\"\u001b[39m\n          \u001b[36m/>\u001b[39m\n          \u001b[36m<div\u001b[39m\n            \u001b[33mclass\u001b[39m=\u001b[32m\"space-y-4\"\u001b[39m\n          \u001b[36m>\u001b[39m\n            \u001b[36m<div\u001b[39m\n              \u001b[33mclass\u001b[39m=\u001b[32m\"bg-white dark:bg-gray-800 rounded-lg p-6\"\u001b[39m\n            \u001b[36m>\u001b[39m\n              \u001b[36m<div\u001b[39m\n                \u001b[33mclass\u001b[39m=\u001b[32m\"h-4 bg-gray-200 dark:bg-gray-700 rounded w-3/4 mb-4\"\u001b[39m\n              \u001b[36m/>\u001b[39m\n              \u001b[36m<div\u001b[39m\n                \u001b[33mclass\u001b[39m=\u001b[32m\"h-32 bg-gray-200 dark:bg-gray-700 rounded mb-4\"\u001b[39m\n              \u001b[36m/>\u001b[39m\n              \u001b[36m<div\u001b[39m\n                \u001b[33mclass\u001b[39m=\u001b[32m\"flex space-x-4\"\u001b[39m\n              \u001b[36m>\u001b[39m\n                \u001b[36m<div\u001b[39m\n                  \u001b[33mclass\u001b[39m=\u001b[32m\"h-4 bg-gray-200 dark:bg-gray-700 rounded w-16\"\u001b[39m\n                \u001b[36m/>\u001b[39m\n                \u001b[36m<div\u001b[39m\n                  \u001b[33mclass\u001b[39m=\u001b[32m\"h-4 bg-gray-200 dark:bg-gray-700 rounded w-16\"\u001b[39m\n                \u001b[36m/>\u001b[39m\n                \u001b[36m<div\u001b[39m\n                  \u001b[33mclass\u001b[39m=\u001b[32m\"h-4 bg-gray-200 dark:bg-gray-700 rounded w-16\"\u001b[39m\n                \u001b[36m/>\u001b[39m\n              \u001b[36m</div>\u001b[39m\n            \u001b[36m</div>\u001b[39m\n            \u001b[36m<div\u001b[39m\n              \u001b[33mclass\u001b[39m=\u001b[32m\"bg-white dark:bg-gray-800 rounded-lg p-6\"\u001b[39m\n            \u001b[36m>\u001b[39m\n              \u001b[36m<div\u001b[39m\n                \u001b[33mclass\u001b[39m=\u001b[32m\"h-4 bg-gray-200 dark:bg-gray-700 rounded w-3/4 mb-4\"\u001b[39m\n              \u001b[36m/>\u001b[39m\n              \u001b[36m<div\u001b[39m\n                \u001b[33mclass\u001b[39m=\u001b[32m\"h-32 bg-gray-200 dark:bg-gray-700 rounded mb-4\"\u001b[39m\n              \u001b[36m/>\u001b[39m\n              \u001b[36m<div\u001b[39m\n                \u001b[33mclass\u001b[39m=\u001b[32m\"flex space-x-4\"\u001b[39m\n              \u001b[36m>\u001b[39m\n                \u001b[36m<div\u001b[39m\n                  \u001b[33mclass\u001b[39m=\u001b[32m\"h-4 bg-gray-200 dark:bg-gray-700 rounded w-16\"\u001b[39m\n                \u001b[36m/>\u001b[39m\n                \u001b[36m<div\u001b[39m\n                  \u001b[33mclass\u001b[39m=\u001b[32m\"h-4 bg-gray-200 dark:bg-gray-700 rounded w-16\"\u001b[39m\n                \u001b[36m/>\u001b[39m\n                \u001b[36m<div\u001b[39m\n                  \u001b[33mclass\u001b[39m=\u001b[32m\"h-4 bg-gray-200 dark:bg-gray-700 rounded w-16\"\u001b[39m\n                \u001b[36m/>\u001b[39m\n              \u001b[36m</div>\u001b[39m\n            \u001b[36m</div>\u001b[39m\n            \u001b[36m<div\u001b[39m\n              \u001b[33mclass\u001b[39m=\u001b[32m\"bg-white dark:bg-gray-800 rounded-lg p-6\"\u001b[39m\n            \u001b[36m>\u001b[39m\n              \u001b[36m<div\u001b[39m\n                \u001b[33mclass\u001b[39m=\u001b[32m\"h-4 bg-gray-200 dark:bg-gray-700 rounded w-3/4 mb-4\"\u001b[39m\n              \u001b[36m/>\u001b[39m\n              \u001b[36m<div\u001b[39m\n                \u001b[33mclass\u001b[39m=\u001b[32m\"h-32 bg-gray-200 dark:bg-gray-700 rounded mb-4\"\u001b[39m\n              \u001b[36m/>\u001b[39m\n              \u001b[36m<div\u001b[39m\n                \u001b[33mclass\u001b[39m=\u001b[32m\"flex space-x-4\"\u001b[39m\n              \u001b[36m>\u001b[39m\n                \u001b[36m<div\u001b[39m\n                  \u001b[33mclass\u001b[39m=\u001b[32m\"h-4 bg-gray-200 dark:bg-gray-700 rounded w-16\"\u001b[39m\n                \u001b[36m/>\u001b[39m\n                \u001b[36m<div\u001b[39m\n                  \u001b[33mclass\u001b[39m=\u001b[32m\"h-4 bg-gray-200 dark:bg-gray-700 rounded w-16\"\u001b[39m\n                \u001b[36m/>\u001b[39m\n                \u001b[36m<div\u001b[39m\n                  \u001b[33mclass\u001b[39m=\u001b[32m\"h-4 bg-gray-200 dark:bg-gray-700 rounded w-16\"\u001b[39m\n                \u001b[36m/>\u001b[39m\n              \u001b[36m</div>\u001b[39m\n            \u001b[36m</div>\u001b[39m\n          \u001b[36m</div>\u001b[39m\n        \u001b[36m</div>\u001b[39m\n      \u001b[36m</div>\u001b[39m\n    \u001b[36m</div>\u001b[39m\n  \u001b[36m</div>\u001b[39m\n\u001b[36m</body>\u001b[39m\n    at Object.getElementError (C:\\Users\\A\\Documents\\Git\\YT\\ytmain-v6\\node_modules\\@testing-library\\dom\\dist\\config.js:37:19)\n    at C:\\Users\\A\\Documents\\Git\\YT\\ytmain-v6\\node_modules\\@testing-library\\dom\\dist\\query-helpers.js:76:38\n    at C:\\Users\\A\\Documents\\Git\\YT\\ytmain-v6\\node_modules\\@testing-library\\dom\\dist\\query-helpers.js:52:17\n    at C:\\Users\\A\\Documents\\Git\\YT\\ytmain-v6\\node_modules\\@testing-library\\dom\\dist\\query-helpers.js:95:19\n    at C:\\Users\\A\\Documents\\Git\\YT\\ytmain-v6\\test\\integration\\CommunityPage.test.tsx:81:19\n    at file:///C:/Users/A/Documents/Git/YT/ytmain-v6/node_modules/@vitest/runner/dist/chunk-hooks.js:155:11\n    at file:///C:/Users/A/Documents/Git/YT/ytmain-v6/node_modules/@vitest/runner/dist/chunk-hooks.js:752:26\n    at file:///C:/Users/A/Documents/Git/YT/ytmain-v6/node_modules/@vitest/runner/dist/chunk-hooks.js:1897:20\n    at new Promise (<anonymous>)\n    at runWithTimeout (file:///C:/Users/A/Documents/Git/YT/ytmain-v6/node_modules/@vitest/runner/dist/chunk-hooks.js:1863:10)","TestingLibraryElementError: Unable to find an element with the placeholder text of: /what's on your mind/i\n\nIgnored nodes: comments, script, style\n\u001b[36m<body>\u001b[39m\n  \u001b[36m<div>\u001b[39m\n    \u001b[36m<div\u001b[39m\n      \u001b[33mclass\u001b[39m=\u001b[32m\"min-h-screen bg-gray-50 dark:bg-gray-900 p-6\"\u001b[39m\n    \u001b[36m>\u001b[39m\n      \u001b[36m<div\u001b[39m\n        \u001b[33mclass\u001b[39m=\u001b[32m\"max-w-4xl mx-auto\"\u001b[39m\n      \u001b[36m>\u001b[39m\n        \u001b[36m<div\u001b[39m\n          \u001b[33mclass\u001b[39m=\u001b[32m\"animate-pulse\"\u001b[39m\n        \u001b[36m>\u001b[39m\n          \u001b[36m<div\u001b[39m\n            \u001b[33mclass\u001b[39m=\u001b[32m\"h-8 bg-gray-200 dark:bg-gray-700 rounded w-1/4 mb-6\"\u001b[39m\n          \u001b[36m/>\u001b[39m\n          \u001b[36m<div\u001b[39m\n            \u001b[33mclass\u001b[39m=\u001b[32m\"space-y-4\"\u001b[39m\n          \u001b[36m>\u001b[39m\n            \u001b[36m<div\u001b[39m\n              \u001b[33mclass\u001b[39m=\u001b[32m\"bg-white dark:bg-gray-800 rounded-lg p-6\"\u001b[39m\n            \u001b[36m>\u001b[39m\n              \u001b[36m<div\u001b[39m\n                \u001b[33mclass\u001b[39m=\u001b[32m\"h-4 bg-gray-200 dark:bg-gray-700 rounded w-3/4 mb-4\"\u001b[39m\n              \u001b[36m/>\u001b[39m\n              \u001b[36m<div\u001b[39m\n                \u001b[33mclass\u001b[39m=\u001b[32m\"h-32 bg-gray-200 dark:bg-gray-700 rounded mb-4\"\u001b[39m\n              \u001b[36m/>\u001b[39m\n              \u001b[36m<div\u001b[39m\n                \u001b[33mclass\u001b[39m=\u001b[32m\"flex space-x-4\"\u001b[39m\n              \u001b[36m>\u001b[39m\n                \u001b[36m<div\u001b[39m\n                  \u001b[33mclass\u001b[39m=\u001b[32m\"h-4 bg-gray-200 dark:bg-gray-700 rounded w-16\"\u001b[39m\n                \u001b[36m/>\u001b[39m\n                \u001b[36m<div\u001b[39m\n                  \u001b[33mclass\u001b[39m=\u001b[32m\"h-4 bg-gray-200 dark:bg-gray-700 rounded w-16\"\u001
[...]
ai/chai.js:1618:25)\n    at C:\\Users\\A\\Documents\\Git\\YT\\ytmain-v6\\test\\services\\youtubeService.test.ts:340:25\n    at file:///C:/Users/A/Documents/Git/YT/ytmain-v6/node_modules/@vitest/runner/dist/chunk-hooks.js:752:20"],"location":{"line":315,"column":5},"meta":{}},{"ancestorTitles":["YouTubeService","buildUrl with different MODE values"],"fullName":"YouTubeService buildUrl with different MODE values should use direct Google API endpoint in production mode","status":"failed","title":"should use direct Google API endpoint in production mode","duration":30.842499999998836,"failureMessages":["AssertionError: expected \"spy\" to be called with arguments: [ StringContaining{…} ]\u001b[90m\n\nNumber of calls: \u001b[1m0\u001b[22m\n\u001b[39m\n    at Proxy.<anonymous> (file:///C:/Users/A/Documents/Git/YT/ytmain-v6/node_modules/@vitest/expect/dist/index.js:1355:10)\n    at Proxy.<anonymous> (file:///C:/Users/A/Documents/Git/YT/ytmain-v6/node_modules/@vitest/expect/dist/index.js:1029:14)\n    at Proxy.methodWrapper (file:///C:/Users/A/Documents/Git/YT/ytmain-v6/node_modules/chai/chai.js:1618:25)\n    at C:\\Users\\A\\Documents\\Git\\YT\\ytmain-v6\\test\\services\\youtubeService.test.ts:366:25\n    at file:///C:/Users/A/Documents/Git/YT/ytmain-v6/node_modules/@vitest/runner/dist/chunk-hooks.js:752:20","AssertionError: expected \"spy\" to be called with arguments: [ StringContaining{…} ]\u001b[90m\n\nNumber of calls: \u001b[1m0\u001b[22m\n\u001b[39m\n    at Proxy.<anonymous> (file:///C:/Users/A/Documents/Git/YT/ytmain-v6/node_modules/@vitest/expect/dist/index.js:1355:10)\n    at Proxy.<anonymous> (file:///C:/Users/A/Documents/Git/YT/ytmain-v6/node_modules/@vitest/expect/dist/index.js:1029:14)\n    at Proxy.methodWrapper (file:///C:/Users/A/Documents/Git/YT/ytmain-v6/node_modules/chai/chai.js:1618:25)\n    at C:\\Users\\A\\Documents\\Git\\YT\\ytmain-v6\\test\\services\\youtubeService.test.ts:366:25\n    at file:///C:/Users/A/Documents/Git/YT/ytmain-v6/node_modules/@vitest/runner/dist/chunk-hooks.js:752:20","AssertionError: expected \"spy\" to be called with arguments: [ StringContaining{…} ]\u001b[90m\n\nNumber of calls: \u001b[1m0\u001b[22m\n\u001b[39m\n    at Proxy.<anonymous> (file:///C:/Users/A/Documents/Git/YT/ytmain-v6/node_modules/@vitest/expect/dist/index.js:1355:10)\n    at Proxy.<anonymous> (file:///C:/Users/A/Documents/Git/YT/ytmain-v6/node_modules/@vitest/expect/dist/index.js:1029:14)\n    at Proxy.methodWrapper (file:///C:/Users/A/Documents/Git/YT/ytmain-v6/node_modules/chai/chai.js:1618:25)\n    at C:\\Users\\A\\Documents\\Git\\YT\\ytmain-v6\\test\\services\\youtubeService.test.ts:366:25\n    at file:///C:/Users/A/Documents/Git/YT/ytmain-v6/node_modules/@vitest/runner/dist/chunk-hooks.js:752:20"],"location":{"line":348,"column":5},"meta":{}},{"ancestorTitles":["YouTubeService","buildUrl with different MODE values"],"fullName":"YouTubeService buildUrl with different MODE values should use direct Google API endpoint in test mode","status":"failed","title":"should use direct Google API endpoint in test mode","duration":32.95449999999255,"failureMessages":["AssertionError: expected \"spy\" to be called with arguments: [ StringContaining{…} ]\u001b[90m\n\nNumber of calls: \u001b[1m0\u001b[22m\n\u001b[39m\n    at Proxy.<anonymous> (file:///C:/Users/A/Documents/Git/YT/ytmain-v6/node_modules/@vitest/expect/dist/index.js:1355:10)\n    at Proxy.<anonymous> (file:///C:/Users/A/Documents/Git/YT/ytmain-v6/node_modules/@vitest/expect/dist/index.js:1029:14)\n    at Proxy.methodWrapper (file:///C:/Users/A/Documents/Git/YT/ytmain-v6/node_modules/chai/chai.js:1618:25)\n    at C:\\Users\\A\\Documents\\Git\\YT\\ytmain-v6\\test\\services\\youtubeService.test.ts:392:25\n    at file:///C:/Users/A/Documents/Git/YT/ytmain-v6/node_modules/@vitest/runner/dist/chunk-hooks.js:752:20","AssertionError: expected \"spy\" to be called with arguments: [ StringContaining{…} ]\u001b[90m\n\nNumber of calls: \u001b[1m0\u001b[22m\n\u001b[39m\n    at Proxy.<anonymous> (file:///C:/Users/A/Documents/Git/YT/ytmain-v6/node_modules/@vitest/expect/dist/index.js:1355:10)\n    at Proxy.<anonymous> (file:///C:/Users/A/Documents/Git/YT/ytmain-v6/node_modules/@vitest/expect/dist/index.js:1029:14)\n    at Proxy.methodWrapper (file:///C:/Users/A/Documents/Git/YT/ytmain-v6/node_modules/chai/chai.js:1618:25)\n    at C:\\Users\\A\\Documents\\Git\\YT\\ytmain-v6\\test\\services\\youtubeService.test.ts:392:25\n    at file:///C:/Users/A/Documents/Git/YT/ytmain-v6/node_modules/@vitest/runner/dist/chunk-hooks.js:752:20","AssertionError: expected \"spy\" to be called with arguments: [ StringContaining{…} ]\u001b[90m\n\nNumber of calls: \u001b[1m0\u001b[22m\n\u001b[39m\n    at Proxy.<anonymous> (file:///C:/Users/A/Documents/Git/YT/ytmain-v6/node_modules/@vitest/expect/dist/index.js:1355:10)\n    at Proxy.<anonymous> (file:///C:/Users/A/Documents/Git/YT/ytmain-v6/node_modules/@vitest/expect/dist/index.js:1029:14)\n    at Proxy.methodWrapper (file:///C:/Users/A/Documents/Git/YT/ytmain-v6/node_modules/chai/chai.js:1618:25)\n    at C:\\Users\\A\\Documents\\Git\\YT\\ytmain-v6\\test\\services\\youtubeService.test.ts:392:25\n    at file:///C:/Users/A/Documents/Git/YT/ytmain-v6/node_modules/@vitest/runner/dist/chunk-hooks.js:752:20"],"location":{"line":374,"column":5},"meta":{}},{"ancestorTitles":["YouTubeService","buildUrl with different MODE values"],"fullName":"YouTubeService buildUrl with different MODE values should use direct Google API endpoint for custom build modes","status":"failed","title":"should use direct Google API endpoint for custom build modes","duration":62.085599999991246,"failureMessages":["AssertionError: expected \"spy\" to be called with arguments: [ StringContaining{…} ]\u001b[90m\n\nNumber of calls: \u001b[1m0\u001b[22m\n\u001b[39m\n    at Proxy.<anonymous> (file:///C:/Users/A/Documents/Git/YT/ytmain-v6/node_modules/@vitest/expect/dist/index.js:1355:10)\n    at Proxy.<anonymous> (file:///C:/Users/A/Documents/Git/YT/ytmain-v6/node_modules/@vitest/expect/dist/index.js:1029:14)\n    at Proxy.methodWrapper (file:///C:/Users/A/Documents/Git/YT/ytmain-v6/node_modules/chai/chai.js:1618:25)\n    at C:\\Users\\A\\Documents\\Git\\YT\\ytmain-v6\\test\\services\\youtubeService.test.ts:418:25\n    at file:///C:/Users/A/Documents/Git/YT/ytmain-v6/node_modules/@vitest/runner/dist/chunk-hooks.js:752:20","AssertionError: expected \"spy\" to be called with arguments: [ StringContaining{…} ]\u001b[90m\n\nNumber of calls: \u001b[1m0\u001b[22m\n\u001b[39m\n    at Proxy.<anonymous> (file:///C:/Users/A/Documents/Git/YT/ytmain-v6/node_modules/@vitest/expect/dist/index.js:1355:10)\n    at Proxy.<anonymous> (file:///C:/Users/A/Documents/Git/YT/ytmain-v6/node_modules/@vitest/expect/dist/index.js:1029:14)\n    at Proxy.methodWrapper (file:///C:/Users/A/Documents/Git/YT/ytmain-v6/node_modules/chai/chai.js:1618:25)\n    at C:\\Users\\A\\Documents\\Git\\YT\\ytmain-v6\\test\\services\\youtubeService.test.ts:418:25\n    at file:///C:/Users/A/Documents/Git/YT/ytmain-v6/node_modules/@vitest/runner/dist/chunk-hooks.js:752:20","AssertionError: expected \"spy\" to be called with arguments: [ StringContaining{…} ]\u001b[90m\n\nNumber of calls: \u001b[1m0\u001b[22m\n\u001b[39m\n    at Proxy.<anonymous> (file:///C:/Users/A/Documents/Git/YT/ytmain-v6/node_modules/@vitest/expect/dist/index.js:1355:10)\n    at Proxy.<anonymous> (file:///C:/Users/A/Documents/Git/YT/ytmain-v6/node_modules/@vitest/expect/dist/index.js:1029:14)\n    at Proxy.methodWrapper (file:///C:/Users/A/Documents/Git/YT/ytmain-v6/node_modules/chai/chai.js:1618:25)\n    at C:\\Users\\A\\Documents\\Git\\YT\\ytmain-v6\\test\\services\\youtubeService.test.ts:418:25\n    at file:///C:/Users/A/Documents/Git/YT/ytmain-v6/node_modules/@vitest/runner/dist/chunk-hooks.js:752:20"],"location":{"line":400,"column":5},"meta":{}},{"ancestorTitles":["YouTubeService","buildUrl with different MODE values"],"fullName":"YouTubeService buildUrl with different MODE values should properly construct URLs with parameters for different endpoints","status":"failed","title":"should properly construct URLs with parameters for different endpoints","duration":46.072199999995064,"failureMessages":["AssertionError: expected \"spy\" to be called with arguments: [ StringMatching{…} ]\u001b[90m\n\nNumber of calls: \u001b[1m0\u001b[22m\n\u001b[39m\n    at Proxy.<anonymous> (file:///C:/Users/A/Documents/Git/YT/ytmain-v6/node_modules/@vitest/expect/dist/index.js:1355:10)\n    at Proxy.<anonymous> (file:///C:/Users/A/Documents/Git/YT/ytmain-v6/node_modules/@vitest/expect/dist/index.js:1029:14)\n    at Proxy.methodWrapper (file:///C:/Users/A/Documents/Git/YT/ytmain-v6/node_modules/chai/chai.js:1618:25)\n    at C:\\Users\\A\\Documents\\Git\\YT\\ytmain-v6\\test\\services\\youtubeService.test.ts:450:25\n    at file:///C:/Users/A/Documents/Git/YT/ytmain-v6/node_modules/@vitest/runner/dist/chunk-hooks.js:752:20","AssertionError: expected \"spy\" to be called with arguments: [ StringMatching{…} ]\u001b[90m\n\nNumber of calls: \u001b[1m0\u001b[22m\n\u001b[39m\n    at Proxy.<anonymous> (file:///C:/Users/A/Documents/Git/YT/ytmain-v6/node_modules/@vitest/expect/dist/index.js:1355:10)\n    at Proxy.<anonymous> (file:///C:/Users/A/Documents/Git/YT/ytmain-v6/node_modules/@vitest/expect/dist/index.js:1029:14)\n    at Proxy.methodWrapper (file:///C:/Users/A/Documents/Git/YT/ytmain-v6/node_modules/chai/chai.js:1618:25)\n    at C:\\Users\\A\\Documents\\Git\\YT\\ytmain-v6\\test\\services\\youtubeService.test.ts:450:25\n    at file:///C:/Users/A/Documents/Git/YT/ytmain-v6/node_modules/@vitest/runner/dist/chunk-hooks.js:752:20","AssertionError: expected \"spy\" to be called with arguments: [ StringMatching{…} ]\u001b[90m\n\nNumber of calls: \u001b[1m0\u001b[22m\n\u001b[39m\n    at Proxy.<anonymous> (file:///C:/Users/A/Documents/Git/YT/ytmain-v6/node_modules/@vitest/expect/dist/index.js:1355:10)\n    at Proxy.<anonymous> (file:///C:/Users/A/Documents/Git/YT/ytmain-v6/node_modules/@vitest/expect/dist/index.js:1029:14)\n    at Proxy.methodWrapper (file:///C:/Users/A/Documents/Git/YT/ytmain-v6/node_modules/chai/chai.js:1618:25)\n    at C:\\Users\\A\\Documents\\Git\\YT\\ytmain-v6\\test\\services\\youtubeService.test.ts:450:25\n    at file:///C:/Users/A/Documents/Git/YT/ytmain-v6/node_modules/@vitest/runner/dist/chunk-hooks.js:752:20"],"location":{"line":426,"column":5},"meta":{}},{"ancestorTitles":["YouTubeService","buildUrl with different MODE values"],"fullName":"YouTubeService buildUrl with different MODE values should handle missing API key gracefully","status":"failed","title":"should handle missing API key gracefully","duration":30.682200000010198,"failureMessages":["AssertionError: expected \"spy\" to be called with arguments: [ StringContaining \"key=\" ]\u001b[90m\n\nNumber of calls: \u001b[1m0\u001b[22m\n\u001b[39m\n    at Proxy.<anonymous> (file:///C:/Users/A/Documents/Git/YT/ytmain-v6/node_modules/@vitest/expect/dist/index.js:1355:10)\n    at Proxy.<anonymous> (file:///C:/Users/A/Documents/Git/YT/ytmain-v6/node_modules/@vitest/expect/dist/index.js:1029:14)\n    at Proxy.methodWrapper (file:///C:/Users/A/Documents/Git/YT/ytmain-v6/node_modules/chai/chai.js:1618:25)\n    at C:\\Users\\A\\Documents\\Git\\YT\\ytmain-v6\\test\\services\\youtubeService.test.ts:475:25\n    at file:///C:/Users/A/Documents/Git/YT/ytmain-v6/node_modules/@vitest/runner/dist/chunk-hooks.js:752:20","AssertionError: expected \"spy\" to be called with arguments: [ StringContaining \"key=\" ]\u001b[90m\n\nNumber of calls: \u001b[1m0\u001b[22m\n\u001b[39m\n    at Proxy.<anonymous> (file:///C:/Users/A/Documents/Git/YT/ytmain-v6/node_modules/@vitest/expect/dist/index.js:1355:10)\n    at Proxy.<anonymous> (file:///C:/Users/A/Documents/Git/YT/ytmain-v6/node_modules/@vitest/expect/dist/index.js:1029:14)\n    at Proxy.methodWrapper (file:///C:/Users/A/Documents/Git/YT/ytmain-v6/node_modules/chai/chai.js:1618:25)\n    at C:\\Users\\A\\Documents\\Git\\YT\\ytmain-v6\\test\\services\\youtubeService.test.ts:475:25\n    at file:///C:/Users/A/Documents/Git/YT/ytmain-v6/node_modules/@vitest/runner/dist/chunk-hooks.js:752:20","AssertionError: expected \"spy\" to be called with arguments: [ StringContaining \"key=\" ]\u001b[90m\n\nNumber of calls: \u001b[1m0\u001b[22m\n\u001b[39m\n    at Proxy.<anonymous> (file:///C:/Users/A/Documents/Git/YT/ytmain-v6/node_modules/@vitest/expect/dist/index.js:1355:10)\n    at Proxy.<anonymous> (file:///C:/Users/A/Documents/Git/YT/ytmain-v6/node_modules/@vitest/expect/dist/index.js:1029:14)\n    at Proxy.methodWrapper (file:///C:/Users/A/Documents/Git/YT/ytmain-v6/node_modules/chai/chai.js:1618:25)\n    at C:\\Users\\A\\Documents\\Git\\YT\\ytmain-v6\\test\\services\\youtubeService.test.ts:475:25\n    at file:///C:/Users/A/Documents/Git/YT/ytmain-v6/node_modules/@vitest/runner/dist/chunk-hooks.js:752:20"],"location":{"line":457,"column":5},"meta":{}},{"ancestorTitles":["YouTubeService","buildUrl with different MODE values"],"fullName":"YouTubeService buildUrl with different MODE values should preserve all query parameters in built URLs","status":"failed","title":"should preserve all query parameters in built URLs","duration":43.47980000000098,"failureMessages":["TypeError: Invalid URL: undefined\n    at new URLImpl (C:\\Users\\A\\Documents\\Git\\YT\\ytmain-v6\\node_modules\\whatwg-url\\lib\\URL-impl.js:20:13)\n    at Object.exports.setup (C:\\Users\\A\\Documents\\Git\\YT\\ytmain-v6\\node_modules\\whatwg-url\\lib\\URL.js:54:12)\n    at new URL (C:\\Users\\A\\Documents\\Git\\YT\\ytmain-v6\\node_modules\\whatwg-url\\lib\\URL.js:115:22)\n    at C:\\Users\\A\\Documents\\Git\\YT\\ytmain-v6\\test\\services\\youtubeService.test.ts:502:19\n    at file:///C:/Users/A/Documents/Git/YT/ytmain-v6/node_modules/@vitest/runner/dist/chunk-hooks.js:752:20","TypeError: Invalid URL: undefined\n    at new URLImpl (C:\\Users\\A\\Documents\\Git\\YT\\ytmain-v6\\node_modules\\whatwg-url\\lib\\URL-impl.js:20:13)\n    at Object.exports.setup (C:\\Users\\A\\Documents\\Git\\YT\\ytmain-v6\\node_modules\\whatwg-url\\lib\\URL.js:54:12)\n    at new URL (C:\\Users\\A\\Documents\\Git\\YT\\ytmain-v6\\node_modules\\whatwg-url\\lib\\URL.js:115:22)\n    at C:\\Users\\A\\Documents\\Git\\YT\\ytmain-v6\\test\\services\\youtubeService.test.ts:502:19\n    at file:///C:/Users/A/Documents/Git/YT/ytmain-v6/node_modules/@vitest/runner/dist/chunk-hooks.js:752:20","TypeError: Invalid URL: undefined\n    at new URLImpl (C:\\Users\\A\\Documents\\Git\\YT\\ytmain-v6\\node_modules\\whatwg-url\\lib\\URL-impl.js:20:13)\n    at Object.exports.setup (C:\\Users\\A\\Documents\\Git\\YT\\ytmain-v6\\node_modules\\whatwg-url\\lib\\URL.js:54:12)\n    at new URL (C:\\Users\\A\\Documents\\Git\\YT\\ytmain-v6\\node_modules\\whatwg-url\\lib\\URL.js:115:22)\n    at C:\\Users\\A\\Documents\\Git\\YT\\ytmain-v6\\test\\services\\youtubeService.test.ts:502:19\n    at file:///C:/Users/A/Documents/Git/YT/ytmain-v6/node_modules/@vitest/runner/dist/chunk-hooks.js:752:20"],"location":{"line":484,"column":5},"meta":{}},{"ancestorTitles":["YouTubeService","Cache Management"],"fullName":"YouTubeService Cache Management should clear cache successfully","status":"passed","title":"should clear cache successfully","duration":1.476699999999255,"failureMessages":[],"location":{"line":513,"column":5},"meta":{}},{"ancestorTitles":["YouTubeService","Cache Management"],"fullName":"YouTubeService Cache Management should cache requests with proper TTL","status":"failed","title":"should cache requests with proper TTL","duration":25.4997999999905,"failureMessages":["AssertionError: expected \"spy\" to be called 1 times, but got 0 times\n    at C:\\Users\\A\\Documents\\Git\\YT\\ytmain-v6\\test\\services\\youtubeService.test.ts:525:25\n    at file:///C:/Users/A/Documents/Git/YT/ytmain-v6/node_modules/@vitest/runner/dist/chunk-hooks.js:752:20","AssertionError: expected \"spy\" to be called 1 times, but got 0 times\n    at C:\\Users\\A\\Documents\\Git\\YT\\ytmain-v6\\test\\services\\youtubeService.test.ts:525:25\n    at file:///C:/Users/A/Documents/Git/YT/ytmain-v6/node_modules/@vitest/runner/dist/chunk-hooks.js:752:20","AssertionError: expected \"spy\" to be called 1 times, but got 0 times\n    at C:\\Users\\A\\Documents\\Git\\YT\\ytmain-v6\\test\\services\\youtubeService.test.ts:525:25\n    at file:///C:/Users/A/Documents/Git/YT/ytmain-v6/node_modules/@vitest/runner/dist/chunk-hooks.js:752:20"],"location":{"line":517,"column":5},"meta":{}},{"ancestorTitles":["YouTubeService","Edge Cases"],"fullName":"YouTubeService Edge Cases should handle missing thumbnail URLs","status":"failed","title":"should handle missing thumbnail URLs","duration":21.64220000000205,"failureMessages":["AssertionError: expected undefined to be '' // Object.is equality\n    at C:\\Users\\A\\Documents\\Git\\YT\\ytmain-v6\\test\\services\\youtubeService.test.ts:554:39\n    at file:///C:/Users/A/Documents/Git/YT/ytmain-v6/node_modules/@vitest/runner/dist/chunk-hooks.js:752:20","AssertionError: expected undefined to be '' // Object.is equality\n    at C:\\Users\\A\\Documents\\Git\\YT\\ytmain-v6\\test\\services\\youtubeService.test.ts:554:39\n    at file:///C:/Users/A/Documents/Git/YT/ytmain-v6/node_modules/@vitest/runner/dist/chunk-hooks.js:752:20","AssertionError: expected undefined to be '' // Object.is equality\n    at C:\\Users\\A\\Documents\\Git\\YT\\ytmain-v6\\test\\services\\youtubeService.test.ts:554:39\n    at file:///C:/Users/A/Documents/Git/YT/ytmain-v6/node_modules/@vitest/runner/dist/chunk-hooks.js:752:20"],"location":{"line":537,"column":5},"meta":{}},{"ancestorTitles":["YouTubeService","Edge Cases"],"fullName":"YouTubeService Edge Cases should handle missing statistics","status":"failed","title":"should handle missing statistics","duration":21.27479999999923,"failureMessages":["AssertionError: expected undefined to be +0 // Object.is equality\n    at C:\\Users\\A\\Documents\\Git\\YT\\ytmain-v6\\test\\services\\youtubeService.test.ts:571:36\n    at file:///C:/Users/A/Documents/Git/YT/ytmain-v6/node_modules/@vitest/runner/dist/chunk-hooks.js:752:20","AssertionError: expected undefined to be +0 // Object.is equality\n    at C:\\Users\\A\\Documents\\Git\\YT\\ytmain-v6\\test\\services\\youtubeService.test.ts:571:36\n    at file:///C:/Users/A/Documents/Git/YT/ytmain-v6/node_modules/@vitest/runner/dist/chunk-hooks.js:752:20","AssertionError: expected undefined to be +0 // Object.is equality\n    at C:\\Users\\A\\Documents\\Git\\YT\\ytmain-v6\\test\\services\\youtubeService.test.ts:571:36\n    at file:///C:/Users/A/Documents/Git/YT/ytmain-v6/node_modules/@vitest/runner/dist/chunk-hooks.js:752:20"],"location":{"line":557,"column":5},"meta":{}},{"ancestorTitles":["YouTubeService","Edge Cases"],"fullName":"YouTubeService Edge Cases should handle invalid duration format","status":"failed","title":"should handle invalid duration format","duration":23.957699999999022,"failureMessages":["AssertionError: expected undefined to be '0:00' // Object.is equality\n    at C:\\Users\\A\\Documents\\Git\\YT\\ytmain-v6\\test\\services\\youtubeService.test.ts:593:35\n    at file:///C:/Users/A/Documents/Git/YT/ytmain-v6/node_modules/@vitest/runner/dist/chunk-hooks.js:752:20","AssertionError: expected undefined to be '0:00' // Object.is equality\n    at C:\\Users\\A\\Documents\\Git\\YT\\ytmain-v6\\test\\services\\youtubeService.test.ts:593:35\n    at file:///C:/Users/A/Documents/Git/YT/ytmain-v6/node_modules/@vitest/runner/dist/chunk-hooks.js:752:20","AssertionError: expected undefined to be '0:00' // Object.is equality\n    at C:\\Users\\A\\Documents\\Git\\YT\\ytmain-v6\\test\\services\\youtubeService.test.ts:593:35\n    at file:///C:/Users/A/Documents/Git/YT/ytmain-v6/node_modules/@vitest/runner/dist/chunk-hooks.js:752:20"],"location":{"line":576,"column":5},"meta":{}}],"startTime":1753806999758,"endTime":1753807000564.9578,"status":"failed","message":"","name":"C:/Users/A/Documents/Git/YT/ytmain-v6/test/services/youtubeService.test.ts"}]}