{"numTotalTestSuites":16,"numPassedTestSuites":13,"numFailedTestSuites":3,"numPendingTestSuites":0,"numTotalTests":29,"numPassedTests":28,"numFailedTests":1,"numPendingTests":0,"numTodoTests":0,"snapshot":{"added":0,"failure":false,"filesAdded":0,"filesRemoved":0,"filesRemovedList":[],"filesUnmatched":0,"filesUpdated":0,"matched":0,"total":0,"unchecked":0,"uncheckedKeysByFile":[],"unmatched":0,"updated":0,"didUpdate":false},"startTime":1754317918820,"success":false,"testResults":[{"assertionResults":[{"ancestorTitles":["buildUrl function with different MODE values","MODE: development"],"fullName":"buildUrl function with different MODE values MODE: development should use proxy endpoint for videos in development mode","status":"passed","title":"should use proxy endpoint for videos in development mode","duration":2.828873000000158,"failureMessages":[],"location":{"line":63,"column":5},"meta":{}},{"ancestorTitles":["buildUrl function with different MODE values","MODE: development"],"fullName":"buildUrl function with different MODE values MODE: development should use proxy endpoint for channels in development mode","status":"passed","title":"should use proxy endpoint for channels in development mode","duration":1.6961120000000847,"failureMessages":[],"location":{"line":75,"column":5},"meta":{}},{"ancestorTitles":["buildUrl function with different MODE values","MODE: development"],"fullName":"buildUrl function with different MODE values MODE: development should work with different localhost ports","status":"passed","title":"should work with different localhost ports","duration":1.2173689999999624,"failureMessages":[],"location":{"line":87,"column":5},"meta":{}},{"ancestorTitles":["buildUrl function with different MODE values","MODE: production"],"fullName":"buildUrl function with different MODE values MODE: production should use direct Google API endpoint for videos in production mode","status":"passed","title":"should use direct Google API endpoint for videos in production mode","duration":1.5007580000001326,"failureMessages":[],"location":{"line":116,"column":5},"meta":{}},{"ancestorTitles":["buildUrl function with different MODE values","MODE: production"],"fullName":"buildUrl function with different MODE values MODE: production should use direct Google API endpoint for channels in production mode","status":"passed","title":"should use direct Google API endpoint for channels in production mode","duration":1.285665999999992,"failureMessages":[],"location":{"line":129,"column":5},"meta":{}},{"ancestorTitles":["buildUrl function with different MODE values","MODE: test"],"fullName":"buildUrl function with different MODE values MODE: test should use direct Google API endpoint in test mode","status":"passed","title":"should use direct Google API endpoint in test mode","duration":1.5075310000001991,"failureMessages":[],"location":{"line":154,"column":5},"meta":{}},{"ancestorTitles":["buildUrl function with different MODE values","MODE: staging"],"fullName":"buildUrl function with different MODE values MODE: staging should use direct Google API endpoint for custom build modes","status":"passed","title":"should use direct Google API endpoint for custom build modes","duration":2.3086439999999584,"failureMessages":[],"location":{"line":178,"column":5},"meta":{}},{"ancestorTitles":["buildUrl function with different MODE values","parameter handling"],"fullName":"buildUrl function with different MODE values parameter handling should properly encode URL parameters","status":"passed","title":"should properly encode URL parameters","duration":1.604912000000013,"failureMessages":[],"location":{"line":203,"column":5},"meta":{}},{"ancestorTitles":["buildUrl function with different MODE values","parameter handling"],"fullName":"buildUrl function with different MODE values parameter handling should skip empty parameter values","status":"passed","title":"should skip empty parameter values","duration":1.3213829999999689,"failureMessages":[],"location":{"line":216,"column":5},"meta":{}},{"ancestorTitles":["buildUrl function with different MODE values","parameter handling"],"fullName":"buildUrl function with different MODE values parameter handling should handle multiple video IDs correctly","status":"passed","title":"should handle multiple video IDs correctly","duration":1.6149299999999585,"failureMessages":[],"location":{"line":231,"column":5},"meta":{}},{"ancestorTitles":["buildUrl function with different MODE values","parameter handling"],"fullName":"buildUrl function with different MODE values parameter handling should always add API key parameter","status":"passed","title":"should always add API key parameter","duration":1.0292489999999361,"failureMessages":[],"location":{"line":240,"column":5},"meta":{}},{"ancestorTitles":["buildUrl function with different MODE values","missing API key handling"],"fullName":"buildUrl function with different MODE values missing API key handling should handle missing API key gracefully","status":"passed","title":"should handle missing API key gracefully","duration":1.7418370000000323,"failureMessages":[],"location":{"line":261,"column":5},"meta":{}},{"ancestorTitles":["buildUrl function with different MODE values","URL structure validation"],"fullName":"buildUrl function with different MODE values URL structure validation should generate valid URLs that can be parsed","status":"passed","title":"should generate valid URLs that can be parsed","duration":8.910202000000027,"failureMessages":[],"location":{"line":289,"column":5},"meta":{}},{"ancestorTitles":["buildUrl function with different MODE values","URL structure validation"],"fullName":"buildUrl function with different MODE values URL structure validation should maintain parameter order and formatting","status":"passed","title":"should maintain parameter order and formatting","duration":2.7094210000000203,"failureMessages":[],"location":{"line":304,"column":5},"meta":{}},{"ancestorTitles":["buildUrl function with different MODE values","edge cases"],"fullName":"buildUrl function with different MODE values edge cases should handle empty endpoint","status":"passed","title":"should handle empty endpoint","duration":4.406923000000006,"failureMessages":[],"location":{"line":333,"column":5},"meta":{}},{"ancestorTitles":["buildUrl function with different MODE values","edge cases"],"fullName":"buildUrl function with different MODE values edge cases should handle empty parameters object","status":"passed","title":"should handle empty parameters object","duration":0.9516229999999268,"failureMessages":[],"location":{"line":342,"column":5},"meta":{}},{"ancestorTitles":["buildUrl function with different MODE values","edge cases"],"fullName":"buildUrl function with different MODE values edge cases should handle special characters in endpoint","status":"passed","title":"should handle special characters in endpoint","duration":0.9575050000000829,"failureMessages":[],"location":{"line":349,"column":5},"meta":{}},{"ancestorTitles":["buildUrl function with different MODE values","regression prevention"],"fullName":"buildUrl function with different MODE values regression prevention should maintain consistent URL format across different modes","status":"passed","title":"should maintain consistent URL format across different modes","duration":2.3624039999999695,"failureMessages":[],"location":{"line":359,"column":5},"meta":{}},{"ancestorTitles":["buildUrl function with different MODE values","regression prevention"],"fullName":"buildUrl function with different MODE values regression prevention should preserve API key security in all modes","status":"passed","title":"should preserve API key security in all modes","duration":4.001610000000028,"failureMessages":[],"location":{"line":394,"column":5},"meta":{}}],"startTime":1754317920377,"endTime":1754317920421.0017,"status":"passed","message":"","name":"/home/runner/work/ytmain-v6/ytmain-v6/test/services/buildUrl.test.ts"},{"assertionResults":[{"ancestorTitles":["UnifiedDataService","Basic Functionality"],"fullName":"UnifiedDataService Basic Functionality should have correct default configuration","status":"failed","title":"should have correct default configuration","duration":6.223912000000155,"failureMessages":["AssertionError: expected false to be true // Object.is equality\n    at /home/runner/work/ytmain-v6/ytmain-v6/test/services/unifiedDataService.simple.test.ts:42:36\n    at file:///home/runner/work/ytmain-v6/ytmain-v6/node_modules/@vitest/runner/dist/chunk-hooks.js:155:11\n    at file:///home/runner/work/ytmain-v6/ytmain-v6/node_modules/@vitest/runner/dist/chunk-hooks.js:752:26\n    at file:///home/runner/work/ytmain-v6/ytmain-v6/node_modules/@vitest/runner/dist/chunk-hooks.js:1897:20\n    at new Promise (<anonymous>)\n    at runWithTimeout (file:///home/runner/work/ytmain-v6/ytmain-v6/node_modules/@vitest/runner/dist/chunk-hooks.js:1863:10)\n    at runTest (file:///home/runner/work/ytmain-v6/ytmain-v6/node_modules/@vitest/runner/dist/chunk-hooks.js:1574:12)\n    at processTicksAndRejections (node:internal/process/task_queues:95:5)\n    at runSuite (file:///home/runner/work/ytmain-v6/ytmain-v6/node_modules/@vitest/runner/dist/chunk-hooks.js:1729:8)\n    at runSuite (file:///home/runner/work/ytmain-v6/ytmain-v6/node_modules/@vitest/runner/dist/chunk-hooks.js:1729:8)","AssertionError: expected false to be true // Object.is equality\n    at /home/runner/work/ytmain-v6/ytmain-v6/test/services/unifiedDataService.simple.test.ts:42:36\n    at file:///home/runner/work/ytmain-v6/ytmain-v6/node_modules/@vitest/runner/dist/chunk-hooks.js:155:11\n    at file:///home/runner/work/ytmain-v6/ytmain-v6/node_modules/@vitest/runner/dist/chunk-hooks.js:752:26\n    at file:///home/runner/work/ytmain-v6/ytmain-v6/node_modules/@vitest/runner/dist/chunk-hooks.js:1897:20\n    at new Promise (<anonymous>)\n    at runWithTimeout (file:///home/runner/work/ytmain-v6/ytmain-v6/node_modules/@vitest/runner/dist/chunk-hooks.js:1863:10)\n    at runTest (file:///home/runner/work/ytmain-v6/ytmain-v6/node_modules/@vitest/runner/dist/chunk-hooks.js:1574:12)\n    at processTicksAndRejections (node:internal/process/task_queues:95:5)\n    at runSuite (file:///home/runner/work/ytmain-v6/ytmain-v6/node_modules/@vitest/runner/dist/chunk-hooks.js:1729:8)\n    at runSuite (file:///home/runner/work/ytmain-v6/ytmain-v6/node_modules/@vitest/runner/dist/chunk-hooks.js:1729:8)","AssertionError: expected false to be true // Object.is equality\n    at /home/runner/work/ytmain-v6/ytmain-v6/test/services/unifiedDataService.simple.test.ts:42:36\n    at file:///home/runner/work/ytmain-v6/ytmain-v6/node_modules/@vitest/runner/dist/chunk-hooks.js:155:11\n    at file:///home/runner/work/ytmain-v6/ytmain-v6/node_modules/@vitest/runner/dist/chunk-hooks.js:752:26\n    at file:///home/runner/work/ytmain-v6/ytmain-v6/node_modules/@vitest/runner/dist/chunk-hooks.js:1897:20\n    at new Promise (<anonymous>)\n    at runWithTimeout (file:///home/runner/work/ytmain-v6/ytmain-v6/node_modules/@vitest/runner/dist/chunk-hooks.js:1863:10)\n    at runTest (file:///home/runner/work/ytmain-v6/ytmain-v6/node_modules/@vitest/runner/dist/chunk-hooks.js:1574:12)\n    at processTicksAndRejections (node:internal/process/task_queues:95:5)\n    at runSuite (file:///home/runner/work/ytmain-v6/ytmain-v6/node_modules/@vitest/runner/dist/chunk-hooks.js:1729:8)\n    at runSuite (file:///home/runner/work/ytmain-v6/ytmain-v6/node_modules/@vitest/runner/dist/chunk-hooks.js:1729:8)"],"location":{"line":39,"column":5},"meta":{}},{"ancestorTitles":["UnifiedDataService","Basic Functionality"],"fullName":"UnifiedDataService Basic Functionality should allow configuration updates","status":"passed","title":"should allow configuration updates","duration":0.42469200000005003,"failureMessages":[],"location":{"line":48,"column":5},"meta":{}},{"ancestorTitles":["UnifiedDataService","Basic Functionality"],"fullName":"UnifiedDataService Basic Functionality should clear cache successfully","status":"passed","title":"should clear cache successfully","duration":0.9142739999999776,"failureMessages":[],"location":{"line":59,"column":5},"meta":{}},{"ancestorTitles":["UnifiedDataService","API Methods"],"fullName":"UnifiedDataService API Methods should call getTrendingVideos without errors","status":"passed","title":"should call getTrendingVideos without errors","duration":0.6579859999999371,"failureMessages":[],"location":{"line":66,"column":5},"meta":{}},{"ancestorTitles":["UnifiedDataService","API Methods"],"fullName":"UnifiedDataService API Methods should call searchVideos with query","status":"passed","title":"should call searchVideos with query","duration":0.47004599999991115,"failureMessages":[],"location":{"line":76,"column":5},"meta":{}},{"ancestorTitles":["UnifiedDataService","API Methods"],"fullName":"UnifiedDataService API Methods should handle getVideoById calls","status":"passed","title":"should handle getVideoById calls","duration":2.2273119999999835,"failureMessages":[],"location":{"line":84,"column":5},"meta":{}},{"ancestorTitles":["UnifiedDataService","API Methods"],"fullName":"UnifiedDataService API Methods should handle getChannelById calls","status":"passed","title":"should handle getChannelById calls","duration":0.4506699999999455,"failureMessages":[],"location":{"line":91,"column":5},"meta":{}},{"ancestorTitles":["UnifiedDataService","API Methods"],"fullName":"UnifiedDataService API Methods should handle getShortsVideos calls","status":"passed","title":"should handle getShortsVideos calls","duration":0.49819800000000214,"failureMessages":[],"location":{"line":98,"column":5},"meta":{}},{"ancestorTitles":["UnifiedDataService","Error Handling"],"fullName":"UnifiedDataService Error Handling should handle errors gracefully in getTrendingVideos","status":"passed","title":"should handle errors gracefully in getTrendingVideos","duration":0.1917470000000776,"failureMessages":[],"location":{"line":108,"column":5},"meta":{}},{"ancestorTitles":["UnifiedDataService","Error Handling"],"fullName":"UnifiedDataService Error Handling should handle empty search queries","status":"passed","title":"should handle empty search queries","duration":0.2539030000000366,"failureMessages":[],"location":{"line":114,"column":5},"meta":{}}],"startTime":1754317920312,"endTime":1754317920324.254,"status":"failed","message":"","name":"/home/runner/work/ytmain-v6/ytmain-v6/test/services/unifiedDataService.simple.test.ts"}]}