{"numTotalTestSuites":40,"numPassedTestSuites":25,"numFailedTestSuites":14,"numPendingTestSuites":1,"numTotalTests":74,"numPassedTests":33,"numFailedTests":22,"numPendingTests":0,"numTodoTests":0,"snapshot":{"added":0,"failure":false,"filesAdded":0,"filesRemoved":0,"filesRemovedList":[],"filesUnmatched":0,"filesUpdated":0,"matched":0,"total":0,"unchecked":0,"uncheckedKeysByFile":[],"unmatched":0,"updated":0,"didUpdate":false},"startTime":1751835314144,"success":false,"testResults":[{"assertionResults":[],"startTime":1751835314144,"endTime":1751835314144,"status":"failed","message":"Failed to resolve import \"@components/ErrorBoundary\" from \"test/components/ErrorBoundary.test.tsx\". Does the file exist?","name":"C:/Users/A/Documents/Git/YT/ytmain-v6/test/components/ErrorBoundary.test.tsx"},{"assertionResults":[{"ancestorTitles":["Unified Video Hooks","useUnifiedVideos"],"fullName":"Unified Video Hooks useUnifiedVideos should fetch trending videos successfully","status":"pending","title":"should fetch trending videos successfully","failureMessages":[],"location":{"line":51,"column":5},"meta":{}},{"ancestorTitles":["Unified Video Hooks","useUnifiedVideos"],"fullName":"Unified Video Hooks useUnifiedVideos should handle errors gracefully","status":"pending","title":"should handle errors gracefully","failureMessages":[],"location":{"line":84,"column":5},"meta":{}},{"ancestorTitles":["Unified Video Hooks","useUnifiedVideos"],"fullName":"Unified Video Hooks useUnifiedVideos should use correct cache key with filters","status":"pending","title":"should use correct cache key with filters","failureMessages":[],"location":{"line":103,"column":5},"meta":{}},{"ancestorTitles":["Unified Video Hooks","useUnifiedVideo"],"fullName":"Unified Video Hooks useUnifiedVideo should fetch single video by ID","status":"pending","title":"should fetch single video by ID","failureMessages":[],"location":{"line":128,"column":5},"meta":{}},{"ancestorTitles":["Unified Video Hooks","useUnifiedVideo"],"fullName":"Unified Video Hooks useUnifiedVideo should handle video not found","status":"pending","title":"should handle video not found","failureMessages":[],"location":{"line":154,"column":5},"meta":{}},{"ancestorTitles":["Unified Video Hooks","useUnifiedVideo"],"fullName":"Unified Video Hooks useUnifiedVideo should not fetch when videoId is empty","status":"pending","title":"should not fetch when videoId is empty","failureMessages":[],"location":{"line":172,"column":5},"meta":{}},{"ancestorTitles":["Unified Video Hooks","useUnifiedVideo"],"fullName":"Unified Video Hooks useUnifiedVideo should handle fetch errors","status":"pending","title":"should handle fetch errors","failureMessages":[],"location":{"line":182,"column":5},"meta":{}},{"ancestorTitles":["Unified Video Hooks","useUnifiedTrendingVideos"],"fullName":"Unified Video Hooks useUnifiedTrendingVideos should fetch trending videos with proper caching","status":"pending","title":"should fetch trending videos with proper caching","failureMessages":[],"location":{"line":202,"column":5},"meta":{}},{"ancestorTitles":["Unified Video Hooks","useUnifiedTrendingVideos"],"fullName":"Unified Video Hooks useUnifiedTrendingVideos should refetch on window focus by default","status":"pending","title":"should refetch on window focus by default","failureMessages":[],"location":{"line":232,"column":5},"meta":{}},{"ancestorTitles":["Unified Video Hooks","useUnifiedShorts"],"fullName":"Unified Video Hooks useUnifiedShorts should fetch shorts videos","status":"pending","title":"should fetch shorts videos","failureMessages":[],"location":{"line":258,"column":5},"meta":{}},{"ancestorTitles":["Unified Video Hooks","useUnifiedSearchVideos"],"fullName":"Unified Video Hooks useUnifiedSearchVideos should search videos with query","status":"pending","title":"should search videos with query","failureMessages":[],"location":{"line":290,"column":5},"meta":{}},{"ancestorTitles":["Unified Video Hooks","useUnifiedSearchVideos"],"fullName":"Unified Video Hooks useUnifiedSearchVideos should not search with short queries","status":"pending","title":"should not search with short queries","failureMessages":[],"location":{"line":324,"column":5},"meta":{}},{"ancestorTitles":["Unified Video Hooks","useUnifiedSearchVideos"],"fullName":"Unified Video Hooks useUnifiedSearchVideos should not search with empty query","status":"pending","title":"should not search with empty query","failureMessages":[],"location":{"line":334,"column":5},"meta":{}},{"ancestorTitles":["Unified Video Hooks","useUnifiedSearchVideos"],"fullName":"Unified Video Hooks useUnifiedSearchVideos should handle search errors","status":"pending","title":"should handle search errors","failureMessages":[],"location":{"line":344,"column":5},"meta":{}},{"ancestorTitles":["Unified Video Hooks","Combined Hooks","useVideoWithRelated"],"fullName":"Unified Video Hooks Combined Hooks useVideoWithRelated should fetch video and related videos","status":"pending","title":"should fetch video and related videos","failureMessages":[],"location":{"line":365,"column":7},"meta":{}},{"ancestorTitles":["Unified Video Hooks","Combined Hooks","useHomePageData"],"fullName":"Unified Video Hooks Combined Hooks useHomePageData should combine multiple data sources for home page","status":"pending","title":"should combine multiple data sources for home page","failureMessages":[],"location":{"line":393,"column":7},"meta":{}},{"ancestorTitles":["Unified Video Hooks","Hook Configuration"],"fullName":"Unified Video Hooks Hook Configuration should apply custom configuration options","status":"pending","title":"should apply custom configuration options","failureMessages":[],"location":{"line":411,"column":5},"meta":{}},{"ancestorTitles":["Unified Video Hooks","Loading States"],"fullName":"Unified Video Hooks Loading States should show loading state initially","status":"pending","title":"should show loading state initially","failureMessages":[],"location":{"line":442,"column":5},"meta":{}},{"ancestorTitles":["Unified Video Hooks","Refetch Functionality"],"fullName":"Unified Video Hooks Refetch Functionality should provide refetch function","status":"pending","title":"should provide refetch function","failureMessages":[],"location":{"line":460,"column":5},"meta":{}}],"startTime":1751835314144,"endTime":1751835314144,"status":"passed","message":"","name":"C:/Users/A/Documents/Git/YT/ytmain-v6/test/hooks/useVideos.test.tsx"},{"assertionResults":[],"startTime":1751835314144,"endTime":1751835314144,"status":"failed","message":"Failed to resolve import \"@pages/CommunityPage\" from \"test/integration/CommunityPage.test.tsx\". Does the file exist?","name":"C:/Users/A/Documents/Git/YT/ytmain-v6/test/integration/CommunityPage.test.tsx"},{"assertionResults":[{"ancestorTitles":["buildUrl function with different MODE values","MODE: development"],"fullName":"buildUrl function with different MODE values MODE: development should use proxy endpoint for videos in development mode","status":"passed","title":"should use proxy endpoint for videos in development mode","duration":8.210299999998824,"failureMessages":[],"location":{"line":63,"column":5},"meta":{}},{"ancestorTitles":["buildUrl function with different MODE values","MODE: development"],"fullName":"buildUrl function with different MODE values MODE: development should use proxy endpoint for channels in development mode","status":"passed","title":"should use proxy endpoint for channels in development mode","duration":3.174700000003213,"failureMessages":[],"location":{"line":75,"column":5},"meta":{}},{"ancestorTitles":["buildUrl function with different MODE values","MODE: development"],"fullName":"buildUrl function with different MODE values MODE: development should work with different localhost ports","status":"passed","title":"should work with different localhost ports","duration":3.3228999999992084,"failureMessages":[],"location":{"line":87,"column":5},"meta":{}},{"ancestorTitles":["buildUrl function with different MODE values","MODE: production"],"fullName":"buildUrl function with different MODE values MODE: production should use direct Google API endpoint for videos in production mode","status":"passed","title":"should use direct Google API endpoint for videos in production mode","duration":4.182999999997264,"failureMessages":[],"location":{"line":116,"column":5},"meta":{}},{"ancestorTitles":["buildUrl function with different MODE values","MODE: production"],"fullName":"buildUrl function with different MODE values MODE: production should use direct Google API endpoint for channels in production mode","status":"passed","title":"should use direct Google API endpoint for channels in production mode","duration":3.0750999999945634,"failureMessages":[],"location":{"line":129,"column":5},"meta":{}},{"ancestorTitles":["buildUrl function with different MODE values","MODE: test"],"fullName":"buildUrl function with different MODE values MODE: test should use direct Google API endpoint in test mode","status":"passed","title":"should use direct Google API endpoint in test mode","duration":4.548999999999069,"failureMessages":[],"location":{"line":154,"column":5},"meta":{}},{"ancestorTitles":["buildUrl function with different MODE values","MODE: staging"],"fullName":"buildUrl function with different MODE values MODE: staging should use direct Google API endpoint for custom build modes","status":"passed","title":"should use direct Google API endpoint for custom build modes","duration":3.063000000001921,"failureMessages":[],"location":{"line":178,"column":5},"meta":{}},{"ancestorTitles":["buildUrl function with different MODE values","parameter handling"],"fullName":"buildUrl function with different MODE values parameter handling should properly encode URL parameters","status":"passed","title":"should properly encode URL parameters","duration":3.244200000001001,"failureMessages":[],"location":{"line":203,"column":5},"meta":{}},{"ancestorTitles":["buildUrl function with different MODE values","parameter handling"],"fullName":"buildUrl function with different MODE values parameter handling should skip empty parameter values","status":"passed","title":"should skip empty parameter values","duration":3.1859000000040396,"failureMessages":[],"location":{"line":216,"column":5},"meta":{}},{"ancestorTitles":["buildUrl function with different MODE values","parameter handling"],"fullName":"buildUrl function with different MODE values parameter handling should handle multiple video IDs correctly","status":"passed","title":"should handle multiple video IDs correctly","duration":3.866299999994226,"failureMessages":[],"location":{"line":231,"column":5},"meta":{}},{"ancestorTitles":["buildUrl function with different MODE values","parameter handling"],"fullName":"buildUrl function with different MODE values parameter handling should always add API key parameter","status":"passed","title":"should always add API key parameter","duration":1.7687999999980093,"failureMessages":[],"location":{"line":240,"column":5},"meta":{}},{"ancestorTitles":["buildUrl function with different MODE values","missing API key handling"],"fullName":"buildUrl function with different MODE values missing API key handling should handle missing API key gracefully","status":"passed","title":"should handle missing API key gracefully","duration":2.1779999999998836,"failureMessages":[],"location":{"line":261,"column":5},"meta":{}},{"ancestorTitles":["buildUrl function with different MODE values","URL structure validation"],"fullName":"buildUrl function with different MODE values URL structure validation should generate valid URLs that can be parsed","status":"passed","title":"should generate valid URLs that can be parsed","duration":6.178700000004028,"failureMessages":[],"location":{"line":289,"column":5},"meta":{}},{"ancestorTitles":["buildUrl function with different MODE values","URL structure validation"],"fullName":"buildUrl function with different MODE values URL structure validation should maintain parameter order and formatting","status":"passed","title":"should maintain parameter order and formatting","duration":8.958299999998417,"failureMessages":[],"location":{"line":304,"column":5},"meta":{}},{"ancestorTitles":["buildUrl function with different MODE values","edge cases"],"fullName":"buildUrl function with different MODE values edge cases should handle empty endpoint","status":"passed","title":"should handle empty endpoint","duration":2.514100000000326,"failureMessages":[],"location":{"line":333,"column":5},"meta":{}},{"ancestorTitles":["buildUrl function with different MODE values","edge cases"],"fullName":"buildUrl function with different MODE values edge cases should handle empty parameters object","status":"passed","title":"should handle empty parameters object","duration":2.130199999999604,"failureMessages":[],"location":{"line":342,"column":5},"meta":{}},{"ancestorTitles":["buildUrl function with different MODE values","edge cases"],"fullName":"buildUrl function with different MODE values edge cases should handle special characters in endpoint","status":"passed","title":"should handle special characters in endpoint","duration":2.3066000000035274,"failureMessages":[],"location":{"line":349,"column":5},"meta":{}},{"ancestorTitles":["buildUrl function with different MODE values","regression prevention"],"fullName":"buildUrl function with different MODE values regression prevention should maintain consistent URL format across different modes","status":"passed","title":"should maintain consistent URL format across different modes","duration":12.705999999998312,"failureMessages":[],"location":{"line":359,"column":5},"meta":{}},{"ancestorTitles":["buildUrl function with different MODE values","regression prevention"],"fullName":"buildUrl function with different MODE values regression prevention should preserve API key security in all modes","status":"passed","title":"should preserve API key security in all modes","duration":18.32680000000255,"failureMessages":[],"location":{"line":394,"column":5},"meta":{}}],"startTime":1751835328202,"endTime":1751835328300.327,"status":"passed","message":"","name":"C:/Users/A/Documents/Git/YT/ytmain-v6/test/services/buildUrl.test.ts"},{"assertionResults":[{"ancestorTitles":["UnifiedDataService","Basic Functionality"],"fullName":"UnifiedDataService Basic Functionality should have correct default configuration","status":"failed","title":"should have correct default configuration","duration":14.203699999998207,"failureMessages":["AssertionError: expected false to be true // Object.is equality\n    at C:\\Users\\A\\Documents\\Git\\YT\\ytmain-v6\\test\\services\\unifiedDataService.simple.test.ts:42:36\n    at file:///C:/Users/A/Documents/Git/YT/ytmain-v6/node_modules/@vitest/runner/dist/chunk-hooks.js:154:11\n    at file:///C:/Users/A/Documents/Git/YT/ytmain-v6/node_modules/@vitest/runner/dist/chunk-hooks.js:751:26\n    at file:///C:/Users/A/Documents/Git/YT/ytmain-v6/node_modules/@vitest/runner/dist/chunk-hooks.js:1887:20\n    at new Promise (<anonymous>)\n    at runWithTimeout (file:///C:/Users/A/Documents/Git/YT/ytmain-v6/node_modules/@vitest/runner/dist/chunk-hooks.js:1853:10)\n    at runTest (file:///C:/Users/A/Documents/Git/YT/ytmain-v6/node_modules/@vitest/runner/dist/chunk-hooks.js:1564:12)\n    at runSuite (file:///C:/Users/A/Documents/Git/YT/ytmain-v6/node_modules/@vitest/runner/dist/chunk-hooks.js:1719:8)\n    at runSuite (file:///C:/Users/A/Documents/Git/YT/ytmain-v6/node_modules/@vitest/runner/dist/chunk-hooks.js:1719:8)\n    at runSuite (file:///C:/Users/A/Documents/Git/YT/ytmain-v6/node_modules/@vitest/runner/dist/chunk-hooks.js:1719:8)","AssertionError: expected false to be true // Object.is equality\n    at C:\\Users\\A\\Documents\\Git\\YT\\ytmain-v6\\test\\services\\unifiedDataService.simple.test.ts:42:36\n    at file:///C:/Users/A/Documents/Git/YT/ytmain-v6/node_modules/@vitest/runner/dist/chunk-hooks.js:154:11\n    at file:///C:/Users/A/Documents/Git/YT/ytmain-v6/node_modules/@vitest/runner/dist/chunk-hooks.js:751:26\n    at file:///C:/Users/A/Documents/Git/YT/ytmain-v6/node_modules/@vitest/runner/dist/chunk-hooks.js:1887:20\n    at new Promise (<anonymous>)\n    at runWithTimeout (file:///C:/Users/A/Documents/Git/YT/ytmain-v6/node_modules/@vitest/runner/dist/chunk-hooks.js:1853:10)\n    at runTest (file:///C:/Users/A/Documents/Git/YT/ytmain-v6/node_modules/@vitest/runner/dist/chunk-hooks.js:1564:12)\n    at runSuite (file:///C:/Users/A/Documents/Git/YT/ytmain-v6/node_modules/@vitest/runner/dist/chunk-hooks.js:1719:8)\n    at runSuite (file:///C:/Users/A/Documents/Git/YT/ytmain-v6/node_modules/@vitest/runner/dist/chunk-hooks.js:1719:8)\n    at runSuite (file:///C:/Users/A/Documents/Git/YT/ytmain-v6/node_modules/@vitest/runner/dist/chunk-hooks.js:1719:8)","AssertionError: expected false to be true // Object.is equality\n    at C:\\Users\\A\\Documents\\Git\\YT\\ytmain-v6\\test\\services\\unifiedDataService.simple.test.ts:42:36\n    at file:///C:/Users/A/Documents/Git/YT/ytmain-v6/node_modules/@vitest/runner/dist/chunk-hooks.js:154:11\n    at file:///C:/Users/A/Documents/Git/YT/ytmain-v6/node_modules/@vitest/runner/dist/chunk-hooks.js:751:26\n    at file:///C:/Users/A/Documents/Git/YT/ytmain-v6/node_modules/@vitest/runner/dist/chunk-hooks.js:1887:20\n    at new Promise (<anonymous>)\n    at runWithTimeout (file:///C:/Users/A/Documents/Git/YT/ytmain-v6/node_modules/@vitest/runner/dist/chunk-hooks.js:1853:10)\n    at runTest (file:///C:/Users/A/Documents/Git/YT/ytmain-v6/node_modules/@vitest/runner/dist/chunk-hooks.js:1564:12)\n    at runSuite (file:///C:/Users/A/Documents/Git/YT/ytmain-v6/node_modules/@vitest/runner/dist/chunk-hooks.js:1719:8)\n    at runSuite (file:///C:/Users/A/Documents/Git/YT/ytmain-v6/node_modules/@vitest/runner/dist/chunk-hooks.js:1719:8)\n    at runSuite (file:///C:/Users/A/Documents/Git/YT/ytmain-v6/node_modules/@vitest/runner/dist/chunk-hooks.js:1719:8)"],"location":{"line":39,"column":5},"meta":{}},{"ancestorTitles":["UnifiedDataService","Basic Functionality"],"fullName":"UnifiedDataService Basic Functionality should allow configuration updates","status":"passed","title":"should allow configuration updates","duration":0.928699999996752,"failureMessages":[],"location":{"line":48,"column":5},"meta":{}},{"ancestorTitles":["UnifiedDataService","Basic Functionality"],"fullName":"UnifiedDataService Basic Functionality should clear cache successfully","status":"passed","title":"should clear cache successfully","duration":2.378899999996065,"failureMessages":[],"location":{"line":59,"column":5},"meta":{}},{"ancestorTitles":["UnifiedDataService","API Methods"],"fullName":"UnifiedDataService API Methods should call getTrendingVideos without errors","status":"passed","title":"should call getTrendingVideos without errors","duration":1.5158999999985099,"failureMessages":[],"location":{"line":66,"column":5},"meta":{}},{"ancestorTitles":["UnifiedDataService","API Methods"],"fullName":"UnifiedDataService API Methods should call searchVideos with query","status":"passed","title":"should call searchVideos with query","duration":3.7265000000043074,"failureMessages":[],"location":{"line":76,"column":5},"meta":{}},{"ancestorTitles":["UnifiedDataService","API Methods"],"fullName":"UnifiedDataService API Methods should handle getVideoById calls","status":"passed","title":"should handle getVideoById calls","duration":32.595399999998335,"failureMessages":[],"location":{"line":84,"column":5},"meta":{}},{"ancestorTitles":["UnifiedDataService","API Methods"],"fullName":"UnifiedDataService API Methods should handle getChannelById calls","status":"passed","title":"should handle getChannelById calls","duration":1.1013999999995576,"failureMessages":[],"location":{"line":91,"column":5},"meta":{}},{"ancestorTitles":["UnifiedDataService","API Methods"],"fullName":"UnifiedDataService API Methods should handle getShortsVideos calls","status":"passed","title":"should handle getShortsVideos calls","duration":1.3386000000027707,"failureMessages":[],"location":{"line":98,"column":5},"meta":{}},{"ancestorTitles":["UnifiedDataService","Error Handling"],"fullName":"UnifiedDataService Error Handling should handle errors gracefully in getTrendingVideos","status":"passed","title":"should handle errors gracefully in getTrendingVideos","duration":0.55899999999383,"failureMessages":[],"location":{"line":108,"column":5},"meta":{}},{"ancestorTitles":["UnifiedDataService","Error Handling"],"fullName":"UnifiedDataService Error Handling should handle empty search queries","status":"passed","title":"should handle empty search queries","duration":0.7908999999999651,"failureMessages":[],"location":{"line":114,"column":5},"meta":{}}],"startTime":1751835321788,"endTime":1751835321847.791,"status":"failed","message":"","name":"C:/Users/A/Documents/Git/YT/ytmain-v6/test/services/unifiedDataService.simple.test.ts"},{"assertionResults":[],"startTime":1751835314144,"endTime":1751835314144,"status":"failed","message":"Failed to resolve import \"@services/realVideoService\" from \"test/services/unifiedDataService.test.ts\". Does the file exist?","name":"C:/Users/A/Documents/Git/YT/ytmain-v6/test/services/unifiedDataService.test.ts"},{"assertionResults":[{"ancestorTitles":["YouTubeService","fetchVideos"],"fullName":"YouTubeService fetchVideos should fetch videos successfully","status":"failed","title":"should fetch videos successfully","duration":152.74139999999898,"failureMessages":["AssertionError: expected [] to have a length of 1 but got +0\n    at Proxy.<anonymous> (file:///C:/Users/A/Documents/Git/YT/ytmain-v6/node_modules/@vitest/expect/dist/index.js:1248:20)\n    at Proxy.<anonymous> (file:///C:/Users/A/Documents/Git/YT/ytmain-v6/node_modules/@vitest/expect/dist/index.js:1022:14)\n    at Proxy.methodWrapper (file:///C:/Users/A/Documents/Git/YT/ytmain-v6/node_modules/chai/chai.js:1618:25)\n    at C:\\Users\\A\\Documents\\Git\\YT\\ytmain-v6\\test\\services\\youtubeService.test.ts:61:22\n    at file:///C:/Users/A/Documents/Git/YT/ytmain-v6/node_modules/@vitest/runner/dist/chunk-hooks.js:751:20","AssertionError: expected [] to have a length of 1 but got +0\n    at Proxy.<anonymous> (file:///C:/Users/A/Documents/Git/YT/ytmain-v6/node_modules/@vitest/expect/dist/index.js:1248:20)\n    at Proxy.<anonymous> (file:///C:/Users/A/Documents/Git/YT/ytmain-v6/node_modules/@vitest/expect/dist/index.js:1022:14)\n    at Proxy.methodWrapper (file:///C:/Users/A/Documents/Git/YT/ytmain-v6/node_modules/chai/chai.js:1618:25)\n    at C:\\Users\\A\\Documents\\Git\\YT\\ytmain-v6\\test\\services\\youtubeService.test.ts:61:22\n    at file:///C:/Users/A/Documents/Git/YT/ytmain-v6/node_modules/@vitest/runner/dist/chunk-hooks.js:751:20","AssertionError: expected [] to have a length of 1 but got +0\n    at Proxy.<anonymous> (file:///C:/Users/A/Documents/Git/YT/ytmain-v6/node_modules/@vitest/expect/dist/index.js:1248:20)\n    at Proxy.<anonymous> (file:///C:/Users/A/Documents/Git/YT/ytmain-v6/node_modules/@vitest/expect/dist/index.js:1022:14)\n    at Proxy.methodWrapper (file:///C:/Users/A/Documents/Git/YT/ytmain-v6/node_modules/chai/chai.js:1618:25)\n    at C:\\Users\\A\\Documents\\Git\\YT\\ytmain-v6\\test\\services\\youtubeService.test.ts:61:22\n    at file:///C:/Users/A/Documents/Git/YT/ytmain-v6/node_modules/@vitest/runner/dist/chunk-hooks.js:751:20"],"location":{"line":53,"column":5},"meta":{}},{"ancestorTitles":["YouTubeService","fetchVideos"],"fullName":"YouTubeService fetchVideos should return empty array for empty input","status":"passed","title":"should return empty array for empty input","duration":1.07039999999688,"failureMessages":[],"location":{"line":74,"column":5},"meta":{}},{"ancestorTitles":["YouTubeService","fetchVideos"],"fullName":"YouTubeService fetchVideos should handle API errors gracefully","status":"failed","title":"should handle API errors gracefully","duration":42.09039999999368,"failureMessages":["Error: promise resolved \"[]\" instead of rejecting\n    at Assertion.__VITEST_REJECTS__ (file:///C:/Users/A/Documents/Git/YT/ytmain-v6/node_modules/@vitest/expect/dist/index.js:1601:17)\n    at Assertion.propertyGetter (file:///C:/Users/A/Documents/Git/YT/ytmain-v6/node_modules/chai/chai.js:1486:27)\n    at Reflect.get (<anonymous>)\n    at Object.proxyGetter [as get] (file:///C:/Users/A/Documents/Git/YT/ytmain-v6/node_modules/chai/chai.js:1577:22)\n    at C:\\Users\\A\\Documents\\Git\\YT\\ytmain-v6\\test\\services\\youtubeService.test.ts:86:62\n    at file:///C:/Users/A/Documents/Git/YT/ytmain-v6/node_modules/@vitest/runner/dist/chunk-hooks.js:154:11\n    at file:///C:/Users/A/Documents/Git/YT/ytmain-v6/node_modules/@vitest/runner/dist/chunk-hooks.js:751:26\n    at file:///C:/Users/A/Documents/Git/YT/ytmain-v6/node_modules/@vitest/runner/dist/chunk-hooks.js:1887:20\n    at new Promise (<anonymous>)\n    at runWithTimeout (file:///C:/Users/A/Documents/Git/YT/ytmain-v6/node_modules/@vitest/runner/dist/chunk-hooks.js:1853:10)","Error: promise resolved \"[]\" instead of rejecting\n    at Assertion.__VITEST_REJECTS__ (file:///C:/Users/A/Documents/Git/YT/ytmain-v6/node_modules/@vitest/expect/dist/index.js:1601:17)\n    at Assertion.propertyGetter (file:///C:/Users/A/Documents/Git/YT/ytmain-v6/node_modules/chai/chai.js:1486:27)\n    at Reflect.get (<anonymous>)\n    at Object.proxyGetter [as get] (file:///C:/Users/A/Documents/Git/YT/ytmain-v6/node_modules/chai/chai.js:1577:22)\n    at C:\\Users\\A\\Documents\\Git\\YT\\ytmain-v6\\test\\services\\youtubeService.test.ts:86:62\n    at file:///C:/Users/A/Documents/Git/YT/ytmain-v6/node_modules/@vitest/runner/dist/chunk-hooks.js:154:11\n    at file:///C:/Users/A/Documents/Git/YT/ytmain-v6/node_modules/@vitest/runner/dist/chunk-hooks.js:751:26\n    at file:///C:/Users/A/Documents/Git/YT/ytmain-v6/node_modules/@vitest/runner/dist/chunk-hooks.js:1887:20\n    at new Promise (<anonymous>)\n    at runWithTimeout (file:///C:/Users/A/Documents/Git/YT/ytmain-v6/node_modules/@vitest/runner/dist/chunk-hooks.js:1853:10)","Error: promise resolved \"[]\" instead of rejecting\n    at Assertion.__VITEST_REJECTS__ (file:///C:/Users/A/Documents/Git/YT/ytmain-v6/node_modules/@vitest/expect/dist/index.js:1601:17)\n    at Assertion.propertyGetter (file:///C:/Users/A/Documents/Git/YT/ytmain-v6/node_modules/chai/chai.js:1486:27)\n    at Reflect.get (<anonymous>)\n    at Object.proxyGetter [as get] (file:///C:/Users/A/Documents/Git/YT/ytmain-v6/node_modules/chai/chai.js:1577:22)\n    at C:\\Users\\A\\Documents\\Git\\YT\\ytmain-v6\\test\\services\\youtubeService.test.ts:86:62\n    at file:///C:/Users/A/Documents/Git/YT/ytmain-v6/node_modules/@vitest/runner/dist/chunk-hooks.js:154:11\n    at file:///C:/Users/A/Documents/Git/YT/ytmain-v6/node_modules/@vitest/runner/dist/chunk-hooks.js:751:26\n    at file:///C:/Users/A/Documents/Git/YT/ytmain-v6/node_modules/@vitest/runner/dist/chunk-hooks.js:1887:20\n    at new Promise (<anonymous>)\n    at runWithTimeout (file:///C:/Users/A/Documents/Git/YT/ytmain-v6/node_modules/@vitest/runner/dist/chunk-hooks.js:1853:10)"],"location":{"line":79,"column":5},"meta":{}},{"ancestorTitles":["YouTubeService","fetchVideos"],"fullName":"YouTubeService fetchVideos should handle network errors gracefully","status":"failed","title":"should handle network errors gracefully","duration":29.687800000006973,"failureMessages":["Error: promise resolved \"[]\" instead of rejecting\n    at Assertion.__VITEST_REJECTS__ (file:///C:/Users/A/Documents/Git/YT/ytmain-v6/node_modules/@vitest/expect/dist/index.js:1601:17)\n    at Assertion.propertyGetter (file:///C:/Users/A/Documents/Git/YT/ytmain-v6/node_modules/chai/chai.js:1486:27)\n    at Reflect.get (<anonymous>)\n    at Object.proxyGetter [as get] (file:///C:/Users/A/Documents/Git/YT/ytmain-v6/node_modules/chai/chai.js:1577:22)\n    at C:\\Users\\A\\Documents\\Git\\YT\\ytmain-v6\\test\\services\\youtubeService.test.ts:92:62\n    at file:///C:/Users/A/Documents/Git/YT/ytmain-v6/node_modules/@vitest/runner/dist/chunk-hooks.js:154:11\n    at file:///C:/Users/A/Documents/Git/YT/ytmain-v6/node_modules/@vitest/runner/dist/chunk-hooks.js:751:26\n    at file:///C:/Users/A/Documents/Git/YT/ytmain-v6/node_modules/@vitest/runner/dist/chunk-hooks.js:1887:20\n    at new Promise (<anonymous>)\n    at runWithTimeout (file:///C:/Users/A/Documents/Git/YT/ytmain-v6/node_modules/@vitest/runner/dist/chunk-hooks.js:1853:10)","Error: promise resolved \"[]\" instead of rejecting\n    at Assertion.__VITEST_REJECTS__ (file:///C:/Users/A/Documents/Git/YT/ytmain-v6/node_modules/@vitest/expect/dist/index.js:1601:17)\n    at Assertion.propertyGetter (file:///C:/Users/A/Documents/Git/YT/ytmain-v6/node_modules/chai/chai.js:1486:27)\n    at Reflect.get (<anonymous>)\n    at Object.proxyGetter [as get] (file:///C:/Users/A/Documents/Git/YT/ytmain-v6/node_modules/chai/chai.js:1577:22)\n    at C:\\Users\\A\\Documents\\Git\\YT\\ytmain-v6\\test\\services\\youtubeService.test.ts:92:62\n    at file:///C:/Users/A/Documents/Git/YT/ytmain-v6/node_modules/@vitest/runner/dist/chunk-hooks.js:154:11\n    at file:///C:/Users/A/Documents/Git/YT/ytmain-v6/node_modules/@vitest/runner/dist/chunk-hooks.js:751:26\n    at file:///C:/Users/A/Documents/Git/YT/ytmain-v6/node_modules/@vitest/runner/dist/chunk-hooks.js:1887:20\n    at new Promise (<anonymous>)\n    at runWithTimeout (file:///C:/Users/A/Documents/Git/YT/ytmain-v6/node_modules/@vitest/runner/dist/chunk-hooks.js:1853:10)","Error: promise resolved \"[]\" instead of rejecting\n    at Assertion.__VITEST_REJECTS__ (file:///C:/Users/A/Documents/Git/YT/ytmain-v6/node_modules/@vitest/expect/dist/index.js:1601:17)\n    at Assertion.propertyGetter (file:///C:/Users/A/Documents/Git/YT/ytmain-v6/node_modules/chai/chai.js:1486:27)\n    at Reflect.get (<anonymous>)\n    at Object.proxyGetter [as get] (file:///C:/Users/A/Documents/Git/YT/ytmain-v6/node_modules/chai/chai.js:1577:22)\n    at C:\\Users\\A\\Documents\\Git\\YT\\ytmain-v6\\test\\services\\youtubeService.test.ts:92:62\n    at file:///C:/Users/A/Documents/Git/YT/ytmain-v6/node_modules/@vitest/runner/dist/chunk-hooks.js:154:11\n    at file:///C:/Users/A/Documents/Git/YT/ytmain-v6/node_modules/@vitest/runner/dist/chunk-hooks.js:751:26\n    at file:///C:/Users/A/Documents/Git/YT/ytmain-v6/node_modules/@vitest/runner/dist/chunk-hooks.js:1887:20\n    at new Promise (<anonymous>)\n    at runWithTimeout (file:///C:/Users/A/Documents/Git/YT/ytmain-v6/node_modules/@vitest/runner/dist/chunk-hooks.js:1853:10)"],"location":{"line":89,"column":5},"meta":{}},{"ancestorTitles":["YouTubeService","fetchVideos"],"fullName":"YouTubeService fetchVideos should use caching for repeated requests","status":"failed","title":"should use caching for repeated requests","duration":26.443299999999,"failureMessages":["AssertionError: expected \"spy\" to be called 1 times, but got 0 times\n    at C:\\Users\\A\\Documents\\Git\\YT\\ytmain-v6\\test\\services\\youtubeService.test.ts:103:25\n    at file:///C:/Users/A/Documents/Git/YT/ytmain-v6/node_modules/@vitest/runner/dist/chunk-hooks.js:751:20","AssertionError: expected \"spy\" to be called 1 times, but got 0 times\n    at C:\\Users\\A\\Documents\\Git\\YT\\ytmain-v6\\test\\services\\youtubeService.test.ts:103:25\n    at file:///C:/Users/A/Documents/Git/YT/ytmain-v6/node_modules/@vitest/runner/dist/chunk-hooks.js:751:20","AssertionError: expected \"spy\" to be called 1 times, but got 0 times\n    at C:\\Users\\A\\Documents\\Git\\YT\\ytmain-v6\\test\\services\\youtubeService.test.ts:103:25\n    at file:///C:/Users/A/Documents/Git/YT/ytmain-v6/node_modules/@vitest/runner/dist/chunk-hooks.js:751:20"],"location":{"line":95,"column":5},"meta":{}},{"ancestorTitles":["YouTubeService","fetchVideos"],"fullName":"YouTubeService fetchVideos should parse duration correctly","status":"failed","title":"should parse duration correctly","duration":21.903800000000047,"failureMessages":["TypeError: Cannot read properties of undefined (reading 'duration')\n    at C:\\Users\\A\\Documents\\Git\\YT\\ytmain-v6\\test\\services\\youtubeService.test.ts:136:26\n    at file:///C:/Users/A/Documents/Git/YT/ytmain-v6/node_modules/@vitest/runner/dist/chunk-hooks.js:751:20","TypeError: Cannot read properties of undefined (reading 'duration')\n    at C:\\Users\\A\\Documents\\Git\\YT\\ytmain-v6\\test\\services\\youtubeService.test.ts:136:26\n    at file:///C:/Users/A/Documents/Git/YT/ytmain-v6/node_modules/@vitest/runner/dist/chunk-hooks.js:751:20","TypeError: Cannot read properties of undefined (reading 'duration')\n    at C:\\Users\\A\\Documents\\Git\\YT\\ytmain-v6\\test\\services\\youtubeService.test.ts:136:26\n    at file:///C:/Users/A/Documents/Git/YT/ytmain-v6/node_modules/@vitest/runner/dist/chunk-hooks.js:751:20"],"location":{"line":110,"column":5},"meta":{}},{"ancestorTitles":["YouTubeService","fetchChannel"],"fullName":"YouTubeService fetchChannel should fetch channel successfully","status":"failed","title":"should fetch channel successfully","duration":38.63420000000042,"failureMessages":["AssertionError: expected null to match object { id: 'test-channel-1', …(7) }\n    at Proxy.<anonymous> (file:///C:/Users/A/Documents/Git/YT/ytmain-v6/node_modules/@vitest/expect/dist/index.js:1146:10)\n    at Proxy.<anonymous> (file:///C:/Users/A/Documents/Git/YT/ytmain-v6/node_modules/@vitest/expect/dist/index.js:1022:14)\n    at Proxy.methodWrapper (file:///C:/Users/A/Documents/Git/YT/ytmain-v6/node_modules/chai/chai.js:1618:25)\n    at C:\\Users\\A\\Documents\\Git\\YT\\ytmain-v6\\test\\services\\youtubeService.test.ts:174:22\n    at file:///C:/Users/A/Documents/Git/YT/ytmain-v6/node_modules/@vitest/runner/dist/chunk-hooks.js:751:20","AssertionError: expected null to match object { id: 'test-channel-1', …(7) }\n    at Proxy.<anonymous> (file:///C:/Users/A/Documents/Git/YT/ytmain-v6/node_modules/@vitest/expect/dist/index.js:1146:10)\n    at Proxy.<anonymous> (file:///C:/Users/A/Documents/Git/YT/ytmain-v6/node_modules/@vitest/expect/dist/index.js:1022:14)\n    at Proxy.methodWrapper (file:///C:/Users/A/Documents/Git/YT/ytmain-v6/node_modules/chai/chai.js:1618:25)\n    at C:\\Users\\A\\Documents\\Git\\YT\\ytmain-v6\\test\\services\\youtubeService.test.ts:174:22\n    at file:///C:/Users/A/Documents/Git/YT/ytmain-v6/node_modules/@vitest/runner/dist/chunk-hooks.js:751:20","AssertionError: expected null to match object { id: 'test-channel-1', …(7) }\n    at Proxy.<anonymous> (file:///C:/Users/A/Documents/Git/YT/ytmain-v6/node_modules/@vitest/expect/dist/index.js:1146:10)\n    at Proxy.<anonymous> (file:///C:/Users/A/Documents/Git/YT/ytmain-v6/node_modules/@vitest/expect/dist/index.js:1022:14)\n    at Proxy.methodWrapper (file:///C:/Users/A/Documents/Git/YT/ytmain-v6/node_modules/chai/chai.js:1618:25)\n    at C:\\Users\\A\\Documents\\Git\\YT\\ytmain-v6\\test\\services\\youtubeService.test.ts:174:22\n    at file:///C:/Users/A/Documents/Git/YT/ytmain-v6/node_modules/@vitest/runner/dist/chunk-hooks.js:751:20"],"location":{"line":166,"column":5},"meta":{}},{"ancestorTitles":["YouTubeService","fetchChannel"],"fullName":"YouTubeService fetchChannel should return null for empty channel ID","status":"passed","title":"should return null for empty channel ID","duration":0.6039000000018859,"failureMessages":[],"location":{"line":186,"column":5},"meta":{}},{"ancestorTitles":["YouTubeService","fetchChannel"],"fullName":"YouTubeService fetchChannel should return null when channel not found","status":"passed","title":"should return null when channel not found","duration":11.680700000004435,"failureMessages":[],"location":{"line":191,"column":5},"meta":{}},{"ancestorTitles":["YouTubeService","fetchChannel"],"fullName":"YouTubeService fetchChannel should handle API errors gracefully and return null","status":"passed","title":"should handle API errors gracefully and return null","duration":14.000700000004144,"failureMessages":[],"location":{"line":201,"column":5},"meta":{}},{"ancestorTitles":["YouTubeService","fetchChannel"],"fullName":"YouTubeService fetchChannel should format subscriber count correctly","status":"failed","title":"should format subscriber count correctly","duration":47.11010000000533,"failureMessages":["AssertionError: expected undefined to be '999' // Object.is equality\n    at C:\\Users\\A\\Documents\\Git\\YT\\ytmain-v6\\test\\services\\youtubeService.test.ts:237:41\n    at file:///C:/Users/A/Documents/Git/YT/ytmain-v6/node_modules/@vitest/runner/dist/chunk-hooks.js:751:20","AssertionError: expected undefined to be '999' // Object.is equality\n    at C:\\Users\\A\\Documents\\Git\\YT\\ytmain-v6\\test\\services\\youtubeService.test.ts:237:41\n    at file:///C:/Users/A/Documents/Git/YT/ytmain-v6/node_modules/@vitest/runner/dist/chunk-hooks.js:751:20","AssertionError: expected undefined to be '999' // Object.is equality\n    at C:\\Users\\A\\Documents\\Git\\YT\\ytmain-v6\\test\\services\\youtubeService.test.ts:237:41\n    at file:///C:/Users/A/Documents/Git/YT/ytmain-v6/node_modules/@vitest/runner/dist/chunk-hooks.js:751:20"],"location":{"line":212,"column":5},"meta":{}},{"ancestorTitles":["YouTubeService","fetchChannel"],"fullName":"YouTubeService fetchChannel should use caching for repeated requests","status":"failed","title":"should use caching for repeated requests","duration":50.02270000000135,"failureMessages":["AssertionError: expected \"spy\" to be called 1 times, but got 0 times\n    at C:\\Users\\A\\Documents\\Git\\YT\\ytmain-v6\\test\\services\\youtubeService.test.ts:249:25\n    at file:///C:/Users/A/Documents/Git/YT/ytmain-v6/node_modules/@vitest/runner/dist/chunk-hooks.js:751:20","AssertionError: expected \"spy\" to be called 1 times, but got 0 times\n    at C:\\Users\\A\\Documents\\Git\\YT\\ytmain-v6\\test\\services\\youtubeService.test.ts:249:25\n    at file:///C:/Users/A/Documents/Git/YT/ytmain-v6/node_modules/@vitest/runner/dist/chunk-hooks.js:751:20","AssertionError: expected \"spy\" to be called 1 times, but got 0 times\n    at C:\\Users\\A\\Documents\\Git\\YT\\ytmain-v6\\test\\services\\youtubeService.test.ts:249:25\n    at file:///C:/Users/A/Documents/Git/YT/ytmain-v6/node_modules/@vitest/runner/dist/chunk-hooks.js:751:20"],"location":{"line":241,"column":5},"meta":{}},{"ancestorTitles":["YouTubeService","URL Building"],"fullName":"YouTubeService URL Building should build correct URLs for video requests","status":"failed","title":"should build correct URLs for video requests","duration":36.50340000000142,"failureMessages":["AssertionError: expected \"spy\" to be called with arguments: [ StringContaining{…} ]\u001b[90m\n\nNumber of calls: \u001b[1m0\u001b[22m\n\u001b[39m\n    at Proxy.<anonymous> (file:///C:/Users/A/Documents/Git/YT/ytmain-v6/node_modules/@vitest/expect/dist/index.js:1346:10)\n    at Proxy.<anonymous> (file:///C:/Users/A/Documents/Git/YT/ytmain-v6/node_modules/@vitest/expect/dist/index.js:1022:14)\n    at Proxy.methodWrapper (file:///C:/Users/A/Documents/Git/YT/ytmain-v6/node_modules/chai/chai.js:1618:25)\n    at C:\\Users\\A\\Documents\\Git\\YT\\ytmain-v6\\test\\services\\youtubeService.test.ts:266:25\n    at file:///C:/Users/A/Documents/Git/YT/ytmain-v6/node_modules/@vitest/runner/dist/chunk-hooks.js:751:20","AssertionError: expected \"spy\" to be called with arguments: [ StringContaining{…} ]\u001b[90m\n\nNumber of calls: \u001b[1m0\u001b[22m\n\u001b[39m\n    at Proxy.<anonymous> (file:///C:/Users/A/Documents/Git/YT/ytmain-v6/node_modules/@vitest/expect/dist/index.js:1346:10)\n    at Proxy.<anonymous> (file:///C:/Users/A/Documents/Git/YT/ytmain-v6/node_modules/@vitest/expect/dist/index.js:1022:14)\n    at Proxy.methodWrapper (file:///C:/Users/A/Documents/Git/YT/ytmain-v6/node_modules/chai/chai.js:1618:25)\n    at C:\\Users\\A\\Documents\\Git\\YT\\ytmain-v6\\test\\services\\youtubeService.test.ts:266:25\n    at file:///C:/Users/A/Documents/Git/YT/ytmain-v6/node_modules/@vitest/runner/dist/chunk-hooks.js:751:20","AssertionError: expected \"spy\" to be called with arguments: [ StringContaining{…} ]\u001b[90m\n\nNumber of calls: \u001b[1m0\u001b[22m\n\u001b[39m\n    at Proxy.<anonymous> (file:///C:/Users/A/Documents/Git/YT/ytmain-v6/node_modules/@vitest/expect/dist/index.js:1346:10)\n    at Proxy.<anonymous> (file:///C:/Users/A/Documents/Git/YT/ytmain-v6/node_modules/@vitest/expect/dist/index.js:1022:14)\n    at Proxy.methodWrapper (file:///C:/Users/A/Documents/Git/YT/ytmain-v6/node_modules/chai/chai.js:1618:25)\n    at C:\\Users\\A\\Documents\\Git\\YT\\ytmain-v6\\test\\services\\youtubeService.test.ts:266:25\n    at file:///C:/Users/A/Documents/Git/YT/ytmain-v6/node_modules/@vitest/runner/dist/chunk-hooks.js:751:20"],"location":{"line":258,"column":5},"meta":{}},{"ancestorTitles":["YouTubeService","URL Building"],"fullName":"YouTubeService URL Building should build correct URLs for channel requests","status":"failed","title":"should build correct URLs for channel requests","duration":50.361400000001595,"failureMessages":["AssertionError: expected \"spy\" to be called with arguments: [ StringContaining{…} ]\u001b[90m\n\nNumber of calls: \u001b[1m0\u001b[22m\n\u001b[39m\n    at Proxy.<anonymous> (file:///C:/Users/A/Documents/Git/YT/ytmain-v6/node_modules/@vitest/expect/dist/index.js:1346:10)\n    at Proxy.<anonymous> (file:///C:/Users/A/Documents/Git/YT/ytmain-v6/node_modules/@vitest/expect/dist/index.js:1022:14)\n    at Proxy.methodWrapper (file:///C:/Users/A/Documents/Git/YT/ytmain-v6/node_modules/chai/chai.js:1618:25)\n    at C:\\Users\\A\\Documents\\Git\\YT\\ytmain-v6\\test\\services\\youtubeService.test.ts:285:25\n    at file:///C:/Users/A/Documents/Git/YT/ytmain-v6/node_modules/@vitest/runner/dist/chunk-hooks.js:751:20","AssertionError: expected \"spy\" to be called with arguments: [ StringContaining{…} ]\u001b[90m\n\nNumber of calls: \u001b[1m0\u001b[22m\n\u001b[39m\n    at Proxy.<anonymous> (file:///C:/Users/A/Documents/Git/YT/ytmain-v6/node_modules/@vitest/expect/dist/index.js:1346:10)\n    at Proxy.<anonymous> (file:///C:/Users/A/Documents/Git/YT/ytmain-v6/node_modules/@vitest/expect/dist/index.js:1022:14)\n    at Proxy.methodWrapper (file:///C:/Users/A/Documents/Git/YT/ytmain-v6/node_modules/chai/chai.js:1618:25)\n    at C:\\Users\\A\\Documents\\Git\\YT\\ytmain-v6\\test\\services\\youtubeService.test.ts:285:25\n    at file:///C:/Users/A/Documents/Git/YT/ytmain-v6/node_modules/@vitest/runner/dist/chunk-hooks.js:751:20","AssertionError: expected \"spy\" to be called with arguments: [ StringContaining{…} ]\u001b[90m\n\nNumber of calls: \u001b[1m0\u001b[22m\n\u001b[39m\n    at Proxy.<anonymous> (file:///C:/Users/A/Documents/Git/YT/ytmain-v6/node_modules/@vitest/expect/dist/index.js:1346:10)\n    at Proxy.<anonymous> (file:///C:/Users/A/Documents/Git/YT/ytmain-v6/node_modules/@vitest/expect/dist/index.js:1022:14)\n    at Proxy.methodWrapper (file:///C:/Users/A/Documents/Git/YT/ytmain-v6/node_modules/chai/chai.js:1618:25)\n    at C:\\Users\\A\\Documents\\Git\\YT\\ytmain-v6\\test\\services\\youtubeService.test.ts:285:25\n    at file:///C:/Users/A/Documents/Git/YT/ytmain-v6/node_modules/@vitest/runner/dist/chunk-hooks.js:751:20"],"location":{"line":277,"column":5},"meta":{}},{"ancestorTitles":["YouTubeService","buildUrl with different MODE values"],"fullName":"YouTubeService buildUrl with different MODE values should use proxy endpoint in development mode","status":"failed","title":"should use proxy endpoint in development mode","duration":33.050999999999476,"failureMessages":["AssertionError: expected \"spy\" to be called with arguments: [ StringContaining{…} ]\u001b[90m\n\nNumber of calls: \u001b[1m0\u001b[22m\n\u001b[39m\n    at Proxy.<anonymous> (file:///C:/Users/A/Documents/Git/YT/ytmain-v6/node_modules/@vitest/expect/dist/index.js:1346:10)\n    at Proxy.<anonymous> (file:///C:/Users/A/Documents/Git/YT/ytmain-v6/node_modules/@vitest/expect/dist/index.js:1022:14)\n    at Proxy.methodWrapper (file:///C:/Users/A/Documents/Git/YT/ytmain-v6/node_modules/chai/chai.js:1618:25)\n    at C:\\Users\\A\\Documents\\Git\\YT\\ytmain-v6\\test\\services\\youtubeService.test.ts:338:25\n    at file:///C:/Users/A/Documents/Git/YT/ytmain-v6/node_modules/@vitest/runner/dist/chunk-hooks.js:751:20","AssertionError: expected \"spy\" to be called with arguments: [ StringContaining{…} ]\u001b[90m\n\nNumber of calls: \u001b[1m0\u001b[22m\n\u001b[39m\n    at Proxy.<anonymous> (file:///C:/Users/A/Documents/Git/YT/ytmain-v6/node_modules/@vitest/expect/dist/index.js:1346:10)\n    at Proxy.<anonymous> (file:///C:/Users/A/Documents/Git/YT/ytmain-v6/node_modules/@vitest/expect/dist/index.js:1022:14)\n    at Proxy.methodWrapper (file:///C:/Users/A/Documents/Git/YT/ytmain-v6/node_modules/chai/chai.js:1618:25)\n    at C:\\Users\\A\\Documents\\Git\\YT\\ytmain-v6\\test\\services\\youtubeService.test.ts:338:25\n    at file:///C:/Users/A/Documents/Git/YT/ytmain-v6/node_modules/@vitest/runner/dist/chunk-hooks.js:751:20","AssertionError: expected \"spy\" to be called with arguments: [ StringContaining{…} ]\u001b[90m\n\nNumber of calls: \u001b[1m0\u001b[22m\n\u001b[39m\n    at Proxy.<anonymous> (file:///C:/Users/A/Documents/Git/YT/ytmain-v6/node_modules/@vitest/expect/dist/index.js:1346:10)\n    at Proxy.<anonymous> (file:///C:/Users/A/Documents/Git/YT/ytmain-v6/node_modules/@vitest/expect/dist/index.js:1022:14)\n    at Proxy.methodWrapper (file:///C:/Users/A/Documents/Git/YT/ytmain-v6/node_modules/chai/chai.js:1618:25)\n    at C:\\Users\\A\\Documents\\Git\\YT\\ytmain-v6\\test\\services\\youtubeService.test.ts:338:25\n    at file:///C:/Users/A/Documents/Git/YT/ytmain-v6/node_modules/@vitest/runner/dist/chunk-hooks.js:751:20"],"location":{"line":313,"column":5},"meta":{}},{"ancestorTitles":["YouTubeService","buildUrl with different MODE values"],"fullName":"YouTubeService buildUrl with different MODE values should use direct Google API endpoint in production mode","status":"failed","title":"should use direct Google API endpoint in production mode","duration":54.46700000000419,"failureMessages":["AssertionError: expected \"spy\" to be called with arguments: [ StringContaining{…} ]\u001b[90m\n\nNumber of calls: \u001b[1m0\u001b[22m\n\u001b[39m\n    at Proxy.<anonymous> (file:///C:/Users/A/Documents/Git/YT/ytmain-v6/node_modules/@vitest/expect/dist/index.js:1346:10)\n    at Proxy.<anonymous> (file:///C:/Users/A/Documents/Git/YT/ytmain-v6/node_modules/@vitest/expect/dist/index.js:1022:14)\n    at Proxy.methodWrapper (file:///C:/Users/A/Documents/Git/YT/ytmain-v6/node_modules/chai/chai.js:1618:25)\n    at C:\\Users\\A\\Documents\\Git\\YT\\ytmain-v6\\test\\services\\youtubeService.test.ts:364:25\n    at file:///C:/Users/A/Documents/Git/YT/ytmain-v6/node_modules/@vitest/runner/dist/chunk-hooks.js:751:20","AssertionError: expected \"spy\" to be called with arguments: [ StringContaining{…} ]\u001b[90m\n\nNumber of calls: \u001b[1m0\u001b[22m\n\u001b[39m\n    at Proxy.<anonymous> (file:///C:/Users/A/Documents/Git/YT/ytmain-v6/node_modules/@vitest/expect/dist/index.js:1346:10)\n    at Proxy.<anonymous> (file:///C:/Users/A/Documents/Git/YT/ytmain-v6/node_modules/@vitest/expect/dist/index.js:1022:14)\n    at Proxy.methodWrapper (file:///C:/Users/A/Documents/Git/YT/ytmain-v6/node_modules/chai/chai.js:1618:25)\n    at C:\\Users\\A\\Documents\\Git\\YT\\ytmain-v6\\test\\services\\youtubeService.test.ts:364:25\n    at file:///C:/Users/A/Documents/Git/YT/ytmain-v6/node_modules/@vitest/runner/dist/chunk-hooks.js:751:20","AssertionError: expected \"spy\" to be called with arguments: [ StringContaining{…} ]\u001b[90m\n\nNumber of calls: \u001b[1m0\u001b[22m\n\u001b[39m\n    at Proxy.<anonymous> (file:///C:/Users/A/Documents/Git/YT/ytmain-v6/node_modules/@vitest/expect/dist/index.js:1346:10)\n    at Proxy.<anonymous> (file:///C:/Users/A/Documents/Git/YT/ytmain-v6/node_modules/@vitest/expect/dist/index.js:1022:14)\n    at Proxy.methodWrapper (file:///C:/Users/A/Documents/Git/YT/ytmain-v6/node_modules/chai/chai.js:1618:25)\n    at C:\\Users\\A\\Documents\\Git\\YT\\ytmain-v6\\test\\services\\youtubeService.test.ts:364:25\n    at file:///C:/Users/A/Documents/Git/YT/ytmain-v6/node_modules/@vitest/runner/dist/chunk-hooks.js:751:20"],"location":{"line":346,"column":5},"meta":{}},{"ancestorTitles":["YouTubeService","buildUrl with different MODE values"],"fullName":"YouTubeService buildUrl with different MODE values should use direct Google API endpoint in test mode","status":"failed","title":"should use direct Google API endpoint in test mode","duration":35.48720000000321,"failureMessages":["AssertionError: expected \"spy\" to be called with arguments: [ StringContaining{…} ]\u001b[90m\n\nNumber of calls: \u001b[1m0\u001b[22m\n\u001b[39m\n    at Proxy.<anonymous> (file:///C:/Users/A/Documents/Git/YT/ytmain-v6/node_modules/@vitest/expect/dist/index.js:1346:10)\n    at Proxy.<anonymous> (file:///C:/Users/A/Documents/Git/YT/ytmain-v6/node_modules/@vitest/expect/dist/index.js:1022:14)\n    at Proxy.methodWrapper (file:///C:/Users/A/Documents/Git/YT/ytmain-v6/node_modules/chai/chai.js:1618:25)\n    at C:\\Users\\A\\Documents\\Git\\YT\\ytmain-v6\\test\\services\\youtubeService.test.ts:390:25\n    at file:///C:/Users/A/Documents/Git/YT/ytmain-v6/node_modules/@vitest/runner/dist/chunk-hooks.js:751:20","AssertionError: expected \"spy\" to be called with arguments: [ StringContaining{…} ]\u001b[90m\n\nNumber of calls: \u001b[1m0\u001b[22m\n\u001b[39m\n    at Proxy.<anonymous> (file:///C:/Users/A/Documents/Git/YT/ytmain-v6/node_modules/@vitest/expect/dist/index.js:1346:10)\n    at Proxy.<anonymous> (file:///C:/Users/A/Documents/Git/YT/ytmain-v6/node_modules/@vitest/expect/dist/index.js:1022:14)\n    at Proxy.methodWrapper (file:///C:/Users/A/Documents/Git/YT/ytmain-v6/node_modules/chai/chai.js:1618:25)\n    at C:\\Users\\A\\Documents\\Git\\YT\\ytmain-v6\\test\\services\\youtubeService.test.ts:390:25\n    at file:///C:/Users/A/Documents/Git/YT/ytmain-v6/node_modules/@vitest/runner/dist/chunk-hooks.js:751:20","AssertionError: expected \"spy\" to be called with arguments: [ StringContaining{…} ]\u001b[90m\n\nNumber of calls: \u001b[1m0\u001b[22m\n\u001b[39m\n    at Proxy.<anonymous> (file:///C:/Users/A/Documents/Git/YT/ytmain-v6/node_modules/@vitest/expect/dist/index.js:1346:10)\n    at Proxy.<anonymous> (file:///C:/Users/A/Documents/Git/YT/ytmain-v6/node_modules/@vitest/expect/dist/index.js:1022:14)\n    at Proxy.methodWrapper (file:///C:/Users/A/Documents/Git/YT/ytmain-v6/node_modules/chai/chai.js:1618:25)\n    at C:\\Users\\A\\Documents\\Git\\YT\\ytmain-v6\\test\\services\\youtubeService.test.ts:390:25\n    at file:///C:/Users/A/Documents/Git/YT/ytmain-v6/node_modules/@vitest/runner/dist/chunk-hooks.js:751:20"],"location":{"line":372,"column":5},"meta":{}},{"ancestorTitles":["YouTubeService","buildUrl with different MODE values"],"fullName":"YouTubeService buildUrl with different MODE values should use direct Google API endpoint for custom build modes","status":"failed","title":"should use direct Google API endpoint for custom build modes","duration":37.08020000000397,"failureMessages":["AssertionError: expected \"spy\" to be called with arguments: [ StringContaining{…} ]\u001b[90m\n\nNumber of calls: \u001b[1m0\u001b[22m\n\u001b[39m\n    at Proxy.<anonymous> (file:///C:/Users/A/Documents/Git/YT/ytmain-v6/node_modules/@vitest/expect/dist/index.js:1346:10)\n    at Proxy.<anonymous> (file:///C:/Users/A/Documents/Git/YT/ytmain-v6/node_modules/@vitest/expect/dist/index.js:1022:14)\n    at Proxy.methodWrapper (file:///C:/Users/A/Documents/Git/YT/ytmain-v6/node_modules/chai/chai.js:1618:25)\n    at C:\\Users\\A\\Documents\\Git\\YT\\ytmain-v6\\test\\services\\youtubeService.test.ts:416:25\n    at file:///C:/Users/A/Documents/Git/YT/ytmain-v6/node_modules/@vitest/runner/dist/chunk-hooks.js:751:20","AssertionError: expected \"spy\" to be called with arguments: [ StringContaining{…} ]\u001b[90m\n\nNumber of calls: \u001b[1m0\u001b[22m\n\u001b[39m\n    at Proxy.<anonymous> (file:///C:/Users/A/Documents/Git/YT/ytmain-v6/node_modules/@vitest/expect/dist/index.js:1346:10)\n    at Proxy.<anonymous> (file:///C:/Users/A/Documents/Git/YT/ytmain-v6/node_modules/@vitest/expect/dist/index.js:1022:14)\n    at Proxy.methodWrapper (file:///C:/Users/A/Documents/Git/YT/ytmain-v6/node_modules/chai/chai.js:1618:25)\n    at C:\\Users\\A\\Documents\\Git\\YT\\ytmain-v6\\test\\services\\youtubeService.test.ts:416:25\n    at file:///C:/Users/A/Documents/Git/YT/ytmain-v6/node_modules/@vitest/runner/dist/chunk-hooks.js:751:20","AssertionError: expected \"spy\" to be called with arguments: [ StringContaining{…} ]\u001b[90m\n\nNumber of calls: \u001b[1m0\u001b[22m\n\u001b[39m\n    at Proxy.<anonymous> (file:///C:/Users/A/Documents/Git/YT/ytmain-v6/node_modules/@vitest/expect/dist/index.js:1346:10)\n    at Proxy.<anonymous> (file:///C:/Users/A/Documents/Git/YT/ytmain-v6/node_modules/@vitest/expect/dist/index.js:1022:14)\n    at Proxy.methodWrapper (file:///C:/Users/A/Documents/Git/YT/ytmain-v6/node_modules/chai/chai.js:1618:25)\n    at C:\\Users\\A\\Documents\\Git\\YT\\ytmain-v6\\test\\services\\youtubeService.test.ts:416:25\n    at file:///C:/Users/A/Documents/Git/YT/ytmain-v6/node_modules/@vitest/runner/dist/chunk-hooks.js:751:20"],"location":{"line":398,"column":5},"meta":{}},{"ancestorTitles":["YouTubeService","buildUrl with different MODE values"],"fullName":"YouTubeService buildUrl with different MODE values should properly construct URLs with parameters for different endpoints","status":"failed","title":"should properly construct URLs with parameters for different endpoints","duration":38.81579999999667,"failureMessages":["AssertionError: expected \"spy\" to be called with arguments: [ StringMatching{…} ]\u001b[90m\n\nNumber of calls: \u001b[1m0\u001b[22m\n\u001b[39m\n    at Proxy.<anonymous> (file:///C:/Users/A/Documents/Git/YT/ytmain-v6/node_modules/@vitest/expect/dist/index.js:1346:10)\n    at Proxy.<anonymous> (file:///C:/Users/A/Documents/Git/YT/ytmain-v6/node_modules/@vitest/expect/dist/index.js:1022:14)\n    at Proxy.methodWrapper (file:///C:/Users/A/Documents/Git/YT/ytmain-v6/node_modules/chai/chai.js:1618:25)\n    at C:\\Users\\A\\Documents\\Git\\YT\\ytmain-v6\\test\\services\\youtubeService.test.ts:448:25\n    at file:///C:/Users/A/Documents/Git/YT/ytmain-v6/node_modules/@vitest/runner/dist/chunk-hooks.js:751:20","AssertionError: expected \"spy\" to be called with arguments: [ StringMatching{…} ]\u001b[90m\n\nNumber of calls: \u001b[1m0\u001b[22m\n\u001b[39m\n    at Proxy.<anonymous> (file:///C:/Users/A/Documents/Git/YT/ytmain-v6/node_modules/@vitest/expect/dist/index.js:1346:10)\n    at Proxy.<anonymous> (file:///C:/Users/A/Documents/Git/YT/ytmain-v6/node_modules/@vitest/expect/dist/index.js:1022:14)\n    at Proxy.methodWrapper (file:///C:/Users/A/Documents/Git/YT/ytmain-v6/node_modules/chai/chai.js:1618:25)\n    at C:\\Users\\A\\Documents\\Git\\YT\\ytmain-v6\\test\\services\\youtubeService.test.ts:448:25\n    at file:///C:/Users/A/Documents/Git/YT/ytmain-v6/node_modules/@vitest/runner/dist/chunk-hooks.js:751:20","AssertionError: expected \"spy\" to be called with arguments: [ StringMatching{…} ]\u001b[90m\n\nNumber of calls: \u001b[1m0\u001b[22m\n\u001b[39m\n    at Proxy.<anonymous> (file:///C:/Users/A/Documents/Git/YT/ytmain-v6/node_modules/@vitest/expect/dist/index.js:1346:10)\n    at Proxy.<anonymous> (file:///C:/Users/A/Documents/Git/YT/ytmain-v6/node_modules/@vitest/expect/dist/index.js:1022:14)\n    at Proxy.methodWrapper (file:///C:/Users/A/Documents/Git/YT/ytmain-v6/node_modules/chai/chai.js:1618:25)\n    at C:\\Users\\A\\Documents\\Git\\YT\\ytmain-v6\\test\\services\\youtubeService.test.ts:448:25\n    at file:///C:/Users/A/Documents/Git/YT/ytmain-v6/node_modules/@vitest/runner/dist/chunk-hooks.js:751:20"],"location":{"line":424,"column":5},"meta":{}},{"ancestorTitles":["YouTubeService","buildUrl with different MODE values"],"fullName":"YouTubeService buildUrl with different MODE values should handle missing API key gracefully","status":"failed","title":"should handle missing API key gracefully","duration":31.634699999995064,"failureMessages":["AssertionError: expected \"spy\" to be called with arguments: [ StringContaining \"key=\" ]\u001b[90m\n\nNumber of calls: \u001b[1m0\u001b[22m\n\u001b[39m\n    at Proxy.<anonymous> (file:///C:/Users/A/Documents/Git/YT/ytmain-v6/node_modules/@vitest/expect/dist/index.js:1346:10)\n    at Proxy.<anonymous> (file:///C:/Users/A/Documents/Git/YT/ytmain-v6/node_modules/@vitest/expect/dist/index.js:1022:14)\n    at Proxy.methodWrapper (file:///C:/Users/A/Documents/Git/YT/ytmain-v6/node_modules/chai/chai.js:1618:25)\n    at C:\\Users\\A\\Documents\\Git\\YT\\ytmain-v6\\test\\services\\youtubeService.test.ts:473:25\n    at file:///C:/Users/A/Documents/Git/YT/ytmain-v6/node_modules/@vitest/runner/dist/chunk-hooks.js:751:20","AssertionError: expected \"spy\" to be called with arguments: [ StringContaining \"key=\" ]\u001b[90m\n\nNumber of calls: \u001b[1m0\u001b[22m\n\u001b[39m\n    at Proxy.<anonymous> (file:///C:/Users/A/Documents/Git/YT/ytmain-v6/node_modules/@vitest/expect/dist/index.js:1346:10)\n    at Proxy.<anonymous> (file:///C:/Users/A/Documents/Git/YT/ytmain-v6/node_modules/@vitest/expect/dist/index.js:1022:14)\n    at Proxy.methodWrapper (file:///C:/Users/A/Documents/Git/YT/ytmain-v6/node_modules/chai/chai.js:1618:25)\n    at C:\\Users\\A\\Documents\\Git\\YT\\ytmain-v6\\test\\services\\youtubeService.test.ts:473:25\n    at file:///C:/Users/A/Documents/Git/YT/ytmain-v6/node_modules/@vitest/runner/dist/chunk-hooks.js:751:20","AssertionError: expected \"spy\" to be called with arguments: [ StringContaining \"key=\" ]\u001b[90m\n\nNumber of calls: \u001b[1m0\u001b[22m\n\u001b[39m\n    at Proxy.<anonymous> (file:///C:/Users/A/Documents/Git/YT/ytmain-v6/node_modules/@vitest/expect/dist/index.js:1346:10)\n    at Proxy.<anonymous> (file:///C:/Users/A/Documents/Git/YT/ytmain-v6/node_modules/@vitest/expect/dist/index.js:1022:14)\n    at Proxy.methodWrapper (file:///C:/Users/A/Documents/Git/YT/ytmain-v6/node_modules/chai/chai.js:1618:25)\n    at C:\\Users\\A\\Documents\\Git\\YT\\ytmain-v6\\test\\services\\youtubeService.test.ts:473:25\n    at file:///C:/Users/A/Documents/Git/YT/ytmain-v6/node_modules/@vitest/runner/dist/chunk-hooks.js:751:20"],"location":{"line":455,"column":5},"meta":{}},{"ancestorTitles":["YouTubeService","buildUrl with different MODE values"],"fullName":"YouTubeService buildUrl with different MODE values should preserve all query parameters in built URLs","status":"failed","title":"should preserve all query parameters in built URLs","duration":28.31640000000334,"failureMessages":["TypeError: Cannot read properties of undefined (reading '0')\n    at C:\\Users\\A\\Documents\\Git\\YT\\ytmain-v6\\test\\services\\youtubeService.test.ts:499:45\n    at file:///C:/Users/A/Documents/Git/YT/ytmain-v6/node_modules/@vitest/runner/dist/chunk-hooks.js:751:20","TypeError: Cannot read properties of undefined (reading '0')\n    at C:\\Users\\A\\Documents\\Git\\YT\\ytmain-v6\\test\\services\\youtubeService.test.ts:499:45\n    at file:///C:/Users/A/Documents/Git/YT/ytmain-v6/node_modules/@vitest/runner/dist/chunk-hooks.js:751:20","TypeError: Cannot read properties of undefined (reading '0')\n    at C:\\Users\\A\\Documents\\Git\\YT\\ytmain-v6\\test\\services\\youtubeService.test.ts:499:45\n    at file:///C:/Users/A/Documents/Git/YT/ytmain-v6/node_modules/@vitest/runner/dist/chunk-hooks.js:751:20"],"location":{"line":482,"column":5},"meta":{}},{"ancestorTitles":["YouTubeService","Cache Management"],"fullName":"YouTubeService Cache Management should clear cache successfully","status":"passed","title":"should clear cache successfully","duration":1.7880999999979394,"failureMessages":[],"location":{"line":511,"column":5},"meta":{}},{"ancestorTitles":["YouTubeService","Cache Management"],"fullName":"YouTubeService Cache Management should cache requests with proper TTL","status":"failed","title":"should cache requests with proper TTL","duration":25.25920000000042,"failureMessages":["AssertionError: expected \"spy\" to be called 1 times, but got 0 times\n    at C:\\Users\\A\\Documents\\Git\\YT\\ytmain-v6\\test\\services\\youtubeService.test.ts:523:25\n    at file:///C:/Users/A/Documents/Git/YT/ytmain-v6/node_modules/@vitest/runner/dist/chunk-hooks.js:751:20","AssertionError: expected \"spy\" to be called 1 times, but got 0 times\n    at C:\\Users\\A\\Documents\\Git\\YT\\ytmain-v6\\test\\services\\youtubeService.test.ts:523:25\n    at file:///C:/Users/A/Documents/Git/YT/ytmain-v6/node_modules/@vitest/runner/dist/chunk-hooks.js:751:20","AssertionError: expected \"spy\" to be called 1 times, but got 0 times\n    at C:\\Users\\A\\Documents\\Git\\YT\\ytmain-v6\\test\\services\\youtubeService.test.ts:523:25\n    at file:///C:/Users/A/Documents/Git/YT/ytmain-v6/node_modules/@vitest/runner/dist/chunk-hooks.js:751:20"],"location":{"line":515,"column":5},"meta":{}},{"ancestorTitles":["YouTubeService","Edge Cases"],"fullName":"YouTubeService Edge Cases should handle missing thumbnail URLs","status":"failed","title":"should handle missing thumbnail URLs","duration":1.6978999999992084,"failureMessages":["ReferenceError: mockYouTubeVideoResponse is not defined\n    at C:\\Users\\A\\Documents\\Git\\YT\\ytmain-v6\\test\\services\\youtubeService.test.ts:538:14\n    at file:///C:/Users/A/Documents/Git/YT/ytmain-v6/node_modules/@vitest/runner/dist/chunk-hooks.js:154:11\n    at file:///C:/Users/A/Documents/Git/YT/ytmain-v6/node_modules/@vitest/runner/dist/chunk-hooks.js:751:26\n    at file:///C:/Users/A/Documents/Git/YT/ytmain-v6/node_modules/@vitest/runner/dist/chunk-hooks.js:1887:20\n    at new Promise (<anonymous>)\n    at runWithTimeout (file:///C:/Users/A/Documents/Git/YT/ytmain-v6/node_modules/@vitest/runner/dist/chunk-hooks.js:1853:10)\n    at runTest (file:///C:/Users/A/Documents/Git/YT/ytmain-v6/node_modules/@vitest/runner/dist/chunk-hooks.js:1564:12)\n    at runSuite (file:///C:/Users/A/Documents/Git/YT/ytmain-v6/node_modules/@vitest/runner/dist/chunk-hooks.js:1719:8)\n    at runSuite (file:///C:/Users/A/Documents/Git/YT/ytmain-v6/node_modules/@vitest/runner/dist/chunk-hooks.js:1719:8)\n    at runSuite (file:///C:/Users/A/Documents/Git/YT/ytmain-v6/node_modules/@vitest/runner/dist/chunk-hooks.js:1719:8)","ReferenceError: mockYouTubeVideoResponse is not defined\n    at C:\\Users\\A\\Documents\\Git\\YT\\ytmain-v6\\test\\services\\youtubeService.test.ts:538:14\n    at file:///C:/Users/A/Documents/Git/YT/ytmain-v6/node_modules/@vitest/runner/dist/chunk-hooks.js:154:11\n    at file:///C:/Users/A/Documents/Git/YT/ytmain-v6/node_modules/@vitest/runner/dist/chunk-hooks.js:751:26\n    at file:///C:/Users/A/Documents/Git/YT/ytmain-v6/node_modules/@vitest/runner/dist/chunk-hooks.js:1887:20\n    at new Promise (<anonymous>)\n    at runWithTimeout (file:///C:/Users/A/Documents/Git/YT/ytmain-v6/node_modules/@vitest/runner/dist/chunk-hooks.js:1853:10)\n    at runTest (file:///C:/Users/A/Documents/Git/YT/ytmain-v6/node_modules/@vitest/runner/dist/chunk-hooks.js:1564:12)\n    at runSuite (file:///C:/Users/A/Documents/Git/YT/ytmain-v6/node_modules/@vitest/runner/dist/chunk-hooks.js:1719:8)\n    at runSuite (file:///C:/Users/A/Documents/Git/YT/ytmain-v6/node_modules/@vitest/runner/dist/chunk-hooks.js:1719:8)\n    at runSuite (file:///C:/Users/A/Documents/Git/YT/ytmain-v6/node_modules/@vitest/runner/dist/chunk-hooks.js:1719:8)","ReferenceError: mockYouTubeVideoResponse is not defined\n    at C:\\Users\\A\\Documents\\Git\\YT\\ytmain-v6\\test\\services\\youtubeService.test.ts:538:14\n    at file:///C:/Users/A/Documents/Git/YT/ytmain-v6/node_modules/@vitest/runner/dist/chunk-hooks.js:154:11\n    at file:///C:/Users/A/Documents/Git/YT/ytmain-v6/node_modules/@vitest/runner/dist/chunk-hooks.js:751:26\n    at file:///C:/Users/A/Documents/Git/YT/ytmain-v6/node_modules/@vitest/runner/dist/chunk-hooks.js:1887:20\n    at new Promise (<anonymous>)\n    at runWithTimeout (file:///C:/Users/A/Documents/Git/YT/ytmain-v6/node_modules/@vitest/runner/dist/chunk-hooks.js:1853:10)\n    at runTest (file:///C:/Users/A/Documents/Git/YT/ytmain-v6/node_modules/@vitest/runner/dist/chunk-hooks.js:1564:12)\n    at runSuite (file:///C:/Users/A/Documents/Git/YT/ytmain-v6/node_modules/@vitest/runner/dist/chunk-hooks.js:1719:8)\n    at runSuite (file:///C:/Users/A/Documents/Git/YT/ytmain-v6/node_modules/@vitest/runner/dist/chunk-hooks.js:1719:8)\n    at runSuite (file:///C:/Users/A/Documents/Git/YT/ytmain-v6/node_modules/@vitest/runner/dist/chunk-hooks.js:1719:8)"],"location":{"line":535,"column":5},"meta":{}},{"ancestorTitles":["YouTubeService","Edge Cases"],"fullName":"YouTubeService Edge Cases should handle missing statistics","status":"failed","title":"should handle missing statistics","duration":1.6236000000062631,"failureMessages":["ReferenceError: mockYouTubeVideoResponse is not defined\n    at C:\\Users\\A\\Documents\\Git\\YT\\ytmain-v6\\test\\services\\youtubeService.test.ts:558:14\n    at file:///C:/Users/A/Documents/Git/YT/ytmain-v6/node_modules/@vitest/runner/dist/chunk-hooks.js:154:11\n    at file:///C:/Users/A/Documents/Git/YT/ytmain-v6/node_modules/@vitest/runner/dist/chunk-hooks.js:751:26\n    at file:///C:/Users/A/Documents/Git/YT/ytmain-v6/node_modules/@vitest/runner/dist/chunk-hooks.js:1887:20\n    at new Promise (<anonymous>)\n    at runWithTimeout (file:///C:/Users/A/Documents/Git/YT/ytmain-v6/node_modules/@vitest/runner/dist/chunk-hooks.js:1853:10)\n    at runTest (file:///C:/Users/A/Documents/Git/YT/ytmain-v6/node_modules/@vitest/runner/dist/chunk-hooks.js:1564:12)\n    at runSuite (file:///C:/Users/A/Documents/Git/YT/ytmain-v6/node_modules/@vitest/runner/dist/chunk-hooks.js:1719:8)\n    at runSuite (file:///C:/Users/A/Documents/Git/YT/ytmain-v6/node_modules/@vitest/runner/dist/chunk-hooks.js:1719:8)\n    at runSuite (file:///C:/Users/A/Documents/Git/YT/ytmain-v6/node_modules/@vitest/runner/dist/chunk-hooks.js:1719:8)","ReferenceError: mockYouTubeVideoResponse is not defined\n    at C:\\Users\\A\\Documents\\Git\\YT\\ytmain-v6\\test\\services\\youtubeService.test.ts:558:14\n    at file:///C:/Users/A/Documents/Git/YT/ytmain-v6/node_modules/@vitest/runner/dist/chunk-hooks.js:154:11\n    at file:///C:/Users/A/Documents/Git/YT/ytmain-v6/node_modules/@vitest/runner/dist/chunk-hooks.js:751:26\n    at file:///C:/Users/A/Documents/Git/YT/ytmain-v6/node_modules/@vitest/runner/dist/chunk-hooks.js:1887:20\n    at new Promise (<anonymous>)\n    at runWithTimeout (file:///C:/Users/A/Documents/Git/YT/ytmain-v6/node_modules/@vitest/runner/dist/chunk-hooks.js:1853:10)\n    at runTest (file:///C:/Users/A/Documents/Git/YT/ytmain-v6/node_modules/@vitest/runner/dist/chunk-hooks.js:1564:12)\n    at runSuite (file:///C:/Users/A/Documents/Git/YT/ytmain-v6/node_modules/@vitest/runner/dist/chunk-hooks.js:1719:8)\n    at runSuite (file:///C:/Users/A/Documents/Git/YT/ytmain-v6/node_modules/@vitest/runner/dist/chunk-hooks.js:1719:8)\n    at runSuite (file:///C:/Users/A/Documents/Git/YT/ytmain-v6/node_modules/@vitest/runner/dist/chunk-hooks.js:1719:8)","ReferenceError: mockYouTubeVideoResponse is not defined\n    at C:\\Users\\A\\Documents\\Git\\YT\\ytmain-v6\\test\\services\\youtubeService.test.ts:558:14\n    at file:///C:/Users/A/Documents/Git/YT/ytmain-v6/node_modules/@vitest/runner/dist/chunk-hooks.js:154:11\n    at file:///C:/Users/A/Documents/Git/YT/ytmain-v6/node_modules/@vitest/runner/dist/chunk-hooks.js:751:26\n    at file:///C:/Users/A/Documents/Git/YT/ytmain-v6/node_modules/@vitest/runner/dist/chunk-hooks.js:1887:20\n    at new Promise (<anonymous>)\n    at runWithTimeout (file:///C:/Users/A/Documents/Git/YT/ytmain-v6/node_modules/@vitest/runner/dist/chunk-hooks.js:1853:10)\n    at runTest (file:///C:/Users/A/Documents/Git/YT/ytmain-v6/node_modules/@vitest/runner/dist/chunk-hooks.js:1564:12)\n    at runSuite (file:///C:/Users/A/Documents/Git/YT/ytmain-v6/node_modules/@vitest/runner/dist/chunk-hooks.js:1719:8)\n    at runSuite (file:///C:/Users/A/Documents/Git/YT/ytmain-v6/node_modules/@vitest/runner/dist/chunk-hooks.js:1719:8)\n    at runSuite (file:///C:/Users/A/Documents/Git/YT/ytmain-v6/node_modules/@vitest/runner/dist/chunk-hooks.js:1719:8)"],"location":{"line":555,"column":5},"meta":{}},{"ancestorTitles":["YouTubeService","Edge Cases"],"fullName":"YouTubeService Edge Cases should handle invalid duration format","status":"failed","title":"should handle invalid duration format","duration":1.565600000001723,"failureMessages":["ReferenceError: mockYouTubeVideoResponse is not defined\n    at C:\\Users\\A\\Documents\\Git\\YT\\ytmain-v6\\test\\services\\youtubeService.test.ts:577:14\n    at file:///C:/Users/A/Documents/Git/YT/ytmain-v6/node_modules/@vitest/runner/dist/chunk-hooks.js:154:11\n    at file:///C:/Users/A/Documents/Git/YT/ytmain-v6/node_modules/@vitest/runner/dist/chunk-hooks.js:751:26\n    at file:///C:/Users/A/Documents/Git/YT/ytmain-v6/node_modules/@vitest/runner/dist/chunk-hooks.js:1887:20\n    at new Promise (<anonymous>)\n    at runWithTimeout (file:///C:/Users/A/Documents/Git/YT/ytmain-v6/node_modules/@vitest/runner/dist/chunk-hooks.js:1853:10)\n    at runTest (file:///C:/Users/A/Documents/Git/YT/ytmain-v6/node_modules/@vitest/runner/dist/chunk-hooks.js:1564:12)\n    at runSuite (file:///C:/Users/A/Documents/Git/YT/ytmain-v6/node_modules/@vitest/runner/dist/chunk-hooks.js:1719:8)\n    at runSuite (file:///C:/Users/A/Documents/Git/YT/ytmain-v6/node_modules/@vitest/runner/dist/chunk-hooks.js:1719:8)\n    at runSuite (file:///C:/Users/A/Documents/Git/YT/ytmain-v6/node_modules/@vitest/runner/dist/chunk-hooks.js:1719:8)","ReferenceError: mockYouTubeVideoResponse is not defined\n    at C:\\Users\\A\\Documents\\Git\\YT\\ytmain-v6\\test\\services\\youtubeService.test.ts:577:14\n    at file:///C:/Users/A/Documents/Git/YT/ytmain-v6/node_modules/@vitest/runner/dist/chunk-hooks.js:154:11\n    at file:///C:/Users/A/Documents/Git/YT/ytmain-v6/node_modules/@vitest/runner/dist/chunk-hooks.js:751:26\n    at file:///C:/Users/A/Documents/Git/YT/ytmain-v6/node_modules/@vitest/runner/dist/chunk-hooks.js:1887:20\n    at new Promise (<anonymous>)\n    at runWithTimeout (file:///C:/Users/A/Documents/Git/YT/ytmain-v6/node_modules/@vitest/runner/dist/chunk-hooks.js:1853:10)\n    at runTest (file:///C:/Users/A/Documents/Git/YT/ytmain-v6/node_modules/@vitest/runner/dist/chunk-hooks.js:1564:12)\n    at runSuite (file:///C:/Users/A/Documents/Git/YT/ytmain-v6/node_modules/@vitest/runner/dist/chunk-hooks.js:1719:8)\n    at runSuite (file:///C:/Users/A/Documents/Git/YT/ytmain-v6/node_modules/@vitest/runner/dist/chunk-hooks.js:1719:8)\n    at runSuite (file:///C:/Users/A/Documents/Git/YT/ytmain-v6/node_modules/@vitest/runner/dist/chunk-hooks.js:1719:8)","ReferenceError: mockYouTubeVideoResponse is not defined\n    at C:\\Users\\A\\Documents\\Git\\YT\\ytmain-v6\\test\\services\\youtubeService.test.ts:577:14\n    at file:///C:/Users/A/Documents/Git/YT/ytmain-v6/node_modules/@vitest/runner/dist/chunk-hooks.js:154:11\n    at file:///C:/Users/A/Documents/Git/YT/ytmain-v6/node_modules/@vitest/runner/dist/chunk-hooks.js:751:26\n    at file:///C:/Users/A/Documents/Git/YT/ytmain-v6/node_modules/@vitest/runner/dist/chunk-hooks.js:1887:20\n    at new Promise (<anonymous>)\n    at runWithTimeout (file:///C:/Users/A/Documents/Git/YT/ytmain-v6/node_modules/@vitest/runner/dist/chunk-hooks.js:1853:10)\n    at runTest (file:///C:/Users/A/Documents/Git/YT/ytmain-v6/node_modules/@vitest/runner/dist/chunk-hooks.js:1564:12)\n    at runSuite (file:///C:/Users/A/Documents/Git/YT/ytmain-v6/node_modules/@vitest/runner/dist/chunk-hooks.js:1719:8)\n    at runSuite (file:///C:/Users/A/Documents/Git/YT/ytmain-v6/node_modules/@vitest/runner/dist/chunk-hooks.js:1719:8)\n    at runSuite (file:///C:/Users/A/Documents/Git/YT/ytmain-v6/node_modules/@vitest/runner/dist/chunk-hooks.js:1719:8)"],"location":{"line":574,"column":5},"meta":{}}],"startTime":1751835321773,"endTime":1751835322588.5657,"status":"failed","message":"","name":"C:/Users/A/Documents/Git/YT/ytmain-v6/test/services/youtubeService.test.ts"}]}