{"numTotalTestSuites":18,"numPassedTestSuites":11,"numFailedTestSuites":7,"numPendingTestSuites":0,"numTotalTests":23,"numPassedTests":19,"numFailedTests":4,"numPendingTests":0,"numTodoTests":0,"snapshot":{"added":0,"failure":false,"filesAdded":0,"filesRemoved":0,"filesRemovedList":[],"filesUnmatched":0,"filesUpdated":0,"matched":0,"total":0,"unchecked":0,"uncheckedKeysByFile":[],"unmatched":0,"updated":0,"didUpdate":false},"startTime":1755778596206,"success":false,"testResults":[{"assertionResults":[],"startTime":1755778596206,"endTime":1755778596206,"status":"failed","message":"Transform failed with 1 error:\n/app/pages/CommunityPage.tsx:151:46: ERROR: Unexpected \")\"","name":"/app/test/integration/CommunityPage.test.tsx"},{"assertionResults":[{"ancestorTitles":["buildUrl function with different MODE values","MODE: development"],"fullName":"buildUrl function with different MODE values MODE: development should use proxy endpoint for videos in development mode","status":"passed","title":"should use proxy endpoint for videos in development mode","duration":4.497419999999977,"failureMessages":[],"location":{"line":57,"column":2},"meta":{}},{"ancestorTitles":["buildUrl function with different MODE values","MODE: development"],"fullName":"buildUrl function with different MODE values MODE: development should use proxy endpoint for channels in development mode","status":"passed","title":"should use proxy endpoint for channels in development mode","duration":1.1701790000000187,"failureMessages":[],"location":{"line":68,"column":2},"meta":{}},{"ancestorTitles":["buildUrl function with different MODE values","MODE: development"],"fullName":"buildUrl function with different MODE values MODE: development should work with different localhost ports","status":"passed","title":"should work with different localhost ports","duration":1.0694770000000062,"failureMessages":[],"location":{"line":79,"column":2},"meta":{}},{"ancestorTitles":["buildUrl function with different MODE values","MODE: production"],"fullName":"buildUrl function with different MODE values MODE: production should use direct Google API endpoint for videos in production mode","status":"passed","title":"should use direct Google API endpoint for videos in production mode","duration":1.127399999999966,"failureMessages":[],"location":{"line":103,"column":2},"meta":{}},{"ancestorTitles":["buildUrl function with different MODE values","MODE: production"],"fullName":"buildUrl function with different MODE values MODE: production should use direct Google API endpoint for channels in production mode","status":"passed","title":"should use direct Google API endpoint for channels in production mode","duration":1.0340400000000045,"failureMessages":[],"location":{"line":115,"column":2},"meta":{}},{"ancestorTitles":["buildUrl function with different MODE values","MODE: test"],"fullName":"buildUrl function with different MODE values MODE: test should use direct Google API endpoint in test mode","status":"passed","title":"should use direct Google API endpoint in test mode","duration":0.8104759999999942,"failureMessages":[],"location":{"line":137,"column":2},"meta":{}},{"ancestorTitles":["buildUrl function with different MODE values","MODE: staging"],"fullName":"buildUrl function with different MODE values MODE: staging should use direct Google API endpoint for custom build modes","status":"passed","title":"should use direct Google API endpoint for custom build modes","duration":0.8608980000000201,"failureMessages":[],"location":{"line":158,"column":2},"meta":{}},{"ancestorTitles":["buildUrl function with different MODE values","parameter handling"],"fullName":"buildUrl function with different MODE values parameter handling should properly encode URL parameters","status":"passed","title":"should properly encode URL parameters","duration":0.8522229999999809,"failureMessages":[],"location":{"line":180,"column":2},"meta":{}},{"ancestorTitles":["buildUrl function with different MODE values","parameter handling"],"fullName":"buildUrl function with different MODE values parameter handling should skip empty parameter values","status":"passed","title":"should skip empty parameter values","duration":1.4082589999999868,"failureMessages":[],"location":{"line":192,"column":2},"meta":{}},{"ancestorTitles":["buildUrl function with different MODE values","parameter handling"],"fullName":"buildUrl function with different MODE values parameter handling should handle multiple video IDs correctly","status":"passed","title":"should handle multiple video IDs correctly","duration":0.6942980000000034,"failureMessages":[],"location":{"line":206,"column":2},"meta":{}},{"ancestorTitles":["buildUrl function with different MODE values","parameter handling"],"fullName":"buildUrl function with different MODE values parameter handling should always add API key parameter","status":"passed","title":"should always add API key parameter","duration":0.6558410000000094,"failureMessages":[],"location":{"line":214,"column":2},"meta":{}},{"ancestorTitles":["buildUrl function with different MODE values","missing API key handling"],"fullName":"buildUrl function with different MODE values missing API key handling should handle missing API key gracefully","status":"passed","title":"should handle missing API key gracefully","duration":1.1480809999999906,"failureMessages":[],"location":{"line":232,"column":2},"meta":{}},{"ancestorTitles":["buildUrl function with different MODE values","URL structure validation"],"fullName":"buildUrl function with different MODE values URL structure validation should generate valid URLs that can be parsed","status":"passed","title":"should generate valid URLs that can be parsed","duration":1.7498789999999644,"failureMessages":[],"location":{"line":257,"column":2},"meta":{}},{"ancestorTitles":["buildUrl function with different MODE values","URL structure validation"],"fullName":"buildUrl function with different MODE values URL structure validation should maintain parameter order and formatting","status":"passed","title":"should maintain parameter order and formatting","duration":0.9274609999999939,"failureMessages":[],"location":{"line":271,"column":2},"meta":{}},{"ancestorTitles":["buildUrl function with different MODE values","edge cases"],"fullName":"buildUrl function with different MODE values edge cases should handle empty endpoint","status":"passed","title":"should handle empty endpoint","duration":0.7166930000000207,"failureMessages":[],"location":{"line":297,"column":2},"meta":{}},{"ancestorTitles":["buildUrl function with different MODE values","edge cases"],"fullName":"buildUrl function with different MODE values edge cases should handle empty parameters object","status":"passed","title":"should handle empty parameters object","duration":0.694943999999964,"failureMessages":[],"location":{"line":305,"column":2},"meta":{}},{"ancestorTitles":["buildUrl function with different MODE values","edge cases"],"fullName":"buildUrl function with different MODE values edge cases should handle special characters in endpoint","status":"passed","title":"should handle special characters in endpoint","duration":0.662840000000017,"failureMessages":[],"location":{"line":312,"column":2},"meta":{}},{"ancestorTitles":["buildUrl function with different MODE values","regression prevention"],"fullName":"buildUrl function with different MODE values regression prevention should maintain consistent URL format across different modes","status":"passed","title":"should maintain consistent URL format across different modes","duration":1.2272550000000138,"failureMessages":[],"location":{"line":321,"column":2},"meta":{}},{"ancestorTitles":["buildUrl function with different MODE values","regression prevention"],"fullName":"buildUrl function with different MODE values regression prevention should preserve API key security in all modes","status":"passed","title":"should preserve API key security in all modes","duration":1.9442790000000514,"failureMessages":[],"location":{"line":352,"column":2},"meta":{}}],"startTime":1755778600139,"endTime":1755778600163.9443,"status":"passed","message":"","name":"/app/test/services/buildUrl.test.ts"},{"assertionResults":[],"startTime":1755778596206,"endTime":1755778596206,"status":"failed","message":"Transform failed with 1 error:\n/app/src/services/unifiedDataService.ts:356:3: ERROR: Unexpected \"catch\"","name":"/app/test/services/unifiedDataService.simple.test.ts"},{"assertionResults":[],"startTime":1755778596206,"endTime":1755778596206,"status":"failed","message":"Transform failed with 1 error:\n/app/src/services/api/youtubeService.ts:347:20: ERROR: Expected identifier but found \",\"","name":"/app/test/services/unifiedDataService.test.ts"},{"assertionResults":[],"startTime":1755778596206,"endTime":1755778596206,"status":"failed","message":"Transform failed with 1 error:\n/app/src/services/api/youtubeService.ts:347:20: ERROR: Expected identifier but found \",\"","name":"/app/test/services/youtubeService.test.ts"},{"assertionResults":[{"ancestorTitles":["ErrorBoundary"],"fullName":"ErrorBoundary renders children when there is no error","status":"failed","title":"renders children when there is no error","duration":45.19663499999979,"failureMessages":["Error: Invalid Chai property: toBeInTheDocument\n    at Object.proxyGetter [as get] (file:///app/node_modules/chai/chai.js:1571:17)\n    at /app/test/components/ErrorBoundary.test.tsx:33:37\n    at file:///app/node_modules/@vitest/runner/dist/chunk-hooks.js:155:11\n    at file:///app/node_modules/@vitest/runner/dist/chunk-hooks.js:752:26\n    at file:///app/node_modules/@vitest/runner/dist/chunk-hooks.js:1897:20\n    at new Promise (<anonymous>)\n    at runWithTimeout (file:///app/node_modules/@vitest/runner/dist/chunk-hooks.js:1863:10)\n    at runTest (file:///app/node_modules/@vitest/runner/dist/chunk-hooks.js:1574:12)\n    at processTicksAndRejections (node:internal/process/task_queues:105:5)\n    at runSuite (file:///app/node_modules/@vitest/runner/dist/chunk-hooks.js:1729:8)"],"location":{"line":26,"column":2},"meta":{}},{"ancestorTitles":["ErrorBoundary"],"fullName":"ErrorBoundary renders error UI when there is an error","status":"failed","title":"renders error UI when there is an error","duration":31.08034600000019,"failureMessages":["Error: Invalid Chai property: toBeInTheDocument\n    at Object.proxyGetter [as get] (file:///app/node_modules/chai/chai.js:1571:17)\n    at /app/test/components/ErrorBoundary.test.tsx:43:50\n    at file:///app/node_modules/@vitest/runner/dist/chunk-hooks.js:155:11\n    at file:///app/node_modules/@vitest/runner/dist/chunk-hooks.js:752:26\n    at file:///app/node_modules/@vitest/runner/dist/chunk-hooks.js:1897:20\n    at new Promise (<anonymous>)\n    at runWithTimeout (file:///app/node_modules/@vitest/runner/dist/chunk-hooks.js:1863:10)\n    at runTest (file:///app/node_modules/@vitest/runner/dist/chunk-hooks.js:1574:12)\n    at processTicksAndRejections (node:internal/process/task_queues:105:5)\n    at runSuite (file:///app/node_modules/@vitest/runner/dist/chunk-hooks.js:1729:8)"],"location":{"line":36,"column":2},"meta":{}},{"ancestorTitles":["ErrorBoundary"],"fullName":"ErrorBoundary renders custom fallback when provided","status":"failed","title":"renders custom fallback when provided","duration":8.087101000000075,"failureMessages":["Error: Invalid Chai property: toBeInTheDocument\n    at Object.proxyGetter [as get] (file:///app/node_modules/chai/chai.js:1571:17)\n    at /app/test/components/ErrorBoundary.test.tsx:57:49\n    at file:///app/node_modules/@vitest/runner/dist/chunk-hooks.js:155:11\n    at file:///app/node_modules/@vitest/runner/dist/chunk-hooks.js:752:26\n    at file:///app/node_modules/@vitest/runner/dist/chunk-hooks.js:1897:20\n    at new Promise (<anonymous>)\n    at runWithTimeout (file:///app/node_modules/@vitest/runner/dist/chunk-hooks.js:1863:10)\n    at runTest (file:///app/node_modules/@vitest/runner/dist/chunk-hooks.js:1574:12)\n    at processTicksAndRejections (node:internal/process/task_queues:105:5)\n    at runSuite (file:///app/node_modules/@vitest/runner/dist/chunk-hooks.js:1729:8)"],"location":{"line":48,"column":2},"meta":{}},{"ancestorTitles":["ErrorBoundary"],"fullName":"ErrorBoundary logs error to console when error occurs","status":"failed","title":"logs error to console when error occurs","duration":18.718076999999994,"failureMessages":["AssertionError: expected \"spy\" to be called with arguments: [ …(3) ]\u001b[90m\n\nReceived: \n\n\u001b[1m  1st spy call:\n\n\u001b[22m\u001b[2m  [\u001b[22m\n\u001b[32m-   \"ErrorBoundary caught an error:\",\u001b[90m\n\u001b[32m-   Any<Error>,\u001b[90m\n\u001b[32m-   Any<Object>,\u001b[90m\n\u001b[31m+   \"Error: Uncaught [Error: Test error]\u001b[90m\n\u001b[31m+     at reportException (/app/node_modules/jsdom/lib/jsdom/living/helpers/runtime-script-errors.js:66:24)\u001b[90m\n\u001b[31m+     at innerInvokeEventListeners (/app/node_modules/jsdom/lib/jsdom/living/events/EventTarget-impl.js:353:9)\u001b[90m\n\u001b[31m+     at invokeEventListeners (/app/node_modules/jsdom/lib/jsdom/living/events/EventTarget-impl.js:286:3)\u001b[90m\n\u001b[31m+     at HTMLUnknownElementImpl._dispatch (/app/node_modules/jsdom/lib/jsdom/living/events/EventTarget-impl.js:233:9)\u001b[90m\n\u001b[31m+     at HTMLUnknownElementImpl.dispatchEvent (/app/node_modules/jsdom/lib/jsdom/living/events/EventTarget-impl.js:104:17)\u001b[90m\n\u001b[31m+     at HTMLUnknownElement.dispatchEvent (/app/node_modules/jsdom/lib/jsdom/living/generated/EventTarget.js:241:34)\u001b[90m\n\u001b[31m+     at Object.invokeGuardedCallbackDev (/app/node_modules/react-dom/cjs/react-dom.development.js:4213:16)\u001b[90m\n\u001b[31m+     at invokeGuardedCallback (/app/node_modules/react-dom/cjs/react-dom.development.js:4277:31)\u001b[90m\n\u001b[31m+     at beginWork$1 (/app/node_modules/react-dom/cjs/react-dom.development.js:27490:7)\u001b[90m\n\u001b[31m+     at performUnitOfWork (/app/node_modules/react-dom/cjs/react-dom.development.js:26599:12)\",\u001b[90m\n\u001b[31m+   Error {\u001b[90m\n\u001b[31m+     \"message\": \"Test error\",\u001b[90m\n\u001b[31m+   },\u001b[90m\n\u001b[2m  ]\u001b[22m\n\n\u001b[1m  2nd spy call:\n\n\u001b[22m\u001b[2m  [\u001b[22m\n\u001b[32m-   \"ErrorBoundary caught an error:\",\u001b[90m\n\u001b[32m-   Any<Error>,\u001b[90m\n\u001b[32m-   Any<Object>,\u001b[90m\n\u001b[31m+   \"Error: Uncaught [Error: Test error]\u001b[90m\n\u001b[31m+     at reportException (/app/node_modules/jsdom/lib/jsdom/living/helpers/runtime-script-errors.js:66:24)\u001b[90m\n\u001b[31m+     at innerInvokeEventListeners (/app/node_modules/jsdom/lib/jsdom/living/events/EventTarget-impl.js:353:9)\u001b[90m\n\u001b[31m+     at invokeEventListeners (/app/node_modules/jsdom/lib/jsdom/living/events/EventTarget-impl.js:286:3)\u001b[90m\n\u001b[31m+     at HTMLUnknownElementImpl._dispatch (/app/node_modules/jsdom/lib/jsdom/living/events/EventTarget-impl.js:233:9)\u001b[90m\n\u001b[31m+     at HTMLUnknownElementImpl.dispatchEvent (/app/node_modules/jsdom/lib/jsdom/living/events/EventTarget-impl.js:104:17)\u001b[90m\n\u001b[31m+     at HTMLUnknownElement.dispatchEvent (/app/node_modules/jsdom/lib/jsdom/living/generated/EventTarget.js:241:34)\u001b[90m\n\u001b[31m+     at Object.invokeGuardedCallbackDev (/app/node_modules/react-dom/cjs/react-dom.development.js:4213:16)\u001b[90m\n\u001b[31m+     at invokeGuardedCallback (/app/node_modules/react-dom/cjs/react-dom.development.js:4277:31)\u001b[90m\n\u001b[31m+     at beginWork$1 (/app/node_modules/react-dom/cjs/react-dom.development.js:27490:7)\u001b[90m\n\u001b[31m+     at performUnitOfWork (/app/node_modules/react-dom/cjs/react-dom.development.js:26599:12)\",\u001b[90m\n\u001b[31m+   Error {\u001b[90m\n\u001b[31m+     \"message\": \"Test error\",\u001b[90m\n\u001b[31m+   },\u001b[90m\n\u001b[2m  ]\u001b[22m\n\n\u001b[1m  3rd spy call:\n\n\u001b[22m\u001b[2m  [\u001b[22m\n\u001b[32m-   \"ErrorBoundary caught an error:\",\u001b[90m\n\u001b[32m-   Any<Error>,\u001b[90m\n\u001b[32m-   Any<Object>,\u001b[90m\n\u001b[31m+   \"The above error occurred in the <ThrowError> component:\u001b[90m\n\u001b[31m+\u001b[90m\n\u001b[31m+     at ThrowError (/app/test/components/ErrorBoundary.test.tsx:12:23)\u001b[90m\n\u001b[31m+     at ErrorBoundary (/app/components/ErrorBoundary.tsx:5:1)\u001b[90m\n\u001b[31m+\u001b[90m\n\u001b[31m+ React will try to recreate this component tree from scratch using the error boundary you provided, ErrorBoundary.\",\u001b[90m\n\u001b[2m  ]\u001b[22m\n\n\u001b[1m  4th spy call:\n\n\u001b[22m\u001b[2m  [\u001b[22m\n\u001b[32m-   \"ErrorBoundary caught an error:\",\u001b[90m\n\u001b[32m-   Any<Error>,\u001b[90m\n\u001b[32m-   Any<Object>,\u001b[90m\n\u001b[31m+   \"Uncaught error:\",\u001b[90m\n\u001b[31m+   Error {\u001b[90m\n\u001b[31m+     \"message\": \"Test error\",\u001b[90m\n\u001b[31m+   },\u001b[90m\n\u001b[31m+   {\u001b[90m\n\u001b[31m+     \"componentStack\": \"\u001b[90m\n\u001b[31m+     at ThrowError (/app/test/components/ErrorBoundary.test.tsx:12:23)\u001b[90m\n\u001b[31m+     at ErrorBoundary (/app/components/ErrorBoundary.tsx:5:1)\",\u001b[90m\n\u001b[31m+   },\u001b[90m\n\u001b[2m  ]\u001b[22m\n\u001b[39m\u001b[90m\n\nNumber of calls: \u001b[1m4\u001b[22m\n\u001b[39m\n    at Proxy.<anonymous> (file:///app/node_modules/@vitest/expect/dist/index.js:1355:10)\n    at Proxy.<anonymous> (file:///app/node_modules/@vitest/expect/dist/index.js:1029:14)\n    at Proxy.methodWrapper (file:///app/node_modules/chai/chai.js:1618:25)\n    at /app/test/components/ErrorBoundary.test.tsx:69:21\n    at file:///app/node_modules/@vitest/runner/dist/chunk-hooks.js:155:11\n    at file:///app/node_modules/@vitest/runner/dist/chunk-hooks.js:752:26\n    at file:///app/node_modules/@vitest/runner/dist/chunk-hooks.js:1897:20\n    at new Promise (<anonymous>)\n    at runWithTimeout (file:///app/node_modules/@vitest/runner/dist/chunk-hooks.js:1863:10)\n    at runTest (file:///app/node_modules/@vitest/runner/dist/chunk-hooks.js:1574:12)"],"location":{"line":60,"column":2},"meta":{}}],"startTime":1755778599223,"endTime":1755778599326.718,"status":"failed","message":"","name":"/app/test/components/ErrorBoundary.test.tsx"},{"assertionResults":[],"startTime":1755778596206,"endTime":1755778596206,"status":"failed","message":"Transform failed with 1 error:\n/app/src/hooks/unified/useVideos.ts:293:1: ERROR: Expected \"}\" but found \")\"","name":"/app/test/hooks/useVideos.test.tsx"}]}